[10.072s] Invoking command in '/home/golftrolley/robot_ws/src/stereo_camera_split': PYTHONPATH=/home/golftrolley/robot_ws/build/stereo_camera_split/prefix_override:/usr/lib/python3/dist-packages/colcon_core/task/python/colcon_distutils_commands:/home/golftrolley/robot_ws/install/stereo_camera_split/lib/python3.12/site-packages:${PYTHONPATH} /usr/bin/python3 -W ignore:setup.py install is deprecated -W ignore:easy_install command is deprecated setup.py egg_info --egg-base ../../build/stereo_camera_split build --build-base /home/golftrolley/robot_ws/build/stereo_camera_split/build install --record /home/golftrolley/robot_ws/build/stereo_camera_split/install.log --single-version-externally-managed install_data
[12.989s] running egg_info
[12.995s] creating ../../build/stereo_camera_split/stereo_camera_split.egg-info
[13.194s] writing ../../build/stereo_camera_split/stereo_camera_split.egg-info/PKG-INFO
[13.199s] writing dependency_links to ../../build/stereo_camera_split/stereo_camera_split.egg-info/dependency_links.txt
[13.200s] writing entry points to ../../build/stereo_camera_split/stereo_camera_split.egg-info/entry_points.txt
[13.205s] writing requirements to ../../build/stereo_camera_split/stereo_camera_split.egg-info/requires.txt
[13.206s] writing top-level names to ../../build/stereo_camera_split/stereo_camera_split.egg-info/top_level.txt
[13.210s] writing manifest file '../../build/stereo_camera_split/stereo_camera_split.egg-info/SOURCES.txt'
[13.741s] reading manifest file '../../build/stereo_camera_split/stereo_camera_split.egg-info/SOURCES.txt'
[13.752s] writing manifest file '../../build/stereo_camera_split/stereo_camera_split.egg-info/SOURCES.txt'
[13.757s] running build
[13.758s] running build_py
[13.761s] creating /home/golftrolley/robot_ws/build/stereo_camera_split/build
[13.761s] creating /home/golftrolley/robot_ws/build/stereo_camera_split/build/lib
[13.763s] creating /home/golftrolley/robot_ws/build/stereo_camera_split/build/lib/stereo_camera_split
[13.766s] copying stereo_camera_split/stereo_camera_split_node.py -> /home/golftrolley/robot_ws/build/stereo_camera_split/build/lib/stereo_camera_split
[13.769s] copying stereo_camera_split/__init__.py -> /home/golftrolley/robot_ws/build/stereo_camera_split/build/lib/stereo_camera_split
[13.778s] running install
[13.814s] running install_lib
[13.966s] creating /home/golftrolley/robot_ws/install/stereo_camera_split/lib/python3.12/site-packages/stereo_camera_split
[13.970s] copying /home/golftrolley/robot_ws/build/stereo_camera_split/build/lib/stereo_camera_split/stereo_camera_split_node.py -> /home/golftrolley/robot_ws/install/stereo_camera_split/lib/python3.12/site-packages/stereo_camera_split
[13.971s] copying /home/golftrolley/robot_ws/build/stereo_camera_split/build/lib/stereo_camera_split/__init__.py -> /home/golftrolley/robot_ws/install/stereo_camera_split/lib/python3.12/site-packages/stereo_camera_split
[13.971s] byte-compiling /home/golftrolley/robot_ws/install/stereo_camera_split/lib/python3.12/site-packages/stereo_camera_split/stereo_camera_split_node.py to stereo_camera_split_node.cpython-312.pyc
[13.977s] byte-compiling /home/golftrolley/robot_ws/install/stereo_camera_split/lib/python3.12/site-packages/stereo_camera_split/__init__.py to __init__.cpython-312.pyc
[13.981s] running install_data
[13.982s] creating /home/golftrolley/robot_ws/install/stereo_camera_split/share/ament_index
[13.984s] creating /home/golftrolley/robot_ws/install/stereo_camera_split/share/ament_index/resource_index
[13.987s] creating /home/golftrolley/robot_ws/install/stereo_camera_split/share/ament_index/resource_index/packages
[13.987s] copying resource/stereo_camera_split -> /home/golftrolley/robot_ws/install/stereo_camera_split/share/ament_index/resource_index/packages
[13.988s] copying package.xml -> /home/golftrolley/robot_ws/install/stereo_camera_split/share/stereo_camera_split
[13.989s] creating /home/golftrolley/robot_ws/install/stereo_camera_split/share/stereo_camera_split/launch
[13.989s] copying launch/split_camera_launch.py -> /home/golftrolley/robot_ws/install/stereo_camera_split/share/stereo_camera_split/launch
[13.994s] running install_egg_info
[14.192s] Copying ../../build/stereo_camera_split/stereo_camera_split.egg-info to /home/golftrolley/robot_ws/install/stereo_camera_split/lib/python3.12/site-packages/stereo_camera_split-0.0.0-py3.12.egg-info
[14.222s] running install_scripts
[15.353s] Installing stereo_split_camera_node script to /home/golftrolley/robot_ws/install/stereo_camera_split/lib/stereo_camera_split
[15.357s] writing list of installed files to '/home/golftrolley/robot_ws/build/stereo_camera_split/install.log'
[15.580s] Invoked command in '/home/golftrolley/robot_ws/src/stereo_camera_split' returned '0': PYTHONPATH=/home/golftrolley/robot_ws/build/stereo_camera_split/prefix_override:/usr/lib/python3/dist-packages/colcon_core/task/python/colcon_distutils_commands:/home/golftrolley/robot_ws/install/stereo_camera_split/lib/python3.12/site-packages:${PYTHONPATH} /usr/bin/python3 -W ignore:setup.py install is deprecated -W ignore:easy_install command is deprecated setup.py egg_info --egg-base ../../build/stereo_camera_split build --build-base /home/golftrolley/robot_ws/build/stereo_camera_split/build install --record /home/golftrolley/robot_ws/build/stereo_camera_split/install.log --single-version-externally-managed install_data
