[5.956s] Invoking command in '/home/golftrolley/robot_ws/src/serial_motor_demo/serial_motor_demo': CMAKE_PREFIX_PATH=/home/golftrolley/robot_ws/install/serial_motor_demo_msgs:/home/golftrolley/robot_ws/install/ydlidar_sdk:/home/golftrolley/robot_ws/install/ydlidar_ros2_driver:/home/golftrolley/robot_ws/install/mpu6050driver PYTHONPATH=/home/golftrolley/robot_ws/build/serial_motor_demo/prefix_override:/usr/lib/python3/dist-packages/colcon_core/task/python/colcon_distutils_commands:/home/golftrolley/robot_ws/install/serial_motor_demo/lib/python3.12/site-packages:/home/golftrolley/robot_ws/install/serial_motor_demo_msgs/lib/python3.12/site-packages:/home/golftrolley/robot_ws/install/stereo_camera_split/lib/python3.12/site-packages:/home/golftrolley/robot_ws/install/serial_motor_demo/lib/python3.12/site-packages:/home/golftrolley/robot_ws/install/golftrolley/lib/python3.12/site-packages:/opt/ros/jazzy/lib/python3.12/site-packages /usr/bin/python3 -W ignore:setup.py install is deprecated -W ignore:easy_install command is deprecated setup.py egg_info --egg-base ../../../build/serial_motor_demo build --build-base /home/golftrolley/robot_ws/build/serial_motor_demo/build install --record /home/golftrolley/robot_ws/build/serial_motor_demo/install.log --single-version-externally-managed install_data
[7.619s] running egg_info
[7.727s] writing ../../../build/serial_motor_demo/serial_motor_demo.egg-info/PKG-INFO
[7.729s] writing dependency_links to ../../../build/serial_motor_demo/serial_motor_demo.egg-info/dependency_links.txt
[7.730s] writing entry points to ../../../build/serial_motor_demo/serial_motor_demo.egg-info/entry_points.txt
[7.731s] writing requirements to ../../../build/serial_motor_demo/serial_motor_demo.egg-info/requires.txt
[7.732s] writing top-level names to ../../../build/serial_motor_demo/serial_motor_demo.egg-info/top_level.txt
[7.967s] reading manifest file '../../../build/serial_motor_demo/serial_motor_demo.egg-info/SOURCES.txt'
[7.971s] writing manifest file '../../../build/serial_motor_demo/serial_motor_demo.egg-info/SOURCES.txt'
[7.972s] running build
[7.972s] running build_py
[7.974s] running install
[8.005s] running install_lib
[8.120s] running install_data
[8.121s] running install_egg_info
[8.246s] removing '/home/golftrolley/robot_ws/install/serial_motor_demo/lib/python3.12/site-packages/serial_motor_demo-0.0.0-py3.12.egg-info' (and everything under it)
[8.251s] Copying ../../../build/serial_motor_demo/serial_motor_demo.egg-info to /home/golftrolley/robot_ws/install/serial_motor_demo/lib/python3.12/site-packages/serial_motor_demo-0.0.0-py3.12.egg-info
[8.257s] running install_scripts
[9.125s] Installing driver script to /home/golftrolley/robot_ws/install/serial_motor_demo/lib/serial_motor_demo
[9.126s] Installing gui script to /home/golftrolley/robot_ws/install/serial_motor_demo/lib/serial_motor_demo
[9.129s] writing list of installed files to '/home/golftrolley/robot_ws/build/serial_motor_demo/install.log'
[9.294s] Invoked command in '/home/golftrolley/robot_ws/src/serial_motor_demo/serial_motor_demo' returned '0': CMAKE_PREFIX_PATH=/home/golftrolley/robot_ws/install/serial_motor_demo_msgs:/home/golftrolley/robot_ws/install/ydlidar_sdk:/home/golftrolley/robot_ws/install/ydlidar_ros2_driver:/home/golftrolley/robot_ws/install/mpu6050driver PYTHONPATH=/home/golftrolley/robot_ws/build/serial_motor_demo/prefix_override:/usr/lib/python3/dist-packages/colcon_core/task/python/colcon_distutils_commands:/home/golftrolley/robot_ws/install/serial_motor_demo/lib/python3.12/site-packages:/home/golftrolley/robot_ws/install/serial_motor_demo_msgs/lib/python3.12/site-packages:/home/golftrolley/robot_ws/install/stereo_camera_split/lib/python3.12/site-packages:/home/golftrolley/robot_ws/install/serial_motor_demo/lib/python3.12/site-packages:/home/golftrolley/robot_ws/install/golftrolley/lib/python3.12/site-packages:/opt/ros/jazzy/lib/python3.12/site-packages /usr/bin/python3 -W ignore:setup.py install is deprecated -W ignore:easy_install command is deprecated setup.py egg_info --egg-base ../../../build/serial_motor_demo build --build-base /home/golftrolley/robot_ws/build/serial_motor_demo/build install --record /home/golftrolley/robot_ws/build/serial_motor_demo/install.log --single-version-externally-managed install_data
