[0.442s] DEBUG:colcon:Command line arguments: ['/usr/bin/colcon', 'build']
[0.443s] DEBUG:colcon:Parsed command line arguments: Namespace(log_base=None, log_level=None, verb_name='build', build_base='build', install_base='install', merge_install=False, symlink_install=False, test_result_base=None, continue_on_error=False, executor='parallel', parallel_workers=4, event_handlers=None, ignore_user_meta=False, metas=['./colcon.meta'], base_paths=['.'], packages_ignore=None, packages_ignore_regex=None, paths=None, packages_up_to=None, packages_up_to_regex=None, packages_above=None, packages_above_and_dependencies=None, packages_above_depth=None, packages_select_by_dep=None, packages_skip_by_dep=None, packages_skip_up_to=None, packages_select_build_failed=False, packages_skip_build_finished=False, packages_select_test_failures=False, packages_skip_test_passed=False, packages_select=None, packages_skip=None, packages_select_regex=None, packages_skip_regex=None, packages_start=None, packages_end=None, allow_overriding=[], cmake_args=None, cmake_target=None, cmake_target_skip_unavailable=False, cmake_clean_cache=False, cmake_clean_first=False, cmake_force_configure=False, ament_cmake_args=None, catkin_cmake_args=None, catkin_skip_building_tests=False, mixin_files=None, mixin=None, verb_parser=<colcon_mixin.mixin.mixin_argument.MixinArgumentDecorator object at 0xffffaa4ff410>, verb_extension=<colcon_core.verb.build.BuildVerb object at 0xffffaa6b3860>, main=<bound method BuildVerb.main of <colcon_core.verb.build.BuildVerb object at 0xffffaa6b3860>>, mixin_verb=('build',))
[0.613s] Level 1:colcon.colcon_core.package_discovery:discover_packages(colcon_meta) check parameters
[0.613s] Level 1:colcon.colcon_core.package_discovery:discover_packages(recursive) check parameters
[0.613s] Level 1:colcon.colcon_core.package_discovery:discover_packages(ignore) check parameters
[0.614s] Level 1:colcon.colcon_core.package_discovery:discover_packages(path) check parameters
[0.614s] Level 1:colcon.colcon_core.package_discovery:discover_packages(colcon_meta) discover
[0.614s] Level 1:colcon.colcon_core.package_discovery:discover_packages(recursive) discover
[0.614s] INFO:colcon.colcon_core.package_discovery:Crawling recursively for packages in '/home/golftrolley/robot_ws'
[0.615s] Level 1:colcon.colcon_core.package_identification:_identify(.) by extensions ['ignore', 'ignore_ament_install']
[0.615s] Level 1:colcon.colcon_core.package_identification:_identify(.) by extension 'ignore'
[0.615s] Level 1:colcon.colcon_core.package_identification:_identify(.) by extension 'ignore_ament_install'
[0.616s] Level 1:colcon.colcon_core.package_identification:_identify(.) by extensions ['colcon_pkg']
[0.616s] Level 1:colcon.colcon_core.package_identification:_identify(.) by extension 'colcon_pkg'
[0.616s] Level 1:colcon.colcon_core.package_identification:_identify(.) by extensions ['colcon_meta']
[0.616s] Level 1:colcon.colcon_core.package_identification:_identify(.) by extension 'colcon_meta'
[0.616s] Level 1:colcon.colcon_core.package_identification:_identify(.) by extensions ['ros']
[0.616s] Level 1:colcon.colcon_core.package_identification:_identify(.) by extension 'ros'
[0.721s] Level 1:colcon.colcon_core.package_identification:_identify(.) by extensions ['cmake', 'python']
[0.721s] Level 1:colcon.colcon_core.package_identification:_identify(.) by extension 'cmake'
[0.722s] Level 1:colcon.colcon_core.package_identification:_identify(.) by extension 'python'
[0.722s] Level 1:colcon.colcon_core.package_identification:_identify(.) by extensions ['python_setup_py']
[0.722s] Level 1:colcon.colcon_core.package_identification:_identify(.) by extension 'python_setup_py'
[0.723s] Level 1:colcon.colcon_core.package_identification:_identify(build) by extensions ['ignore', 'ignore_ament_install']
[0.723s] Level 1:colcon.colcon_core.package_identification:_identify(build) by extension 'ignore'
[0.723s] Level 1:colcon.colcon_core.package_identification:_identify(build) ignored
[0.724s] Level 1:colcon.colcon_core.package_identification:_identify(install) by extensions ['ignore', 'ignore_ament_install']
[0.724s] Level 1:colcon.colcon_core.package_identification:_identify(install) by extension 'ignore'
[0.724s] Level 1:colcon.colcon_core.package_identification:_identify(install) ignored
[0.725s] Level 1:colcon.colcon_core.package_identification:_identify(log) by extensions ['ignore', 'ignore_ament_install']
[0.725s] Level 1:colcon.colcon_core.package_identification:_identify(log) by extension 'ignore'
[0.726s] Level 1:colcon.colcon_core.package_identification:_identify(log) ignored
[0.726s] Level 1:colcon.colcon_core.package_identification:_identify(src) by extensions ['ignore', 'ignore_ament_install']
[0.726s] Level 1:colcon.colcon_core.package_identification:_identify(src) by extension 'ignore'
[0.727s] Level 1:colcon.colcon_core.package_identification:_identify(src) by extension 'ignore_ament_install'
[0.727s] Level 1:colcon.colcon_core.package_identification:_identify(src) by extensions ['colcon_pkg']
[0.727s] Level 1:colcon.colcon_core.package_identification:_identify(src) by extension 'colcon_pkg'
[0.727s] Level 1:colcon.colcon_core.package_identification:_identify(src) by extensions ['colcon_meta']
[0.727s] Level 1:colcon.colcon_core.package_identification:_identify(src) by extension 'colcon_meta'
[0.727s] Level 1:colcon.colcon_core.package_identification:_identify(src) by extensions ['ros']
[0.727s] Level 1:colcon.colcon_core.package_identification:_identify(src) by extension 'ros'
[0.728s] Level 1:colcon.colcon_core.package_identification:_identify(src) by extensions ['cmake', 'python']
[0.728s] Level 1:colcon.colcon_core.package_identification:_identify(src) by extension 'cmake'
[0.728s] Level 1:colcon.colcon_core.package_identification:_identify(src) by extension 'python'
[0.728s] Level 1:colcon.colcon_core.package_identification:_identify(src) by extensions ['python_setup_py']
[0.728s] Level 1:colcon.colcon_core.package_identification:_identify(src) by extension 'python_setup_py'
[0.729s] Level 1:colcon.colcon_core.package_identification:_identify(src/golftrolley) by extensions ['ignore', 'ignore_ament_install']
[0.729s] Level 1:colcon.colcon_core.package_identification:_identify(src/golftrolley) by extension 'ignore'
[0.730s] Level 1:colcon.colcon_core.package_identification:_identify(src/golftrolley) by extension 'ignore_ament_install'
[0.730s] Level 1:colcon.colcon_core.package_identification:_identify(src/golftrolley) by extensions ['colcon_pkg']
[0.730s] Level 1:colcon.colcon_core.package_identification:_identify(src/golftrolley) by extension 'colcon_pkg'
[0.730s] Level 1:colcon.colcon_core.package_identification:_identify(src/golftrolley) by extensions ['colcon_meta']
[0.730s] Level 1:colcon.colcon_core.package_identification:_identify(src/golftrolley) by extension 'colcon_meta'
[0.730s] Level 1:colcon.colcon_core.package_identification:_identify(src/golftrolley) by extensions ['ros']
[0.731s] Level 1:colcon.colcon_core.package_identification:_identify(src/golftrolley) by extension 'ros'
[0.739s] DEBUG:colcon.colcon_core.package_identification:Package 'src/golftrolley' with type 'ros.ament_python' and name 'golftrolley'
[0.739s] Level 1:colcon.colcon_core.package_identification:_identify(src/stereo_camera_split) by extensions ['ignore', 'ignore_ament_install']
[0.740s] Level 1:colcon.colcon_core.package_identification:_identify(src/stereo_camera_split) by extension 'ignore'
[0.740s] Level 1:colcon.colcon_core.package_identification:_identify(src/stereo_camera_split) by extension 'ignore_ament_install'
[0.740s] Level 1:colcon.colcon_core.package_identification:_identify(src/stereo_camera_split) by extensions ['colcon_pkg']
[0.740s] Level 1:colcon.colcon_core.package_identification:_identify(src/stereo_camera_split) by extension 'colcon_pkg'
[0.741s] Level 1:colcon.colcon_core.package_identification:_identify(src/stereo_camera_split) by extensions ['colcon_meta']
[0.741s] Level 1:colcon.colcon_core.package_identification:_identify(src/stereo_camera_split) by extension 'colcon_meta'
[0.741s] Level 1:colcon.colcon_core.package_identification:_identify(src/stereo_camera_split) by extensions ['ros']
[0.741s] Level 1:colcon.colcon_core.package_identification:_identify(src/stereo_camera_split) by extension 'ros'
[0.744s] DEBUG:colcon.colcon_core.package_identification:Package 'src/stereo_camera_split' with type 'ros.ament_python' and name 'stereo_camera_split'
[0.744s] Level 1:colcon.colcon_core.package_identification:_identify(src/ydlidar_ros2_driver) by extensions ['ignore', 'ignore_ament_install']
[0.745s] Level 1:colcon.colcon_core.package_identification:_identify(src/ydlidar_ros2_driver) by extension 'ignore'
[0.745s] Level 1:colcon.colcon_core.package_identification:_identify(src/ydlidar_ros2_driver) by extension 'ignore_ament_install'
[0.746s] Level 1:colcon.colcon_core.package_identification:_identify(src/ydlidar_ros2_driver) by extensions ['colcon_pkg']
[0.746s] Level 1:colcon.colcon_core.package_identification:_identify(src/ydlidar_ros2_driver) by extension 'colcon_pkg'
[0.746s] Level 1:colcon.colcon_core.package_identification:_identify(src/ydlidar_ros2_driver) by extensions ['colcon_meta']
[0.746s] Level 1:colcon.colcon_core.package_identification:_identify(src/ydlidar_ros2_driver) by extension 'colcon_meta'
[0.746s] Level 1:colcon.colcon_core.package_identification:_identify(src/ydlidar_ros2_driver) by extensions ['ros']
[0.746s] Level 1:colcon.colcon_core.package_identification:_identify(src/ydlidar_ros2_driver) by extension 'ros'
[0.749s] DEBUG:colcon.colcon_core.package_identification:Package 'src/ydlidar_ros2_driver' with type 'ros.ament_cmake' and name 'ydlidar_ros2_driver'
[0.749s] Level 1:colcon.colcon_core.package_identification:_identify(src/ydlidar_sdk) by extensions ['ignore', 'ignore_ament_install']
[0.750s] Level 1:colcon.colcon_core.package_identification:_identify(src/ydlidar_sdk) by extension 'ignore'
[0.750s] Level 1:colcon.colcon_core.package_identification:_identify(src/ydlidar_sdk) by extension 'ignore_ament_install'
[0.751s] Level 1:colcon.colcon_core.package_identification:_identify(src/ydlidar_sdk) by extensions ['colcon_pkg']
[0.751s] Level 1:colcon.colcon_core.package_identification:_identify(src/ydlidar_sdk) by extension 'colcon_pkg'
[0.751s] Level 1:colcon.colcon_core.package_identification:_identify(src/ydlidar_sdk) by extensions ['colcon_meta']
[0.751s] Level 1:colcon.colcon_core.package_identification:_identify(src/ydlidar_sdk) by extension 'colcon_meta'
[0.751s] Level 1:colcon.colcon_core.package_identification:_identify(src/ydlidar_sdk) by extensions ['ros']
[0.751s] Level 1:colcon.colcon_core.package_identification:_identify(src/ydlidar_sdk) by extension 'ros'
[0.752s] Level 1:colcon.colcon_core.package_identification:_identify(src/ydlidar_sdk) by extensions ['cmake', 'python']
[0.752s] Level 1:colcon.colcon_core.package_identification:_identify(src/ydlidar_sdk) by extension 'cmake'
[0.777s] Level 1:colcon.colcon_core.package_identification:_identify(src/ydlidar_sdk) by extension 'python'
[0.778s] DEBUG:colcon.colcon_core.package_identification:Package 'src/ydlidar_sdk' with type 'cmake' and name 'ydlidar_sdk'
[0.778s] Level 1:colcon.colcon_core.package_discovery:discover_packages(recursive) using defaults
[0.778s] Level 1:colcon.colcon_core.package_discovery:discover_packages(ignore) discover
[0.778s] Level 1:colcon.colcon_core.package_discovery:discover_packages(ignore) using defaults
[0.779s] Level 1:colcon.colcon_core.package_discovery:discover_packages(path) discover
[0.779s] Level 1:colcon.colcon_core.package_discovery:discover_packages(path) using defaults
[0.848s] Level 1:colcon.colcon_core.package_discovery:discover_packages(prefix_path) check parameters
[0.848s] Level 1:colcon.colcon_core.package_discovery:discover_packages(prefix_path) discover
[0.857s] DEBUG:colcon.colcon_installed_package_information.package_discovery:Found 4 installed packages in /home/golftrolley/robot_ws/install
[0.865s] DEBUG:colcon.colcon_installed_package_information.package_discovery:Found 210 installed packages in /opt/ros/jazzy
[0.867s] Level 1:colcon.colcon_core.package_discovery:discover_packages(prefix_path) using defaults
[1.014s] Level 5:colcon.colcon_core.verb:set package 'golftrolley' build argument 'cmake_args' from command line to 'None'
[1.014s] Level 5:colcon.colcon_core.verb:set package 'golftrolley' build argument 'cmake_target' from command line to 'None'
[1.014s] Level 5:colcon.colcon_core.verb:set package 'golftrolley' build argument 'cmake_target_skip_unavailable' from command line to 'False'
[1.014s] Level 5:colcon.colcon_core.verb:set package 'golftrolley' build argument 'cmake_clean_cache' from command line to 'False'
[1.015s] Level 5:colcon.colcon_core.verb:set package 'golftrolley' build argument 'cmake_clean_first' from command line to 'False'
[1.015s] Level 5:colcon.colcon_core.verb:set package 'golftrolley' build argument 'cmake_force_configure' from command line to 'False'
[1.015s] Level 5:colcon.colcon_core.verb:set package 'golftrolley' build argument 'ament_cmake_args' from command line to 'None'
[1.015s] Level 5:colcon.colcon_core.verb:set package 'golftrolley' build argument 'catkin_cmake_args' from command line to 'None'
[1.015s] Level 5:colcon.colcon_core.verb:set package 'golftrolley' build argument 'catkin_skip_building_tests' from command line to 'False'
[1.015s] DEBUG:colcon.colcon_core.verb:Building package 'golftrolley' with the following arguments: {'ament_cmake_args': None, 'build_base': '/home/golftrolley/robot_ws/build/golftrolley', 'catkin_cmake_args': None, 'catkin_skip_building_tests': False, 'cmake_args': None, 'cmake_clean_cache': False, 'cmake_clean_first': False, 'cmake_force_configure': False, 'cmake_target': None, 'cmake_target_skip_unavailable': False, 'install_base': '/home/golftrolley/robot_ws/install/golftrolley', 'merge_install': False, 'path': '/home/golftrolley/robot_ws/src/golftrolley', 'symlink_install': False, 'test_result_base': None}
[1.016s] Level 5:colcon.colcon_core.verb:set package 'stereo_camera_split' build argument 'cmake_args' from command line to 'None'
[1.017s] Level 5:colcon.colcon_core.verb:set package 'stereo_camera_split' build argument 'cmake_target' from command line to 'None'
[1.017s] Level 5:colcon.colcon_core.verb:set package 'stereo_camera_split' build argument 'cmake_target_skip_unavailable' from command line to 'False'
[1.017s] Level 5:colcon.colcon_core.verb:set package 'stereo_camera_split' build argument 'cmake_clean_cache' from command line to 'False'
[1.017s] Level 5:colcon.colcon_core.verb:set package 'stereo_camera_split' build argument 'cmake_clean_first' from command line to 'False'
[1.017s] Level 5:colcon.colcon_core.verb:set package 'stereo_camera_split' build argument 'cmake_force_configure' from command line to 'False'
[1.017s] Level 5:colcon.colcon_core.verb:set package 'stereo_camera_split' build argument 'ament_cmake_args' from command line to 'None'
[1.017s] Level 5:colcon.colcon_core.verb:set package 'stereo_camera_split' build argument 'catkin_cmake_args' from command line to 'None'
[1.017s] Level 5:colcon.colcon_core.verb:set package 'stereo_camera_split' build argument 'catkin_skip_building_tests' from command line to 'False'
[1.017s] DEBUG:colcon.colcon_core.verb:Building package 'stereo_camera_split' with the following arguments: {'ament_cmake_args': None, 'build_base': '/home/golftrolley/robot_ws/build/stereo_camera_split', 'catkin_cmake_args': None, 'catkin_skip_building_tests': False, 'cmake_args': None, 'cmake_clean_cache': False, 'cmake_clean_first': False, 'cmake_force_configure': False, 'cmake_target': None, 'cmake_target_skip_unavailable': False, 'install_base': '/home/golftrolley/robot_ws/install/stereo_camera_split', 'merge_install': False, 'path': '/home/golftrolley/robot_ws/src/stereo_camera_split', 'symlink_install': False, 'test_result_base': None}
[1.019s] Level 5:colcon.colcon_core.verb:set package 'ydlidar_ros2_driver' build argument 'cmake_args' from command line to 'None'
[1.019s] Level 5:colcon.colcon_core.verb:set package 'ydlidar_ros2_driver' build argument 'cmake_target' from command line to 'None'
[1.019s] Level 5:colcon.colcon_core.verb:set package 'ydlidar_ros2_driver' build argument 'cmake_target_skip_unavailable' from command line to 'False'
[1.019s] Level 5:colcon.colcon_core.verb:set package 'ydlidar_ros2_driver' build argument 'cmake_clean_cache' from command line to 'False'
[1.019s] Level 5:colcon.colcon_core.verb:set package 'ydlidar_ros2_driver' build argument 'cmake_clean_first' from command line to 'False'
[1.019s] Level 5:colcon.colcon_core.verb:set package 'ydlidar_ros2_driver' build argument 'cmake_force_configure' from command line to 'False'
[1.019s] Level 5:colcon.colcon_core.verb:set package 'ydlidar_ros2_driver' build argument 'ament_cmake_args' from command line to 'None'
[1.019s] Level 5:colcon.colcon_core.verb:set package 'ydlidar_ros2_driver' build argument 'catkin_cmake_args' from command line to 'None'
[1.020s] Level 5:colcon.colcon_core.verb:set package 'ydlidar_ros2_driver' build argument 'catkin_skip_building_tests' from command line to 'False'
[1.020s] DEBUG:colcon.colcon_core.verb:Building package 'ydlidar_ros2_driver' with the following arguments: {'ament_cmake_args': None, 'build_base': '/home/golftrolley/robot_ws/build/ydlidar_ros2_driver', 'catkin_cmake_args': None, 'catkin_skip_building_tests': False, 'cmake_args': None, 'cmake_clean_cache': False, 'cmake_clean_first': False, 'cmake_force_configure': False, 'cmake_target': None, 'cmake_target_skip_unavailable': False, 'install_base': '/home/golftrolley/robot_ws/install/ydlidar_ros2_driver', 'merge_install': False, 'path': '/home/golftrolley/robot_ws/src/ydlidar_ros2_driver', 'symlink_install': False, 'test_result_base': None}
[1.021s] Level 5:colcon.colcon_core.verb:set package 'ydlidar_sdk' build argument 'cmake_args' from command line to 'None'
[1.021s] Level 5:colcon.colcon_core.verb:set package 'ydlidar_sdk' build argument 'cmake_target' from command line to 'None'
[1.021s] Level 5:colcon.colcon_core.verb:set package 'ydlidar_sdk' build argument 'cmake_target_skip_unavailable' from command line to 'False'
[1.021s] Level 5:colcon.colcon_core.verb:set package 'ydlidar_sdk' build argument 'cmake_clean_cache' from command line to 'False'
[1.021s] Level 5:colcon.colcon_core.verb:set package 'ydlidar_sdk' build argument 'cmake_clean_first' from command line to 'False'
[1.021s] Level 5:colcon.colcon_core.verb:set package 'ydlidar_sdk' build argument 'cmake_force_configure' from command line to 'False'
[1.022s] Level 5:colcon.colcon_core.verb:set package 'ydlidar_sdk' build argument 'ament_cmake_args' from command line to 'None'
[1.022s] Level 5:colcon.colcon_core.verb:set package 'ydlidar_sdk' build argument 'catkin_cmake_args' from command line to 'None'
[1.022s] Level 5:colcon.colcon_core.verb:set package 'ydlidar_sdk' build argument 'catkin_skip_building_tests' from command line to 'False'
[1.022s] DEBUG:colcon.colcon_core.verb:Building package 'ydlidar_sdk' with the following arguments: {'ament_cmake_args': None, 'build_base': '/home/golftrolley/robot_ws/build/ydlidar_sdk', 'catkin_cmake_args': None, 'catkin_skip_building_tests': False, 'cmake_args': None, 'cmake_clean_cache': False, 'cmake_clean_first': False, 'cmake_force_configure': False, 'cmake_target': None, 'cmake_target_skip_unavailable': False, 'install_base': '/home/golftrolley/robot_ws/install/ydlidar_sdk', 'merge_install': False, 'path': '/home/golftrolley/robot_ws/src/ydlidar_sdk', 'symlink_install': False, 'test_result_base': None}
[1.023s] INFO:colcon.colcon_core.executor:Executing jobs using 'parallel' executor
[1.026s] DEBUG:colcon.colcon_parallel_executor.executor.parallel:run_until_complete
[1.027s] INFO:colcon.colcon_ros.task.ament_python.build:Building ROS package in '/home/golftrolley/robot_ws/src/golftrolley' with build type 'ament_python'
[1.028s] Level 1:colcon.colcon_core.shell:create_environment_hook('golftrolley', 'ament_prefix_path')
[1.039s] INFO:colcon.colcon_core.plugin_system:Skipping extension 'colcon_core.shell.bat': Not used on non-Windows systems
[1.041s] INFO:colcon.colcon_core.shell:Creating environment hook '/home/golftrolley/robot_ws/install/golftrolley/share/golftrolley/hook/ament_prefix_path.ps1'
[1.044s] INFO:colcon.colcon_core.shell:Creating environment descriptor '/home/golftrolley/robot_ws/install/golftrolley/share/golftrolley/hook/ament_prefix_path.dsv'
[1.047s] INFO:colcon.colcon_core.shell:Creating environment hook '/home/golftrolley/robot_ws/install/golftrolley/share/golftrolley/hook/ament_prefix_path.sh'
[1.051s] INFO:colcon.colcon_core.shell:Skip shell extension 'powershell' for command environment: Not usable outside of PowerShell
[1.051s] DEBUG:colcon.colcon_core.shell:Skip shell extension 'dsv' for command environment
[1.071s] INFO:colcon.colcon_ros.task.ament_python.build:Building ROS package in '/home/golftrolley/robot_ws/src/stereo_camera_split' with build type 'ament_python'
[1.071s] Level 1:colcon.colcon_core.shell:create_environment_hook('stereo_camera_split', 'ament_prefix_path')
[1.072s] INFO:colcon.colcon_core.shell:Creating environment hook '/home/golftrolley/robot_ws/install/stereo_camera_split/share/stereo_camera_split/hook/ament_prefix_path.ps1'
[1.075s] INFO:colcon.colcon_core.shell:Creating environment descriptor '/home/golftrolley/robot_ws/install/stereo_camera_split/share/stereo_camera_split/hook/ament_prefix_path.dsv'
[1.077s] INFO:colcon.colcon_core.shell:Creating environment hook '/home/golftrolley/robot_ws/install/stereo_camera_split/share/stereo_camera_split/hook/ament_prefix_path.sh'
[1.080s] INFO:colcon.colcon_core.shell:Skip shell extension 'powershell' for command environment: Not usable outside of PowerShell
[1.080s] DEBUG:colcon.colcon_core.shell:Skip shell extension 'dsv' for command environment
[1.096s] INFO:colcon.colcon_ros.task.ament_cmake.build:Building ROS package in '/home/golftrolley/robot_ws/src/ydlidar_ros2_driver' with build type 'ament_cmake'
[1.097s] INFO:colcon.colcon_cmake.task.cmake.build:Building CMake package in '/home/golftrolley/robot_ws/src/ydlidar_ros2_driver'
[1.098s] INFO:colcon.colcon_core.shell:Skip shell extension 'powershell' for command environment: Not usable outside of PowerShell
[1.098s] DEBUG:colcon.colcon_core.shell:Skip shell extension 'dsv' for command environment
[1.115s] INFO:colcon.colcon_cmake.task.cmake.build:Building CMake package in '/home/golftrolley/robot_ws/src/ydlidar_sdk'
[1.117s] INFO:colcon.colcon_core.shell:Skip shell extension 'powershell' for command environment: Not usable outside of PowerShell
[1.117s] DEBUG:colcon.colcon_core.shell:Skip shell extension 'dsv' for command environment
[2.026s] INFO:colcon.colcon_core.task.python.build:Building Python package in '/home/golftrolley/robot_ws/src/golftrolley'
[2.027s] INFO:colcon.colcon_core.shell:Skip shell extension 'powershell' for command environment: Not usable outside of PowerShell
[2.027s] DEBUG:colcon.colcon_core.shell:Skip shell extension 'dsv' for command environment
[2.921s] INFO:colcon.colcon_core.task.python.build:Building Python package in '/home/golftrolley/robot_ws/src/stereo_camera_split'
[2.922s] INFO:colcon.colcon_core.shell:Skip shell extension 'powershell' for command environment: Not usable outside of PowerShell
[2.922s] DEBUG:colcon.colcon_core.shell:Skip shell extension 'dsv' for command environment
[2.955s] DEBUG:colcon.colcon_core.event_handler.log_command:Invoking command in '/home/golftrolley/robot_ws/build/ydlidar_ros2_driver': CMAKE_PREFIX_PATH=${CMAKE_PREFIX_PATH}:/home/golftrolley/robot_ws/install/stereo_camera_split:/home/golftrolley/robot_ws/install/golftrolley:/opt/ros/jazzy /usr/bin/cmake --build /home/golftrolley/robot_ws/build/ydlidar_ros2_driver -- -j4 -l4
[2.981s] DEBUG:colcon.colcon_core.event_handler.log_command:Invoking command in '/home/golftrolley/robot_ws/build/ydlidar_sdk': /usr/bin/cmake --build /home/golftrolley/robot_ws/build/ydlidar_sdk -- -j4 -l4
[3.452s] DEBUG:colcon.colcon_core.event_handler.log_command:Invoked command in '/home/golftrolley/robot_ws/build/ydlidar_ros2_driver' returned '0': CMAKE_PREFIX_PATH=${CMAKE_PREFIX_PATH}:/home/golftrolley/robot_ws/install/stereo_camera_split:/home/golftrolley/robot_ws/install/golftrolley:/opt/ros/jazzy /usr/bin/cmake --build /home/golftrolley/robot_ws/build/ydlidar_ros2_driver -- -j4 -l4
[3.513s] DEBUG:colcon.colcon_core.event_handler.log_command:Invoking command in '/home/golftrolley/robot_ws/build/ydlidar_ros2_driver': CMAKE_PREFIX_PATH=${CMAKE_PREFIX_PATH}:/home/golftrolley/robot_ws/install/stereo_camera_split:/home/golftrolley/robot_ws/install/golftrolley:/opt/ros/jazzy /usr/bin/cmake --install /home/golftrolley/robot_ws/build/ydlidar_ros2_driver
[3.702s] Level 1:colcon.colcon_core.environment:create_environment_scripts_only(ydlidar_ros2_driver)
[3.752s] Level 1:colcon.colcon_core.environment:checking '/home/golftrolley/robot_ws/install/ydlidar_ros2_driver' for CMake module files
[3.756s] DEBUG:colcon.colcon_core.event_handler.log_command:Invoked command in '/home/golftrolley/robot_ws/build/ydlidar_ros2_driver' returned '0': CMAKE_PREFIX_PATH=${CMAKE_PREFIX_PATH}:/home/golftrolley/robot_ws/install/stereo_camera_split:/home/golftrolley/robot_ws/install/golftrolley:/opt/ros/jazzy /usr/bin/cmake --install /home/golftrolley/robot_ws/build/ydlidar_ros2_driver
[3.766s] Level 1:colcon.colcon_core.environment:checking '/home/golftrolley/robot_ws/install/ydlidar_ros2_driver' for CMake config files
[3.773s] Level 1:colcon.colcon_core.shell:create_environment_hook('ydlidar_ros2_driver', 'cmake_prefix_path')
[3.775s] INFO:colcon.colcon_core.shell:Creating environment hook '/home/golftrolley/robot_ws/install/ydlidar_ros2_driver/share/ydlidar_ros2_driver/hook/cmake_prefix_path.ps1'
[3.778s] INFO:colcon.colcon_core.shell:Creating environment descriptor '/home/golftrolley/robot_ws/install/ydlidar_ros2_driver/share/ydlidar_ros2_driver/hook/cmake_prefix_path.dsv'
[3.782s] INFO:colcon.colcon_core.shell:Creating environment hook '/home/golftrolley/robot_ws/install/ydlidar_ros2_driver/share/ydlidar_ros2_driver/hook/cmake_prefix_path.sh'
[3.788s] Level 1:colcon.colcon_core.environment:checking '/home/golftrolley/robot_ws/install/ydlidar_ros2_driver/lib'
[3.789s] Level 1:colcon.colcon_core.environment:checking '/home/golftrolley/robot_ws/install/ydlidar_ros2_driver/bin'
[3.790s] Level 1:colcon.colcon_core.environment:checking '/home/golftrolley/robot_ws/install/ydlidar_ros2_driver/lib/pkgconfig/ydlidar_ros2_driver.pc'
[3.793s] Level 1:colcon.colcon_core.environment:checking '/home/golftrolley/robot_ws/install/ydlidar_ros2_driver/lib/python3.12/site-packages'
[3.794s] Level 1:colcon.colcon_core.environment:checking '/home/golftrolley/robot_ws/install/ydlidar_ros2_driver/bin'
[3.796s] INFO:colcon.colcon_core.shell:Creating package script '/home/golftrolley/robot_ws/install/ydlidar_ros2_driver/share/ydlidar_ros2_driver/package.ps1'
[3.804s] INFO:colcon.colcon_core.shell:Creating package descriptor '/home/golftrolley/robot_ws/install/ydlidar_ros2_driver/share/ydlidar_ros2_driver/package.dsv'
[3.812s] INFO:colcon.colcon_core.shell:Creating package script '/home/golftrolley/robot_ws/install/ydlidar_ros2_driver/share/ydlidar_ros2_driver/package.sh'
[3.824s] INFO:colcon.colcon_core.shell:Creating package script '/home/golftrolley/robot_ws/install/ydlidar_ros2_driver/share/ydlidar_ros2_driver/package.bash'
[3.835s] INFO:colcon.colcon_core.shell:Creating package script '/home/golftrolley/robot_ws/install/ydlidar_ros2_driver/share/ydlidar_ros2_driver/package.zsh'
[3.845s] Level 1:colcon.colcon_core.environment:create_file_with_runtime_dependencies(/home/golftrolley/robot_ws/install/ydlidar_ros2_driver/share/colcon-core/packages/ydlidar_ros2_driver)
[3.863s] Level 1:colcon.colcon_core.environment:create_environment_scripts_only(ydlidar_ros2_driver)
[3.865s] Level 1:colcon.colcon_core.environment:checking '/home/golftrolley/robot_ws/install/ydlidar_ros2_driver' for CMake module files
[3.876s] Level 1:colcon.colcon_core.environment:checking '/home/golftrolley/robot_ws/install/ydlidar_ros2_driver' for CMake config files
[3.881s] Level 1:colcon.colcon_core.shell:create_environment_hook('ydlidar_ros2_driver', 'cmake_prefix_path')
[3.882s] INFO:colcon.colcon_core.shell:Creating environment hook '/home/golftrolley/robot_ws/install/ydlidar_ros2_driver/share/ydlidar_ros2_driver/hook/cmake_prefix_path.ps1'
[3.892s] INFO:colcon.colcon_core.shell:Creating environment descriptor '/home/golftrolley/robot_ws/install/ydlidar_ros2_driver/share/ydlidar_ros2_driver/hook/cmake_prefix_path.dsv'
[3.895s] INFO:colcon.colcon_core.shell:Creating environment hook '/home/golftrolley/robot_ws/install/ydlidar_ros2_driver/share/ydlidar_ros2_driver/hook/cmake_prefix_path.sh'
[3.906s] Level 1:colcon.colcon_core.environment:checking '/home/golftrolley/robot_ws/install/ydlidar_ros2_driver/lib'
[3.910s] Level 1:colcon.colcon_core.environment:checking '/home/golftrolley/robot_ws/install/ydlidar_ros2_driver/bin'
[3.911s] Level 1:colcon.colcon_core.environment:checking '/home/golftrolley/robot_ws/install/ydlidar_ros2_driver/lib/pkgconfig/ydlidar_ros2_driver.pc'
[3.916s] Level 1:colcon.colcon_core.environment:checking '/home/golftrolley/robot_ws/install/ydlidar_ros2_driver/lib/python3.12/site-packages'
[3.917s] Level 1:colcon.colcon_core.environment:checking '/home/golftrolley/robot_ws/install/ydlidar_ros2_driver/bin'
[3.919s] INFO:colcon.colcon_core.shell:Creating package script '/home/golftrolley/robot_ws/install/ydlidar_ros2_driver/share/ydlidar_ros2_driver/package.ps1'
[3.924s] INFO:colcon.colcon_core.shell:Creating package descriptor '/home/golftrolley/robot_ws/install/ydlidar_ros2_driver/share/ydlidar_ros2_driver/package.dsv'
[3.931s] INFO:colcon.colcon_core.shell:Creating package script '/home/golftrolley/robot_ws/install/ydlidar_ros2_driver/share/ydlidar_ros2_driver/package.sh'
[3.936s] INFO:colcon.colcon_core.shell:Creating package script '/home/golftrolley/robot_ws/install/ydlidar_ros2_driver/share/ydlidar_ros2_driver/package.bash'
[3.941s] INFO:colcon.colcon_core.shell:Creating package script '/home/golftrolley/robot_ws/install/ydlidar_ros2_driver/share/ydlidar_ros2_driver/package.zsh'
[3.945s] Level 1:colcon.colcon_core.environment:create_file_with_runtime_dependencies(/home/golftrolley/robot_ws/install/ydlidar_ros2_driver/share/colcon-core/packages/ydlidar_ros2_driver)
[4.610s] DEBUG:colcon.colcon_core.event_handler.log_command:Invoked command in '/home/golftrolley/robot_ws/build/ydlidar_sdk' returned '0': /usr/bin/cmake --build /home/golftrolley/robot_ws/build/ydlidar_sdk -- -j4 -l4
[4.617s] DEBUG:colcon.colcon_core.event_handler.log_command:Invoking command in '/home/golftrolley/robot_ws/build/ydlidar_sdk': /usr/bin/cmake --install /home/golftrolley/robot_ws/build/ydlidar_sdk
[4.745s] Level 1:colcon.colcon_core.environment:create_environment_scripts_only(ydlidar_sdk)
[4.746s] Level 1:colcon.colcon_core.environment:checking '/home/golftrolley/robot_ws/install/ydlidar_sdk' for CMake module files
[4.753s] Level 1:colcon.colcon_core.environment:checking '/home/golftrolley/robot_ws/install/ydlidar_sdk' for CMake config files
[4.770s] Level 1:colcon.colcon_core.shell:create_environment_hook('ydlidar_sdk', 'cmake_prefix_path')
[4.774s] INFO:colcon.colcon_core.shell:Creating environment hook '/home/golftrolley/robot_ws/install/ydlidar_sdk/share/ydlidar_sdk/hook/cmake_prefix_path.ps1'
[4.782s] INFO:colcon.colcon_core.shell:Creating environment descriptor '/home/golftrolley/robot_ws/install/ydlidar_sdk/share/ydlidar_sdk/hook/cmake_prefix_path.dsv'
[4.791s] INFO:colcon.colcon_core.shell:Creating environment hook '/home/golftrolley/robot_ws/install/ydlidar_sdk/share/ydlidar_sdk/hook/cmake_prefix_path.sh'
[4.801s] Level 1:colcon.colcon_core.environment:checking '/home/golftrolley/robot_ws/install/ydlidar_sdk/lib'
[4.802s] Level 1:colcon.colcon_core.environment:checking '/home/golftrolley/robot_ws/install/ydlidar_sdk/bin'
[4.803s] Level 1:colcon.colcon_core.shell:create_environment_hook('ydlidar_sdk', 'path')
[4.804s] INFO:colcon.colcon_core.shell:Creating environment hook '/home/golftrolley/robot_ws/install/ydlidar_sdk/share/ydlidar_sdk/hook/path.ps1'
[4.815s] INFO:colcon.colcon_core.shell:Creating environment descriptor '/home/golftrolley/robot_ws/install/ydlidar_sdk/share/ydlidar_sdk/hook/path.dsv'
[4.817s] INFO:colcon.colcon_core.shell:Creating environment hook '/home/golftrolley/robot_ws/install/ydlidar_sdk/share/ydlidar_sdk/hook/path.sh'
[4.823s] Level 1:colcon.colcon_core.environment:checking '/home/golftrolley/robot_ws/install/ydlidar_sdk/lib/pkgconfig/ydlidar_sdk.pc'
[4.824s] Level 1:colcon.colcon_core.environment:checking '/home/golftrolley/robot_ws/install/ydlidar_sdk/lib/python3.12/site-packages'
[4.830s] Level 1:colcon.colcon_core.environment:checking '/home/golftrolley/robot_ws/install/ydlidar_sdk/bin'
[4.831s] Level 1:colcon.colcon_core.shell:create_environment_hook('ydlidar_sdk', 'pythonscriptspath')
[4.832s] INFO:colcon.colcon_core.shell:Creating environment hook '/home/golftrolley/robot_ws/install/ydlidar_sdk/share/ydlidar_sdk/hook/pythonscriptspath.ps1'
[4.837s] INFO:colcon.colcon_core.shell:Creating environment descriptor '/home/golftrolley/robot_ws/install/ydlidar_sdk/share/ydlidar_sdk/hook/pythonscriptspath.dsv'
[4.846s] INFO:colcon.colcon_core.shell:Creating environment hook '/home/golftrolley/robot_ws/install/ydlidar_sdk/share/ydlidar_sdk/hook/pythonscriptspath.sh'
[4.853s] INFO:colcon.colcon_core.shell:Creating package script '/home/golftrolley/robot_ws/install/ydlidar_sdk/share/ydlidar_sdk/package.ps1'
[4.857s] INFO:colcon.colcon_core.shell:Creating package descriptor '/home/golftrolley/robot_ws/install/ydlidar_sdk/share/ydlidar_sdk/package.dsv'
[4.861s] DEBUG:colcon.colcon_core.event_handler.log_command:Invoked command in '/home/golftrolley/robot_ws/build/ydlidar_sdk' returned '0': /usr/bin/cmake --install /home/golftrolley/robot_ws/build/ydlidar_sdk
[4.862s] INFO:colcon.colcon_core.shell:Creating package script '/home/golftrolley/robot_ws/install/ydlidar_sdk/share/ydlidar_sdk/package.sh'
[4.864s] INFO:colcon.colcon_core.shell:Creating package script '/home/golftrolley/robot_ws/install/ydlidar_sdk/share/ydlidar_sdk/package.bash'
[4.866s] INFO:colcon.colcon_core.shell:Creating package script '/home/golftrolley/robot_ws/install/ydlidar_sdk/share/ydlidar_sdk/package.zsh'
[4.868s] Level 1:colcon.colcon_core.environment:create_file_with_runtime_dependencies(/home/golftrolley/robot_ws/install/ydlidar_sdk/share/colcon-core/packages/ydlidar_sdk)
[6.518s] DEBUG:colcon.colcon_core.event_handler.log_command:Invoking command in '/home/golftrolley/robot_ws/src/stereo_camera_split': PYTHONPATH=/home/golftrolley/robot_ws/build/stereo_camera_split/prefix_override:/usr/lib/python3/dist-packages/colcon_core/task/python/colcon_distutils_commands:/home/golftrolley/robot_ws/install/stereo_camera_split/lib/python3.12/site-packages:${PYTHONPATH} /usr/bin/python3 -W ignore:setup.py install is deprecated -W ignore:easy_install command is deprecated setup.py egg_info --egg-base ../../build/stereo_camera_split build --build-base /home/golftrolley/robot_ws/build/stereo_camera_split/build install --record /home/golftrolley/robot_ws/build/stereo_camera_split/install.log --single-version-externally-managed install_data
[6.550s] DEBUG:colcon.colcon_core.event_handler.log_command:Invoking command in '/home/golftrolley/robot_ws/src/golftrolley': PYTHONPATH=/home/golftrolley/robot_ws/build/golftrolley/prefix_override:/usr/lib/python3/dist-packages/colcon_core/task/python/colcon_distutils_commands:/home/golftrolley/robot_ws/install/golftrolley/lib/python3.12/site-packages:${PYTHONPATH} /usr/bin/python3 -W ignore:setup.py install is deprecated -W ignore:easy_install command is deprecated setup.py egg_info --egg-base ../../build/golftrolley build --build-base /home/golftrolley/robot_ws/build/golftrolley/build install --record /home/golftrolley/robot_ws/build/golftrolley/install.log --single-version-externally-managed install_data
[9.035s] Level 1:colcon.colcon_core.environment:checking '/home/golftrolley/robot_ws/install/stereo_camera_split' for CMake module files
[9.037s] DEBUG:colcon.colcon_core.event_handler.log_command:Invoked command in '/home/golftrolley/robot_ws/src/stereo_camera_split' returned '0': PYTHONPATH=/home/golftrolley/robot_ws/build/stereo_camera_split/prefix_override:/usr/lib/python3/dist-packages/colcon_core/task/python/colcon_distutils_commands:/home/golftrolley/robot_ws/install/stereo_camera_split/lib/python3.12/site-packages:${PYTHONPATH} /usr/bin/python3 -W ignore:setup.py install is deprecated -W ignore:easy_install command is deprecated setup.py egg_info --egg-base ../../build/stereo_camera_split build --build-base /home/golftrolley/robot_ws/build/stereo_camera_split/build install --record /home/golftrolley/robot_ws/build/stereo_camera_split/install.log --single-version-externally-managed install_data
[9.042s] Level 1:colcon.colcon_core.environment:checking '/home/golftrolley/robot_ws/install/stereo_camera_split' for CMake config files
[9.047s] Level 1:colcon.colcon_core.environment:checking '/home/golftrolley/robot_ws/install/stereo_camera_split/lib'
[9.047s] Level 1:colcon.colcon_core.environment:checking '/home/golftrolley/robot_ws/install/stereo_camera_split/bin'
[9.048s] Level 1:colcon.colcon_core.environment:checking '/home/golftrolley/robot_ws/install/stereo_camera_split/lib/pkgconfig/stereo_camera_split.pc'
[9.049s] Level 1:colcon.colcon_core.environment:checking '/home/golftrolley/robot_ws/install/stereo_camera_split/lib/python3.12/site-packages'
[9.050s] Level 1:colcon.colcon_core.shell:create_environment_hook('stereo_camera_split', 'pythonpath')
[9.051s] INFO:colcon.colcon_core.shell:Creating environment hook '/home/golftrolley/robot_ws/install/stereo_camera_split/share/stereo_camera_split/hook/pythonpath.ps1'
[9.054s] INFO:colcon.colcon_core.shell:Creating environment descriptor '/home/golftrolley/robot_ws/install/stereo_camera_split/share/stereo_camera_split/hook/pythonpath.dsv'
[9.057s] INFO:colcon.colcon_core.shell:Creating environment hook '/home/golftrolley/robot_ws/install/stereo_camera_split/share/stereo_camera_split/hook/pythonpath.sh'
[9.061s] Level 1:colcon.colcon_core.environment:checking '/home/golftrolley/robot_ws/install/stereo_camera_split/bin'
[9.062s] Level 1:colcon.colcon_core.environment:create_environment_scripts_only(stereo_camera_split)
[9.063s] INFO:colcon.colcon_core.shell:Creating package script '/home/golftrolley/robot_ws/install/stereo_camera_split/share/stereo_camera_split/package.ps1'
[9.068s] INFO:colcon.colcon_core.shell:Creating package descriptor '/home/golftrolley/robot_ws/install/stereo_camera_split/share/stereo_camera_split/package.dsv'
[9.071s] INFO:colcon.colcon_core.shell:Creating package script '/home/golftrolley/robot_ws/install/stereo_camera_split/share/stereo_camera_split/package.sh'
[9.075s] INFO:colcon.colcon_core.shell:Creating package script '/home/golftrolley/robot_ws/install/stereo_camera_split/share/stereo_camera_split/package.bash'
[9.078s] INFO:colcon.colcon_core.shell:Creating package script '/home/golftrolley/robot_ws/install/stereo_camera_split/share/stereo_camera_split/package.zsh'
[9.080s] Level 1:colcon.colcon_core.environment:create_file_with_runtime_dependencies(/home/golftrolley/robot_ws/install/stereo_camera_split/share/colcon-core/packages/stereo_camera_split)
[9.085s] Level 1:colcon.colcon_core.environment:checking '/home/golftrolley/robot_ws/install/golftrolley' for CMake module files
[9.087s] DEBUG:colcon.colcon_core.event_handler.log_command:Invoked command in '/home/golftrolley/robot_ws/src/golftrolley' returned '0': PYTHONPATH=/home/golftrolley/robot_ws/build/golftrolley/prefix_override:/usr/lib/python3/dist-packages/colcon_core/task/python/colcon_distutils_commands:/home/golftrolley/robot_ws/install/golftrolley/lib/python3.12/site-packages:${PYTHONPATH} /usr/bin/python3 -W ignore:setup.py install is deprecated -W ignore:easy_install command is deprecated setup.py egg_info --egg-base ../../build/golftrolley build --build-base /home/golftrolley/robot_ws/build/golftrolley/build install --record /home/golftrolley/robot_ws/build/golftrolley/install.log --single-version-externally-managed install_data
[9.088s] Level 1:colcon.colcon_core.environment:checking '/home/golftrolley/robot_ws/install/golftrolley' for CMake config files
[9.092s] Level 1:colcon.colcon_core.environment:checking '/home/golftrolley/robot_ws/install/golftrolley/lib'
[9.092s] Level 1:colcon.colcon_core.environment:checking '/home/golftrolley/robot_ws/install/golftrolley/bin'
[9.092s] Level 1:colcon.colcon_core.environment:checking '/home/golftrolley/robot_ws/install/golftrolley/lib/pkgconfig/golftrolley.pc'
[9.094s] Level 1:colcon.colcon_core.environment:checking '/home/golftrolley/robot_ws/install/golftrolley/lib/python3.12/site-packages'
[9.094s] Level 1:colcon.colcon_core.shell:create_environment_hook('golftrolley', 'pythonpath')
[9.095s] INFO:colcon.colcon_core.shell:Creating environment hook '/home/golftrolley/robot_ws/install/golftrolley/share/golftrolley/hook/pythonpath.ps1'
[9.097s] INFO:colcon.colcon_core.shell:Creating environment descriptor '/home/golftrolley/robot_ws/install/golftrolley/share/golftrolley/hook/pythonpath.dsv'
[9.099s] INFO:colcon.colcon_core.shell:Creating environment hook '/home/golftrolley/robot_ws/install/golftrolley/share/golftrolley/hook/pythonpath.sh'
[9.102s] Level 1:colcon.colcon_core.environment:checking '/home/golftrolley/robot_ws/install/golftrolley/bin'
[9.103s] Level 1:colcon.colcon_core.environment:create_environment_scripts_only(golftrolley)
[9.104s] INFO:colcon.colcon_core.shell:Creating package script '/home/golftrolley/robot_ws/install/golftrolley/share/golftrolley/package.ps1'
[9.106s] INFO:colcon.colcon_core.shell:Creating package descriptor '/home/golftrolley/robot_ws/install/golftrolley/share/golftrolley/package.dsv'
[9.108s] INFO:colcon.colcon_core.shell:Creating package script '/home/golftrolley/robot_ws/install/golftrolley/share/golftrolley/package.sh'
[9.110s] INFO:colcon.colcon_core.shell:Creating package script '/home/golftrolley/robot_ws/install/golftrolley/share/golftrolley/package.bash'
[9.112s] INFO:colcon.colcon_core.shell:Creating package script '/home/golftrolley/robot_ws/install/golftrolley/share/golftrolley/package.zsh'
[9.114s] Level 1:colcon.colcon_core.environment:create_file_with_runtime_dependencies(/home/golftrolley/robot_ws/install/golftrolley/share/colcon-core/packages/golftrolley)
[9.115s] DEBUG:colcon.colcon_parallel_executor.executor.parallel:closing loop
[9.116s] DEBUG:colcon.colcon_parallel_executor.executor.parallel:loop closed
[9.117s] DEBUG:colcon.colcon_parallel_executor.executor.parallel:run_until_complete finished with '0'
[9.117s] DEBUG:colcon.colcon_core.event_reactor:joining thread
[9.139s] INFO:colcon.colcon_core.plugin_system:Skipping extension 'colcon_notification.desktop_notification.notify_send': Could not find 'notify-send'
[9.139s] INFO:colcon.colcon_core.plugin_system:Skipping extension 'colcon_notification.desktop_notification.terminal_notifier': Not used on non-Darwin systems
[9.140s] INFO:colcon.colcon_core.plugin_system:Skipping extension 'colcon_notification.desktop_notification.win32': Not used on non-Windows systems
[9.140s] INFO:colcon.colcon_notification.desktop_notification:Sending desktop notification using 'notify2'
[9.143s] DEBUG:colcon.colcon_notification.desktop_notification.notify2:Failed to initialize notify2: org.freedesktop.DBus.Error.ServiceUnknown: The name org.freedesktop.Notifications was not provided by any .service files
[9.144s] DEBUG:colcon.colcon_core.event_reactor:joined thread
[9.144s] INFO:colcon.colcon_core.shell:Creating prefix script '/home/golftrolley/robot_ws/install/local_setup.ps1'
[9.147s] INFO:colcon.colcon_core.shell:Creating prefix util module '/home/golftrolley/robot_ws/install/_local_setup_util_ps1.py'
[9.152s] INFO:colcon.colcon_core.shell:Creating prefix chain script '/home/golftrolley/robot_ws/install/setup.ps1'
[9.156s] INFO:colcon.colcon_core.shell:Creating prefix script '/home/golftrolley/robot_ws/install/local_setup.sh'
[9.158s] INFO:colcon.colcon_core.shell:Creating prefix util module '/home/golftrolley/robot_ws/install/_local_setup_util_sh.py'
[9.161s] INFO:colcon.colcon_core.shell:Creating prefix chain script '/home/golftrolley/robot_ws/install/setup.sh'
[9.165s] INFO:colcon.colcon_core.shell:Creating prefix script '/home/golftrolley/robot_ws/install/local_setup.bash'
[9.168s] INFO:colcon.colcon_core.shell:Creating prefix chain script '/home/golftrolley/robot_ws/install/setup.bash'
[9.172s] INFO:colcon.colcon_core.shell:Creating prefix script '/home/golftrolley/robot_ws/install/local_setup.zsh'
[9.174s] INFO:colcon.colcon_core.shell:Creating prefix chain script '/home/golftrolley/robot_ws/install/setup.zsh'
