[0.060s] Invoking command in '/home/golftrolley/robot_ws/build/stereo_camera_node': CMAKE_PREFIX_PATH=${CMAKE_PREFIX_PATH}:/home/golftrolley/robot_ws/install/stereo_camera_split:/home/golftrolley/robot_ws/install/serial_motor_demo:/home/golftrolley/robot_ws/install/golftrolley:/opt/ros/jazzy /usr/bin/cmake --build /home/golftrolley/robot_ws/build/stereo_camera_node -- -j4 -l4
[0.397s] [ 50%] Built target stereo_calibration_capture
[0.438s] [ 75%] [32mBuilding CXX object CMakeFiles/stereo_camera_node.dir/src/stereo_camera_node.cpp.o[0m
[35.032s] [100%] [32m[1mLinking CXX executable stereo_camera_node[0m
[37.533s] [100%] Built target stereo_camera_node
[37.608s] Invoked command in '/home/golftrolley/robot_ws/build/stereo_camera_node' returned '0': CMAKE_PREFIX_PATH=${CMAKE_PREFIX_PATH}:/home/golftrolley/robot_ws/install/stereo_camera_split:/home/golftrolley/robot_ws/install/serial_motor_demo:/home/golftrolley/robot_ws/install/golftrolley:/opt/ros/jazzy /usr/bin/cmake --build /home/golftrolley/robot_ws/build/stereo_camera_node -- -j4 -l4
[37.680s] Invoking command in '/home/golftrolley/robot_ws/build/stereo_camera_node': CMAKE_PREFIX_PATH=${CMAKE_PREFIX_PATH}:/home/golftrolley/robot_ws/install/stereo_camera_split:/home/golftrolley/robot_ws/install/serial_motor_demo:/home/golftrolley/robot_ws/install/golftrolley:/opt/ros/jazzy /usr/bin/cmake --install /home/golftrolley/robot_ws/build/stereo_camera_node
[37.743s] -- Install configuration: ""
[37.750s] -- Installing: /home/golftrolley/robot_ws/install/stereo_camera_node/lib/stereo_camera_node/stereo_camera_node
[37.786s] -- Set non-toolchain portion of runtime path of "/home/golftrolley/robot_ws/install/stereo_camera_node/lib/stereo_camera_node/stereo_camera_node" to ""
[37.787s] -- Up-to-date: /home/golftrolley/robot_ws/install/stereo_camera_node/lib/stereo_camera_node/stereo_calibration_capture
[37.789s] -- Up-to-date: /home/golftrolley/robot_ws/install/stereo_camera_node/share/ament_index/resource_index/package_run_dependencies/stereo_camera_node
[37.795s] -- Up-to-date: /home/golftrolley/robot_ws/install/stereo_camera_node/share/ament_index/resource_index/parent_prefix_path/stereo_camera_node
[37.795s] -- Up-to-date: /home/golftrolley/robot_ws/install/stereo_camera_node/share/stereo_camera_node/environment/ament_prefix_path.sh
[37.796s] -- Up-to-date: /home/golftrolley/robot_ws/install/stereo_camera_node/share/stereo_camera_node/environment/ament_prefix_path.dsv
[37.797s] -- Up-to-date: /home/golftrolley/robot_ws/install/stereo_camera_node/share/stereo_camera_node/environment/path.sh
[37.801s] -- Up-to-date: /home/golftrolley/robot_ws/install/stereo_camera_node/share/stereo_camera_node/environment/path.dsv
[37.801s] -- Up-to-date: /home/golftrolley/robot_ws/install/stereo_camera_node/share/stereo_camera_node/local_setup.bash
[37.802s] -- Up-to-date: /home/golftrolley/robot_ws/install/stereo_camera_node/share/stereo_camera_node/local_setup.sh
[37.803s] -- Up-to-date: /home/golftrolley/robot_ws/install/stereo_camera_node/share/stereo_camera_node/local_setup.zsh
[37.806s] -- Up-to-date: /home/golftrolley/robot_ws/install/stereo_camera_node/share/stereo_camera_node/local_setup.dsv
[37.806s] -- Installing: /home/golftrolley/robot_ws/install/stereo_camera_node/share/stereo_camera_node/package.dsv
[37.807s] -- Up-to-date: /home/golftrolley/robot_ws/install/stereo_camera_node/share/ament_index/resource_index/packages/stereo_camera_node
[37.808s] -- Up-to-date: /home/golftrolley/robot_ws/install/stereo_camera_node/share/stereo_camera_node/cmake/stereo_camera_nodeConfig.cmake
[37.811s] -- Up-to-date: /home/golftrolley/robot_ws/install/stereo_camera_node/share/stereo_camera_node/cmake/stereo_camera_nodeConfig-version.cmake
[37.812s] -- Up-to-date: /home/golftrolley/robot_ws/install/stereo_camera_node/share/stereo_camera_node/package.xml
[37.819s] Invoked command in '/home/golftrolley/robot_ws/build/stereo_camera_node' returned '0': CMAKE_PREFIX_PATH=${CMAKE_PREFIX_PATH}:/home/golftrolley/robot_ws/install/stereo_camera_split:/home/golftrolley/robot_ws/install/serial_motor_demo:/home/golftrolley/robot_ws/install/golftrolley:/opt/ros/jazzy /usr/bin/cmake --install /home/golftrolley/robot_ws/build/stereo_camera_node
