[0.969s] Invoking command in '/home/golftrolley/robot_ws/build/ydlidar_ros2_driver': CMAKE_PREFIX_PATH=${CMAKE_PREFIX_PATH}:/home/golftrolley/robot_ws/install/golftrolley:/opt/ros/jazzy /usr/bin/cmake --build /home/golftrolley/robot_ws/build/ydlidar_ros2_driver -- -j4 -l4
[1.411s] [ 50%] Built target ydlidar_ros2_driver_node
[1.437s] [100%] Built target ydlidar_ros2_driver_client
[1.536s] Invoked command in '/home/golftrolley/robot_ws/build/ydlidar_ros2_driver' returned '0': CMAKE_PREFIX_PATH=${CMAKE_PREFIX_PATH}:/home/golftrolley/robot_ws/install/golftrolley:/opt/ros/jazzy /usr/bin/cmake --build /home/golftrolley/robot_ws/build/ydlidar_ros2_driver -- -j4 -l4
[1.663s] Invoking command in '/home/golftrolley/robot_ws/build/ydlidar_ros2_driver': CMAKE_PREFIX_PATH=${CMAKE_PREFIX_PATH}:/home/golftrolley/robot_ws/install/golftrolley:/opt/ros/jazzy /usr/bin/cmake --install /home/golftrolley/robot_ws/build/ydlidar_ros2_driver
[1.757s] -- Install configuration: ""
[1.771s] -- Up-to-date: /home/golftrolley/robot_ws/install/ydlidar_ros2_driver/lib/ydlidar_ros2_driver/ydlidar_ros2_driver_node
[1.783s] -- Up-to-date: /home/golftrolley/robot_ws/install/ydlidar_ros2_driver/lib/ydlidar_ros2_driver/ydlidar_ros2_driver_client
[1.793s] -- Up-to-date: /home/golftrolley/robot_ws/install/ydlidar_ros2_driver/share/ydlidar_ros2_driver/launch
[1.794s] -- Up-to-date: /home/golftrolley/robot_ws/install/ydlidar_ros2_driver/share/ydlidar_ros2_driver/launch/ydlidar.py
[1.794s] -- Up-to-date: /home/golftrolley/robot_ws/install/ydlidar_ros2_driver/share/ydlidar_ros2_driver/launch/x3_ydlidar_launch.py
[1.795s] -- Installing: /home/golftrolley/robot_ws/install/ydlidar_ros2_driver/share/ydlidar_ros2_driver/launch/ydlidar_launch.py
[1.800s] -- Up-to-date: /home/golftrolley/robot_ws/install/ydlidar_ros2_driver/share/ydlidar_ros2_driver/launch/ydlidar_launch_view.py
[1.801s] -- Up-to-date: /home/golftrolley/robot_ws/install/ydlidar_ros2_driver/share/ydlidar_ros2_driver/params
[1.802s] -- Up-to-date: /home/golftrolley/robot_ws/install/ydlidar_ros2_driver/share/ydlidar_ros2_driver/params/TEA.yaml
[1.805s] -- Up-to-date: /home/golftrolley/robot_ws/install/ydlidar_ros2_driver/share/ydlidar_ros2_driver/params/GS2.yaml
[1.805s] -- Up-to-date: /home/golftrolley/robot_ws/install/ydlidar_ros2_driver/share/ydlidar_ros2_driver/params/TG.yaml
[1.806s] -- Up-to-date: /home/golftrolley/robot_ws/install/ydlidar_ros2_driver/share/ydlidar_ros2_driver/params/ydlidar_x3.yaml
[1.807s] -- Up-to-date: /home/golftrolley/robot_ws/install/ydlidar_ros2_driver/share/ydlidar_ros2_driver/params/X4-Pro.yaml
[1.807s] -- Up-to-date: /home/golftrolley/robot_ws/install/ydlidar_ros2_driver/share/ydlidar_ros2_driver/params/Tmini.yaml
[1.812s] -- Up-to-date: /home/golftrolley/robot_ws/install/ydlidar_ros2_driver/share/ydlidar_ros2_driver/params/X3.yaml
[1.813s] -- Up-to-date: /home/golftrolley/robot_ws/install/ydlidar_ros2_driver/share/ydlidar_ros2_driver/params/ydlidar.yaml
[1.816s] -- Up-to-date: /home/golftrolley/robot_ws/install/ydlidar_ros2_driver/share/ydlidar_ros2_driver/params/Tmini-Plus-SH.yaml
[1.819s] -- Up-to-date: /home/golftrolley/robot_ws/install/ydlidar_ros2_driver/share/ydlidar_ros2_driver/params/G4.yaml
[1.825s] -- Up-to-date: /home/golftrolley/robot_ws/install/ydlidar_ros2_driver/share/ydlidar_ros2_driver/params/X2.yaml
[1.826s] -- Up-to-date: /home/golftrolley/robot_ws/install/ydlidar_ros2_driver/share/ydlidar_ros2_driver/params/GS5.yaml
[1.829s] -- Up-to-date: /home/golftrolley/robot_ws/install/ydlidar_ros2_driver/share/ydlidar_ros2_driver/params/G6.yaml
[1.830s] -- Up-to-date: /home/golftrolley/robot_ws/install/ydlidar_ros2_driver/share/ydlidar_ros2_driver/params/X4.yaml
[1.831s] -- Up-to-date: /home/golftrolley/robot_ws/install/ydlidar_ros2_driver/share/ydlidar_ros2_driver/params/G1.yaml
[1.831s] -- Up-to-date: /home/golftrolley/robot_ws/install/ydlidar_ros2_driver/share/ydlidar_ros2_driver/params/sdm15.yaml
[1.832s] -- Up-to-date: /home/golftrolley/robot_ws/install/ydlidar_ros2_driver/share/ydlidar_ros2_driver/params/G2.yaml
[1.843s] -- Up-to-date: /home/golftrolley/robot_ws/install/ydlidar_ros2_driver/share/ydlidar_ros2_driver/startup
[1.844s] -- Up-to-date: /home/golftrolley/robot_ws/install/ydlidar_ros2_driver/share/ydlidar_ros2_driver/startup/initenv.sh
[1.845s] -- Up-to-date: /home/golftrolley/robot_ws/install/ydlidar_ros2_driver/share/ydlidar_ros2_driver/config
[1.845s] -- Up-to-date: /home/golftrolley/robot_ws/install/ydlidar_ros2_driver/share/ydlidar_ros2_driver/config/ydlidar.rviz
[1.854s] -- Up-to-date: /home/golftrolley/robot_ws/install/ydlidar_ros2_driver/share/ament_index/resource_index/package_run_dependencies/ydlidar_ros2_driver
[1.855s] -- Up-to-date: /home/golftrolley/robot_ws/install/ydlidar_ros2_driver/share/ament_index/resource_index/parent_prefix_path/ydlidar_ros2_driver
[1.855s] -- Up-to-date: /home/golftrolley/robot_ws/install/ydlidar_ros2_driver/share/ydlidar_ros2_driver/environment/ament_prefix_path.sh
[1.861s] -- Up-to-date: /home/golftrolley/robot_ws/install/ydlidar_ros2_driver/share/ydlidar_ros2_driver/environment/ament_prefix_path.dsv
[1.866s] -- Up-to-date: /home/golftrolley/robot_ws/install/ydlidar_ros2_driver/share/ydlidar_ros2_driver/environment/path.sh
[1.867s] -- Up-to-date: /home/golftrolley/robot_ws/install/ydlidar_ros2_driver/share/ydlidar_ros2_driver/environment/path.dsv
[1.867s] -- Up-to-date: /home/golftrolley/robot_ws/install/ydlidar_ros2_driver/share/ydlidar_ros2_driver/local_setup.bash
[1.868s] -- Up-to-date: /home/golftrolley/robot_ws/install/ydlidar_ros2_driver/share/ydlidar_ros2_driver/local_setup.sh
[1.868s] -- Up-to-date: /home/golftrolley/robot_ws/install/ydlidar_ros2_driver/share/ydlidar_ros2_driver/local_setup.zsh
[1.877s] -- Up-to-date: /home/golftrolley/robot_ws/install/ydlidar_ros2_driver/share/ydlidar_ros2_driver/local_setup.dsv
[1.877s] -- Installing: /home/golftrolley/robot_ws/install/ydlidar_ros2_driver/share/ydlidar_ros2_driver/package.dsv
[1.878s] -- Up-to-date: /home/golftrolley/robot_ws/install/ydlidar_ros2_driver/share/ament_index/resource_index/packages/ydlidar_ros2_driver
[1.878s] -- Up-to-date: /home/golftrolley/robot_ws/install/ydlidar_ros2_driver/share/ydlidar_ros2_driver/cmake/ydlidar_ros2_driverConfig.cmake
[1.881s] -- Up-to-date: /home/golftrolley/robot_ws/install/ydlidar_ros2_driver/share/ydlidar_ros2_driver/cmake/ydlidar_ros2_driverConfig-version.cmake
[1.884s] -- Up-to-date: /home/golftrolley/robot_ws/install/ydlidar_ros2_driver/share/ydlidar_ros2_driver/package.xml
[1.895s] Invoked command in '/home/golftrolley/robot_ws/build/ydlidar_ros2_driver' returned '0': CMAKE_PREFIX_PATH=${CMAKE_PREFIX_PATH}:/home/golftrolley/robot_ws/install/golftrolley:/opt/ros/jazzy /usr/bin/cmake --install /home/golftrolley/robot_ws/build/ydlidar_ros2_driver
