[0.052s] Invoking command in '/home/golftrolley/robot_ws/build/ros2_control_cmake': CMAKE_PREFIX_PATH=${CMAKE_PREFIX_PATH}:/home/golftrolley/robot_ws/install/stereo_camera_split:/home/golftrolley/robot_ws/install/serial_motor_demo:/home/golftrolley/robot_ws/install/golftrolley:/opt/ros/jazzy /usr/bin/cmake /home/golftrolley/robot_ws/src/ros2_control_cmake/ros2_control_cmake -DAMENT_CMAKE_SYMLINK_INSTALL=1 -DCMAKE_INSTALL_PREFIX=/home/golftrolley/robot_ws/install/ros2_control_cmake
[0.501s] -- The C compiler identification is GNU 13.3.0
[0.869s] -- The CXX compiler identification is GNU 13.3.0
[0.974s] -- Detecting C compiler ABI info
[1.740s] -- Detecting C compiler ABI info - done
[1.786s] -- Check for working C compiler: /usr/bin/cc - skipped
[1.790s] -- Detecting C compile features
[1.791s] -- Detecting C compile features - done
[1.857s] -- Detecting CXX compiler ABI info
[2.659s] -- Detecting CXX compiler ABI info - done
[2.715s] -- Check for working CXX compiler: /usr/bin/c++ - skipped
[2.718s] -- Detecting CXX compile features
[2.718s] -- Detecting CXX compile features - done
[2.749s] -- Found ament_cmake: 2.5.4 (/opt/ros/jazzy/share/ament_cmake/cmake)
[3.865s] -- Found Python3: /usr/bin/python3 (found version "3.12.3") found components: Interpreter 
[4.410s] -- Override CMake install command with custom implementation using symlinks instead of copying resources
[4.874s] -- Found ament_lint_auto: 0.17.2 (/opt/ros/jazzy/share/ament_lint_auto/cmake)
[5.847s] -- Added test 'copyright' to check source files copyright and LICENSE
[5.865s] -- Added test 'lint_cmake' to check CMake code style
[5.881s] -- Added test 'xmllint' to check XML markup files
[5.917s] -- Configuring done (5.8s)
[5.992s] -- Generating done (0.1s)
[6.013s] -- Build files have been written to: /home/golftrolley/robot_ws/build/ros2_control_cmake
[6.074s] Invoked command in '/home/golftrolley/robot_ws/build/ros2_control_cmake' returned '0': CMAKE_PREFIX_PATH=${CMAKE_PREFIX_PATH}:/home/golftrolley/robot_ws/install/stereo_camera_split:/home/golftrolley/robot_ws/install/serial_motor_demo:/home/golftrolley/robot_ws/install/golftrolley:/opt/ros/jazzy /usr/bin/cmake /home/golftrolley/robot_ws/src/ros2_control_cmake/ros2_control_cmake -DAMENT_CMAKE_SYMLINK_INSTALL=1 -DCMAKE_INSTALL_PREFIX=/home/golftrolley/robot_ws/install/ros2_control_cmake
[6.078s] Invoking command in '/home/golftrolley/robot_ws/build/ros2_control_cmake': CMAKE_PREFIX_PATH=${CMAKE_PREFIX_PATH}:/home/golftrolley/robot_ws/install/stereo_camera_split:/home/golftrolley/robot_ws/install/serial_motor_demo:/home/golftrolley/robot_ws/install/golftrolley:/opt/ros/jazzy /usr/bin/cmake --build /home/golftrolley/robot_ws/build/ros2_control_cmake -- -j4 -l4
[6.408s] Invoked command in '/home/golftrolley/robot_ws/build/ros2_control_cmake' returned '0': CMAKE_PREFIX_PATH=${CMAKE_PREFIX_PATH}:/home/golftrolley/robot_ws/install/stereo_camera_split:/home/golftrolley/robot_ws/install/serial_motor_demo:/home/golftrolley/robot_ws/install/golftrolley:/opt/ros/jazzy /usr/bin/cmake --build /home/golftrolley/robot_ws/build/ros2_control_cmake -- -j4 -l4
[6.415s] Invoking command in '/home/golftrolley/robot_ws/build/ros2_control_cmake': CMAKE_PREFIX_PATH=${CMAKE_PREFIX_PATH}:/home/golftrolley/robot_ws/install/stereo_camera_split:/home/golftrolley/robot_ws/install/serial_motor_demo:/home/golftrolley/robot_ws/install/golftrolley:/opt/ros/jazzy /usr/bin/cmake --install /home/golftrolley/robot_ws/build/ros2_control_cmake
[6.480s] -- Install configuration: ""
[6.481s] -- Execute custom install script
[6.488s] -- Symlinking: /home/golftrolley/robot_ws/install/ros2_control_cmake/share/ros2_control_cmake/cmake/ros2_control.cmake
[6.563s] -- Symlinking: /home/golftrolley/robot_ws/install/ros2_control_cmake/share/ament_index/resource_index/package_run_dependencies/ros2_control_cmake
[6.637s] -- Symlinking: /home/golftrolley/robot_ws/install/ros2_control_cmake/share/ament_index/resource_index/parent_prefix_path/ros2_control_cmake
[6.714s] -- Symlinking: /home/golftrolley/robot_ws/install/ros2_control_cmake/share/ros2_control_cmake/environment/ament_prefix_path.sh
[6.782s] -- Symlinking: /home/golftrolley/robot_ws/install/ros2_control_cmake/share/ros2_control_cmake/environment/ament_prefix_path.dsv
[6.861s] -- Symlinking: /home/golftrolley/robot_ws/install/ros2_control_cmake/share/ros2_control_cmake/environment/path.sh
[6.934s] -- Symlinking: /home/golftrolley/robot_ws/install/ros2_control_cmake/share/ros2_control_cmake/environment/path.dsv
[7.010s] -- Symlinking: /home/golftrolley/robot_ws/install/ros2_control_cmake/share/ros2_control_cmake/local_setup.bash
[7.094s] -- Symlinking: /home/golftrolley/robot_ws/install/ros2_control_cmake/share/ros2_control_cmake/local_setup.sh
[7.177s] -- Symlinking: /home/golftrolley/robot_ws/install/ros2_control_cmake/share/ros2_control_cmake/local_setup.zsh
[7.250s] -- Symlinking: /home/golftrolley/robot_ws/install/ros2_control_cmake/share/ros2_control_cmake/local_setup.dsv
[7.315s] -- Symlinking: /home/golftrolley/robot_ws/install/ros2_control_cmake/share/ros2_control_cmake/package.dsv
[7.377s] -- Symlinking: /home/golftrolley/robot_ws/install/ros2_control_cmake/share/ament_index/resource_index/packages/ros2_control_cmake
[7.446s] -- Symlinking: /home/golftrolley/robot_ws/install/ros2_control_cmake/share/ros2_control_cmake/cmake/ros2_control_cmake-extras.cmake
[7.506s] -- Symlinking: /home/golftrolley/robot_ws/install/ros2_control_cmake/share/ros2_control_cmake/cmake/ros2_control_cmakeConfig.cmake
[7.590s] -- Symlinking: /home/golftrolley/robot_ws/install/ros2_control_cmake/share/ros2_control_cmake/cmake/ros2_control_cmakeConfig-version.cmake
[7.652s] -- Symlinking: /home/golftrolley/robot_ws/install/ros2_control_cmake/share/ros2_control_cmake/package.xml
[7.791s] Invoked command in '/home/golftrolley/robot_ws/build/ros2_control_cmake' returned '0': CMAKE_PREFIX_PATH=${CMAKE_PREFIX_PATH}:/home/golftrolley/robot_ws/install/stereo_camera_split:/home/golftrolley/robot_ws/install/serial_motor_demo:/home/golftrolley/robot_ws/install/golftrolley:/opt/ros/jazzy /usr/bin/cmake --install /home/golftrolley/robot_ws/build/ros2_control_cmake
