[0.098s] Invoking command in '/home/golftrolley/robot_ws/build/ros2_control_cmake': CMAKE_PREFIX_PATH=${CMAKE_PREFIX_PATH}:/opt/ros/jazzy /usr/bin/cmake /home/golftrolley/robot_ws/src/ros2_control_cmake/ros2_control_cmake -DCMAKE_INSTALL_PREFIX=/home/golftrolley/robot_ws/install/ros2_control_cmake
[1.870s] -- The C compiler identification is GNU 13.3.0
[1.872s] -- The CXX compiler identification is GNU 13.3.0
[1.872s] -- Detecting C compiler ABI info
[1.917s] -- Detecting C compiler ABI info - done
[1.983s] -- Check for working C compiler: /usr/bin/cc - skipped
[1.988s] -- Detecting C compile features
[1.991s] -- Detecting C compile features - done
[2.089s] -- Detecting CXX compiler ABI info
[2.869s] -- Detecting CXX compiler ABI info - done
[2.914s] -- Check for working CXX compiler: /usr/bin/c++ - skipped
[2.914s] -- Detecting CXX compile features
[2.920s] -- Detecting CXX compile features - done
[2.949s] -- Found ament_cmake: 2.5.4 (/opt/ros/jazzy/share/ament_cmake/cmake)
[4.682s] -- Found Python3: /usr/bin/python3 (found version "3.12.3") found components: Interpreter 
[6.757s] -- Found ament_lint_auto: 0.17.2 (/opt/ros/jazzy/share/ament_lint_auto/cmake)
[8.707s] -- Added test 'copyright' to check source files copyright and LICENSE
[8.771s] -- Added test 'lint_cmake' to check CMake code style
[8.801s] -- Added test 'xmllint' to check XML markup files
[8.860s] -- Configuring done (8.7s)
[8.965s] -- Generating done (0.1s)
[9.002s] -- Build files have been written to: /home/golftrolley/robot_ws/build/ros2_control_cmake
[9.069s] Invoked command in '/home/golftrolley/robot_ws/build/ros2_control_cmake' returned '0': CMAKE_PREFIX_PATH=${CMAKE_PREFIX_PATH}:/opt/ros/jazzy /usr/bin/cmake /home/golftrolley/robot_ws/src/ros2_control_cmake/ros2_control_cmake -DCMAKE_INSTALL_PREFIX=/home/golftrolley/robot_ws/install/ros2_control_cmake
[9.080s] Invoking command in '/home/golftrolley/robot_ws/build/ros2_control_cmake': CMAKE_PREFIX_PATH=${CMAKE_PREFIX_PATH}:/opt/ros/jazzy /usr/bin/cmake --build /home/golftrolley/robot_ws/build/ros2_control_cmake -- -j4 -l4
[9.668s] Invoked command in '/home/golftrolley/robot_ws/build/ros2_control_cmake' returned '0': CMAKE_PREFIX_PATH=${CMAKE_PREFIX_PATH}:/opt/ros/jazzy /usr/bin/cmake --build /home/golftrolley/robot_ws/build/ros2_control_cmake -- -j4 -l4
[9.683s] Invoking command in '/home/golftrolley/robot_ws/build/ros2_control_cmake': CMAKE_PREFIX_PATH=${CMAKE_PREFIX_PATH}:/opt/ros/jazzy /usr/bin/cmake --install /home/golftrolley/robot_ws/build/ros2_control_cmake
[9.806s] -- Install configuration: ""
[9.810s] -- Installing: /home/golftrolley/robot_ws/install/ros2_control_cmake/share/ros2_control_cmake/cmake
[9.827s] -- Installing: /home/golftrolley/robot_ws/install/ros2_control_cmake/share/ros2_control_cmake/cmake/ros2_control.cmake
[9.828s] -- Installing: /home/golftrolley/robot_ws/install/ros2_control_cmake/share/ament_index/resource_index/package_run_dependencies/ros2_control_cmake
[9.838s] -- Installing: /home/golftrolley/robot_ws/install/ros2_control_cmake/share/ament_index/resource_index/parent_prefix_path/ros2_control_cmake
[9.850s] -- Installing: /home/golftrolley/robot_ws/install/ros2_control_cmake/share/ros2_control_cmake/environment/ament_prefix_path.sh
[9.852s] -- Installing: /home/golftrolley/robot_ws/install/ros2_control_cmake/share/ros2_control_cmake/environment/ament_prefix_path.dsv
[9.870s] -- Installing: /home/golftrolley/robot_ws/install/ros2_control_cmake/share/ros2_control_cmake/environment/path.sh
[9.870s] -- Installing: /home/golftrolley/robot_ws/install/ros2_control_cmake/share/ros2_control_cmake/environment/path.dsv
[9.883s] -- Installing: /home/golftrolley/robot_ws/install/ros2_control_cmake/share/ros2_control_cmake/local_setup.bash
[9.887s] -- Installing: /home/golftrolley/robot_ws/install/ros2_control_cmake/share/ros2_control_cmake/local_setup.sh
[9.901s] -- Installing: /home/golftrolley/robot_ws/install/ros2_control_cmake/share/ros2_control_cmake/local_setup.zsh
[9.905s] -- Installing: /home/golftrolley/robot_ws/install/ros2_control_cmake/share/ros2_control_cmake/local_setup.dsv
[9.918s] -- Installing: /home/golftrolley/robot_ws/install/ros2_control_cmake/share/ros2_control_cmake/package.dsv
[9.930s] -- Installing: /home/golftrolley/robot_ws/install/ros2_control_cmake/share/ament_index/resource_index/packages/ros2_control_cmake
[9.931s] -- Installing: /home/golftrolley/robot_ws/install/ros2_control_cmake/share/ros2_control_cmake/cmake/ros2_control_cmake-extras.cmake
[9.932s] -- Installing: /home/golftrolley/robot_ws/install/ros2_control_cmake/share/ros2_control_cmake/cmake/ros2_control_cmakeConfig.cmake
[9.946s] -- Installing: /home/golftrolley/robot_ws/install/ros2_control_cmake/share/ros2_control_cmake/cmake/ros2_control_cmakeConfig-version.cmake
[9.948s] -- Installing: /home/golftrolley/robot_ws/install/ros2_control_cmake/share/ros2_control_cmake/package.xml
[9.959s] Invoked command in '/home/golftrolley/robot_ws/build/ros2_control_cmake' returned '0': CMAKE_PREFIX_PATH=${CMAKE_PREFIX_PATH}:/opt/ros/jazzy /usr/bin/cmake --install /home/golftrolley/robot_ws/build/ros2_control_cmake
