[1.487s] Invoking command in '/home/golftrolley/robot_ws/build/mpu6050driver': CMAKE_PREFIX_PATH=${CMAKE_PREFIX_PATH}:/home/golftrolley/robot_ws/install/stereo_camera_split:/home/golftrolley/robot_ws/install/serial_motor_demo:/home/golftrolley/robot_ws/install/golftrolley:/opt/ros/jazzy /usr/bin/cmake --build /home/golftrolley/robot_ws/build/mpu6050driver -- -j4 -l4
[1.894s] [100%] Built target mpu6050driver
[2.700s] Invoked command in '/home/golftrolley/robot_ws/build/mpu6050driver' returned '0': CMAKE_PREFIX_PATH=${CMAKE_PREFIX_PATH}:/home/golftrolley/robot_ws/install/stereo_camera_split:/home/golftrolley/robot_ws/install/serial_motor_demo:/home/golftrolley/robot_ws/install/golftrolley:/opt/ros/jazzy /usr/bin/cmake --build /home/golftrolley/robot_ws/build/mpu6050driver -- -j4 -l4
[2.757s] Invoking command in '/home/golftrolley/robot_ws/build/mpu6050driver': CMAKE_PREFIX_PATH=${CMAKE_PREFIX_PATH}:/home/golftrolley/robot_ws/install/stereo_camera_split:/home/golftrolley/robot_ws/install/serial_motor_demo:/home/golftrolley/robot_ws/install/golftrolley:/opt/ros/jazzy /usr/bin/cmake --install /home/golftrolley/robot_ws/build/mpu6050driver
[2.873s] -- Install configuration: ""
[2.874s] -- Up-to-date: /home/golftrolley/robot_ws/install/mpu6050driver/lib/mpu6050driver/mpu6050driver
[2.874s] -- Up-to-date: /home/golftrolley/robot_ws/install/mpu6050driver/share/mpu6050driver//launch
[2.885s] -- Up-to-date: /home/golftrolley/robot_ws/install/mpu6050driver/share/mpu6050driver//launch/mpu6050driver_launch.py
[2.890s] -- Up-to-date: /home/golftrolley/robot_ws/install/mpu6050driver/share/mpu6050driver//params
[2.891s] -- Up-to-date: /home/golftrolley/robot_ws/install/mpu6050driver/share/mpu6050driver//params/mpu6050.yaml
[2.892s] -- Up-to-date: /home/golftrolley/robot_ws/install/mpu6050driver/share/ament_index/resource_index/package_run_dependencies/mpu6050driver
[2.899s] -- Up-to-date: /home/golftrolley/robot_ws/install/mpu6050driver/share/ament_index/resource_index/parent_prefix_path/mpu6050driver
[2.899s] -- Up-to-date: /home/golftrolley/robot_ws/install/mpu6050driver/share/mpu6050driver/environment/ament_prefix_path.sh
[2.900s] -- Up-to-date: /home/golftrolley/robot_ws/install/mpu6050driver/share/mpu6050driver/environment/ament_prefix_path.dsv
[2.900s] -- Up-to-date: /home/golftrolley/robot_ws/install/mpu6050driver/share/mpu6050driver/environment/path.sh
[2.901s] -- Up-to-date: /home/golftrolley/robot_ws/install/mpu6050driver/share/mpu6050driver/environment/path.dsv
[2.902s] -- Up-to-date: /home/golftrolley/robot_ws/install/mpu6050driver/share/mpu6050driver/local_setup.bash
[2.909s] -- Up-to-date: /home/golftrolley/robot_ws/install/mpu6050driver/share/mpu6050driver/local_setup.sh
[2.910s] -- Up-to-date: /home/golftrolley/robot_ws/install/mpu6050driver/share/mpu6050driver/local_setup.zsh
[2.910s] -- Up-to-date: /home/golftrolley/robot_ws/install/mpu6050driver/share/mpu6050driver/local_setup.dsv
[2.911s] -- Installing: /home/golftrolley/robot_ws/install/mpu6050driver/share/mpu6050driver/package.dsv
[2.911s] -- Up-to-date: /home/golftrolley/robot_ws/install/mpu6050driver/share/ament_index/resource_index/packages/mpu6050driver
[2.917s] -- Up-to-date: /home/golftrolley/robot_ws/install/mpu6050driver/share/mpu6050driver/cmake/mpu6050driverConfig.cmake
[2.918s] -- Up-to-date: /home/golftrolley/robot_ws/install/mpu6050driver/share/mpu6050driver/cmake/mpu6050driverConfig-version.cmake
[2.925s] -- Up-to-date: /home/golftrolley/robot_ws/install/mpu6050driver/share/mpu6050driver/package.xml
[3.086s] Invoked command in '/home/golftrolley/robot_ws/build/mpu6050driver' returned '0': CMAKE_PREFIX_PATH=${CMAKE_PREFIX_PATH}:/home/golftrolley/robot_ws/install/stereo_camera_split:/home/golftrolley/robot_ws/install/serial_motor_demo:/home/golftrolley/robot_ws/install/golftrolley:/opt/ros/jazzy /usr/bin/cmake --install /home/golftrolley/robot_ws/build/mpu6050driver
