[0.046s] Invoking command in '/home/golftrolley/robot_ws/build/ydlidar_ros2_driver': CMAKE_PREFIX_PATH=${CMAKE_PREFIX_PATH}:/home/golftrolley/robot_ws/install/stereo_camera_split:/home/golftrolley/robot_ws/install/serial_motor_demo:/home/golftrolley/robot_ws/install/golftrolley:/opt/ros/jazzy /usr/bin/cmake --build /home/golftrolley/robot_ws/build/ydlidar_ros2_driver -- -j4 -l4
[0.542s] [ 50%] Built target ydlidar_ros2_driver_node
[0.606s] [100%] Built target ydlidar_ros2_driver_client
[0.685s] Invoked command in '/home/golftrolley/robot_ws/build/ydlidar_ros2_driver' returned '0': CMAKE_PREFIX_PATH=${CMAKE_PREFIX_PATH}:/home/golftrolley/robot_ws/install/stereo_camera_split:/home/golftrolley/robot_ws/install/serial_motor_demo:/home/golftrolley/robot_ws/install/golftrolley:/opt/ros/jazzy /usr/bin/cmake --build /home/golftrolley/robot_ws/build/ydlidar_ros2_driver -- -j4 -l4
[0.694s] Invoking command in '/home/golftrolley/robot_ws/build/ydlidar_ros2_driver': CMAKE_PREFIX_PATH=${CMAKE_PREFIX_PATH}:/home/golftrolley/robot_ws/install/stereo_camera_split:/home/golftrolley/robot_ws/install/serial_motor_demo:/home/golftrolley/robot_ws/install/golftrolley:/opt/ros/jazzy /usr/bin/cmake --install /home/golftrolley/robot_ws/build/ydlidar_ros2_driver
[0.755s] -- Install configuration: ""
[0.761s] -- Up-to-date: /home/golftrolley/robot_ws/install/ydlidar_ros2_driver/lib/ydlidar_ros2_driver/ydlidar_ros2_driver_node
[0.768s] -- Up-to-date: /home/golftrolley/robot_ws/install/ydlidar_ros2_driver/lib/ydlidar_ros2_driver/ydlidar_ros2_driver_client
[0.776s] -- Up-to-date: /home/golftrolley/robot_ws/install/ydlidar_ros2_driver/share/ydlidar_ros2_driver/launch
[0.780s] -- Up-to-date: /home/golftrolley/robot_ws/install/ydlidar_ros2_driver/share/ydlidar_ros2_driver/launch/ydlidar.py
[0.785s] -- Up-to-date: /home/golftrolley/robot_ws/install/ydlidar_ros2_driver/share/ydlidar_ros2_driver/launch/x3_ydlidar_launch.py
[0.786s] -- Up-to-date: /home/golftrolley/robot_ws/install/ydlidar_ros2_driver/share/ydlidar_ros2_driver/launch/ydlidar_launch.py
[0.794s] -- Up-to-date: /home/golftrolley/robot_ws/install/ydlidar_ros2_driver/share/ydlidar_ros2_driver/launch/ydlidar_launch_view.py
[0.794s] -- Up-to-date: /home/golftrolley/robot_ws/install/ydlidar_ros2_driver/share/ydlidar_ros2_driver/params
[0.795s] -- Up-to-date: /home/golftrolley/robot_ws/install/ydlidar_ros2_driver/share/ydlidar_ros2_driver/params/TEA.yaml
[0.795s] -- Up-to-date: /home/golftrolley/robot_ws/install/ydlidar_ros2_driver/share/ydlidar_ros2_driver/params/GS2.yaml
[0.796s] -- Up-to-date: /home/golftrolley/robot_ws/install/ydlidar_ros2_driver/share/ydlidar_ros2_driver/params/TG.yaml
[0.800s] -- Up-to-date: /home/golftrolley/robot_ws/install/ydlidar_ros2_driver/share/ydlidar_ros2_driver/params/ydlidar_x3.yaml
[0.800s] -- Up-to-date: /home/golftrolley/robot_ws/install/ydlidar_ros2_driver/share/ydlidar_ros2_driver/params/X4-Pro.yaml
[0.801s] -- Up-to-date: /home/golftrolley/robot_ws/install/ydlidar_ros2_driver/share/ydlidar_ros2_driver/params/Tmini.yaml
[0.801s] -- Up-to-date: /home/golftrolley/robot_ws/install/ydlidar_ros2_driver/share/ydlidar_ros2_driver/params/X3.yaml
[0.802s] -- Up-to-date: /home/golftrolley/robot_ws/install/ydlidar_ros2_driver/share/ydlidar_ros2_driver/params/ydlidar.yaml
[0.806s] -- Up-to-date: /home/golftrolley/robot_ws/install/ydlidar_ros2_driver/share/ydlidar_ros2_driver/params/Tmini-Plus-SH.yaml
[0.806s] -- Up-to-date: /home/golftrolley/robot_ws/install/ydlidar_ros2_driver/share/ydlidar_ros2_driver/params/G4.yaml
[0.807s] -- Up-to-date: /home/golftrolley/robot_ws/install/ydlidar_ros2_driver/share/ydlidar_ros2_driver/params/X2.yaml
[0.808s] -- Up-to-date: /home/golftrolley/robot_ws/install/ydlidar_ros2_driver/share/ydlidar_ros2_driver/params/GS5.yaml
[0.811s] -- Up-to-date: /home/golftrolley/robot_ws/install/ydlidar_ros2_driver/share/ydlidar_ros2_driver/params/G6.yaml
[0.812s] -- Up-to-date: /home/golftrolley/robot_ws/install/ydlidar_ros2_driver/share/ydlidar_ros2_driver/params/X4.yaml
[0.812s] -- Up-to-date: /home/golftrolley/robot_ws/install/ydlidar_ros2_driver/share/ydlidar_ros2_driver/params/G1.yaml
[0.817s] -- Up-to-date: /home/golftrolley/robot_ws/install/ydlidar_ros2_driver/share/ydlidar_ros2_driver/params/sdm15.yaml
[0.820s] -- Up-to-date: /home/golftrolley/robot_ws/install/ydlidar_ros2_driver/share/ydlidar_ros2_driver/params/G2.yaml
[0.821s] -- Up-to-date: /home/golftrolley/robot_ws/install/ydlidar_ros2_driver/share/ydlidar_ros2_driver/startup
[0.822s] -- Up-to-date: /home/golftrolley/robot_ws/install/ydlidar_ros2_driver/share/ydlidar_ros2_driver/startup/initenv.sh
[0.822s] -- Up-to-date: /home/golftrolley/robot_ws/install/ydlidar_ros2_driver/share/ydlidar_ros2_driver/config
[0.823s] -- Up-to-date: /home/golftrolley/robot_ws/install/ydlidar_ros2_driver/share/ydlidar_ros2_driver/config/ydlidar.rviz
[0.826s] -- Up-to-date: /home/golftrolley/robot_ws/install/ydlidar_ros2_driver/share/ament_index/resource_index/package_run_dependencies/ydlidar_ros2_driver
[0.827s] -- Up-to-date: /home/golftrolley/robot_ws/install/ydlidar_ros2_driver/share/ament_index/resource_index/parent_prefix_path/ydlidar_ros2_driver
[0.828s] -- Up-to-date: /home/golftrolley/robot_ws/install/ydlidar_ros2_driver/share/ydlidar_ros2_driver/environment/ament_prefix_path.sh
[0.828s] -- Up-to-date: /home/golftrolley/robot_ws/install/ydlidar_ros2_driver/share/ydlidar_ros2_driver/environment/ament_prefix_path.dsv
[0.829s] -- Up-to-date: /home/golftrolley/robot_ws/install/ydlidar_ros2_driver/share/ydlidar_ros2_driver/environment/path.sh
[0.833s] -- Up-to-date: /home/golftrolley/robot_ws/install/ydlidar_ros2_driver/share/ydlidar_ros2_driver/environment/path.dsv
[0.834s] -- Up-to-date: /home/golftrolley/robot_ws/install/ydlidar_ros2_driver/share/ydlidar_ros2_driver/local_setup.bash
[0.834s] -- Up-to-date: /home/golftrolley/robot_ws/install/ydlidar_ros2_driver/share/ydlidar_ros2_driver/local_setup.sh
[0.835s] -- Up-to-date: /home/golftrolley/robot_ws/install/ydlidar_ros2_driver/share/ydlidar_ros2_driver/local_setup.zsh
[0.838s] -- Up-to-date: /home/golftrolley/robot_ws/install/ydlidar_ros2_driver/share/ydlidar_ros2_driver/local_setup.dsv
[0.839s] -- Installing: /home/golftrolley/robot_ws/install/ydlidar_ros2_driver/share/ydlidar_ros2_driver/package.dsv
[0.844s] -- Up-to-date: /home/golftrolley/robot_ws/install/ydlidar_ros2_driver/share/ament_index/resource_index/packages/ydlidar_ros2_driver
[0.847s] -- Up-to-date: /home/golftrolley/robot_ws/install/ydlidar_ros2_driver/share/ydlidar_ros2_driver/cmake/ydlidar_ros2_driverConfig.cmake
[0.848s] -- Up-to-date: /home/golftrolley/robot_ws/install/ydlidar_ros2_driver/share/ydlidar_ros2_driver/cmake/ydlidar_ros2_driverConfig-version.cmake
[0.851s] -- Up-to-date: /home/golftrolley/robot_ws/install/ydlidar_ros2_driver/share/ydlidar_ros2_driver/package.xml
[0.866s] Invoked command in '/home/golftrolley/robot_ws/build/ydlidar_ros2_driver' returned '0': CMAKE_PREFIX_PATH=${CMAKE_PREFIX_PATH}:/home/golftrolley/robot_ws/install/stereo_camera_split:/home/golftrolley/robot_ws/install/serial_motor_demo:/home/golftrolley/robot_ws/install/golftrolley:/opt/ros/jazzy /usr/bin/cmake --install /home/golftrolley/robot_ws/build/ydlidar_ros2_driver
