[1.858s] Invoking command in '/home/golftrolley/robot_ws/build/ydlidar_sdk': /usr/bin/cmake --build /home/golftrolley/robot_ws/build/ydlidar_sdk -- -j4 -l4
[2.259s] [ 38%] Built target ydlidar_sdk
[2.486s] [ 41%] Built target et_test
[2.495s] [ 45%] Built target gs_ota
[2.548s] [ 49%] Built target gs_restart
[2.551s] [ 52%] Built target gs_test
[2.761s] [ 56%] Built target scl_test
[2.767s] [ 60%] Built target gs_test2
[2.790s] [ 63%] Built target sdm18_test
[2.842s] [ 67%] Built target sdm_test
[2.969s] [ 70%] Built target tea_test
[3.029s] [ 74%] Built target tia_test
[3.030s] [ 78%] Built target tmini-sh_test
[3.078s] [ 81%] Built target tmini_test
[3.206s] [ 85%] Built target tof_test
[3.273s] [ 89%] Built target tri_restart
[3.285s] [ 92%] Built target tri_and_gs_test
[3.319s] [ 96%] Built target tri_test
[3.366s] [100%] Built target lidar_c_api_test
[3.435s] Invoked command in '/home/golftrolley/robot_ws/build/ydlidar_sdk' returned '0': /usr/bin/cmake --build /home/golftrolley/robot_ws/build/ydlidar_sdk -- -j4 -l4
[3.443s] Invoking command in '/home/golftrolley/robot_ws/build/ydlidar_sdk': /usr/bin/cmake --install /home/golftrolley/robot_ws/build/ydlidar_sdk
[3.488s] -- Install configuration: ""
[3.494s] -- Up-to-date: /home/golftrolley/robot_ws/install/ydlidar_sdk/include/core/base/datatype.h
[3.500s] -- Up-to-date: /home/golftrolley/robot_ws/install/ydlidar_sdk/include/core/base/locker.h
[3.509s] -- Up-to-date: /home/golftrolley/robot_ws/install/ydlidar_sdk/include/core/base/thread.h
[3.518s] -- Up-to-date: /home/golftrolley/robot_ws/install/ydlidar_sdk/include/core/base/timer.h
[3.524s] -- Up-to-date: /home/golftrolley/robot_ws/install/ydlidar_sdk/include/core/base/typedef.h
[3.530s] -- Up-to-date: /home/golftrolley/robot_ws/install/ydlidar_sdk/include/core/base/utils.h
[3.533s] -- Up-to-date: /home/golftrolley/robot_ws/install/ydlidar_sdk/include/core/base/v8stdint.h
[3.534s] -- Up-to-date: /home/golftrolley/robot_ws/install/ydlidar_sdk/include/core/base/ydlidar.h
[3.534s] -- Up-to-date: /home/golftrolley/robot_ws/install/ydlidar_sdk/include/core/common/ChannelDevice.h
[3.535s] -- Up-to-date: /home/golftrolley/robot_ws/install/ydlidar_sdk/include/core/common/DriverInterface.h
[3.539s] -- Up-to-date: /home/golftrolley/robot_ws/install/ydlidar_sdk/include/core/common/ydlidar_datatype.h
[3.542s] -- Up-to-date: /home/golftrolley/robot_ws/install/ydlidar_sdk/include/core/common/ydlidar_def.h
[3.546s] -- Up-to-date: /home/golftrolley/robot_ws/install/ydlidar_sdk/include/core/common/ydlidar_help.h
[3.549s] -- Up-to-date: /home/golftrolley/robot_ws/install/ydlidar_sdk/include/core/common/ydlidar_protocol.h
[3.552s] -- Up-to-date: /home/golftrolley/robot_ws/install/ydlidar_sdk/include/core/json/cJSON.h
[3.556s] -- Up-to-date: /home/golftrolley/robot_ws/install/ydlidar_sdk/include/core/math/angles.h
[3.556s] -- Up-to-date: /home/golftrolley/robot_ws/install/ydlidar_sdk/include/core/network/ActiveSocket.h
[3.559s] -- Up-to-date: /home/golftrolley/robot_ws/install/ydlidar_sdk/include/core/network/PassiveSocket.h
[3.562s] -- Up-to-date: /home/golftrolley/robot_ws/install/ydlidar_sdk/include/core/network/SimpleSocket.h
[3.566s] -- Up-to-date: /home/golftrolley/robot_ws/install/ydlidar_sdk/include/core/network/StatTimer.h
[3.570s] -- Up-to-date: /home/golftrolley/robot_ws/install/ydlidar_sdk/include/core/serial/common.h
[3.572s] -- Up-to-date: /home/golftrolley/robot_ws/install/ydlidar_sdk/include/core/serial/serial.h
[3.572s] -- Up-to-date: /home/golftrolley/robot_ws/install/ydlidar_sdk/include/core/serial/impl/unix/lock.h
[3.573s] -- Up-to-date: /home/golftrolley/robot_ws/install/ydlidar_sdk/include/core/serial/impl/unix/unix.h
[3.573s] -- Up-to-date: /home/golftrolley/robot_ws/install/ydlidar_sdk/include/core/serial/impl/unix/unix_serial.h
[3.577s] -- Up-to-date: /home/golftrolley/robot_ws/install/ydlidar_sdk/include/src/CYdLidar.h
[3.578s] -- Up-to-date: /home/golftrolley/robot_ws/install/ydlidar_sdk/include/src/DTSLidarDriver.h
[3.578s] -- Up-to-date: /home/golftrolley/robot_ws/install/ydlidar_sdk/include/src/ETLidarDriver.h
[3.579s] -- Up-to-date: /home/golftrolley/robot_ws/install/ydlidar_sdk/include/src/GSLidarDriver.h
[3.579s] -- Up-to-date: /home/golftrolley/robot_ws/install/ydlidar_sdk/include/src/SDMLidarDriver.h
[3.582s] -- Up-to-date: /home/golftrolley/robot_ws/install/ydlidar_sdk/include/src/TiaLidarDriver.h
[3.583s] -- Up-to-date: /home/golftrolley/robot_ws/install/ydlidar_sdk/include/src/YDlidarDriver.h
[3.583s] -- Up-to-date: /home/golftrolley/robot_ws/install/ydlidar_sdk/include/src/ydlidar_sdk.h
[3.584s] -- Up-to-date: /home/golftrolley/robot_ws/install/ydlidar_sdk/include/src/filters/FilterInterface.h
[3.584s] -- Up-to-date: /home/golftrolley/robot_ws/install/ydlidar_sdk/include/src/filters/NoiseFilter.h
[3.585s] -- Up-to-date: /home/golftrolley/robot_ws/install/ydlidar_sdk/include/src/filters/StrongLightFilter.h
[3.585s] -- Up-to-date: /home/golftrolley/robot_ws/install/ydlidar_sdk/include/ydlidar_config.h
[3.586s] -- Up-to-date: /home/golftrolley/robot_ws/install/ydlidar_sdk/lib/libydlidar_sdk.a
[3.586s] -- Up-to-date: /home/golftrolley/robot_ws/install/ydlidar_sdk/lib/pkgconfig/YDLIDAR_SDK.pc
[3.587s] -- Up-to-date: /home/golftrolley/robot_ws/install/ydlidar_sdk/lib/cmake/ydlidar_sdk/ydlidar_sdkConfig.cmake
[3.587s] -- Up-to-date: /home/golftrolley/robot_ws/install/ydlidar_sdk/lib/cmake/ydlidar_sdk/ydlidar_sdkTargets.cmake
[3.589s] -- Up-to-date: /home/golftrolley/robot_ws/install/ydlidar_sdk/lib/cmake/ydlidar_sdk/ydlidar_sdkConfigVersion.cmake
[3.591s] -- Up-to-date: /home/golftrolley/robot_ws/install/ydlidar_sdk/share/YDLIDAR_SDK/FindYDLIDAR_SDK.cmake
[3.592s] -- Up-to-date: /home/golftrolley/robot_ws/install/ydlidar_sdk/share/YDLIDAR_SDK
[3.592s] -- Up-to-date: /home/golftrolley/robot_ws/install/ydlidar_sdk/share/YDLIDAR_SDK/cmake_uninstall.cmake.in
[3.593s] -- Up-to-date: /home/golftrolley/robot_ws/install/ydlidar_sdk/share/YDLIDAR_SDK/common
[3.594s] -- Up-to-date: /home/golftrolley/robot_ws/install/ydlidar_sdk/share/YDLIDAR_SDK/common/ydlidar_base.cmake
[3.594s] -- Up-to-date: /home/golftrolley/robot_ws/install/ydlidar_sdk/share/YDLIDAR_SDK/common/ydlidar_parse.cmake
[3.595s] -- Up-to-date: /home/golftrolley/robot_ws/install/ydlidar_sdk/share/YDLIDAR_SDK/install_package.cmake
[3.596s] -- Up-to-date: /home/golftrolley/robot_ws/install/ydlidar_sdk/share/YDLIDAR_SDK/PackageConfigVersion.cmake.in
[3.599s] -- Up-to-date: /home/golftrolley/robot_ws/install/ydlidar_sdk/share/YDLIDAR_SDK/script_show_final_summary.cmake
[3.601s] -- Up-to-date: /home/golftrolley/robot_ws/install/ydlidar_sdk/share/YDLIDAR_SDK/FindPackage.cmake.in
[3.601s] -- Up-to-date: /home/golftrolley/robot_ws/install/ydlidar_sdk/share/YDLIDAR_SDK/PkgConfig.pc.in
[3.602s] -- Up-to-date: /home/golftrolley/robot_ws/install/ydlidar_sdk/share/YDLIDAR_SDK/PackageConfig.cmake.in
[3.602s] -- Up-to-date: /home/golftrolley/robot_ws/install/ydlidar_sdk/share/YDLIDAR_SDK/LICENSE.txt
[3.603s] -- Up-to-date: /home/golftrolley/robot_ws/install/ydlidar_sdk/share/YDLIDAR_SDK/README.md
[3.603s] -- Up-to-date: /home/golftrolley/robot_ws/install/ydlidar_sdk/share/YDLIDAR_SDK/doc
[3.604s] -- Up-to-date: /home/golftrolley/robot_ws/install/ydlidar_sdk/share/YDLIDAR_SDK/doc/Diagram.md
[3.605s] -- Up-to-date: /home/golftrolley/robot_ws/install/ydlidar_sdk/share/YDLIDAR_SDK/doc/Dataset.md
[3.606s] -- Up-to-date: /home/golftrolley/robot_ws/install/ydlidar_sdk/share/YDLIDAR_SDK/doc/tutorials
[3.607s] -- Up-to-date: /home/golftrolley/robot_ws/install/ydlidar_sdk/share/YDLIDAR_SDK/doc/tutorials/writing_lidar_tutorial_c++.md
[3.608s] -- Up-to-date: /home/golftrolley/robot_ws/install/ydlidar_sdk/share/YDLIDAR_SDK/doc/tutorials/writing_lidar_tutorial_python.md
[3.609s] -- Up-to-date: /home/golftrolley/robot_ws/install/ydlidar_sdk/share/YDLIDAR_SDK/doc/tutorials/writing_lidar_tutorial_c.md
[3.609s] -- Up-to-date: /home/golftrolley/robot_ws/install/ydlidar_sdk/share/YDLIDAR_SDK/doc/tutorials/writing_lidar_network_adapter_tutorial_c++.md
[3.610s] -- Up-to-date: /home/golftrolley/robot_ws/install/ydlidar_sdk/share/YDLIDAR_SDK/doc/tutorials/examine_the_simple_lidar_tutorial.md
[3.610s] -- Up-to-date: /home/golftrolley/robot_ws/install/ydlidar_sdk/share/YDLIDAR_SDK/doc/SDK.pdf
[3.612s] -- Up-to-date: /home/golftrolley/robot_ws/install/ydlidar_sdk/share/YDLIDAR_SDK/doc/YDLidar-SDK-Communication-Protocol.pdf
[3.613s] -- Up-to-date: /home/golftrolley/robot_ws/install/ydlidar_sdk/share/YDLIDAR_SDK/doc/YDLIDAR_SDK_API_for_Developers.md
[3.614s] -- Up-to-date: /home/golftrolley/robot_ws/install/ydlidar_sdk/share/YDLIDAR_SDK/doc/YDLidar_SDK_Communication_Protocol.pdf
[3.614s] -- Up-to-date: /home/golftrolley/robot_ws/install/ydlidar_sdk/share/YDLIDAR_SDK/doc/Tutorials.md
[3.615s] -- Up-to-date: /home/golftrolley/robot_ws/install/ydlidar_sdk/share/YDLIDAR_SDK/doc/images
[3.615s] -- Up-to-date: /home/golftrolley/robot_ws/install/ydlidar_sdk/share/YDLIDAR_SDK/doc/images/sdk_init.png
[3.616s] -- Up-to-date: /home/golftrolley/robot_ws/install/ydlidar_sdk/share/YDLIDAR_SDK/doc/images/sdk_scanning.png
[3.617s] -- Up-to-date: /home/golftrolley/robot_ws/install/ydlidar_sdk/share/YDLIDAR_SDK/doc/images/angle_q2.png
[3.620s] -- Up-to-date: /home/golftrolley/robot_ws/install/ydlidar_sdk/share/YDLIDAR_SDK/doc/images/communication_mechanism.png
[3.620s] -- Up-to-date: /home/golftrolley/robot_ws/install/ydlidar_sdk/share/YDLIDAR_SDK/doc/images/sequence.png
[3.621s] -- Up-to-date: /home/golftrolley/robot_ws/install/ydlidar_sdk/share/YDLIDAR_SDK/doc/images/YDLidar.jpg
[3.623s] -- Up-to-date: /home/golftrolley/robot_ws/install/ydlidar_sdk/share/YDLIDAR_SDK/doc/images/frame_intensity.png
[3.626s] -- Up-to-date: /home/golftrolley/robot_ws/install/ydlidar_sdk/share/YDLIDAR_SDK/doc/images/EAI.png
[3.626s] -- Up-to-date: /home/golftrolley/robot_ws/install/ydlidar_sdk/share/YDLIDAR_SDK/doc/images/FlowChart.png
[3.627s] -- Up-to-date: /home/golftrolley/robot_ws/install/ydlidar_sdk/share/YDLIDAR_SDK/doc/images/system_workflow.png
[3.628s] -- Up-to-date: /home/golftrolley/robot_ws/install/ydlidar_sdk/share/YDLIDAR_SDK/doc/images/sdk_architecture.png
[3.629s] -- Up-to-date: /home/golftrolley/robot_ws/install/ydlidar_sdk/share/YDLIDAR_SDK/doc/images/frame.png
[3.629s] -- Up-to-date: /home/golftrolley/robot_ws/install/ydlidar_sdk/share/YDLIDAR_SDK/doc/images/YDLidar.png
[3.632s] -- Up-to-date: /home/golftrolley/robot_ws/install/ydlidar_sdk/share/YDLIDAR_SDK/doc/YDLidar-SDK-Communication-Protocol.md
[3.633s] -- Up-to-date: /home/golftrolley/robot_ws/install/ydlidar_sdk/share/YDLIDAR_SDK/doc/README.md
[3.634s] -- Up-to-date: /home/golftrolley/robot_ws/install/ydlidar_sdk/share/YDLIDAR_SDK/doc/howto
[3.634s] -- Up-to-date: /home/golftrolley/robot_ws/install/ydlidar_sdk/share/YDLIDAR_SDK/doc/howto/how_to_create_a_udev_rules.md
[3.635s] -- Up-to-date: /home/golftrolley/robot_ws/install/ydlidar_sdk/share/YDLIDAR_SDK/doc/howto/how_to_build_and_install.md
[3.636s] -- Up-to-date: /home/golftrolley/robot_ws/install/ydlidar_sdk/share/YDLIDAR_SDK/doc/howto/how_to_create_a_pull.md
[3.636s] -- Up-to-date: /home/golftrolley/robot_ws/install/ydlidar_sdk/share/YDLIDAR_SDK/doc/howto/images
[3.639s] -- Up-to-date: /home/golftrolley/robot_ws/install/ydlidar_sdk/share/YDLIDAR_SDK/doc/howto/images/csharp_library.png
[3.640s] -- Up-to-date: /home/golftrolley/robot_ws/install/ydlidar_sdk/share/YDLIDAR_SDK/doc/howto/images/sdk_init.png
[3.643s] -- Up-to-date: /home/golftrolley/robot_ws/install/ydlidar_sdk/share/YDLIDAR_SDK/doc/howto/images/sdk_scanning.png
[3.645s] -- Up-to-date: /home/golftrolley/robot_ws/install/ydlidar_sdk/share/YDLIDAR_SDK/doc/howto/images/csharp_build.png
[3.645s] -- Up-to-date: /home/golftrolley/robot_ws/install/ydlidar_sdk/share/YDLIDAR_SDK/doc/howto/images/csharp_exception.png
[3.646s] -- Up-to-date: /home/golftrolley/robot_ws/install/ydlidar_sdk/share/YDLIDAR_SDK/doc/howto/images/ydlidar_lidar_monitor.png
[3.646s] -- Up-to-date: /home/golftrolley/robot_ws/install/ydlidar_sdk/share/YDLIDAR_SDK/doc/howto/images/csharp_running.png
[3.648s] -- Up-to-date: /home/golftrolley/robot_ws/install/ydlidar_sdk/share/YDLIDAR_SDK/doc/howto/images/sequence.png
[3.651s] -- Up-to-date: /home/golftrolley/robot_ws/install/ydlidar_sdk/share/YDLIDAR_SDK/doc/howto/images/vscode
[3.652s] -- Up-to-date: /home/golftrolley/robot_ws/install/ydlidar_sdk/share/YDLIDAR_SDK/doc/howto/images/vscode/run_tasks.jpg
[3.654s] -- Up-to-date: /home/golftrolley/robot_ws/install/ydlidar_sdk/share/YDLIDAR_SDK/doc/howto/images/vscode/tasks.png
[3.656s] -- Up-to-date: /home/golftrolley/robot_ws/install/ydlidar_sdk/share/YDLIDAR_SDK/doc/howto/images/csharp_project.png
[3.657s] -- Up-to-date: /home/golftrolley/robot_ws/install/ydlidar_sdk/share/YDLIDAR_SDK/doc/howto/images/ttyUSB0.png
[3.657s] -- Up-to-date: /home/golftrolley/robot_ws/install/ydlidar_sdk/share/YDLIDAR_SDK/doc/howto/images/ttyUSB1.png
[3.658s] -- Up-to-date: /home/golftrolley/robot_ws/install/ydlidar_sdk/share/YDLIDAR_SDK/doc/howto/images/cpack.png
[3.658s] -- Up-to-date: /home/golftrolley/robot_ws/install/ydlidar_sdk/share/YDLIDAR_SDK/doc/howto/how_to_gerenrate_vs_project_by_cmake.md
[3.659s] -- Up-to-date: /home/golftrolley/robot_ws/install/ydlidar_sdk/share/YDLIDAR_SDK/doc/howto/how_to_solve_slow_pull_from_cn.md
[3.660s] -- Up-to-date: /home/golftrolley/robot_ws/install/ydlidar_sdk/share/YDLIDAR_SDK/doc/howto/how_to_build_and_debug_using_vscode.md
[3.661s] -- Up-to-date: /home/golftrolley/robot_ws/install/ydlidar_sdk/share/YDLIDAR_SDK/doc/howto/README.md
[3.666s] -- Up-to-date: /home/golftrolley/robot_ws/install/ydlidar_sdk/share/YDLIDAR_SDK/doc/howto/how_to_create_a_csharp_project.md
[3.667s] -- Up-to-date: /home/golftrolley/robot_ws/install/ydlidar_sdk/share/YDLIDAR_SDK/doc/quickstart
[3.667s] -- Up-to-date: /home/golftrolley/robot_ws/install/ydlidar_sdk/share/YDLIDAR_SDK/doc/quickstart/ydlidar_sdk_software_installation_guide.md
[3.671s] -- Up-to-date: /home/golftrolley/robot_ws/install/ydlidar_sdk/share/YDLIDAR_SDK/doc/quickstart/README.md
[3.672s] -- Up-to-date: /home/golftrolley/robot_ws/install/ydlidar_sdk/share/YDLIDAR_SDK/doc/YDLidar-SDK-Communication-Protocol.html
[3.672s] -- Up-to-date: /home/golftrolley/robot_ws/install/ydlidar_sdk/share/YDLIDAR_SDK/doc/FAQs
[3.673s] -- Up-to-date: /home/golftrolley/robot_ws/install/ydlidar_sdk/share/YDLIDAR_SDK/doc/FAQs/Software_FAQs_cn.md
[3.673s] -- Up-to-date: /home/golftrolley/robot_ws/install/ydlidar_sdk/share/YDLIDAR_SDK/doc/FAQs/General_FAQs_cn.md
[3.674s] -- Up-to-date: /home/golftrolley/robot_ws/install/ydlidar_sdk/share/YDLIDAR_SDK/doc/FAQs/Hardware_FAQs_cn.md
[3.674s] -- Up-to-date: /home/golftrolley/robot_ws/install/ydlidar_sdk/share/YDLIDAR_SDK/doc/FAQs/General_FAQs.md
[3.675s] -- Up-to-date: /home/golftrolley/robot_ws/install/ydlidar_sdk/share/YDLIDAR_SDK/doc/FAQs/Hardware_FAQs.md
[3.675s] -- Up-to-date: /home/golftrolley/robot_ws/install/ydlidar_sdk/share/YDLIDAR_SDK/doc/FAQs/README.md
[3.676s] -- Up-to-date: /home/golftrolley/robot_ws/install/ydlidar_sdk/share/YDLIDAR_SDK/doc/FAQs/Software_FAQs.md
[3.676s] -- Up-to-date: /home/golftrolley/robot_ws/install/ydlidar_sdk/startup/initenv.sh
[3.677s] -- Up-to-date: /home/golftrolley/robot_ws/install/ydlidar_sdk/bin/et_test
[3.680s] -- Up-to-date: /home/golftrolley/robot_ws/install/ydlidar_sdk/bin/gs_ota
[3.681s] -- Up-to-date: /home/golftrolley/robot_ws/install/ydlidar_sdk/bin/gs_restart
[3.681s] -- Up-to-date: /home/golftrolley/robot_ws/install/ydlidar_sdk/bin/gs_test
[3.682s] -- Up-to-date: /home/golftrolley/robot_ws/install/ydlidar_sdk/bin/gs_test2
[3.682s] -- Up-to-date: /home/golftrolley/robot_ws/install/ydlidar_sdk/bin/scl_test
[3.683s] -- Up-to-date: /home/golftrolley/robot_ws/install/ydlidar_sdk/bin/sdm18_test
[3.684s] -- Up-to-date: /home/golftrolley/robot_ws/install/ydlidar_sdk/bin/sdm_test
[3.684s] -- Up-to-date: /home/golftrolley/robot_ws/install/ydlidar_sdk/bin/tea_test
[3.687s] -- Up-to-date: /home/golftrolley/robot_ws/install/ydlidar_sdk/bin/tia_test
[3.687s] -- Up-to-date: /home/golftrolley/robot_ws/install/ydlidar_sdk/bin/tmini-sh_test
[3.688s] -- Up-to-date: /home/golftrolley/robot_ws/install/ydlidar_sdk/bin/tmini_test
[3.688s] -- Up-to-date: /home/golftrolley/robot_ws/install/ydlidar_sdk/bin/tof_test
[3.690s] -- Up-to-date: /home/golftrolley/robot_ws/install/ydlidar_sdk/bin/tri_and_gs_test
[3.691s] -- Up-to-date: /home/golftrolley/robot_ws/install/ydlidar_sdk/bin/tri_restart
[3.691s] -- Up-to-date: /home/golftrolley/robot_ws/install/ydlidar_sdk/bin/tri_test
[3.692s] -- Up-to-date: /home/golftrolley/robot_ws/install/ydlidar_sdk/bin/lidar_c_api_test
[3.692s] Invoked command in '/home/golftrolley/robot_ws/build/ydlidar_sdk' returned '0': /usr/bin/cmake --install /home/golftrolley/robot_ws/build/ydlidar_sdk
