[0.124s] Invoking command in '/home/golftrolley/robot_ws/build/serial_motor_demo_msgs': CMAKE_PREFIX_PATH=${CMAKE_PREFIX_PATH}:/home/golftrolley/robot_ws/install/stereo_camera_split:/home/golftrolley/robot_ws/install/serial_motor_demo:/home/golftrolley/robot_ws/install/golftrolley:/opt/ros/jazzy /usr/bin/cmake --build /home/golftrolley/robot_ws/build/serial_motor_demo_msgs -- -j4 -l4
[1.598s] [  1%] Built target serial_motor_demo_msgs__rosidl_generator_type_description
[1.599s] [  1%] Built target ament_cmake_python_copy_serial_motor_demo_msgs
[1.599s] [  3%] Built target serial_motor_demo_msgs__cpp
[1.603s] [ 24%] Built target serial_motor_demo_msgs__rosidl_generator_c
[1.604s] [ 33%] Built target serial_motor_demo_msgs__rosidl_typesupport_introspection_c
[1.605s] [ 42%] Built target serial_motor_demo_msgs__rosidl_typesupport_cpp
[1.606s] [ 51%] Built target serial_motor_demo_msgs__rosidl_typesupport_c
[1.610s] [ 61%] Built target serial_motor_demo_msgs__rosidl_typesupport_fastrtps_c
[1.613s] [ 70%] Built target serial_motor_demo_msgs__rosidl_typesupport_fastrtps_cpp
[1.614s] [ 79%] Built target serial_motor_demo_msgs__rosidl_typesupport_introspection_cpp
[1.616s] [ 79%] Built target serial_motor_demo_msgs
[1.617s] [ 81%] Built target serial_motor_demo_msgs__py
[1.621s] [ 88%] Built target serial_motor_demo_msgs__rosidl_generator_py
[1.622s] [ 92%] Built target serial_motor_demo_msgs_s__rosidl_typesupport_c
[1.623s] [ 96%] Built target serial_motor_demo_msgs_s__rosidl_typesupport_fastrtps_c
[1.624s] [100%] Built target serial_motor_demo_msgs_s__rosidl_typesupport_introspection_c
[1.928s] running egg_info
[2.050s] writing serial_motor_demo_msgs.egg-info/PKG-INFO
[2.051s] writing dependency_links to serial_motor_demo_msgs.egg-info/dependency_links.txt
[2.052s] writing top-level names to serial_motor_demo_msgs.egg-info/top_level.txt
[2.324s] reading manifest file 'serial_motor_demo_msgs.egg-info/SOURCES.txt'
[2.330s] writing manifest file 'serial_motor_demo_msgs.egg-info/SOURCES.txt'
[2.487s] [100%] Built target ament_cmake_python_build_serial_motor_demo_msgs_egg
[2.808s] Invoked command in '/home/golftrolley/robot_ws/build/serial_motor_demo_msgs' returned '0': CMAKE_PREFIX_PATH=${CMAKE_PREFIX_PATH}:/home/golftrolley/robot_ws/install/stereo_camera_split:/home/golftrolley/robot_ws/install/serial_motor_demo:/home/golftrolley/robot_ws/install/golftrolley:/opt/ros/jazzy /usr/bin/cmake --build /home/golftrolley/robot_ws/build/serial_motor_demo_msgs -- -j4 -l4
[2.815s] Invoking command in '/home/golftrolley/robot_ws/build/serial_motor_demo_msgs': CMAKE_PREFIX_PATH=${CMAKE_PREFIX_PATH}:/home/golftrolley/robot_ws/install/stereo_camera_split:/home/golftrolley/robot_ws/install/serial_motor_demo:/home/golftrolley/robot_ws/install/golftrolley:/opt/ros/jazzy /usr/bin/cmake --install /home/golftrolley/robot_ws/build/serial_motor_demo_msgs
[2.895s] -- Install configuration: ""
[2.912s] -- Up-to-date: /home/golftrolley/robot_ws/install/serial_motor_demo_msgs/share/ament_index/resource_index/rosidl_interfaces/serial_motor_demo_msgs
[2.913s] -- Up-to-date: /home/golftrolley/robot_ws/install/serial_motor_demo_msgs/share/serial_motor_demo_msgs/msg/MotorCommand.json
[2.914s] -- Up-to-date: /home/golftrolley/robot_ws/install/serial_motor_demo_msgs/share/serial_motor_demo_msgs/msg/MotorVels.json
[2.914s] -- Up-to-date: /home/golftrolley/robot_ws/install/serial_motor_demo_msgs/share/serial_motor_demo_msgs/msg/EncoderVals.json
[2.919s] -- Up-to-date: /home/golftrolley/robot_ws/install/serial_motor_demo_msgs/include/serial_motor_demo_msgs/serial_motor_demo_msgs
[2.920s] -- Up-to-date: /home/golftrolley/robot_ws/install/serial_motor_demo_msgs/include/serial_motor_demo_msgs/serial_motor_demo_msgs/msg
[2.920s] -- Up-to-date: /home/golftrolley/robot_ws/install/serial_motor_demo_msgs/include/serial_motor_demo_msgs/serial_motor_demo_msgs/msg/rosidl_generator_c__visibility_control.h
[2.921s] -- Up-to-date: /home/golftrolley/robot_ws/install/serial_motor_demo_msgs/include/serial_motor_demo_msgs/serial_motor_demo_msgs/msg/motor_vels.h
[2.922s] -- Up-to-date: /home/golftrolley/robot_ws/install/serial_motor_demo_msgs/include/serial_motor_demo_msgs/serial_motor_demo_msgs/msg/motor_command.h
[2.925s] -- Up-to-date: /home/golftrolley/robot_ws/install/serial_motor_demo_msgs/include/serial_motor_demo_msgs/serial_motor_demo_msgs/msg/encoder_vals.h
[2.926s] -- Up-to-date: /home/golftrolley/robot_ws/install/serial_motor_demo_msgs/include/serial_motor_demo_msgs/serial_motor_demo_msgs/msg/detail
[2.926s] -- Installing: /home/golftrolley/robot_ws/install/serial_motor_demo_msgs/include/serial_motor_demo_msgs/serial_motor_demo_msgs/msg/detail/motor_command__type_support.c
[2.927s] -- Up-to-date: /home/golftrolley/robot_ws/install/serial_motor_demo_msgs/include/serial_motor_demo_msgs/serial_motor_demo_msgs/msg/detail/motor_command__functions.h
[2.928s] -- Up-to-date: /home/golftrolley/robot_ws/install/serial_motor_demo_msgs/include/serial_motor_demo_msgs/serial_motor_demo_msgs/msg/detail/motor_command__functions.c
[2.932s] -- Installing: /home/golftrolley/robot_ws/install/serial_motor_demo_msgs/include/serial_motor_demo_msgs/serial_motor_demo_msgs/msg/detail/encoder_vals__type_support.c
[2.936s] -- Up-to-date: /home/golftrolley/robot_ws/install/serial_motor_demo_msgs/include/serial_motor_demo_msgs/serial_motor_demo_msgs/msg/detail/motor_command__struct.h
[2.937s] -- Up-to-date: /home/golftrolley/robot_ws/install/serial_motor_demo_msgs/include/serial_motor_demo_msgs/serial_motor_demo_msgs/msg/detail/motor_vels__functions.h
[2.938s] -- Up-to-date: /home/golftrolley/robot_ws/install/serial_motor_demo_msgs/include/serial_motor_demo_msgs/serial_motor_demo_msgs/msg/detail/motor_vels__description.c
[2.938s] -- Up-to-date: /home/golftrolley/robot_ws/install/serial_motor_demo_msgs/include/serial_motor_demo_msgs/serial_motor_demo_msgs/msg/detail/encoder_vals__struct.h
[2.944s] -- Up-to-date: /home/golftrolley/robot_ws/install/serial_motor_demo_msgs/include/serial_motor_demo_msgs/serial_motor_demo_msgs/msg/detail/motor_command__type_support.h
[2.945s] -- Up-to-date: /home/golftrolley/robot_ws/install/serial_motor_demo_msgs/include/serial_motor_demo_msgs/serial_motor_demo_msgs/msg/detail/encoder_vals__type_support.h
[2.946s] -- Up-to-date: /home/golftrolley/robot_ws/install/serial_motor_demo_msgs/include/serial_motor_demo_msgs/serial_motor_demo_msgs/msg/detail/motor_vels__struct.h
[2.950s] -- Up-to-date: /home/golftrolley/robot_ws/install/serial_motor_demo_msgs/include/serial_motor_demo_msgs/serial_motor_demo_msgs/msg/detail/motor_vels__functions.c
[2.951s] -- Up-to-date: /home/golftrolley/robot_ws/install/serial_motor_demo_msgs/include/serial_motor_demo_msgs/serial_motor_demo_msgs/msg/detail/motor_command__description.c
[2.951s] -- Up-to-date: /home/golftrolley/robot_ws/install/serial_motor_demo_msgs/include/serial_motor_demo_msgs/serial_motor_demo_msgs/msg/detail/motor_vels__type_support.h
[2.952s] -- Installing: /home/golftrolley/robot_ws/install/serial_motor_demo_msgs/include/serial_motor_demo_msgs/serial_motor_demo_msgs/msg/detail/motor_vels__type_support.c
[2.955s] -- Up-to-date: /home/golftrolley/robot_ws/install/serial_motor_demo_msgs/include/serial_motor_demo_msgs/serial_motor_demo_msgs/msg/detail/encoder_vals__description.c
[2.956s] -- Up-to-date: /home/golftrolley/robot_ws/install/serial_motor_demo_msgs/include/serial_motor_demo_msgs/serial_motor_demo_msgs/msg/detail/encoder_vals__functions.c
[2.956s] -- Up-to-date: /home/golftrolley/robot_ws/install/serial_motor_demo_msgs/include/serial_motor_demo_msgs/serial_motor_demo_msgs/msg/detail/encoder_vals__functions.h
[2.957s] -- Up-to-date: /home/golftrolley/robot_ws/install/serial_motor_demo_msgs/share/serial_motor_demo_msgs/environment/library_path.sh
[2.958s] -- Up-to-date: /home/golftrolley/robot_ws/install/serial_motor_demo_msgs/share/serial_motor_demo_msgs/environment/library_path.dsv
[2.960s] -- Up-to-date: /home/golftrolley/robot_ws/install/serial_motor_demo_msgs/lib/libserial_motor_demo_msgs__rosidl_generator_c.so
[2.961s] -- Up-to-date: /home/golftrolley/robot_ws/install/serial_motor_demo_msgs/include/serial_motor_demo_msgs/serial_motor_demo_msgs
[2.961s] -- Up-to-date: /home/golftrolley/robot_ws/install/serial_motor_demo_msgs/include/serial_motor_demo_msgs/serial_motor_demo_msgs/msg
[2.962s] -- Up-to-date: /home/golftrolley/robot_ws/install/serial_motor_demo_msgs/include/serial_motor_demo_msgs/serial_motor_demo_msgs/msg/rosidl_typesupport_fastrtps_c__visibility_control.h
[2.963s] -- Up-to-date: /home/golftrolley/robot_ws/install/serial_motor_demo_msgs/include/serial_motor_demo_msgs/serial_motor_demo_msgs/msg/detail
[2.967s] -- Up-to-date: /home/golftrolley/robot_ws/install/serial_motor_demo_msgs/include/serial_motor_demo_msgs/serial_motor_demo_msgs/msg/detail/encoder_vals__rosidl_typesupport_fastrtps_c.h
[2.967s] -- Up-to-date: /home/golftrolley/robot_ws/install/serial_motor_demo_msgs/include/serial_motor_demo_msgs/serial_motor_demo_msgs/msg/detail/motor_vels__rosidl_typesupport_fastrtps_c.h
[2.968s] -- Up-to-date: /home/golftrolley/robot_ws/install/serial_motor_demo_msgs/include/serial_motor_demo_msgs/serial_motor_demo_msgs/msg/detail/motor_command__rosidl_typesupport_fastrtps_c.h
[2.969s] -- Up-to-date: /home/golftrolley/robot_ws/install/serial_motor_demo_msgs/lib/libserial_motor_demo_msgs__rosidl_typesupport_fastrtps_c.so
[2.973s] -- Up-to-date: /home/golftrolley/robot_ws/install/serial_motor_demo_msgs/include/serial_motor_demo_msgs/serial_motor_demo_msgs
[2.974s] -- Up-to-date: /home/golftrolley/robot_ws/install/serial_motor_demo_msgs/include/serial_motor_demo_msgs/serial_motor_demo_msgs/msg
[2.975s] -- Up-to-date: /home/golftrolley/robot_ws/install/serial_motor_demo_msgs/include/serial_motor_demo_msgs/serial_motor_demo_msgs/msg/detail
[2.975s] -- Installing: /home/golftrolley/robot_ws/install/serial_motor_demo_msgs/include/serial_motor_demo_msgs/serial_motor_demo_msgs/msg/detail/motor_command__type_support.c
[2.976s] -- Up-to-date: /home/golftrolley/robot_ws/install/serial_motor_demo_msgs/include/serial_motor_demo_msgs/serial_motor_demo_msgs/msg/detail/encoder_vals__rosidl_typesupport_introspection_c.h
[2.981s] -- Installing: /home/golftrolley/robot_ws/install/serial_motor_demo_msgs/include/serial_motor_demo_msgs/serial_motor_demo_msgs/msg/detail/encoder_vals__type_support.c
[2.981s] -- Up-to-date: /home/golftrolley/robot_ws/install/serial_motor_demo_msgs/include/serial_motor_demo_msgs/serial_motor_demo_msgs/msg/detail/motor_command__rosidl_typesupport_introspection_c.h
[2.982s] -- Installing: /home/golftrolley/robot_ws/install/serial_motor_demo_msgs/include/serial_motor_demo_msgs/serial_motor_demo_msgs/msg/detail/motor_vels__type_support.c
[2.982s] -- Up-to-date: /home/golftrolley/robot_ws/install/serial_motor_demo_msgs/include/serial_motor_demo_msgs/serial_motor_demo_msgs/msg/detail/motor_vels__rosidl_typesupport_introspection_c.h
[2.987s] -- Up-to-date: /home/golftrolley/robot_ws/install/serial_motor_demo_msgs/include/serial_motor_demo_msgs/serial_motor_demo_msgs/msg/rosidl_typesupport_introspection_c__visibility_control.h
[2.988s] -- Up-to-date: /home/golftrolley/robot_ws/install/serial_motor_demo_msgs/lib/libserial_motor_demo_msgs__rosidl_typesupport_introspection_c.so
[2.988s] -- Up-to-date: /home/golftrolley/robot_ws/install/serial_motor_demo_msgs/lib/libserial_motor_demo_msgs__rosidl_typesupport_c.so
[2.990s] -- Up-to-date: /home/golftrolley/robot_ws/install/serial_motor_demo_msgs/include/serial_motor_demo_msgs/serial_motor_demo_msgs
[2.995s] -- Up-to-date: /home/golftrolley/robot_ws/install/serial_motor_demo_msgs/include/serial_motor_demo_msgs/serial_motor_demo_msgs/msg
[3.000s] -- Up-to-date: /home/golftrolley/robot_ws/install/serial_motor_demo_msgs/include/serial_motor_demo_msgs/serial_motor_demo_msgs/msg/motor_vels.hpp
[3.003s] -- Up-to-date: /home/golftrolley/robot_ws/install/serial_motor_demo_msgs/include/serial_motor_demo_msgs/serial_motor_demo_msgs/msg/rosidl_generator_cpp__visibility_control.hpp
[3.004s] -- Up-to-date: /home/golftrolley/robot_ws/install/serial_motor_demo_msgs/include/serial_motor_demo_msgs/serial_motor_demo_msgs/msg/motor_command.hpp
[3.008s] -- Up-to-date: /home/golftrolley/robot_ws/install/serial_motor_demo_msgs/include/serial_motor_demo_msgs/serial_motor_demo_msgs/msg/encoder_vals.hpp
[3.010s] -- Up-to-date: /home/golftrolley/robot_ws/install/serial_motor_demo_msgs/include/serial_motor_demo_msgs/serial_motor_demo_msgs/msg/detail
[3.015s] -- Up-to-date: /home/golftrolley/robot_ws/install/serial_motor_demo_msgs/include/serial_motor_demo_msgs/serial_motor_demo_msgs/msg/detail/motor_command__builder.hpp
[3.015s] -- Up-to-date: /home/golftrolley/robot_ws/install/serial_motor_demo_msgs/include/serial_motor_demo_msgs/serial_motor_demo_msgs/msg/detail/motor_vels__struct.hpp
[3.016s] -- Up-to-date: /home/golftrolley/robot_ws/install/serial_motor_demo_msgs/include/serial_motor_demo_msgs/serial_motor_demo_msgs/msg/detail/motor_command__struct.hpp
[3.016s] -- Up-to-date: /home/golftrolley/robot_ws/install/serial_motor_demo_msgs/include/serial_motor_demo_msgs/serial_motor_demo_msgs/msg/detail/motor_command__traits.hpp
[3.017s] -- Up-to-date: /home/golftrolley/robot_ws/install/serial_motor_demo_msgs/include/serial_motor_demo_msgs/serial_motor_demo_msgs/msg/detail/encoder_vals__traits.hpp
[3.021s] -- Up-to-date: /home/golftrolley/robot_ws/install/serial_motor_demo_msgs/include/serial_motor_demo_msgs/serial_motor_demo_msgs/msg/detail/encoder_vals__type_support.hpp
[3.022s] -- Up-to-date: /home/golftrolley/robot_ws/install/serial_motor_demo_msgs/include/serial_motor_demo_msgs/serial_motor_demo_msgs/msg/detail/motor_command__type_support.hpp
[3.025s] -- Up-to-date: /home/golftrolley/robot_ws/install/serial_motor_demo_msgs/include/serial_motor_demo_msgs/serial_motor_demo_msgs/msg/detail/encoder_vals__struct.hpp
[3.025s] -- Up-to-date: /home/golftrolley/robot_ws/install/serial_motor_demo_msgs/include/serial_motor_demo_msgs/serial_motor_demo_msgs/msg/detail/motor_vels__builder.hpp
[3.026s] -- Up-to-date: /home/golftrolley/robot_ws/install/serial_motor_demo_msgs/include/serial_motor_demo_msgs/serial_motor_demo_msgs/msg/detail/encoder_vals__builder.hpp
[3.027s] -- Up-to-date: /home/golftrolley/robot_ws/install/serial_motor_demo_msgs/include/serial_motor_demo_msgs/serial_motor_demo_msgs/msg/detail/motor_vels__traits.hpp
[3.030s] -- Up-to-date: /home/golftrolley/robot_ws/install/serial_motor_demo_msgs/include/serial_motor_demo_msgs/serial_motor_demo_msgs/msg/detail/motor_vels__type_support.hpp
[3.031s] -- Up-to-date: /home/golftrolley/robot_ws/install/serial_motor_demo_msgs/include/serial_motor_demo_msgs/serial_motor_demo_msgs
[3.032s] -- Up-to-date: /home/golftrolley/robot_ws/install/serial_motor_demo_msgs/include/serial_motor_demo_msgs/serial_motor_demo_msgs/msg
[3.032s] -- Up-to-date: /home/golftrolley/robot_ws/install/serial_motor_demo_msgs/include/serial_motor_demo_msgs/serial_motor_demo_msgs/msg/rosidl_typesupport_fastrtps_cpp__visibility_control.h
[3.033s] -- Up-to-date: /home/golftrolley/robot_ws/install/serial_motor_demo_msgs/include/serial_motor_demo_msgs/serial_motor_demo_msgs/msg/detail
[3.037s] -- Up-to-date: /home/golftrolley/robot_ws/install/serial_motor_demo_msgs/include/serial_motor_demo_msgs/serial_motor_demo_msgs/msg/detail/dds_fastrtps
[3.037s] -- Up-to-date: /home/golftrolley/robot_ws/install/serial_motor_demo_msgs/include/serial_motor_demo_msgs/serial_motor_demo_msgs/msg/detail/motor_vels__rosidl_typesupport_fastrtps_cpp.hpp
[3.041s] -- Up-to-date: /home/golftrolley/robot_ws/install/serial_motor_demo_msgs/include/serial_motor_demo_msgs/serial_motor_demo_msgs/msg/detail/motor_command__rosidl_typesupport_fastrtps_cpp.hpp
[3.043s] -- Up-to-date: /home/golftrolley/robot_ws/install/serial_motor_demo_msgs/include/serial_motor_demo_msgs/serial_motor_demo_msgs/msg/detail/encoder_vals__rosidl_typesupport_fastrtps_cpp.hpp
[3.044s] -- Up-to-date: /home/golftrolley/robot_ws/install/serial_motor_demo_msgs/lib/libserial_motor_demo_msgs__rosidl_typesupport_fastrtps_cpp.so
[3.048s] -- Up-to-date: /home/golftrolley/robot_ws/install/serial_motor_demo_msgs/include/serial_motor_demo_msgs/serial_motor_demo_msgs
[3.052s] -- Up-to-date: /home/golftrolley/robot_ws/install/serial_motor_demo_msgs/include/serial_motor_demo_msgs/serial_motor_demo_msgs/msg
[3.054s] -- Up-to-date: /home/golftrolley/robot_ws/install/serial_motor_demo_msgs/include/serial_motor_demo_msgs/serial_motor_demo_msgs/msg/detail
[3.059s] -- Up-to-date: /home/golftrolley/robot_ws/install/serial_motor_demo_msgs/include/serial_motor_demo_msgs/serial_motor_demo_msgs/msg/detail/encoder_vals__type_support.cpp
[3.060s] -- Up-to-date: /home/golftrolley/robot_ws/install/serial_motor_demo_msgs/include/serial_motor_demo_msgs/serial_motor_demo_msgs/msg/detail/motor_vels__rosidl_typesupport_introspection_cpp.hpp
[3.061s] -- Up-to-date: /home/golftrolley/robot_ws/install/serial_motor_demo_msgs/include/serial_motor_demo_msgs/serial_motor_demo_msgs/msg/detail/encoder_vals__rosidl_typesupport_introspection_cpp.hpp
[3.061s] -- Up-to-date: /home/golftrolley/robot_ws/install/serial_motor_demo_msgs/include/serial_motor_demo_msgs/serial_motor_demo_msgs/msg/detail/motor_command__type_support.cpp
[3.062s] -- Up-to-date: /home/golftrolley/robot_ws/install/serial_motor_demo_msgs/include/serial_motor_demo_msgs/serial_motor_demo_msgs/msg/detail/motor_vels__type_support.cpp
[3.067s] -- Up-to-date: /home/golftrolley/robot_ws/install/serial_motor_demo_msgs/include/serial_motor_demo_msgs/serial_motor_demo_msgs/msg/detail/motor_command__rosidl_typesupport_introspection_cpp.hpp
[3.068s] -- Up-to-date: /home/golftrolley/robot_ws/install/serial_motor_demo_msgs/lib/libserial_motor_demo_msgs__rosidl_typesupport_introspection_cpp.so
[3.069s] -- Up-to-date: /home/golftrolley/robot_ws/install/serial_motor_demo_msgs/lib/libserial_motor_demo_msgs__rosidl_typesupport_cpp.so
[3.069s] -- Up-to-date: /home/golftrolley/robot_ws/install/serial_motor_demo_msgs/share/serial_motor_demo_msgs/environment/pythonpath.sh
[3.070s] -- Up-to-date: /home/golftrolley/robot_ws/install/serial_motor_demo_msgs/share/serial_motor_demo_msgs/environment/pythonpath.dsv
[3.075s] -- Up-to-date: /home/golftrolley/robot_ws/install/serial_motor_demo_msgs/lib/python3.12/site-packages/serial_motor_demo_msgs-0.0.0-py3.12.egg-info
[3.076s] -- Installing: /home/golftrolley/robot_ws/install/serial_motor_demo_msgs/lib/python3.12/site-packages/serial_motor_demo_msgs-0.0.0-py3.12.egg-info/SOURCES.txt
[3.077s] -- Installing: /home/golftrolley/robot_ws/install/serial_motor_demo_msgs/lib/python3.12/site-packages/serial_motor_demo_msgs-0.0.0-py3.12.egg-info/top_level.txt
[3.081s] -- Installing: /home/golftrolley/robot_ws/install/serial_motor_demo_msgs/lib/python3.12/site-packages/serial_motor_demo_msgs-0.0.0-py3.12.egg-info/PKG-INFO
[3.082s] -- Installing: /home/golftrolley/robot_ws/install/serial_motor_demo_msgs/lib/python3.12/site-packages/serial_motor_demo_msgs-0.0.0-py3.12.egg-info/dependency_links.txt
[3.097s] -- Up-to-date: /home/golftrolley/robot_ws/install/serial_motor_demo_msgs/lib/python3.12/site-packages/serial_motor_demo_msgs
[3.098s] -- Up-to-date: /home/golftrolley/robot_ws/install/serial_motor_demo_msgs/lib/python3.12/site-packages/serial_motor_demo_msgs/_serial_motor_demo_msgs_s.ep.rosidl_typesupport_introspection_c.c
[3.099s] -- Up-to-date: /home/golftrolley/robot_ws/install/serial_motor_demo_msgs/lib/python3.12/site-packages/serial_motor_demo_msgs/serial_motor_demo_msgs_s__rosidl_typesupport_c.so
[3.101s] -- Up-to-date: /home/golftrolley/robot_ws/install/serial_motor_demo_msgs/lib/python3.12/site-packages/serial_motor_demo_msgs/msg
[3.104s] -- Up-to-date: /home/golftrolley/robot_ws/install/serial_motor_demo_msgs/lib/python3.12/site-packages/serial_motor_demo_msgs/msg/_motor_vels.py
[3.105s] -- Up-to-date: /home/golftrolley/robot_ws/install/serial_motor_demo_msgs/lib/python3.12/site-packages/serial_motor_demo_msgs/msg/_encoder_vals_s.c
[3.107s] -- Up-to-date: /home/golftrolley/robot_ws/install/serial_motor_demo_msgs/lib/python3.12/site-packages/serial_motor_demo_msgs/msg/_motor_command.py
[3.107s] -- Up-to-date: /home/golftrolley/robot_ws/install/serial_motor_demo_msgs/lib/python3.12/site-packages/serial_motor_demo_msgs/msg/__init__.py
[3.108s] -- Up-to-date: /home/golftrolley/robot_ws/install/serial_motor_demo_msgs/lib/python3.12/site-packages/serial_motor_demo_msgs/msg/_motor_command_s.c
[3.108s] -- Up-to-date: /home/golftrolley/robot_ws/install/serial_motor_demo_msgs/lib/python3.12/site-packages/serial_motor_demo_msgs/msg/_encoder_vals.py
[3.114s] -- Up-to-date: /home/golftrolley/robot_ws/install/serial_motor_demo_msgs/lib/python3.12/site-packages/serial_motor_demo_msgs/msg/_motor_vels_s.c
[3.114s] -- Up-to-date: /home/golftrolley/robot_ws/install/serial_motor_demo_msgs/lib/python3.12/site-packages/serial_motor_demo_msgs/serial_motor_demo_msgs_s__rosidl_typesupport_fastrtps_c.so
[3.115s] -- Up-to-date: /home/golftrolley/robot_ws/install/serial_motor_demo_msgs/lib/python3.12/site-packages/serial_motor_demo_msgs/__init__.py
[3.115s] -- Up-to-date: /home/golftrolley/robot_ws/install/serial_motor_demo_msgs/lib/python3.12/site-packages/serial_motor_demo_msgs/serial_motor_demo_msgs_s__rosidl_typesupport_introspection_c.so
[3.123s] -- Up-to-date: /home/golftrolley/robot_ws/install/serial_motor_demo_msgs/lib/python3.12/site-packages/serial_motor_demo_msgs/_serial_motor_demo_msgs_s.ep.rosidl_typesupport_c.c
[3.124s] -- Up-to-date: /home/golftrolley/robot_ws/install/serial_motor_demo_msgs/lib/python3.12/site-packages/serial_motor_demo_msgs/_serial_motor_demo_msgs_s.ep.rosidl_typesupport_fastrtps_c.c
[3.351s] Listing '/home/golftrolley/robot_ws/install/serial_motor_demo_msgs/lib/python3.12/site-packages/serial_motor_demo_msgs'...
[3.355s] Listing '/home/golftrolley/robot_ws/install/serial_motor_demo_msgs/lib/python3.12/site-packages/serial_motor_demo_msgs/msg'...
[3.417s] -- Up-to-date: /home/golftrolley/robot_ws/install/serial_motor_demo_msgs/lib/python3.12/site-packages/serial_motor_demo_msgs/serial_motor_demo_msgs_s__rosidl_typesupport_fastrtps_c.so
[3.444s] -- Up-to-date: /home/golftrolley/robot_ws/install/serial_motor_demo_msgs/lib/python3.12/site-packages/serial_motor_demo_msgs/serial_motor_demo_msgs_s__rosidl_typesupport_introspection_c.so
[3.454s] -- Up-to-date: /home/golftrolley/robot_ws/install/serial_motor_demo_msgs/lib/python3.12/site-packages/serial_motor_demo_msgs/serial_motor_demo_msgs_s__rosidl_typesupport_c.so
[3.462s] -- Up-to-date: /home/golftrolley/robot_ws/install/serial_motor_demo_msgs/lib/libserial_motor_demo_msgs__rosidl_generator_py.so
[3.471s] -- Up-to-date: /home/golftrolley/robot_ws/install/serial_motor_demo_msgs/share/serial_motor_demo_msgs/msg/MotorCommand.idl
[3.471s] -- Up-to-date: /home/golftrolley/robot_ws/install/serial_motor_demo_msgs/share/serial_motor_demo_msgs/msg/MotorVels.idl
[3.478s] -- Up-to-date: /home/golftrolley/robot_ws/install/serial_motor_demo_msgs/share/serial_motor_demo_msgs/msg/EncoderVals.idl
[3.480s] -- Up-to-date: /home/golftrolley/robot_ws/install/serial_motor_demo_msgs/share/serial_motor_demo_msgs/msg/MotorCommand.msg
[3.481s] -- Up-to-date: /home/golftrolley/robot_ws/install/serial_motor_demo_msgs/share/serial_motor_demo_msgs/msg/MotorVels.msg
[3.486s] -- Up-to-date: /home/golftrolley/robot_ws/install/serial_motor_demo_msgs/share/serial_motor_demo_msgs/msg/EncoderVals.msg
[3.486s] -- Up-to-date: /home/golftrolley/robot_ws/install/serial_motor_demo_msgs/share/ament_index/resource_index/package_run_dependencies/serial_motor_demo_msgs
[3.487s] -- Up-to-date: /home/golftrolley/robot_ws/install/serial_motor_demo_msgs/share/ament_index/resource_index/parent_prefix_path/serial_motor_demo_msgs
[3.488s] -- Up-to-date: /home/golftrolley/robot_ws/install/serial_motor_demo_msgs/share/serial_motor_demo_msgs/environment/ament_prefix_path.sh
[3.492s] -- Up-to-date: /home/golftrolley/robot_ws/install/serial_motor_demo_msgs/share/serial_motor_demo_msgs/environment/ament_prefix_path.dsv
[3.495s] -- Up-to-date: /home/golftrolley/robot_ws/install/serial_motor_demo_msgs/share/serial_motor_demo_msgs/environment/path.sh
[3.498s] -- Up-to-date: /home/golftrolley/robot_ws/install/serial_motor_demo_msgs/share/serial_motor_demo_msgs/environment/path.dsv
[3.498s] -- Up-to-date: /home/golftrolley/robot_ws/install/serial_motor_demo_msgs/share/serial_motor_demo_msgs/local_setup.bash
[3.502s] -- Up-to-date: /home/golftrolley/robot_ws/install/serial_motor_demo_msgs/share/serial_motor_demo_msgs/local_setup.sh
[3.503s] -- Up-to-date: /home/golftrolley/robot_ws/install/serial_motor_demo_msgs/share/serial_motor_demo_msgs/local_setup.zsh
[3.506s] -- Up-to-date: /home/golftrolley/robot_ws/install/serial_motor_demo_msgs/share/serial_motor_demo_msgs/local_setup.dsv
[3.511s] -- Installing: /home/golftrolley/robot_ws/install/serial_motor_demo_msgs/share/serial_motor_demo_msgs/package.dsv
[3.521s] -- Up-to-date: /home/golftrolley/robot_ws/install/serial_motor_demo_msgs/share/ament_index/resource_index/packages/serial_motor_demo_msgs
[3.528s] -- Up-to-date: /home/golftrolley/robot_ws/install/serial_motor_demo_msgs/share/serial_motor_demo_msgs/cmake/export_serial_motor_demo_msgs__rosidl_generator_cExport.cmake
[3.536s] -- Up-to-date: /home/golftrolley/robot_ws/install/serial_motor_demo_msgs/share/serial_motor_demo_msgs/cmake/export_serial_motor_demo_msgs__rosidl_generator_cExport-noconfig.cmake
[3.541s] -- Up-to-date: /home/golftrolley/robot_ws/install/serial_motor_demo_msgs/share/serial_motor_demo_msgs/cmake/export_serial_motor_demo_msgs__rosidl_typesupport_fastrtps_cExport.cmake
[3.545s] -- Up-to-date: /home/golftrolley/robot_ws/install/serial_motor_demo_msgs/share/serial_motor_demo_msgs/cmake/export_serial_motor_demo_msgs__rosidl_typesupport_fastrtps_cExport-noconfig.cmake
[3.550s] -- Up-to-date: /home/golftrolley/robot_ws/install/serial_motor_demo_msgs/share/serial_motor_demo_msgs/cmake/serial_motor_demo_msgs__rosidl_typesupport_introspection_cExport.cmake
[3.557s] -- Up-to-date: /home/golftrolley/robot_ws/install/serial_motor_demo_msgs/share/serial_motor_demo_msgs/cmake/serial_motor_demo_msgs__rosidl_typesupport_introspection_cExport-noconfig.cmake
[3.563s] -- Up-to-date: /home/golftrolley/robot_ws/install/serial_motor_demo_msgs/share/serial_motor_demo_msgs/cmake/serial_motor_demo_msgs__rosidl_typesupport_cExport.cmake
[3.569s] -- Up-to-date: /home/golftrolley/robot_ws/install/serial_motor_demo_msgs/share/serial_motor_demo_msgs/cmake/serial_motor_demo_msgs__rosidl_typesupport_cExport-noconfig.cmake
[3.575s] -- Up-to-date: /home/golftrolley/robot_ws/install/serial_motor_demo_msgs/share/serial_motor_demo_msgs/cmake/export_serial_motor_demo_msgs__rosidl_generator_cppExport.cmake
[3.580s] -- Up-to-date: /home/golftrolley/robot_ws/install/serial_motor_demo_msgs/share/serial_motor_demo_msgs/cmake/export_serial_motor_demo_msgs__rosidl_typesupport_fastrtps_cppExport.cmake
[3.584s] -- Up-to-date: /home/golftrolley/robot_ws/install/serial_motor_demo_msgs/share/serial_motor_demo_msgs/cmake/export_serial_motor_demo_msgs__rosidl_typesupport_fastrtps_cppExport-noconfig.cmake
[3.589s] -- Up-to-date: /home/golftrolley/robot_ws/install/serial_motor_demo_msgs/share/serial_motor_demo_msgs/cmake/serial_motor_demo_msgs__rosidl_typesupport_introspection_cppExport.cmake
[3.594s] -- Up-to-date: /home/golftrolley/robot_ws/install/serial_motor_demo_msgs/share/serial_motor_demo_msgs/cmake/serial_motor_demo_msgs__rosidl_typesupport_introspection_cppExport-noconfig.cmake
[3.599s] -- Up-to-date: /home/golftrolley/robot_ws/install/serial_motor_demo_msgs/share/serial_motor_demo_msgs/cmake/serial_motor_demo_msgs__rosidl_typesupport_cppExport.cmake
[3.599s] -- Up-to-date: /home/golftrolley/robot_ws/install/serial_motor_demo_msgs/share/serial_motor_demo_msgs/cmake/serial_motor_demo_msgs__rosidl_typesupport_cppExport-noconfig.cmake
[3.605s] -- Up-to-date: /home/golftrolley/robot_ws/install/serial_motor_demo_msgs/share/serial_motor_demo_msgs/cmake/export_serial_motor_demo_msgs__rosidl_generator_pyExport.cmake
[3.607s] -- Up-to-date: /home/golftrolley/robot_ws/install/serial_motor_demo_msgs/share/serial_motor_demo_msgs/cmake/export_serial_motor_demo_msgs__rosidl_generator_pyExport-noconfig.cmake
[3.612s] -- Up-to-date: /home/golftrolley/robot_ws/install/serial_motor_demo_msgs/share/serial_motor_demo_msgs/cmake/rosidl_cmake-extras.cmake
[3.618s] -- Up-to-date: /home/golftrolley/robot_ws/install/serial_motor_demo_msgs/share/serial_motor_demo_msgs/cmake/ament_cmake_export_include_directories-extras.cmake
[3.618s] -- Up-to-date: /home/golftrolley/robot_ws/install/serial_motor_demo_msgs/share/serial_motor_demo_msgs/cmake/ament_cmake_export_libraries-extras.cmake
[3.619s] -- Up-to-date: /home/golftrolley/robot_ws/install/serial_motor_demo_msgs/share/serial_motor_demo_msgs/cmake/ament_cmake_export_targets-extras.cmake
[3.623s] -- Up-to-date: /home/golftrolley/robot_ws/install/serial_motor_demo_msgs/share/serial_motor_demo_msgs/cmake/rosidl_cmake_export_typesupport_targets-extras.cmake
[3.626s] -- Up-to-date: /home/golftrolley/robot_ws/install/serial_motor_demo_msgs/share/serial_motor_demo_msgs/cmake/ament_cmake_export_dependencies-extras.cmake
[3.638s] -- Up-to-date: /home/golftrolley/robot_ws/install/serial_motor_demo_msgs/share/serial_motor_demo_msgs/cmake/rosidl_cmake_export_typesupport_libraries-extras.cmake
[3.639s] -- Up-to-date: /home/golftrolley/robot_ws/install/serial_motor_demo_msgs/share/serial_motor_demo_msgs/cmake/serial_motor_demo_msgsConfig.cmake
[3.641s] -- Up-to-date: /home/golftrolley/robot_ws/install/serial_motor_demo_msgs/share/serial_motor_demo_msgs/cmake/serial_motor_demo_msgsConfig-version.cmake
[3.653s] -- Up-to-date: /home/golftrolley/robot_ws/install/serial_motor_demo_msgs/share/serial_motor_demo_msgs/package.xml
[3.654s] Invoked command in '/home/golftrolley/robot_ws/build/serial_motor_demo_msgs' returned '0': CMAKE_PREFIX_PATH=${CMAKE_PREFIX_PATH}:/home/golftrolley/robot_ws/install/stereo_camera_split:/home/golftrolley/robot_ws/install/serial_motor_demo:/home/golftrolley/robot_ws/install/golftrolley:/opt/ros/jazzy /usr/bin/cmake --install /home/golftrolley/robot_ws/build/serial_motor_demo_msgs
