[3.326s] Invoking command in '/home/golftrolley/robot_ws/src/serial_motor_demo/serial_motor_demo': AMENT_PREFIX_PATH=/home/golftrolley/robot_ws/install/serial_motor_demo_msgs:${AMENT_PREFIX_PATH} CMAKE_PREFIX_PATH=/home/golftrolley/robot_ws/install/serial_motor_demo_msgs:${CMAKE_PREFIX_PATH} LD_LIBRARY_PATH=/home/golftrolley/robot_ws/install/serial_motor_demo_msgs/lib:${LD_LIBRARY_PATH} PYTHONPATH=/home/golftrolley/robot_ws/build/serial_motor_demo/prefix_override:/usr/lib/python3/dist-packages/colcon_core/task/python/colcon_distutils_commands:/home/golftrolley/robot_ws/install/serial_motor_demo/lib/python3.12/site-packages:/home/golftrolley/robot_ws/install/serial_motor_demo_msgs/lib/python3.12/site-packages:${PYTHONPATH} /usr/bin/python3 -W ignore:setup.py install is deprecated -W ignore:easy_install command is deprecated setup.py egg_info --egg-base ../../../build/serial_motor_demo build --build-base /home/golftrolley/robot_ws/build/serial_motor_demo/build install --record /home/golftrolley/robot_ws/build/serial_motor_demo/install.log --install-scripts $base/lib/serial_motor_demo --single-version-externally-managed install_data
[3.854s] /usr/lib/python3/dist-packages/setuptools/dist.py:744: SetuptoolsDeprecationWarning: Invalid dash-separated options
[3.855s] !!
[3.855s] 
[3.856s]         ********************************************************************************
[3.856s]         Usage of dash-separated 'script-dir' will not be supported in future
[3.856s]         versions. Please use the underscore name 'script_dir' instead.
[3.857s] 
[3.857s]         This deprecation is overdue, please update your project and remove deprecated
[3.857s]         calls to avoid build errors in the future.
[3.858s] 
[3.858s]         See https://setuptools.pypa.io/en/latest/userguide/declarative_config.html for details.
[3.858s]         ********************************************************************************
[3.859s] 
[3.859s] !!
[3.859s]   opt = self.warn_dash_deprecation(opt, section)
[4.365s] running egg_info
[4.366s] creating ../../../build/serial_motor_demo/serial_motor_demo.egg-info
[4.436s] writing ../../../build/serial_motor_demo/serial_motor_demo.egg-info/PKG-INFO
[4.437s] writing dependency_links to ../../../build/serial_motor_demo/serial_motor_demo.egg-info/dependency_links.txt
[4.438s] writing entry points to ../../../build/serial_motor_demo/serial_motor_demo.egg-info/entry_points.txt
[4.438s] writing requirements to ../../../build/serial_motor_demo/serial_motor_demo.egg-info/requires.txt
[4.439s] writing top-level names to ../../../build/serial_motor_demo/serial_motor_demo.egg-info/top_level.txt
[4.440s] writing manifest file '../../../build/serial_motor_demo/serial_motor_demo.egg-info/SOURCES.txt'
[4.583s] reading manifest file '../../../build/serial_motor_demo/serial_motor_demo.egg-info/SOURCES.txt'
[4.586s] writing manifest file '../../../build/serial_motor_demo/serial_motor_demo.egg-info/SOURCES.txt'
[4.587s] running build
[4.587s] running build_py
[4.588s] creating /home/golftrolley/robot_ws/build/serial_motor_demo/build
[4.589s] creating /home/golftrolley/robot_ws/build/serial_motor_demo/build/lib
[4.589s] creating /home/golftrolley/robot_ws/build/serial_motor_demo/build/lib/serial_motor_demo
[4.590s] copying serial_motor_demo/driver.py -> /home/golftrolley/robot_ws/build/serial_motor_demo/build/lib/serial_motor_demo
[4.590s] copying serial_motor_demo/gui.py -> /home/golftrolley/robot_ws/build/serial_motor_demo/build/lib/serial_motor_demo
[4.591s] copying serial_motor_demo/__init__.py -> /home/golftrolley/robot_ws/build/serial_motor_demo/build/lib/serial_motor_demo
[4.592s] running install
[4.616s] running install_lib
[4.688s] creating /home/golftrolley/robot_ws/install/serial_motor_demo/lib/python3.12/site-packages/serial_motor_demo
[4.688s] copying /home/golftrolley/robot_ws/build/serial_motor_demo/build/lib/serial_motor_demo/driver.py -> /home/golftrolley/robot_ws/install/serial_motor_demo/lib/python3.12/site-packages/serial_motor_demo
[4.689s] copying /home/golftrolley/robot_ws/build/serial_motor_demo/build/lib/serial_motor_demo/gui.py -> /home/golftrolley/robot_ws/install/serial_motor_demo/lib/python3.12/site-packages/serial_motor_demo
[4.690s] copying /home/golftrolley/robot_ws/build/serial_motor_demo/build/lib/serial_motor_demo/__init__.py -> /home/golftrolley/robot_ws/install/serial_motor_demo/lib/python3.12/site-packages/serial_motor_demo
[4.692s] byte-compiling /home/golftrolley/robot_ws/install/serial_motor_demo/lib/python3.12/site-packages/serial_motor_demo/driver.py to driver.cpython-312.pyc
[4.698s] byte-compiling /home/golftrolley/robot_ws/install/serial_motor_demo/lib/python3.12/site-packages/serial_motor_demo/gui.py to gui.cpython-312.pyc
[4.706s] byte-compiling /home/golftrolley/robot_ws/install/serial_motor_demo/lib/python3.12/site-packages/serial_motor_demo/__init__.py to __init__.cpython-312.pyc
[4.707s] running install_data
[4.707s] creating /home/golftrolley/robot_ws/install/serial_motor_demo/share/ament_index
[4.708s] creating /home/golftrolley/robot_ws/install/serial_motor_demo/share/ament_index/resource_index
[4.708s] creating /home/golftrolley/robot_ws/install/serial_motor_demo/share/ament_index/resource_index/packages
[4.709s] copying resource/serial_motor_demo -> /home/golftrolley/robot_ws/install/serial_motor_demo/share/ament_index/resource_index/packages
[4.709s] copying package.xml -> /home/golftrolley/robot_ws/install/serial_motor_demo/share/serial_motor_demo
[4.710s] running install_egg_info
[4.786s] Copying ../../../build/serial_motor_demo/serial_motor_demo.egg-info to /home/golftrolley/robot_ws/install/serial_motor_demo/lib/python3.12/site-packages/serial_motor_demo-0.0.0-py3.12.egg-info
[4.791s] running install_scripts
[5.330s] Installing driver script to /home/golftrolley/robot_ws/install/serial_motor_demo/lib/serial_motor_demo
[5.331s] Installing gui script to /home/golftrolley/robot_ws/install/serial_motor_demo/lib/serial_motor_demo
[5.332s] writing list of installed files to '/home/golftrolley/robot_ws/build/serial_motor_demo/install.log'
[5.475s] Invoked command in '/home/golftrolley/robot_ws/src/serial_motor_demo/serial_motor_demo' returned '0': AMENT_PREFIX_PATH=/home/golftrolley/robot_ws/install/serial_motor_demo_msgs:${AMENT_PREFIX_PATH} CMAKE_PREFIX_PATH=/home/golftrolley/robot_ws/install/serial_motor_demo_msgs:${CMAKE_PREFIX_PATH} LD_LIBRARY_PATH=/home/golftrolley/robot_ws/install/serial_motor_demo_msgs/lib:${LD_LIBRARY_PATH} PYTHONPATH=/home/golftrolley/robot_ws/build/serial_motor_demo/prefix_override:/usr/lib/python3/dist-packages/colcon_core/task/python/colcon_distutils_commands:/home/golftrolley/robot_ws/install/serial_motor_demo/lib/python3.12/site-packages:/home/golftrolley/robot_ws/install/serial_motor_demo_msgs/lib/python3.12/site-packages:${PYTHONPATH} /usr/bin/python3 -W ignore:setup.py install is deprecated -W ignore:easy_install command is deprecated setup.py egg_info --egg-base ../../../build/serial_motor_demo build --build-base /home/golftrolley/robot_ws/build/serial_motor_demo/build install --record /home/golftrolley/robot_ws/build/serial_motor_demo/install.log --install-scripts $base/lib/serial_motor_demo --single-version-externally-managed install_data
