[5.959s] Invoking command in '/home/golftrolley/robot_ws/build/golftrolley': PYTHONPATH=/home/golftrolley/robot_ws/build/golftrolley/prefix_override:/usr/lib/python3/dist-packages/colcon_core/task/python/colcon_distutils_commands:/home/golftrolley/robot_ws/install/golftrolley/lib/python3.12/site-packages:${PYTHONPATH} /usr/bin/python3 -W ignore:setup.py install is deprecated -W ignore:easy_install command is deprecated setup.py develop --editable --build-directory /home/golftrolley/robot_ws/build/golftrolley/build --no-deps symlink_data
[8.325s] running develop
[10.159s] running egg_info
[10.162s] creating golftrolley.egg-info
[10.347s] writing golftrolley.egg-info/PKG-INFO
[10.348s] writing dependency_links to golftrolley.egg-info/dependency_links.txt
[10.350s] writing requirements to golftrolley.egg-info/requires.txt
[10.351s] writing top-level names to golftrolley.egg-info/top_level.txt
[10.354s] writing manifest file 'golftrolley.egg-info/SOURCES.txt'
[10.724s] reading manifest file 'golftrolley.egg-info/SOURCES.txt'
[10.730s] writing manifest file 'golftrolley.egg-info/SOURCES.txt'
[11.018s] running build_ext
[11.038s] Creating /home/golftrolley/robot_ws/install/golftrolley/lib/python3.12/site-packages/golftrolley.egg-link (link to .)
[11.039s] 
[11.044s] Installed /home/golftrolley/robot_ws/build/golftrolley
[11.048s] running symlink_data
[11.052s] creating /home/golftrolley/robot_ws/install/golftrolley/share/ament_index
[11.056s] creating /home/golftrolley/robot_ws/install/golftrolley/share/ament_index/resource_index
[11.058s] creating /home/golftrolley/robot_ws/install/golftrolley/share/ament_index/resource_index/packages
[11.062s] symbolically linking /home/golftrolley/robot_ws/build/golftrolley/resource/golftrolley -> /home/golftrolley/robot_ws/install/golftrolley/share/ament_index/resource_index/packages
[11.063s] symbolically linking /home/golftrolley/robot_ws/build/golftrolley/package.xml -> /home/golftrolley/robot_ws/install/golftrolley/share/golftrolley
[11.068s] creating /home/golftrolley/robot_ws/install/golftrolley/share/golftrolley/launch
[11.071s] symbolically linking /home/golftrolley/robot_ws/build/golftrolley/launch/gps_launch.py -> /home/golftrolley/robot_ws/install/golftrolley/share/golftrolley/launch
[11.080s] symbolically linking /home/golftrolley/robot_ws/build/golftrolley/launch/golftrolly_launch.py -> /home/golftrolley/robot_ws/install/golftrolley/share/golftrolley/launch
[11.293s] Invoked command in '/home/golftrolley/robot_ws/build/golftrolley' returned '0': PYTHONPATH=/home/golftrolley/robot_ws/build/golftrolley/prefix_override:/usr/lib/python3/dist-packages/colcon_core/task/python/colcon_distutils_commands:/home/golftrolley/robot_ws/install/golftrolley/lib/python3.12/site-packages:${PYTHONPATH} /usr/bin/python3 -W ignore:setup.py install is deprecated -W ignore:easy_install command is deprecated setup.py develop --editable --build-directory /home/golftrolley/robot_ws/build/golftrolley/build --no-deps symlink_data
