[0.098s] Invoking command in '/home/golftrolley/robot_ws/build/dd_bot': CMAKE_PREFIX_PATH=${CMAKE_PREFIX_PATH}:/home/golftrolley/robot_ws/install/stereo_camera_split:/home/golftrolley/robot_ws/install/serial_motor_demo:/home/golftrolley/robot_ws/install/golftrolley:/opt/ros/jazzy /usr/bin/cmake /home/golftrolley/robot_ws/src/dd_bot -DCMAKE_INSTALL_PREFIX=/home/golftrolley/robot_ws/install/dd_bot
[0.530s] -- The C compiler identification is GNU 13.3.0
[0.938s] -- The CXX compiler identification is GNU 13.3.0
[1.089s] -- Detecting C compiler ABI info
[2.039s] -- Detecting C compiler ABI info - done
[2.151s] -- Check for working C compiler: /usr/bin/cc - skipped
[2.163s] -- Detecting C compile features
[2.170s] -- Detecting C compile features - done
[2.285s] -- Detecting CXX compiler ABI info
[3.326s] -- Detecting CXX compiler ABI info - done
[3.433s] -- Check for working CXX compiler: /usr/bin/c++ - skipped
[3.439s] -- Detecting CXX compile features
[3.440s] -- Detecting CXX compile features - done
[3.489s] -- Found ament_cmake: 2.5.4 (/opt/ros/jazzy/share/ament_cmake/cmake)
[5.317s] -- Found Python3: /usr/bin/python3 (found version "3.12.3") found components: Interpreter 
[6.263s] -- Found ament_lint_auto: 0.17.2 (/opt/ros/jazzy/share/ament_lint_auto/cmake)
[7.170s] -- Added test 'copyright' to check source files copyright and LICENSE
[7.211s] -- Added test 'flake8' to check Python code syntax and style conventions
[7.211s] -- Configured 'flake8' exclude dirs and/or files: 
[7.222s] -- Added test 'lint_cmake' to check CMake code style
[7.232s] -- Added test 'pep257' to check Python code against some of the docstring style conventions in PEP 257
[7.253s] -- Added test 'xmllint' to check XML markup files
[7.267s] -- Configuring done (7.1s)
[7.303s] -- Generating done (0.0s)
[7.320s] -- Build files have been written to: /home/golftrolley/robot_ws/build/dd_bot
[7.418s] Invoked command in '/home/golftrolley/robot_ws/build/dd_bot' returned '0': CMAKE_PREFIX_PATH=${CMAKE_PREFIX_PATH}:/home/golftrolley/robot_ws/install/stereo_camera_split:/home/golftrolley/robot_ws/install/serial_motor_demo:/home/golftrolley/robot_ws/install/golftrolley:/opt/ros/jazzy /usr/bin/cmake /home/golftrolley/robot_ws/src/dd_bot -DCMAKE_INSTALL_PREFIX=/home/golftrolley/robot_ws/install/dd_bot
[7.419s] Invoking command in '/home/golftrolley/robot_ws/build/dd_bot': CMAKE_PREFIX_PATH=${CMAKE_PREFIX_PATH}:/home/golftrolley/robot_ws/install/stereo_camera_split:/home/golftrolley/robot_ws/install/serial_motor_demo:/home/golftrolley/robot_ws/install/golftrolley:/opt/ros/jazzy /usr/bin/cmake --build /home/golftrolley/robot_ws/build/dd_bot -- -j4 -l4
[7.939s] Invoked command in '/home/golftrolley/robot_ws/build/dd_bot' returned '0': CMAKE_PREFIX_PATH=${CMAKE_PREFIX_PATH}:/home/golftrolley/robot_ws/install/stereo_camera_split:/home/golftrolley/robot_ws/install/serial_motor_demo:/home/golftrolley/robot_ws/install/golftrolley:/opt/ros/jazzy /usr/bin/cmake --build /home/golftrolley/robot_ws/build/dd_bot -- -j4 -l4
[8.062s] Invoking command in '/home/golftrolley/robot_ws/build/dd_bot': CMAKE_PREFIX_PATH=${CMAKE_PREFIX_PATH}:/home/golftrolley/robot_ws/install/stereo_camera_split:/home/golftrolley/robot_ws/install/serial_motor_demo:/home/golftrolley/robot_ws/install/golftrolley:/opt/ros/jazzy /usr/bin/cmake --install /home/golftrolley/robot_ws/build/dd_bot
[8.170s] -- Install configuration: ""
[8.170s] -- Installing: /home/golftrolley/robot_ws/install/dd_bot/share/dd_bot/config
[8.173s] -- Installing: /home/golftrolley/robot_ws/install/dd_bot/share/dd_bot/config/twist_mux.yaml
[8.177s] -- Installing: /home/golftrolley/robot_ws/install/dd_bot/share/dd_bot/config/gz_bridge.yaml
[8.177s] -- Installing: /home/golftrolley/robot_ws/install/dd_bot/share/dd_bot/config/view_bot.rviz
[8.179s] -- Installing: /home/golftrolley/robot_ws/install/dd_bot/share/dd_bot/config/my_controllers.yaml
[8.182s] -- Installing: /home/golftrolley/robot_ws/install/dd_bot/share/dd_bot/config/joystick.yaml
[8.185s] -- Installing: /home/golftrolley/robot_ws/install/dd_bot/share/dd_bot/config/empty.yaml
[8.187s] -- Installing: /home/golftrolley/robot_ws/install/dd_bot/share/dd_bot/description
[8.188s] -- Installing: /home/golftrolley/robot_ws/install/dd_bot/share/dd_bot/description/ros2_control.xacro
[8.191s] -- Installing: /home/golftrolley/robot_ws/install/dd_bot/share/dd_bot/description/robot.urdf.xacro
[8.192s] -- Installing: /home/golftrolley/robot_ws/install/dd_bot/share/dd_bot/description/inertial_macros.xacro
[8.195s] -- Installing: /home/golftrolley/robot_ws/install/dd_bot/share/dd_bot/description/left_camera.xacro
[8.199s] -- Installing: /home/golftrolley/robot_ws/install/dd_bot/share/dd_bot/description/robot_core.xacro
[8.199s] -- Installing: /home/golftrolley/robot_ws/install/dd_bot/share/dd_bot/description/gazebo_control.xacro
[8.204s] -- Installing: /home/golftrolley/robot_ws/install/dd_bot/share/dd_bot/description/lidar.xacro
[8.205s] -- Installing: /home/golftrolley/robot_ws/install/dd_bot/share/dd_bot/description/right_camera.xacro
[8.208s] -- Installing: /home/golftrolley/robot_ws/install/dd_bot/share/dd_bot/launch
[8.212s] -- Installing: /home/golftrolley/robot_ws/install/dd_bot/share/dd_bot/launch/rsp.launch.py
[8.213s] -- Installing: /home/golftrolley/robot_ws/install/dd_bot/share/dd_bot/launch/launch_robot.launch.py
[8.218s] -- Installing: /home/golftrolley/robot_ws/install/dd_bot/share/dd_bot/launch/launch_sim.launch.py
[8.219s] -- Installing: /home/golftrolley/robot_ws/install/dd_bot/share/dd_bot/worlds
[8.223s] -- Installing: /home/golftrolley/robot_ws/install/dd_bot/share/dd_bot/worlds/empty.world
[8.225s] -- Installing: /home/golftrolley/robot_ws/install/dd_bot/share/ament_index/resource_index/package_run_dependencies/dd_bot
[8.228s] -- Installing: /home/golftrolley/robot_ws/install/dd_bot/share/ament_index/resource_index/parent_prefix_path/dd_bot
[8.232s] -- Installing: /home/golftrolley/robot_ws/install/dd_bot/share/dd_bot/environment/ament_prefix_path.sh
[8.234s] -- Installing: /home/golftrolley/robot_ws/install/dd_bot/share/dd_bot/environment/ament_prefix_path.dsv
[8.238s] -- Installing: /home/golftrolley/robot_ws/install/dd_bot/share/dd_bot/environment/path.sh
[8.239s] -- Installing: /home/golftrolley/robot_ws/install/dd_bot/share/dd_bot/environment/path.dsv
[8.242s] -- Installing: /home/golftrolley/robot_ws/install/dd_bot/share/dd_bot/local_setup.bash
[8.245s] -- Installing: /home/golftrolley/robot_ws/install/dd_bot/share/dd_bot/local_setup.sh
[8.248s] -- Installing: /home/golftrolley/robot_ws/install/dd_bot/share/dd_bot/local_setup.zsh
[8.250s] -- Installing: /home/golftrolley/robot_ws/install/dd_bot/share/dd_bot/local_setup.dsv
[8.257s] -- Installing: /home/golftrolley/robot_ws/install/dd_bot/share/dd_bot/package.dsv
[8.258s] -- Installing: /home/golftrolley/robot_ws/install/dd_bot/share/ament_index/resource_index/packages/dd_bot
[8.265s] -- Installing: /home/golftrolley/robot_ws/install/dd_bot/share/dd_bot/cmake/dd_botConfig.cmake
[8.265s] -- Installing: /home/golftrolley/robot_ws/install/dd_bot/share/dd_bot/cmake/dd_botConfig-version.cmake
[8.270s] -- Installing: /home/golftrolley/robot_ws/install/dd_bot/share/dd_bot/package.xml
[8.278s] Invoked command in '/home/golftrolley/robot_ws/build/dd_bot' returned '0': CMAKE_PREFIX_PATH=${CMAKE_PREFIX_PATH}:/home/golftrolley/robot_ws/install/stereo_camera_split:/home/golftrolley/robot_ws/install/serial_motor_demo:/home/golftrolley/robot_ws/install/golftrolley:/opt/ros/jazzy /usr/bin/cmake --install /home/golftrolley/robot_ws/build/dd_bot
