[0.081s] Invoking command in '/home/golftrolley/robot_ws/build/ros2_control_demo_example_2': AMENT_PREFIX_PATH=/home/golftrolley/robot_ws/install/ros2_control_cmake:${AMENT_PREFIX_PATH} CMAKE_PREFIX_PATH=/home/golftrolley/robot_ws/install/ros2_control_cmake:/opt/ros/jazzy/opt/sdformat_vendor:/opt/ros/jazzy/opt/gz_math_vendor:/opt/ros/jazzy/opt/gz_utils_vendor:/opt/ros/jazzy/opt/gz_tools_vendor:/opt/ros/jazzy/opt/gz_cmake_vendor:/opt/ros/jazzy /usr/bin/cmake /home/golftrolley/robot_ws/src/example_2 -DCMAKE_INSTALL_PREFIX=/home/golftrolley/robot_ws/install/ros2_control_demo_example_2
[0.213s] -- Found ros2_control_cmake: 0.2.1 (/home/golftrolley/robot_ws/install/ros2_control_cmake/share/ros2_control_cmake/cmake)
[0.216s] -- Compiler warnings enabled for GNU
[0.219s] -- Detected GCC Version: 13.3.0 (Major: 13, Minor: 3)
[0.260s] -- Found controller_manager: 4.32.0 (/opt/ros/jazzy/share/controller_manager/cmake)
[2.822s] -- Found rosidl_generator_c: 4.6.5 (/opt/ros/jazzy/share/rosidl_generator_c/cmake)
[2.887s] -- Found rosidl_generator_cpp: 4.6.5 (/opt/ros/jazzy/share/rosidl_generator_cpp/cmake)
[2.975s] -- Using all available rosidl_typesupport_c: rosidl_typesupport_fastrtps_c;rosidl_typesupport_introspection_c
[3.127s] -- Using all available rosidl_typesupport_cpp: rosidl_typesupport_fastrtps_cpp;rosidl_typesupport_introspection_cpp
[3.759s] -- Found rmw_implementation_cmake: 7.3.2 (/opt/ros/jazzy/share/rmw_implementation_cmake/cmake)
[3.777s] -- Found rmw_fastrtps_cpp: 8.4.2 (/opt/ros/jazzy/share/rmw_fastrtps_cpp/cmake)
[4.474s] -- Using RMW implementation 'rmw_fastrtps_cpp' as default
[8.539s] -- Found ament_cmake_pytest: 2.5.4 (/opt/ros/jazzy/share/ament_cmake_pytest/cmake)
[30.959s] -- Configuring done (30.8s)
[31.240s] -- Generating done (0.2s)
[31.293s] -- Build files have been written to: /home/golftrolley/robot_ws/build/ros2_control_demo_example_2
[31.362s] Invoked command in '/home/golftrolley/robot_ws/build/ros2_control_demo_example_2' returned '0': AMENT_PREFIX_PATH=/home/golftrolley/robot_ws/install/ros2_control_cmake:${AMENT_PREFIX_PATH} CMAKE_PREFIX_PATH=/home/golftrolley/robot_ws/install/ros2_control_cmake:/opt/ros/jazzy/opt/sdformat_vendor:/opt/ros/jazzy/opt/gz_math_vendor:/opt/ros/jazzy/opt/gz_utils_vendor:/opt/ros/jazzy/opt/gz_tools_vendor:/opt/ros/jazzy/opt/gz_cmake_vendor:/opt/ros/jazzy /usr/bin/cmake /home/golftrolley/robot_ws/src/example_2 -DCMAKE_INSTALL_PREFIX=/home/golftrolley/robot_ws/install/ros2_control_demo_example_2
[31.375s] Invoking command in '/home/golftrolley/robot_ws/build/ros2_control_demo_example_2': AMENT_PREFIX_PATH=/home/golftrolley/robot_ws/install/ros2_control_cmake:${AMENT_PREFIX_PATH} CMAKE_PREFIX_PATH=/home/golftrolley/robot_ws/install/ros2_control_cmake:/opt/ros/jazzy/opt/sdformat_vendor:/opt/ros/jazzy/opt/gz_math_vendor:/opt/ros/jazzy/opt/gz_utils_vendor:/opt/ros/jazzy/opt/gz_tools_vendor:/opt/ros/jazzy/opt/gz_cmake_vendor:/opt/ros/jazzy /usr/bin/cmake --build /home/golftrolley/robot_ws/build/ros2_control_demo_example_2 -- -j4 -l4
[32.069s] [ 50%] [32mBuilding CXX object CMakeFiles/ros2_control_demo_example_2.dir/hardware/diffbot_system.cpp.o[0m
[73.192s] [100%] [32m[1mLinking CXX shared library libros2_control_demo_example_2.so[0m
[75.590s] [100%] Built target ros2_control_demo_example_2
[75.655s] Invoked command in '/home/golftrolley/robot_ws/build/ros2_control_demo_example_2' returned '0': AMENT_PREFIX_PATH=/home/golftrolley/robot_ws/install/ros2_control_cmake:${AMENT_PREFIX_PATH} CMAKE_PREFIX_PATH=/home/golftrolley/robot_ws/install/ros2_control_cmake:/opt/ros/jazzy/opt/sdformat_vendor:/opt/ros/jazzy/opt/gz_math_vendor:/opt/ros/jazzy/opt/gz_utils_vendor:/opt/ros/jazzy/opt/gz_tools_vendor:/opt/ros/jazzy/opt/gz_cmake_vendor:/opt/ros/jazzy /usr/bin/cmake --build /home/golftrolley/robot_ws/build/ros2_control_demo_example_2 -- -j4 -l4
[75.665s] Invoking command in '/home/golftrolley/robot_ws/build/ros2_control_demo_example_2': AMENT_PREFIX_PATH=/home/golftrolley/robot_ws/install/ros2_control_cmake:${AMENT_PREFIX_PATH} CMAKE_PREFIX_PATH=/home/golftrolley/robot_ws/install/ros2_control_cmake:/opt/ros/jazzy/opt/sdformat_vendor:/opt/ros/jazzy/opt/gz_math_vendor:/opt/ros/jazzy/opt/gz_utils_vendor:/opt/ros/jazzy/opt/gz_tools_vendor:/opt/ros/jazzy/opt/gz_cmake_vendor:/opt/ros/jazzy /usr/bin/cmake --install /home/golftrolley/robot_ws/build/ros2_control_demo_example_2
[75.717s] -- Install configuration: ""
[75.721s] -- Installing: /home/golftrolley/robot_ws/install/ros2_control_demo_example_2/share/ros2_control_demo_example_2/ros2_control_demo_example_2.xml
[75.724s] -- Installing: /home/golftrolley/robot_ws/install/ros2_control_demo_example_2/include/ros2_control_demo_example_2
[75.726s] -- Installing: /home/golftrolley/robot_ws/install/ros2_control_demo_example_2/include/ros2_control_demo_example_2/ros2_control_demo_example_2
[75.733s] -- Installing: /home/golftrolley/robot_ws/install/ros2_control_demo_example_2/include/ros2_control_demo_example_2/ros2_control_demo_example_2/diffbot_system.hpp
[75.738s] -- Installing: /home/golftrolley/robot_ws/install/ros2_control_demo_example_2/share/ros2_control_demo_example_2/launch
[75.746s] -- Installing: /home/golftrolley/robot_ws/install/ros2_control_demo_example_2/share/ros2_control_demo_example_2/launch/view_robot.launch.py
[75.747s] -- Installing: /home/golftrolley/robot_ws/install/ros2_control_demo_example_2/share/ros2_control_demo_example_2/ros2_control
[75.748s] -- Installing: /home/golftrolley/robot_ws/install/ros2_control_demo_example_2/share/ros2_control_demo_example_2/ros2_control/diffbot.ros2_control.xacro
[75.756s] -- Installing: /home/golftrolley/robot_ws/install/ros2_control_demo_example_2/share/ros2_control_demo_example_2/urdf
[75.761s] -- Installing: /home/golftrolley/robot_ws/install/ros2_control_demo_example_2/share/ros2_control_demo_example_2/urdf/diffbot.urdf.xacro
[75.765s] -- Up-to-date: /home/golftrolley/robot_ws/install/ros2_control_demo_example_2/share/ros2_control_demo_example_2/launch
[75.770s] -- Installing: /home/golftrolley/robot_ws/install/ros2_control_demo_example_2/share/ros2_control_demo_example_2/launch/diffbot.launch.py
[75.775s] -- Installing: /home/golftrolley/robot_ws/install/ros2_control_demo_example_2/share/ros2_control_demo_example_2/config
[75.779s] -- Installing: /home/golftrolley/robot_ws/install/ros2_control_demo_example_2/share/ros2_control_demo_example_2/config/diffbot_controllers.yaml
[75.784s] -- Installing: /home/golftrolley/robot_ws/install/ros2_control_demo_example_2/lib/libros2_control_demo_example_2.so
[75.789s] -- Set non-toolchain portion of runtime path of "/home/golftrolley/robot_ws/install/ros2_control_demo_example_2/lib/libros2_control_demo_example_2.so" to ""
[75.793s] -- Installing: /home/golftrolley/robot_ws/install/ros2_control_demo_example_2/share/ros2_control_demo_example_2/environment/library_path.sh
[75.796s] -- Installing: /home/golftrolley/robot_ws/install/ros2_control_demo_example_2/share/ros2_control_demo_example_2/environment/library_path.dsv
[75.801s] -- Installing: /home/golftrolley/robot_ws/install/ros2_control_demo_example_2/share/ament_index/resource_index/package_run_dependencies/ros2_control_demo_example_2
[75.806s] -- Installing: /home/golftrolley/robot_ws/install/ros2_control_demo_example_2/share/ament_index/resource_index/parent_prefix_path/ros2_control_demo_example_2
[75.810s] -- Installing: /home/golftrolley/robot_ws/install/ros2_control_demo_example_2/share/ros2_control_demo_example_2/environment/ament_prefix_path.sh
[75.813s] -- Installing: /home/golftrolley/robot_ws/install/ros2_control_demo_example_2/share/ros2_control_demo_example_2/environment/ament_prefix_path.dsv
[75.818s] -- Installing: /home/golftrolley/robot_ws/install/ros2_control_demo_example_2/share/ros2_control_demo_example_2/environment/path.sh
[75.822s] -- Installing: /home/golftrolley/robot_ws/install/ros2_control_demo_example_2/share/ros2_control_demo_example_2/environment/path.dsv
[75.822s] -- Installing: /home/golftrolley/robot_ws/install/ros2_control_demo_example_2/share/ros2_control_demo_example_2/local_setup.bash
[75.823s] -- Installing: /home/golftrolley/robot_ws/install/ros2_control_demo_example_2/share/ros2_control_demo_example_2/local_setup.sh
[75.824s] -- Installing: /home/golftrolley/robot_ws/install/ros2_control_demo_example_2/share/ros2_control_demo_example_2/local_setup.zsh
[75.828s] -- Installing: /home/golftrolley/robot_ws/install/ros2_control_demo_example_2/share/ros2_control_demo_example_2/local_setup.dsv
[75.829s] -- Installing: /home/golftrolley/robot_ws/install/ros2_control_demo_example_2/share/ros2_control_demo_example_2/package.dsv
[75.830s] -- Installing: /home/golftrolley/robot_ws/install/ros2_control_demo_example_2/share/ament_index/resource_index/packages/ros2_control_demo_example_2
[75.831s] -- Installing: /home/golftrolley/robot_ws/install/ros2_control_demo_example_2/share/ament_index/resource_index/hardware_interface__pluginlib__plugin/ros2_control_demo_example_2
[75.831s] -- Installing: /home/golftrolley/robot_ws/install/ros2_control_demo_example_2/share/ros2_control_demo_example_2/cmake/export_ros2_control_demo_example_2Export.cmake
[75.832s] -- Installing: /home/golftrolley/robot_ws/install/ros2_control_demo_example_2/share/ros2_control_demo_example_2/cmake/export_ros2_control_demo_example_2Export-noconfig.cmake
[75.835s] -- Installing: /home/golftrolley/robot_ws/install/ros2_control_demo_example_2/share/ros2_control_demo_example_2/cmake/ament_cmake_export_targets-extras.cmake
[75.836s] -- Installing: /home/golftrolley/robot_ws/install/ros2_control_demo_example_2/share/ros2_control_demo_example_2/cmake/ament_cmake_export_dependencies-extras.cmake
[75.838s] -- Installing: /home/golftrolley/robot_ws/install/ros2_control_demo_example_2/share/ros2_control_demo_example_2/cmake/ros2_control_demo_example_2Config.cmake
[75.843s] -- Installing: /home/golftrolley/robot_ws/install/ros2_control_demo_example_2/share/ros2_control_demo_example_2/cmake/ros2_control_demo_example_2Config-version.cmake
[75.846s] -- Installing: /home/golftrolley/robot_ws/install/ros2_control_demo_example_2/share/ros2_control_demo_example_2/package.xml
[75.846s] Invoked command in '/home/golftrolley/robot_ws/build/ros2_control_demo_example_2' returned '0': AMENT_PREFIX_PATH=/home/golftrolley/robot_ws/install/ros2_control_cmake:${AMENT_PREFIX_PATH} CMAKE_PREFIX_PATH=/home/golftrolley/robot_ws/install/ros2_control_cmake:/opt/ros/jazzy/opt/sdformat_vendor:/opt/ros/jazzy/opt/gz_math_vendor:/opt/ros/jazzy/opt/gz_utils_vendor:/opt/ros/jazzy/opt/gz_tools_vendor:/opt/ros/jazzy/opt/gz_cmake_vendor:/opt/ros/jazzy /usr/bin/cmake --install /home/golftrolley/robot_ws/build/ros2_control_demo_example_2
