[0.066s] Invoking command in '/home/golftrolley/robot_ws/build/ros2_control_cmake': CMAKE_PREFIX_PATH=${CMAKE_PREFIX_PATH}:/home/golftrolley/robot_ws/install/stereo_camera_split:/home/golftrolley/robot_ws/install/serial_motor_demo:/home/golftrolley/robot_ws/install/golftrolley:/opt/ros/jazzy /usr/bin/cmake --build /home/golftrolley/robot_ws/build/ros2_control_cmake -- -j4 -l4
[0.407s] Invoked command in '/home/golftrolley/robot_ws/build/ros2_control_cmake' returned '0': CMAKE_PREFIX_PATH=${CMAKE_PREFIX_PATH}:/home/golftrolley/robot_ws/install/stereo_camera_split:/home/golftrolley/robot_ws/install/serial_motor_demo:/home/golftrolley/robot_ws/install/golftrolley:/opt/ros/jazzy /usr/bin/cmake --build /home/golftrolley/robot_ws/build/ros2_control_cmake -- -j4 -l4
[0.414s] Invoking command in '/home/golftrolley/robot_ws/build/ros2_control_cmake': CMAKE_PREFIX_PATH=${CMAKE_PREFIX_PATH}:/home/golftrolley/robot_ws/install/stereo_camera_split:/home/golftrolley/robot_ws/install/serial_motor_demo:/home/golftrolley/robot_ws/install/golftrolley:/opt/ros/jazzy /usr/bin/cmake --install /home/golftrolley/robot_ws/build/ros2_control_cmake
[0.504s] -- Install configuration: ""
[0.507s] -- Execute custom install script
[0.517s] -- Up-to-date symlink: /home/golftrolley/robot_ws/install/ros2_control_cmake/share/ros2_control_cmake/cmake/ros2_control.cmake
[0.520s] -- Up-to-date symlink: /home/golftrolley/robot_ws/install/ros2_control_cmake/share/ament_index/resource_index/package_run_dependencies/ros2_control_cmake
[0.521s] -- Up-to-date symlink: /home/golftrolley/robot_ws/install/ros2_control_cmake/share/ament_index/resource_index/parent_prefix_path/ros2_control_cmake
[0.522s] -- Up-to-date symlink: /home/golftrolley/robot_ws/install/ros2_control_cmake/share/ros2_control_cmake/environment/ament_prefix_path.sh
[0.529s] -- Up-to-date symlink: /home/golftrolley/robot_ws/install/ros2_control_cmake/share/ros2_control_cmake/environment/ament_prefix_path.dsv
[0.534s] -- Up-to-date symlink: /home/golftrolley/robot_ws/install/ros2_control_cmake/share/ros2_control_cmake/environment/path.sh
[0.535s] -- Up-to-date symlink: /home/golftrolley/robot_ws/install/ros2_control_cmake/share/ros2_control_cmake/environment/path.dsv
[0.537s] -- Up-to-date symlink: /home/golftrolley/robot_ws/install/ros2_control_cmake/share/ros2_control_cmake/local_setup.bash
[0.541s] -- Up-to-date symlink: /home/golftrolley/robot_ws/install/ros2_control_cmake/share/ros2_control_cmake/local_setup.sh
[0.542s] -- Up-to-date symlink: /home/golftrolley/robot_ws/install/ros2_control_cmake/share/ros2_control_cmake/local_setup.zsh
[0.549s] -- Up-to-date symlink: /home/golftrolley/robot_ws/install/ros2_control_cmake/share/ros2_control_cmake/local_setup.dsv
[0.550s] -- Symlinking: /home/golftrolley/robot_ws/install/ros2_control_cmake/share/ros2_control_cmake/package.dsv
[0.632s] -- Up-to-date symlink: /home/golftrolley/robot_ws/install/ros2_control_cmake/share/ament_index/resource_index/packages/ros2_control_cmake
[0.634s] -- Up-to-date symlink: /home/golftrolley/robot_ws/install/ros2_control_cmake/share/ros2_control_cmake/cmake/ros2_control_cmake-extras.cmake
[0.637s] -- Up-to-date symlink: /home/golftrolley/robot_ws/install/ros2_control_cmake/share/ros2_control_cmake/cmake/ros2_control_cmakeConfig.cmake
[0.639s] -- Up-to-date symlink: /home/golftrolley/robot_ws/install/ros2_control_cmake/share/ros2_control_cmake/cmake/ros2_control_cmakeConfig-version.cmake
[0.641s] -- Up-to-date symlink: /home/golftrolley/robot_ws/install/ros2_control_cmake/share/ros2_control_cmake/package.xml
[0.656s] Invoked command in '/home/golftrolley/robot_ws/build/ros2_control_cmake' returned '0': CMAKE_PREFIX_PATH=${CMAKE_PREFIX_PATH}:/home/golftrolley/robot_ws/install/stereo_camera_split:/home/golftrolley/robot_ws/install/serial_motor_demo:/home/golftrolley/robot_ws/install/golftrolley:/opt/ros/jazzy /usr/bin/cmake --install /home/golftrolley/robot_ws/build/ros2_control_cmake
