[1.889s] Invoking command in '/home/golftrolley/robot_ws/build/ydlidar_ros2_driver': CMAKE_PREFIX_PATH=${CMAKE_PREFIX_PATH}:/home/golftrolley/robot_ws/install/stereo_camera_split:/home/golftrolley/robot_ws/install/golftrolley:/opt/ros/jazzy /usr/bin/cmake --build /home/golftrolley/robot_ws/build/ydlidar_ros2_driver -- -j4 -l4
[3.174s] [ 50%] Built target ydlidar_ros2_driver_client
[3.180s] [100%] Built target ydlidar_ros2_driver_node
[3.277s] Invoked command in '/home/golftrolley/robot_ws/build/ydlidar_ros2_driver' returned '0': CMAKE_PREFIX_PATH=${CMAKE_PREFIX_PATH}:/home/golftrolley/robot_ws/install/stereo_camera_split:/home/golftrolley/robot_ws/install/golftrolley:/opt/ros/jazzy /usr/bin/cmake --build /home/golftrolley/robot_ws/build/ydlidar_ros2_driver -- -j4 -l4
[3.407s] Invoking command in '/home/golftrolley/robot_ws/build/ydlidar_ros2_driver': CMAKE_PREFIX_PATH=${CMAKE_PREFIX_PATH}:/home/golftrolley/robot_ws/install/stereo_camera_split:/home/golftrolley/robot_ws/install/golftrolley:/opt/ros/jazzy /usr/bin/cmake --install /home/golftrolley/robot_ws/build/ydlidar_ros2_driver
[3.496s] -- Install configuration: ""
[3.503s] -- Up-to-date: /home/golftrolley/robot_ws/install/ydlidar_ros2_driver/lib/ydlidar_ros2_driver/ydlidar_ros2_driver_node
[3.510s] -- Up-to-date: /home/golftrolley/robot_ws/install/ydlidar_ros2_driver/lib/ydlidar_ros2_driver/ydlidar_ros2_driver_client
[3.512s] -- Up-to-date: /home/golftrolley/robot_ws/install/ydlidar_ros2_driver/share/ydlidar_ros2_driver/launch
[3.516s] -- Up-to-date: /home/golftrolley/robot_ws/install/ydlidar_ros2_driver/share/ydlidar_ros2_driver/launch/ydlidar.py
[3.517s] -- Up-to-date: /home/golftrolley/robot_ws/install/ydlidar_ros2_driver/share/ydlidar_ros2_driver/launch/x3_ydlidar_launch.py
[3.519s] -- Up-to-date: /home/golftrolley/robot_ws/install/ydlidar_ros2_driver/share/ydlidar_ros2_driver/launch/ydlidar_launch.py
[3.519s] -- Up-to-date: /home/golftrolley/robot_ws/install/ydlidar_ros2_driver/share/ydlidar_ros2_driver/launch/ydlidar_launch_view.py
[3.521s] -- Up-to-date: /home/golftrolley/robot_ws/install/ydlidar_ros2_driver/share/ydlidar_ros2_driver/params
[3.522s] -- Up-to-date: /home/golftrolley/robot_ws/install/ydlidar_ros2_driver/share/ydlidar_ros2_driver/params/TEA.yaml
[3.523s] -- Up-to-date: /home/golftrolley/robot_ws/install/ydlidar_ros2_driver/share/ydlidar_ros2_driver/params/GS2.yaml
[3.523s] -- Up-to-date: /home/golftrolley/robot_ws/install/ydlidar_ros2_driver/share/ydlidar_ros2_driver/params/TG.yaml
[3.525s] -- Up-to-date: /home/golftrolley/robot_ws/install/ydlidar_ros2_driver/share/ydlidar_ros2_driver/params/ydlidar_x3.yaml
[3.529s] -- Up-to-date: /home/golftrolley/robot_ws/install/ydlidar_ros2_driver/share/ydlidar_ros2_driver/params/X4-Pro.yaml
[3.530s] -- Up-to-date: /home/golftrolley/robot_ws/install/ydlidar_ros2_driver/share/ydlidar_ros2_driver/params/Tmini.yaml
[3.530s] -- Up-to-date: /home/golftrolley/robot_ws/install/ydlidar_ros2_driver/share/ydlidar_ros2_driver/params/X3.yaml
[3.533s] -- Up-to-date: /home/golftrolley/robot_ws/install/ydlidar_ros2_driver/share/ydlidar_ros2_driver/params/ydlidar.yaml
[3.534s] -- Up-to-date: /home/golftrolley/robot_ws/install/ydlidar_ros2_driver/share/ydlidar_ros2_driver/params/Tmini-Plus-SH.yaml
[3.535s] -- Up-to-date: /home/golftrolley/robot_ws/install/ydlidar_ros2_driver/share/ydlidar_ros2_driver/params/G4.yaml
[3.537s] -- Up-to-date: /home/golftrolley/robot_ws/install/ydlidar_ros2_driver/share/ydlidar_ros2_driver/params/X2.yaml
[3.538s] -- Up-to-date: /home/golftrolley/robot_ws/install/ydlidar_ros2_driver/share/ydlidar_ros2_driver/params/GS5.yaml
[3.546s] -- Up-to-date: /home/golftrolley/robot_ws/install/ydlidar_ros2_driver/share/ydlidar_ros2_driver/params/G6.yaml
[3.553s] -- Up-to-date: /home/golftrolley/robot_ws/install/ydlidar_ros2_driver/share/ydlidar_ros2_driver/params/X4.yaml
[3.558s] -- Up-to-date: /home/golftrolley/robot_ws/install/ydlidar_ros2_driver/share/ydlidar_ros2_driver/params/G1.yaml
[3.568s] -- Up-to-date: /home/golftrolley/robot_ws/install/ydlidar_ros2_driver/share/ydlidar_ros2_driver/params/sdm15.yaml
[3.571s] -- Up-to-date: /home/golftrolley/robot_ws/install/ydlidar_ros2_driver/share/ydlidar_ros2_driver/params/G2.yaml
[3.572s] -- Up-to-date: /home/golftrolley/robot_ws/install/ydlidar_ros2_driver/share/ydlidar_ros2_driver/startup
[3.573s] -- Up-to-date: /home/golftrolley/robot_ws/install/ydlidar_ros2_driver/share/ydlidar_ros2_driver/startup/initenv.sh
[3.573s] -- Up-to-date: /home/golftrolley/robot_ws/install/ydlidar_ros2_driver/share/ydlidar_ros2_driver/config
[3.574s] -- Up-to-date: /home/golftrolley/robot_ws/install/ydlidar_ros2_driver/share/ydlidar_ros2_driver/config/ydlidar.rviz
[3.575s] -- Up-to-date: /home/golftrolley/robot_ws/install/ydlidar_ros2_driver/share/ament_index/resource_index/package_run_dependencies/ydlidar_ros2_driver
[3.577s] -- Up-to-date: /home/golftrolley/robot_ws/install/ydlidar_ros2_driver/share/ament_index/resource_index/parent_prefix_path/ydlidar_ros2_driver
[3.582s] -- Up-to-date: /home/golftrolley/robot_ws/install/ydlidar_ros2_driver/share/ydlidar_ros2_driver/environment/ament_prefix_path.sh
[3.586s] -- Up-to-date: /home/golftrolley/robot_ws/install/ydlidar_ros2_driver/share/ydlidar_ros2_driver/environment/ament_prefix_path.dsv
[3.587s] -- Up-to-date: /home/golftrolley/robot_ws/install/ydlidar_ros2_driver/share/ydlidar_ros2_driver/environment/path.sh
[3.588s] -- Up-to-date: /home/golftrolley/robot_ws/install/ydlidar_ros2_driver/share/ydlidar_ros2_driver/environment/path.dsv
[3.593s] -- Up-to-date: /home/golftrolley/robot_ws/install/ydlidar_ros2_driver/share/ydlidar_ros2_driver/local_setup.bash
[3.594s] -- Up-to-date: /home/golftrolley/robot_ws/install/ydlidar_ros2_driver/share/ydlidar_ros2_driver/local_setup.sh
[3.595s] -- Up-to-date: /home/golftrolley/robot_ws/install/ydlidar_ros2_driver/share/ydlidar_ros2_driver/local_setup.zsh
[3.596s] -- Up-to-date: /home/golftrolley/robot_ws/install/ydlidar_ros2_driver/share/ydlidar_ros2_driver/local_setup.dsv
[3.600s] -- Installing: /home/golftrolley/robot_ws/install/ydlidar_ros2_driver/share/ydlidar_ros2_driver/package.dsv
[3.602s] -- Up-to-date: /home/golftrolley/robot_ws/install/ydlidar_ros2_driver/share/ament_index/resource_index/packages/ydlidar_ros2_driver
[3.607s] -- Up-to-date: /home/golftrolley/robot_ws/install/ydlidar_ros2_driver/share/ydlidar_ros2_driver/cmake/ydlidar_ros2_driverConfig.cmake
[3.611s] -- Up-to-date: /home/golftrolley/robot_ws/install/ydlidar_ros2_driver/share/ydlidar_ros2_driver/cmake/ydlidar_ros2_driverConfig-version.cmake
[3.615s] -- Up-to-date: /home/golftrolley/robot_ws/install/ydlidar_ros2_driver/share/ydlidar_ros2_driver/package.xml
[3.616s] Invoked command in '/home/golftrolley/robot_ws/build/ydlidar_ros2_driver' returned '0': CMAKE_PREFIX_PATH=${CMAKE_PREFIX_PATH}:/home/golftrolley/robot_ws/install/stereo_camera_split:/home/golftrolley/robot_ws/install/golftrolley:/opt/ros/jazzy /usr/bin/cmake --install /home/golftrolley/robot_ws/build/ydlidar_ros2_driver
