[6.698s] Invoking command in '/home/golftrolley/robot_ws/src/stereo_camera_split': PYTHONPATH=/home/golftrolley/robot_ws/build/stereo_camera_split/prefix_override:/usr/lib/python3/dist-packages/colcon_core/task/python/colcon_distutils_commands:/home/golftrolley/robot_ws/install/stereo_camera_split/lib/python3.12/site-packages:${PYTHONPATH} /usr/bin/python3 -W ignore:setup.py install is deprecated -W ignore:easy_install command is deprecated setup.py egg_info --egg-base ../../build/stereo_camera_split build --build-base /home/golftrolley/robot_ws/build/stereo_camera_split/build install --record /home/golftrolley/robot_ws/build/stereo_camera_split/install.log --single-version-externally-managed install_data
[8.062s] running egg_info
[8.157s] writing ../../build/stereo_camera_split/stereo_camera_split.egg-info/PKG-INFO
[8.159s] writing dependency_links to ../../build/stereo_camera_split/stereo_camera_split.egg-info/dependency_links.txt
[8.161s] writing entry points to ../../build/stereo_camera_split/stereo_camera_split.egg-info/entry_points.txt
[8.162s] writing requirements to ../../build/stereo_camera_split/stereo_camera_split.egg-info/requires.txt
[8.163s] writing top-level names to ../../build/stereo_camera_split/stereo_camera_split.egg-info/top_level.txt
[8.358s] reading manifest file '../../build/stereo_camera_split/stereo_camera_split.egg-info/SOURCES.txt'
[8.362s] writing manifest file '../../build/stereo_camera_split/stereo_camera_split.egg-info/SOURCES.txt'
[8.363s] running build
[8.364s] running build_py
[8.365s] running install
[8.394s] running install_lib
[8.501s] running install_data
[8.502s] running install_egg_info
[8.612s] removing '/home/golftrolley/robot_ws/install/stereo_camera_split/lib/python3.12/site-packages/stereo_camera_split-0.0.0-py3.12.egg-info' (and everything under it)
[8.614s] Copying ../../build/stereo_camera_split/stereo_camera_split.egg-info to /home/golftrolley/robot_ws/install/stereo_camera_split/lib/python3.12/site-packages/stereo_camera_split-0.0.0-py3.12.egg-info
[8.621s] running install_scripts
[9.493s] Installing stereo_split_camera_node script to /home/golftrolley/robot_ws/install/stereo_camera_split/lib/stereo_camera_split
[9.495s] writing list of installed files to '/home/golftrolley/robot_ws/build/stereo_camera_split/install.log'
[9.699s] Invoked command in '/home/golftrolley/robot_ws/src/stereo_camera_split' returned '0': PYTHONPATH=/home/golftrolley/robot_ws/build/stereo_camera_split/prefix_override:/usr/lib/python3/dist-packages/colcon_core/task/python/colcon_distutils_commands:/home/golftrolley/robot_ws/install/stereo_camera_split/lib/python3.12/site-packages:${PYTHONPATH} /usr/bin/python3 -W ignore:setup.py install is deprecated -W ignore:easy_install command is deprecated setup.py egg_info --egg-base ../../build/stereo_camera_split build --build-base /home/golftrolley/robot_ws/build/stereo_camera_split/build install --record /home/golftrolley/robot_ws/build/stereo_camera_split/install.log --single-version-externally-managed install_data
