[0.057s] Invoking command in '/home/golftrolley/robot_ws/build/serial': CMAKE_PREFIX_PATH=${CMAKE_PREFIX_PATH}:/home/golftrolley/robot_ws/install/stereo_camera_split:/home/golftrolley/robot_ws/install/serial_motor_demo:/home/golftrolley/robot_ws/install/golftrolley:/opt/ros/jazzy /usr/bin/cmake --build /home/golftrolley/robot_ws/build/serial -- -j4 -l4
[0.560s] [ 28%] Built target serial
[0.568s] [ 42%] Built target gtest_main
[0.603s] [ 57%] Built target gtest
[0.826s] [ 71%] Built target serial_example
[0.887s] [ 85%] Built target serial-test
[0.904s] [100%] Built target serial-test-timer
[1.831s] Invoked command in '/home/golftrolley/robot_ws/build/serial' returned '0': CMAKE_PREFIX_PATH=${CMAKE_PREFIX_PATH}:/home/golftrolley/robot_ws/install/stereo_camera_split:/home/golftrolley/robot_ws/install/serial_motor_demo:/home/golftrolley/robot_ws/install/golftrolley:/opt/ros/jazzy /usr/bin/cmake --build /home/golftrolley/robot_ws/build/serial -- -j4 -l4
[1.840s] Invoking command in '/home/golftrolley/robot_ws/build/serial': CMAKE_PREFIX_PATH=${CMAKE_PREFIX_PATH}:/home/golftrolley/robot_ws/install/stereo_camera_split:/home/golftrolley/robot_ws/install/serial_motor_demo:/home/golftrolley/robot_ws/install/golftrolley:/opt/ros/jazzy /usr/bin/cmake --install /home/golftrolley/robot_ws/build/serial
[1.892s] -- Install configuration: ""
[1.897s] -- Execute custom install script
[1.898s] -- Up-to-date symlink: /home/golftrolley/robot_ws/install/serial/lib/libserial.a
[1.898s] -- Up-to-date symlink: /home/golftrolley/robot_ws/install/serial/include/serial/serial.h
[1.901s] -- Up-to-date symlink: /home/golftrolley/robot_ws/install/serial/include/serial/v8stdint.h
[1.903s] -- Up-to-date symlink: /home/golftrolley/robot_ws/install/serial/share/serial/environment/library_path.sh
[1.903s] -- Up-to-date symlink: /home/golftrolley/robot_ws/install/serial/share/serial/environment/library_path.dsv
[1.904s] -- Up-to-date symlink: /home/golftrolley/robot_ws/install/serial/share/ament_index/resource_index/package_run_dependencies/serial
[1.909s] -- Up-to-date symlink: /home/golftrolley/robot_ws/install/serial/share/ament_index/resource_index/parent_prefix_path/serial
[1.910s] -- Up-to-date symlink: /home/golftrolley/robot_ws/install/serial/share/serial/environment/ament_prefix_path.sh
[1.910s] -- Up-to-date symlink: /home/golftrolley/robot_ws/install/serial/share/serial/environment/ament_prefix_path.dsv
[1.911s] -- Up-to-date symlink: /home/golftrolley/robot_ws/install/serial/share/serial/environment/path.sh
[1.911s] -- Up-to-date symlink: /home/golftrolley/robot_ws/install/serial/share/serial/environment/path.dsv
[1.912s] -- Up-to-date symlink: /home/golftrolley/robot_ws/install/serial/share/serial/local_setup.bash
[1.913s] -- Up-to-date symlink: /home/golftrolley/robot_ws/install/serial/share/serial/local_setup.sh
[1.913s] -- Up-to-date symlink: /home/golftrolley/robot_ws/install/serial/share/serial/local_setup.zsh
[1.922s] -- Up-to-date symlink: /home/golftrolley/robot_ws/install/serial/share/serial/local_setup.dsv
[1.923s] -- Symlinking: /home/golftrolley/robot_ws/install/serial/share/serial/package.dsv
[1.983s] -- Up-to-date symlink: /home/golftrolley/robot_ws/install/serial/share/ament_index/resource_index/packages/serial
[1.984s] -- Up-to-date symlink: /home/golftrolley/robot_ws/install/serial/share/serial/cmake/ament_cmake_export_include_directories-extras.cmake
[1.986s] -- Up-to-date symlink: /home/golftrolley/robot_ws/install/serial/share/serial/cmake/ament_cmake_export_libraries-extras.cmake
[1.986s] -- Up-to-date symlink: /home/golftrolley/robot_ws/install/serial/share/serial/cmake/serialConfig.cmake
[1.993s] -- Up-to-date symlink: /home/golftrolley/robot_ws/install/serial/share/serial/cmake/serialConfig-version.cmake
[1.995s] -- Up-to-date symlink: /home/golftrolley/robot_ws/install/serial/share/serial/package.xml
[2.006s] Invoked command in '/home/golftrolley/robot_ws/build/serial' returned '0': CMAKE_PREFIX_PATH=${CMAKE_PREFIX_PATH}:/home/golftrolley/robot_ws/install/stereo_camera_split:/home/golftrolley/robot_ws/install/serial_motor_demo:/home/golftrolley/robot_ws/install/golftrolley:/opt/ros/jazzy /usr/bin/cmake --install /home/golftrolley/robot_ws/build/serial
