[4.782s] Invoking command in '/home/golftrolley/robot_ws/src/serial_motor_demo/serial_motor_demo': AMENT_PREFIX_PATH=/home/golftrolley/robot_ws/install/serial_motor_demo_msgs:${AMENT_PREFIX_PATH} CMAKE_PREFIX_PATH=/home/golftrolley/robot_ws/install/serial_motor_demo_msgs:${CMAKE_PREFIX_PATH} LD_LIBRARY_PATH=/home/golftrolley/robot_ws/install/serial_motor_demo_msgs/lib:${LD_LIBRARY_PATH} PYTHONPATH=/home/golftrolley/robot_ws/build/serial_motor_demo/prefix_override:/usr/lib/python3/dist-packages/colcon_core/task/python/colcon_distutils_commands:/home/golftrolley/robot_ws/install/serial_motor_demo/lib/python3.12/site-packages:/home/golftrolley/robot_ws/install/serial_motor_demo_msgs/lib/python3.12/site-packages:${PYTHONPATH} /usr/bin/python3 -W ignore:setup.py install is deprecated -W ignore:easy_install command is deprecated setup.py egg_info --egg-base ../../../build/serial_motor_demo build --build-base /home/golftrolley/robot_ws/build/serial_motor_demo/build install --record /home/golftrolley/robot_ws/build/serial_motor_demo/install.log --single-version-externally-managed install_data
[5.963s] running egg_info
[6.038s] writing ../../../build/serial_motor_demo/serial_motor_demo.egg-info/PKG-INFO
[6.039s] writing dependency_links to ../../../build/serial_motor_demo/serial_motor_demo.egg-info/dependency_links.txt
[6.040s] writing entry points to ../../../build/serial_motor_demo/serial_motor_demo.egg-info/entry_points.txt
[6.041s] writing requirements to ../../../build/serial_motor_demo/serial_motor_demo.egg-info/requires.txt
[6.042s] writing top-level names to ../../../build/serial_motor_demo/serial_motor_demo.egg-info/top_level.txt
[6.202s] reading manifest file '../../../build/serial_motor_demo/serial_motor_demo.egg-info/SOURCES.txt'
[6.206s] writing manifest file '../../../build/serial_motor_demo/serial_motor_demo.egg-info/SOURCES.txt'
[6.207s] running build
[6.207s] running build_py
[6.209s] running install
[6.233s] running install_lib
[6.314s] running install_data
[6.315s] running install_egg_info
[6.399s] removing '/home/golftrolley/robot_ws/install/serial_motor_demo/lib/python3.12/site-packages/serial_motor_demo-0.0.0-py3.12.egg-info' (and everything under it)
[6.401s] Copying ../../../build/serial_motor_demo/serial_motor_demo.egg-info to /home/golftrolley/robot_ws/install/serial_motor_demo/lib/python3.12/site-packages/serial_motor_demo-0.0.0-py3.12.egg-info
[6.408s] running install_scripts
[6.987s] Installing driver script to /home/golftrolley/robot_ws/install/serial_motor_demo/lib/serial_motor_demo
[6.988s] Installing gui script to /home/golftrolley/robot_ws/install/serial_motor_demo/lib/serial_motor_demo
[6.989s] writing list of installed files to '/home/golftrolley/robot_ws/build/serial_motor_demo/install.log'
[7.135s] Invoked command in '/home/golftrolley/robot_ws/src/serial_motor_demo/serial_motor_demo' returned '0': AMENT_PREFIX_PATH=/home/golftrolley/robot_ws/install/serial_motor_demo_msgs:${AMENT_PREFIX_PATH} CMAKE_PREFIX_PATH=/home/golftrolley/robot_ws/install/serial_motor_demo_msgs:${CMAKE_PREFIX_PATH} LD_LIBRARY_PATH=/home/golftrolley/robot_ws/install/serial_motor_demo_msgs/lib:${LD_LIBRARY_PATH} PYTHONPATH=/home/golftrolley/robot_ws/build/serial_motor_demo/prefix_override:/usr/lib/python3/dist-packages/colcon_core/task/python/colcon_distutils_commands:/home/golftrolley/robot_ws/install/serial_motor_demo/lib/python3.12/site-packages:/home/golftrolley/robot_ws/install/serial_motor_demo_msgs/lib/python3.12/site-packages:${PYTHONPATH} /usr/bin/python3 -W ignore:setup.py install is deprecated -W ignore:easy_install command is deprecated setup.py egg_info --egg-base ../../../build/serial_motor_demo build --build-base /home/golftrolley/robot_ws/build/serial_motor_demo/build install --record /home/golftrolley/robot_ws/build/serial_motor_demo/install.log --single-version-externally-managed install_data
