[5.667s] Invoking command in '/home/golftrolley/robot_ws/src/stereo_camera_split': PYTHONPATH=/home/golftrolley/robot_ws/build/stereo_camera_split/prefix_override:/usr/lib/python3/dist-packages/colcon_core/task/python/colcon_distutils_commands:/home/golftrolley/robot_ws/install/stereo_camera_split/lib/python3.12/site-packages:${PYTHONPATH} /usr/bin/python3 -W ignore:setup.py install is deprecated -W ignore:easy_install command is deprecated setup.py egg_info --egg-base ../../build/stereo_camera_split build --build-base /home/golftrolley/robot_ws/build/stereo_camera_split/build install --record /home/golftrolley/robot_ws/build/stereo_camera_split/install.log --single-version-externally-managed install_data
[6.865s] running egg_info
[6.946s] writing ../../build/stereo_camera_split/stereo_camera_split.egg-info/PKG-INFO
[6.947s] writing dependency_links to ../../build/stereo_camera_split/stereo_camera_split.egg-info/dependency_links.txt
[6.948s] writing entry points to ../../build/stereo_camera_split/stereo_camera_split.egg-info/entry_points.txt
[6.949s] writing requirements to ../../build/stereo_camera_split/stereo_camera_split.egg-info/requires.txt
[6.950s] writing top-level names to ../../build/stereo_camera_split/stereo_camera_split.egg-info/top_level.txt
[7.127s] reading manifest file '../../build/stereo_camera_split/stereo_camera_split.egg-info/SOURCES.txt'
[7.130s] writing manifest file '../../build/stereo_camera_split/stereo_camera_split.egg-info/SOURCES.txt'
[7.131s] running build
[7.132s] running build_py
[7.133s] copying stereo_camera_split/stereo_camera_split_node.py -> /home/golftrolley/robot_ws/build/stereo_camera_split/build/lib/stereo_camera_split
[7.134s] running install
[7.162s] running install_lib
[7.247s] copying /home/golftrolley/robot_ws/build/stereo_camera_split/build/lib/stereo_camera_split/stereo_camera_split_node.py -> /home/golftrolley/robot_ws/install/stereo_camera_split/lib/python3.12/site-packages/stereo_camera_split
[7.251s] byte-compiling /home/golftrolley/robot_ws/install/stereo_camera_split/lib/python3.12/site-packages/stereo_camera_split/stereo_camera_split_node.py to stereo_camera_split_node.cpython-312.pyc
[7.257s] running install_data
[7.258s] copying launch/split_camera_launch.py -> /home/golftrolley/robot_ws/install/stereo_camera_split/share/stereo_camera_split/launch
[7.259s] running install_egg_info
[7.352s] removing '/home/golftrolley/robot_ws/install/stereo_camera_split/lib/python3.12/site-packages/stereo_camera_split-0.0.0-py3.12.egg-info' (and everything under it)
[7.354s] Copying ../../build/stereo_camera_split/stereo_camera_split.egg-info to /home/golftrolley/robot_ws/install/stereo_camera_split/lib/python3.12/site-packages/stereo_camera_split-0.0.0-py3.12.egg-info
[7.362s] running install_scripts
[8.090s] Installing stereo_split_camera_node script to /home/golftrolley/robot_ws/install/stereo_camera_split/lib/stereo_camera_split
[8.094s] writing list of installed files to '/home/golftrolley/robot_ws/build/stereo_camera_split/install.log'
[8.234s] Invoked command in '/home/golftrolley/robot_ws/src/stereo_camera_split' returned '0': PYTHONPATH=/home/golftrolley/robot_ws/build/stereo_camera_split/prefix_override:/usr/lib/python3/dist-packages/colcon_core/task/python/colcon_distutils_commands:/home/golftrolley/robot_ws/install/stereo_camera_split/lib/python3.12/site-packages:${PYTHONPATH} /usr/bin/python3 -W ignore:setup.py install is deprecated -W ignore:easy_install command is deprecated setup.py egg_info --egg-base ../../build/stereo_camera_split build --build-base /home/golftrolley/robot_ws/build/stereo_camera_split/build install --record /home/golftrolley/robot_ws/build/stereo_camera_split/install.log --single-version-externally-managed install_data
