[0.524s] Invoking command in '/home/golftrolley/robot_ws/build/ros2_control_cmake': CMAKE_PREFIX_PATH=${CMAKE_PREFIX_PATH}:/home/golftrolley/robot_ws/install/stereo_camera_split:/home/golftrolley/robot_ws/install/serial_motor_demo:/home/golftrolley/robot_ws/install/golftrolley:/opt/ros/jazzy /usr/bin/cmake --build /home/golftrolley/robot_ws/build/ros2_control_cmake -- -j4 -l4
[0.819s] Invoked command in '/home/golftrolley/robot_ws/build/ros2_control_cmake' returned '0': CMAKE_PREFIX_PATH=${CMAKE_PREFIX_PATH}:/home/golftrolley/robot_ws/install/stereo_camera_split:/home/golftrolley/robot_ws/install/serial_motor_demo:/home/golftrolley/robot_ws/install/golftrolley:/opt/ros/jazzy /usr/bin/cmake --build /home/golftrolley/robot_ws/build/ros2_control_cmake -- -j4 -l4
[0.844s] Invoking command in '/home/golftrolley/robot_ws/build/ros2_control_cmake': CMAKE_PREFIX_PATH=${CMAKE_PREFIX_PATH}:/home/golftrolley/robot_ws/install/stereo_camera_split:/home/golftrolley/robot_ws/install/serial_motor_demo:/home/golftrolley/robot_ws/install/golftrolley:/opt/ros/jazzy /usr/bin/cmake --install /home/golftrolley/robot_ws/build/ros2_control_cmake
[0.905s] -- Install configuration: ""
[0.907s] -- Up-to-date: /home/golftrolley/robot_ws/install/ros2_control_cmake/share/ros2_control_cmake/cmake
[0.907s] -- Up-to-date: /home/golftrolley/robot_ws/install/ros2_control_cmake/share/ros2_control_cmake/cmake/ros2_control.cmake
[0.911s] -- Up-to-date: /home/golftrolley/robot_ws/install/ros2_control_cmake/share/ament_index/resource_index/package_run_dependencies/ros2_control_cmake
[0.911s] -- Up-to-date: /home/golftrolley/robot_ws/install/ros2_control_cmake/share/ament_index/resource_index/parent_prefix_path/ros2_control_cmake
[0.912s] -- Up-to-date: /home/golftrolley/robot_ws/install/ros2_control_cmake/share/ros2_control_cmake/environment/ament_prefix_path.sh
[0.915s] -- Up-to-date: /home/golftrolley/robot_ws/install/ros2_control_cmake/share/ros2_control_cmake/environment/ament_prefix_path.dsv
[0.915s] -- Up-to-date: /home/golftrolley/robot_ws/install/ros2_control_cmake/share/ros2_control_cmake/environment/path.sh
[0.916s] -- Up-to-date: /home/golftrolley/robot_ws/install/ros2_control_cmake/share/ros2_control_cmake/environment/path.dsv
[0.919s] -- Up-to-date: /home/golftrolley/robot_ws/install/ros2_control_cmake/share/ros2_control_cmake/local_setup.bash
[0.920s] -- Up-to-date: /home/golftrolley/robot_ws/install/ros2_control_cmake/share/ros2_control_cmake/local_setup.sh
[0.920s] -- Up-to-date: /home/golftrolley/robot_ws/install/ros2_control_cmake/share/ros2_control_cmake/local_setup.zsh
[0.923s] -- Up-to-date: /home/golftrolley/robot_ws/install/ros2_control_cmake/share/ros2_control_cmake/local_setup.dsv
[0.926s] -- Up-to-date: /home/golftrolley/robot_ws/install/ros2_control_cmake/share/ros2_control_cmake/package.dsv
[0.926s] -- Up-to-date: /home/golftrolley/robot_ws/install/ros2_control_cmake/share/ament_index/resource_index/packages/ros2_control_cmake
[0.927s] -- Up-to-date: /home/golftrolley/robot_ws/install/ros2_control_cmake/share/ros2_control_cmake/cmake/ros2_control_cmake-extras.cmake
[0.930s] -- Up-to-date: /home/golftrolley/robot_ws/install/ros2_control_cmake/share/ros2_control_cmake/cmake/ros2_control_cmakeConfig.cmake
[0.932s] -- Up-to-date: /home/golftrolley/robot_ws/install/ros2_control_cmake/share/ros2_control_cmake/cmake/ros2_control_cmakeConfig-version.cmake
[0.933s] -- Up-to-date: /home/golftrolley/robot_ws/install/ros2_control_cmake/share/ros2_control_cmake/package.xml
[0.954s] Invoked command in '/home/golftrolley/robot_ws/build/ros2_control_cmake' returned '0': CMAKE_PREFIX_PATH=${CMAKE_PREFIX_PATH}:/home/golftrolley/robot_ws/install/stereo_camera_split:/home/golftrolley/robot_ws/install/serial_motor_demo:/home/golftrolley/robot_ws/install/golftrolley:/opt/ros/jazzy /usr/bin/cmake --install /home/golftrolley/robot_ws/build/ros2_control_cmake
