[5.400s] Invoking command in '/home/golftrolley/robot_ws/src/stereo_camera_split': PYTHONPATH=/home/golftrolley/robot_ws/build/stereo_camera_split/prefix_override:/usr/lib/python3/dist-packages/colcon_core/task/python/colcon_distutils_commands:/home/golftrolley/robot_ws/install/stereo_camera_split/lib/python3.12/site-packages:${PYTHONPATH} /usr/bin/python3 -W ignore:setup.py install is deprecated -W ignore:easy_install command is deprecated setup.py egg_info --egg-base ../../build/stereo_camera_split build --build-base /home/golftrolley/robot_ws/build/stereo_camera_split/build install --record /home/golftrolley/robot_ws/build/stereo_camera_split/install.log --single-version-externally-managed install_data
[6.642s] running egg_info
[6.725s] writing ../../build/stereo_camera_split/stereo_camera_split.egg-info/PKG-INFO
[6.726s] writing dependency_links to ../../build/stereo_camera_split/stereo_camera_split.egg-info/dependency_links.txt
[6.728s] writing entry points to ../../build/stereo_camera_split/stereo_camera_split.egg-info/entry_points.txt
[6.729s] writing requirements to ../../build/stereo_camera_split/stereo_camera_split.egg-info/requires.txt
[6.731s] writing top-level names to ../../build/stereo_camera_split/stereo_camera_split.egg-info/top_level.txt
[6.902s] reading manifest file '../../build/stereo_camera_split/stereo_camera_split.egg-info/SOURCES.txt'
[6.905s] writing manifest file '../../build/stereo_camera_split/stereo_camera_split.egg-info/SOURCES.txt'
[6.906s] running build
[6.907s] running build_py
[6.908s] creating /home/golftrolley/robot_ws/build/stereo_camera_split/build
[6.909s] creating /home/golftrolley/robot_ws/build/stereo_camera_split/build/lib
[6.910s] creating /home/golftrolley/robot_ws/build/stereo_camera_split/build/lib/stereo_camera_split
[6.911s] copying stereo_camera_split/stereo_camera_split_node.py -> /home/golftrolley/robot_ws/build/stereo_camera_split/build/lib/stereo_camera_split
[6.912s] copying stereo_camera_split/__init__.py -> /home/golftrolley/robot_ws/build/stereo_camera_split/build/lib/stereo_camera_split
[6.913s] running install
[6.938s] running install_lib
[7.026s] creating /home/golftrolley/robot_ws/install/stereo_camera_split/lib/python3.12/site-packages/stereo_camera_split
[7.027s] copying /home/golftrolley/robot_ws/build/stereo_camera_split/build/lib/stereo_camera_split/stereo_camera_split_node.py -> /home/golftrolley/robot_ws/install/stereo_camera_split/lib/python3.12/site-packages/stereo_camera_split
[7.028s] copying /home/golftrolley/robot_ws/build/stereo_camera_split/build/lib/stereo_camera_split/__init__.py -> /home/golftrolley/robot_ws/install/stereo_camera_split/lib/python3.12/site-packages/stereo_camera_split
[7.031s] byte-compiling /home/golftrolley/robot_ws/install/stereo_camera_split/lib/python3.12/site-packages/stereo_camera_split/stereo_camera_split_node.py to stereo_camera_split_node.cpython-312.pyc
[7.037s] byte-compiling /home/golftrolley/robot_ws/install/stereo_camera_split/lib/python3.12/site-packages/stereo_camera_split/__init__.py to __init__.cpython-312.pyc
[7.038s] running install_data
[7.039s] running install_egg_info
[7.127s] removing '/home/golftrolley/robot_ws/install/stereo_camera_split/lib/python3.12/site-packages/stereo_camera_split-0.0.0-py3.12.egg-info' (and everything under it)
[7.129s] Copying ../../build/stereo_camera_split/stereo_camera_split.egg-info to /home/golftrolley/robot_ws/install/stereo_camera_split/lib/python3.12/site-packages/stereo_camera_split-0.0.0-py3.12.egg-info
[7.135s] running install_scripts
[7.770s] Installing stereo_split_camera_node script to /home/golftrolley/robot_ws/install/stereo_camera_split/lib/stereo_camera_split
[7.772s] writing list of installed files to '/home/golftrolley/robot_ws/build/stereo_camera_split/install.log'
[7.929s] Invoked command in '/home/golftrolley/robot_ws/src/stereo_camera_split' returned '0': PYTHONPATH=/home/golftrolley/robot_ws/build/stereo_camera_split/prefix_override:/usr/lib/python3/dist-packages/colcon_core/task/python/colcon_distutils_commands:/home/golftrolley/robot_ws/install/stereo_camera_split/lib/python3.12/site-packages:${PYTHONPATH} /usr/bin/python3 -W ignore:setup.py install is deprecated -W ignore:easy_install command is deprecated setup.py egg_info --egg-base ../../build/stereo_camera_split build --build-base /home/golftrolley/robot_ws/build/stereo_camera_split/build install --record /home/golftrolley/robot_ws/build/stereo_camera_split/install.log --single-version-externally-managed install_data
