[0.114s] Invoking command in '/home/golftrolley/robot_ws/build/dd_bot': CMAKE_PREFIX_PATH=${CMAKE_PREFIX_PATH}:/home/golftrolley/robot_ws/install/stereo_camera_split:/home/golftrolley/robot_ws/install/serial_motor_demo:/home/golftrolley/robot_ws/install/golftrolley:/opt/ros/jazzy /usr/bin/cmake --build /home/golftrolley/robot_ws/build/dd_bot -- -j4 -l4
[1.679s] Invoked command in '/home/golftrolley/robot_ws/build/dd_bot' returned '0': CMAKE_PREFIX_PATH=${CMAKE_PREFIX_PATH}:/home/golftrolley/robot_ws/install/stereo_camera_split:/home/golftrolley/robot_ws/install/serial_motor_demo:/home/golftrolley/robot_ws/install/golftrolley:/opt/ros/jazzy /usr/bin/cmake --build /home/golftrolley/robot_ws/build/dd_bot -- -j4 -l4
[1.738s] Invoking command in '/home/golftrolley/robot_ws/build/dd_bot': CMAKE_PREFIX_PATH=${CMAKE_PREFIX_PATH}:/home/golftrolley/robot_ws/install/stereo_camera_split:/home/golftrolley/robot_ws/install/serial_motor_demo:/home/golftrolley/robot_ws/install/golftrolley:/opt/ros/jazzy /usr/bin/cmake --install /home/golftrolley/robot_ws/build/dd_bot
[1.813s] -- Install configuration: ""
[1.813s] -- Execute custom install script
[1.823s] -- Up-to-date symlink: /home/golftrolley/robot_ws/install/dd_bot/share/dd_bot/config/empty.yaml
[1.824s] -- Up-to-date symlink: /home/golftrolley/robot_ws/install/dd_bot/share/dd_bot/config/gz_bridge.yaml
[1.830s] -- Up-to-date symlink: /home/golftrolley/robot_ws/install/dd_bot/share/dd_bot/config/joystick.yaml
[1.831s] -- Up-to-date symlink: /home/golftrolley/robot_ws/install/dd_bot/share/dd_bot/config/my_controllers.yaml
[1.831s] -- Up-to-date symlink: /home/golftrolley/robot_ws/install/dd_bot/share/dd_bot/config/twist_mux.yaml
[1.833s] -- Up-to-date symlink: /home/golftrolley/robot_ws/install/dd_bot/share/dd_bot/config/view_bot.rviz
[1.836s] -- Up-to-date symlink: /home/golftrolley/robot_ws/install/dd_bot/share/dd_bot/description/gazebo_control.xacro
[1.837s] -- Up-to-date symlink: /home/golftrolley/robot_ws/install/dd_bot/share/dd_bot/description/inertial_macros.xacro
[1.841s] -- Up-to-date symlink: /home/golftrolley/robot_ws/install/dd_bot/share/dd_bot/description/left_camera.xacro
[1.842s] -- Up-to-date symlink: /home/golftrolley/robot_ws/install/dd_bot/share/dd_bot/description/lidar.xacro
[1.843s] -- Up-to-date symlink: /home/golftrolley/robot_ws/install/dd_bot/share/dd_bot/description/right_camera.xacro
[1.845s] -- Up-to-date symlink: /home/golftrolley/robot_ws/install/dd_bot/share/dd_bot/description/robot.urdf.xacro
[1.847s] -- Up-to-date symlink: /home/golftrolley/robot_ws/install/dd_bot/share/dd_bot/description/robot_core.xacro
[1.851s] -- Up-to-date symlink: /home/golftrolley/robot_ws/install/dd_bot/share/dd_bot/description/ros2_control.xacro
[1.854s] -- Up-to-date symlink: /home/golftrolley/robot_ws/install/dd_bot/share/dd_bot/launch/launch_robot.launch.py
[1.856s] -- Up-to-date symlink: /home/golftrolley/robot_ws/install/dd_bot/share/dd_bot/launch/launch_sim.launch.py
[1.859s] -- Up-to-date symlink: /home/golftrolley/robot_ws/install/dd_bot/share/dd_bot/launch/rsp.launch.py
[1.862s] -- Up-to-date symlink: /home/golftrolley/robot_ws/install/dd_bot/share/dd_bot/worlds/empty.world
[1.868s] -- Up-to-date symlink: /home/golftrolley/robot_ws/install/dd_bot/share/ament_index/resource_index/package_run_dependencies/dd_bot
[1.885s] -- Up-to-date symlink: /home/golftrolley/robot_ws/install/dd_bot/share/ament_index/resource_index/parent_prefix_path/dd_bot
[1.888s] -- Up-to-date symlink: /home/golftrolley/robot_ws/install/dd_bot/share/dd_bot/environment/ament_prefix_path.sh
[1.893s] -- Up-to-date symlink: /home/golftrolley/robot_ws/install/dd_bot/share/dd_bot/environment/ament_prefix_path.dsv
[1.896s] -- Up-to-date symlink: /home/golftrolley/robot_ws/install/dd_bot/share/dd_bot/environment/path.sh
[1.897s] -- Up-to-date symlink: /home/golftrolley/robot_ws/install/dd_bot/share/dd_bot/environment/path.dsv
[1.899s] -- Up-to-date symlink: /home/golftrolley/robot_ws/install/dd_bot/share/dd_bot/local_setup.bash
[1.902s] -- Up-to-date symlink: /home/golftrolley/robot_ws/install/dd_bot/share/dd_bot/local_setup.sh
[1.907s] -- Up-to-date symlink: /home/golftrolley/robot_ws/install/dd_bot/share/dd_bot/local_setup.zsh
[1.909s] -- Up-to-date symlink: /home/golftrolley/robot_ws/install/dd_bot/share/dd_bot/local_setup.dsv
[1.910s] -- Symlinking: /home/golftrolley/robot_ws/install/dd_bot/share/dd_bot/package.dsv
[2.023s] -- Up-to-date symlink: /home/golftrolley/robot_ws/install/dd_bot/share/ament_index/resource_index/packages/dd_bot
[2.028s] -- Up-to-date symlink: /home/golftrolley/robot_ws/install/dd_bot/share/dd_bot/cmake/dd_botConfig.cmake
[2.030s] -- Up-to-date symlink: /home/golftrolley/robot_ws/install/dd_bot/share/dd_bot/cmake/dd_botConfig-version.cmake
[2.036s] -- Up-to-date symlink: /home/golftrolley/robot_ws/install/dd_bot/share/dd_bot/package.xml
[2.051s] Invoked command in '/home/golftrolley/robot_ws/build/dd_bot' returned '0': CMAKE_PREFIX_PATH=${CMAKE_PREFIX_PATH}:/home/golftrolley/robot_ws/install/stereo_camera_split:/home/golftrolley/robot_ws/install/serial_motor_demo:/home/golftrolley/robot_ws/install/golftrolley:/opt/ros/jazzy /usr/bin/cmake --install /home/golftrolley/robot_ws/build/dd_bot
