[6.491s] Invoking command in '/home/golftrolley/robot_ws/build/serial_motor_demo': CMAKE_PREFIX_PATH=/home/golftrolley/robot_ws/install/serial_motor_demo_msgs:/home/golftrolley/robot_ws/install/diffdrive_arduino:/home/golftrolley/robot_ws/install/dd_bot:/home/golftrolley/robot_ws/install/ydlidar_sdk:/home/golftrolley/robot_ws/install/ydlidar_ros2_driver:/home/golftrolley/robot_ws/install/serial:/home/golftrolley/robot_ws/install/ros2_control_demo_example_2:/home/golftrolley/robot_ws/install/ros2_control_cmake:/home/golftrolley/robot_ws/install/mpu6050driver:/opt/ros/jazzy/opt/sdformat_vendor:/opt/ros/jazzy/opt/gz_math_vendor:/opt/ros/jazzy/opt/gz_utils_vendor:/opt/ros/jazzy/opt/gz_tools_vendor:/opt/ros/jazzy/opt/gz_cmake_vendor LD_LIBRARY_PATH=/home/golftrolley/robot_ws/install/serial_motor_demo_msgs/lib:/home/golftrolley/robot_ws/install/diffdrive_arduino/lib:/home/golftrolley/robot_ws/install/serial/lib:/home/golftrolley/robot_ws/install/ros2_control_demo_example_2/lib:/opt/ros/jazzy/opt/sdformat_vendor/lib:/opt/ros/jazzy/lib/aarch64-linux-gnu:/opt/ros/jazzy/opt/gz_math_vendor/lib:/opt/ros/jazzy/opt/gz_utils_vendor/lib:/opt/ros/jazzy/opt/gz_tools_vendor/lib:/opt/ros/jazzy/opt/gz_cmake_vendor/lib:/opt/ros/jazzy/lib PYTHONPATH=/home/golftrolley/robot_ws/build/serial_motor_demo/prefix_override:/usr/lib/python3/dist-packages/colcon_core/task/python/colcon_distutils_commands:/home/golftrolley/robot_ws/install/serial_motor_demo/lib/python3.12/site-packages:/home/golftrolley/robot_ws/install/serial_motor_demo_msgs/lib/python3.12/site-packages:/home/golftrolley/robot_ws/install/stereo_camera_split/lib/python3.12/site-packages:/home/golftrolley/robot_ws/install/serial_motor_demo/lib/python3.12/site-packages:/home/golftrolley/robot_ws/install/golftrolley/lib/python3.12/site-packages:/opt/ros/jazzy/lib/python3.12/site-packages /usr/bin/python3 -W ignore:setup.py install is deprecated -W ignore:easy_install command is deprecated setup.py develop --editable --build-directory /home/golftrolley/robot_ws/build/serial_motor_demo/build --no-deps symlink_data
[8.785s] running develop
[10.539s] running egg_info
[10.540s] creating serial_motor_demo.egg-info
[10.654s] writing serial_motor_demo.egg-info/PKG-INFO
[10.655s] writing dependency_links to serial_motor_demo.egg-info/dependency_links.txt
[10.656s] writing entry points to serial_motor_demo.egg-info/entry_points.txt
[10.657s] writing requirements to serial_motor_demo.egg-info/requires.txt
[10.658s] writing top-level names to serial_motor_demo.egg-info/top_level.txt
[10.659s] writing manifest file 'serial_motor_demo.egg-info/SOURCES.txt'
[10.902s] reading manifest file 'serial_motor_demo.egg-info/SOURCES.txt'
[10.905s] writing manifest file 'serial_motor_demo.egg-info/SOURCES.txt'
[11.440s] running build_ext
[11.441s] Creating /home/golftrolley/robot_ws/install/serial_motor_demo/lib/python3.12/site-packages/serial-motor-demo.egg-link (link to .)
[11.482s] Installing driver script to /home/golftrolley/robot_ws/install/serial_motor_demo/lib/serial_motor_demo
[11.484s] Installing gui script to /home/golftrolley/robot_ws/install/serial_motor_demo/lib/serial_motor_demo
[11.486s] 
[11.487s] Installed /home/golftrolley/robot_ws/build/serial_motor_demo
[11.489s] running symlink_data
[11.490s] creating /home/golftrolley/robot_ws/install/serial_motor_demo/share/ament_index
[11.492s] creating /home/golftrolley/robot_ws/install/serial_motor_demo/share/ament_index/resource_index
[11.495s] creating /home/golftrolley/robot_ws/install/serial_motor_demo/share/ament_index/resource_index/packages
[11.497s] symbolically linking /home/golftrolley/robot_ws/build/serial_motor_demo/resource/serial_motor_demo -> /home/golftrolley/robot_ws/install/serial_motor_demo/share/ament_index/resource_index/packages
[11.499s] symbolically linking /home/golftrolley/robot_ws/build/serial_motor_demo/package.xml -> /home/golftrolley/robot_ws/install/serial_motor_demo/share/serial_motor_demo
[11.700s] Invoked command in '/home/golftrolley/robot_ws/build/serial_motor_demo' returned '0': CMAKE_PREFIX_PATH=/home/golftrolley/robot_ws/install/serial_motor_demo_msgs:/home/golftrolley/robot_ws/install/diffdrive_arduino:/home/golftrolley/robot_ws/install/dd_bot:/home/golftrolley/robot_ws/install/ydlidar_sdk:/home/golftrolley/robot_ws/install/ydlidar_ros2_driver:/home/golftrolley/robot_ws/install/serial:/home/golftrolley/robot_ws/install/ros2_control_demo_example_2:/home/golftrolley/robot_ws/install/ros2_control_cmake:/home/golftrolley/robot_ws/install/mpu6050driver:/opt/ros/jazzy/opt/sdformat_vendor:/opt/ros/jazzy/opt/gz_math_vendor:/opt/ros/jazzy/opt/gz_utils_vendor:/opt/ros/jazzy/opt/gz_tools_vendor:/opt/ros/jazzy/opt/gz_cmake_vendor LD_LIBRARY_PATH=/home/golftrolley/robot_ws/install/serial_motor_demo_msgs/lib:/home/golftrolley/robot_ws/install/diffdrive_arduino/lib:/home/golftrolley/robot_ws/install/serial/lib:/home/golftrolley/robot_ws/install/ros2_control_demo_example_2/lib:/opt/ros/jazzy/opt/sdformat_vendor/lib:/opt/ros/jazzy/lib/aarch64-linux-gnu:/opt/ros/jazzy/opt/gz_math_vendor/lib:/opt/ros/jazzy/opt/gz_utils_vendor/lib:/opt/ros/jazzy/opt/gz_tools_vendor/lib:/opt/ros/jazzy/opt/gz_cmake_vendor/lib:/opt/ros/jazzy/lib PYTHONPATH=/home/golftrolley/robot_ws/build/serial_motor_demo/prefix_override:/usr/lib/python3/dist-packages/colcon_core/task/python/colcon_distutils_commands:/home/golftrolley/robot_ws/install/serial_motor_demo/lib/python3.12/site-packages:/home/golftrolley/robot_ws/install/serial_motor_demo_msgs/lib/python3.12/site-packages:/home/golftrolley/robot_ws/install/stereo_camera_split/lib/python3.12/site-packages:/home/golftrolley/robot_ws/install/serial_motor_demo/lib/python3.12/site-packages:/home/golftrolley/robot_ws/install/golftrolley/lib/python3.12/site-packages:/opt/ros/jazzy/lib/python3.12/site-packages /usr/bin/python3 -W ignore:setup.py install is deprecated -W ignore:easy_install command is deprecated setup.py develop --editable --build-directory /home/golftrolley/robot_ws/build/serial_motor_demo/build --no-deps symlink_data
