[0.058s] Invoking command in '/home/golftrolley/robot_ws/build/dd_bot': CMAKE_PREFIX_PATH=${CMAKE_PREFIX_PATH}:/home/golftrolley/robot_ws/install/stereo_camera_split:/home/golftrolley/robot_ws/install/serial_motor_demo:/home/golftrolley/robot_ws/install/golftrolley:/opt/ros/jazzy /usr/bin/cmake --build /home/golftrolley/robot_ws/build/dd_bot -- -j4 -l4
[0.287s] Invoked command in '/home/golftrolley/robot_ws/build/dd_bot' returned '0': CMAKE_PREFIX_PATH=${CMAKE_PREFIX_PATH}:/home/golftrolley/robot_ws/install/stereo_camera_split:/home/golftrolley/robot_ws/install/serial_motor_demo:/home/golftrolley/robot_ws/install/golftrolley:/opt/ros/jazzy /usr/bin/cmake --build /home/golftrolley/robot_ws/build/dd_bot -- -j4 -l4
[0.341s] Invoking command in '/home/golftrolley/robot_ws/build/dd_bot': CMAKE_PREFIX_PATH=${CMAKE_PREFIX_PATH}:/home/golftrolley/robot_ws/install/stereo_camera_split:/home/golftrolley/robot_ws/install/serial_motor_demo:/home/golftrolley/robot_ws/install/golftrolley:/opt/ros/jazzy /usr/bin/cmake --install /home/golftrolley/robot_ws/build/dd_bot
[0.386s] -- Install configuration: ""
[0.387s] -- Up-to-date: /home/golftrolley/robot_ws/install/dd_bot/share/dd_bot/config
[0.387s] -- Up-to-date: /home/golftrolley/robot_ws/install/dd_bot/share/dd_bot/config/twist_mux.yaml
[0.388s] -- Up-to-date: /home/golftrolley/robot_ws/install/dd_bot/share/dd_bot/config/gz_bridge.yaml
[0.388s] -- Up-to-date: /home/golftrolley/robot_ws/install/dd_bot/share/dd_bot/config/view_bot.rviz
[0.389s] -- Installing: /home/golftrolley/robot_ws/install/dd_bot/share/dd_bot/config/my_controllers.yaml
[0.389s] -- Up-to-date: /home/golftrolley/robot_ws/install/dd_bot/share/dd_bot/config/joystick.yaml
[0.390s] -- Up-to-date: /home/golftrolley/robot_ws/install/dd_bot/share/dd_bot/config/empty.yaml
[0.390s] -- Up-to-date: /home/golftrolley/robot_ws/install/dd_bot/share/dd_bot/description
[0.391s] -- Installing: /home/golftrolley/robot_ws/install/dd_bot/share/dd_bot/description/ros2_control.xacro
[0.391s] -- Up-to-date: /home/golftrolley/robot_ws/install/dd_bot/share/dd_bot/description/robot.urdf.xacro
[0.392s] -- Up-to-date: /home/golftrolley/robot_ws/install/dd_bot/share/dd_bot/description/inertial_macros.xacro
[0.392s] -- Up-to-date: /home/golftrolley/robot_ws/install/dd_bot/share/dd_bot/description/left_camera.xacro
[0.393s] -- Up-to-date: /home/golftrolley/robot_ws/install/dd_bot/share/dd_bot/description/robot_core.xacro
[0.394s] -- Up-to-date: /home/golftrolley/robot_ws/install/dd_bot/share/dd_bot/description/gazebo_control.xacro
[0.394s] -- Up-to-date: /home/golftrolley/robot_ws/install/dd_bot/share/dd_bot/description/lidar.xacro
[0.395s] -- Up-to-date: /home/golftrolley/robot_ws/install/dd_bot/share/dd_bot/description/right_camera.xacro
[0.395s] -- Up-to-date: /home/golftrolley/robot_ws/install/dd_bot/share/dd_bot/launch
[0.396s] -- Up-to-date: /home/golftrolley/robot_ws/install/dd_bot/share/dd_bot/launch/rsp.launch.py
[0.396s] -- Up-to-date: /home/golftrolley/robot_ws/install/dd_bot/share/dd_bot/launch/launch_robot.launch.py
[0.397s] -- Up-to-date: /home/golftrolley/robot_ws/install/dd_bot/share/dd_bot/launch/launch_sim.launch.py
[0.398s] -- Up-to-date: /home/golftrolley/robot_ws/install/dd_bot/share/dd_bot/worlds
[0.398s] -- Up-to-date: /home/golftrolley/robot_ws/install/dd_bot/share/dd_bot/worlds/empty.world
[0.399s] -- Up-to-date: /home/golftrolley/robot_ws/install/dd_bot/share/ament_index/resource_index/package_run_dependencies/dd_bot
[0.399s] -- Up-to-date: /home/golftrolley/robot_ws/install/dd_bot/share/ament_index/resource_index/parent_prefix_path/dd_bot
[0.400s] -- Up-to-date: /home/golftrolley/robot_ws/install/dd_bot/share/dd_bot/environment/ament_prefix_path.sh
[0.400s] -- Up-to-date: /home/golftrolley/robot_ws/install/dd_bot/share/dd_bot/environment/ament_prefix_path.dsv
[0.401s] -- Up-to-date: /home/golftrolley/robot_ws/install/dd_bot/share/dd_bot/environment/path.sh
[0.401s] -- Up-to-date: /home/golftrolley/robot_ws/install/dd_bot/share/dd_bot/environment/path.dsv
[0.402s] -- Up-to-date: /home/golftrolley/robot_ws/install/dd_bot/share/dd_bot/local_setup.bash
[0.402s] -- Up-to-date: /home/golftrolley/robot_ws/install/dd_bot/share/dd_bot/local_setup.sh
[0.403s] -- Up-to-date: /home/golftrolley/robot_ws/install/dd_bot/share/dd_bot/local_setup.zsh
[0.403s] -- Up-to-date: /home/golftrolley/robot_ws/install/dd_bot/share/dd_bot/local_setup.dsv
[0.404s] -- Installing: /home/golftrolley/robot_ws/install/dd_bot/share/dd_bot/package.dsv
[0.404s] -- Up-to-date: /home/golftrolley/robot_ws/install/dd_bot/share/ament_index/resource_index/packages/dd_bot
[0.405s] -- Up-to-date: /home/golftrolley/robot_ws/install/dd_bot/share/dd_bot/cmake/dd_botConfig.cmake
[0.405s] -- Up-to-date: /home/golftrolley/robot_ws/install/dd_bot/share/dd_bot/cmake/dd_botConfig-version.cmake
[0.406s] -- Up-to-date: /home/golftrolley/robot_ws/install/dd_bot/share/dd_bot/package.xml
[0.408s] Invoked command in '/home/golftrolley/robot_ws/build/dd_bot' returned '0': CMAKE_PREFIX_PATH=${CMAKE_PREFIX_PATH}:/home/golftrolley/robot_ws/install/stereo_camera_split:/home/golftrolley/robot_ws/install/serial_motor_demo:/home/golftrolley/robot_ws/install/golftrolley:/opt/ros/jazzy /usr/bin/cmake --install /home/golftrolley/robot_ws/build/dd_bot
