[0.112s] Invoking command in '/home/golftrolley/robot_ws/build/serial': CMAKE_PREFIX_PATH=${CMAKE_PREFIX_PATH}:/home/golftrolley/robot_ws/install/stereo_camera_split:/home/golftrolley/robot_ws/install/serial_motor_demo:/home/golftrolley/robot_ws/install/golftrolley:/opt/ros/jazzy /usr/bin/cmake --build /home/golftrolley/robot_ws/build/serial -- -j4 -l4
[0.702s] [  7%] [32mBuilding CXX object gtest/CMakeFiles/gtest.dir/src/gtest-all.cc.o[0m
[0.728s] [ 14%] [32mBuilding CXX object CMakeFiles/serial.dir/src/serial.cc.o[0m
[0.737s] [ 21%] [32mBuilding CXX object CMakeFiles/serial.dir/src/impl/unix.cc.o[0m
[0.754s] [ 28%] [32mBuilding CXX object gtest/CMakeFiles/gtest_main.dir/src/gtest_main.cc.o[0m
[6.858s] [ 35%] [32mBuilding CXX object CMakeFiles/serial.dir/src/impl/list_ports/list_ports_linux.cc.o[0m
[12.463s] [ 42%] [32m[1mLinking CXX static library libserial.a[0m
[13.097s] [ 42%] Built target serial
[13.477s] [ 50%] [32mBuilding CXX object CMakeFiles/serial_example.dir/examples/serial_example.cc.o[0m
[14.401s] [ 57%] [32m[1mLinking CXX static library libgtest_main.a[0m
[14.924s] [ 57%] Built target gtest_main
[17.387s] [ 64%] [32m[1mLinking CXX executable serial_example[0m
[18.253s] [ 64%] Built target serial_example
[41.178s] [ 71%] [32m[1mLinking CXX static library libgtest.a[0m
[42.308s] [ 71%] Built target gtest
[42.487s] [ 78%] [32mBuilding CXX object tests/CMakeFiles/serial-test.dir/unix_serial_tests.cc.o[0m
[48.138s] In file included from [01m[K/usr/include/boost/bind/detail/requires_cxx11.hpp:9[m[K,
[48.139s]                  from [01m[K/usr/include/boost/bind/bind.hpp:24[m[K,
[48.140s]                  from [01m[K/usr/include/boost/bind.hpp:29[m[K,
[48.144s]                  from [01m[K/home/golftrolley/robot_ws/src/serial/tests/unix_serial_tests.cc:23[m[K:
[48.145s] [01m[K/usr/include/boost/bind.hpp:36:1:[m[K [01;36m[Knote: [m[K‘[01m[K#pragma message: The practice of declaring the Bind placeholders (_1, _2, ...) in the global namespace is deprecated. Please use <boost/bind/bind.hpp> + using namespace boost::placeholders, or define BOOST_BIND_GLOBAL_PLACEHOLDERS to retain the current behavior.[m[K’
[48.148s]    36 | [01;36m[KBOOST_PRAGMA_MESSAGE[m[K(
[48.151s]       | [01;36m[K^~~~~~~~~~~~~~~~~~~~[m[K
[49.803s] [ 85%] [32m[1mLinking CXX executable serial-test[0m
[50.676s] [ 85%] Built target serial-test
[50.860s] [ 92%] [32mBuilding CXX object tests/CMakeFiles/serial-test-timer.dir/unit/unix_timer_tests.cc.o[0m
[57.482s] [100%] [32m[1mLinking CXX executable serial-test-timer[0m
[58.236s] [100%] Built target serial-test-timer
[58.322s] Invoked command in '/home/golftrolley/robot_ws/build/serial' returned '0': CMAKE_PREFIX_PATH=${CMAKE_PREFIX_PATH}:/home/golftrolley/robot_ws/install/stereo_camera_split:/home/golftrolley/robot_ws/install/serial_motor_demo:/home/golftrolley/robot_ws/install/golftrolley:/opt/ros/jazzy /usr/bin/cmake --build /home/golftrolley/robot_ws/build/serial -- -j4 -l4
[58.330s] Invoking command in '/home/golftrolley/robot_ws/build/serial': CMAKE_PREFIX_PATH=${CMAKE_PREFIX_PATH}:/home/golftrolley/robot_ws/install/stereo_camera_split:/home/golftrolley/robot_ws/install/serial_motor_demo:/home/golftrolley/robot_ws/install/golftrolley:/opt/ros/jazzy /usr/bin/cmake --install /home/golftrolley/robot_ws/build/serial
[58.396s] -- Install configuration: ""
[58.397s] -- Installing: /home/golftrolley/robot_ws/install/serial/lib/libserial.a
[58.400s] -- Installing: /home/golftrolley/robot_ws/install/serial/include/serial/serial.h
[58.402s] -- Installing: /home/golftrolley/robot_ws/install/serial/include/serial/v8stdint.h
[58.405s] -- Installing: /home/golftrolley/robot_ws/install/serial/share/serial/environment/library_path.sh
[58.408s] -- Installing: /home/golftrolley/robot_ws/install/serial/share/serial/environment/library_path.dsv
[58.408s] -- Installing: /home/golftrolley/robot_ws/install/serial/share/ament_index/resource_index/package_run_dependencies/serial
[58.411s] -- Installing: /home/golftrolley/robot_ws/install/serial/share/ament_index/resource_index/parent_prefix_path/serial
[58.414s] -- Installing: /home/golftrolley/robot_ws/install/serial/share/serial/environment/ament_prefix_path.sh
[58.415s] -- Installing: /home/golftrolley/robot_ws/install/serial/share/serial/environment/ament_prefix_path.dsv
[58.419s] -- Installing: /home/golftrolley/robot_ws/install/serial/share/serial/environment/path.sh
[58.421s] -- Installing: /home/golftrolley/robot_ws/install/serial/share/serial/environment/path.dsv
[58.422s] -- Installing: /home/golftrolley/robot_ws/install/serial/share/serial/local_setup.bash
[58.425s] -- Installing: /home/golftrolley/robot_ws/install/serial/share/serial/local_setup.sh
[58.428s] -- Installing: /home/golftrolley/robot_ws/install/serial/share/serial/local_setup.zsh
[58.429s] -- Installing: /home/golftrolley/robot_ws/install/serial/share/serial/local_setup.dsv
[58.432s] -- Installing: /home/golftrolley/robot_ws/install/serial/share/serial/package.dsv
[58.434s] -- Installing: /home/golftrolley/robot_ws/install/serial/share/ament_index/resource_index/packages/serial
[58.437s] -- Installing: /home/golftrolley/robot_ws/install/serial/share/serial/cmake/ament_cmake_export_include_directories-extras.cmake
[58.440s] -- Installing: /home/golftrolley/robot_ws/install/serial/share/serial/cmake/ament_cmake_export_libraries-extras.cmake
[58.442s] -- Installing: /home/golftrolley/robot_ws/install/serial/share/serial/cmake/serialConfig.cmake
[58.443s] -- Installing: /home/golftrolley/robot_ws/install/serial/share/serial/cmake/serialConfig-version.cmake
[58.447s] -- Installing: /home/golftrolley/robot_ws/install/serial/share/serial/package.xml
[58.457s] Invoked command in '/home/golftrolley/robot_ws/build/serial' returned '0': CMAKE_PREFIX_PATH=${CMAKE_PREFIX_PATH}:/home/golftrolley/robot_ws/install/stereo_camera_split:/home/golftrolley/robot_ws/install/serial_motor_demo:/home/golftrolley/robot_ws/install/golftrolley:/opt/ros/jazzy /usr/bin/cmake --install /home/golftrolley/robot_ws/build/serial
