[0.989s] Invoking command in '/home/golftrolley/robot_ws/build/mpu6050driver': CMAKE_PREFIX_PATH=${CMAKE_PREFIX_PATH}:/home/golftrolley/robot_ws/install/stereo_camera_split:/home/golftrolley/robot_ws/install/golftrolley:/opt/ros/jazzy PS1=(venv) \[\e]0;\u@\h: \w\a\]${debian_chroot:+($debian_chroot)}\[\033[01;32m\]\u@\h\[\033[00m\]:\[\033[01;34m\]\w\[\033[00m\]\$ VIRTUAL_ENV_PROMPT=(venv) /usr/bin/cmake --build /home/golftrolley/robot_ws/build/mpu6050driver -- -j4 -l4
[2.039s] [ 33%] [32mBuilding CXX object CMakeFiles/mpu6050driver.dir/src/mpu6050driver.cpp.o[0m
[2.039s] [ 66%] [32mBuilding CXX object CMakeFiles/mpu6050driver.dir/src/mpu6050sensor.cpp.o[0m
[25.268s] [100%] [32m[1mLinking CXX executable mpu6050driver[0m
[26.550s] [100%] Built target mpu6050driver
[26.599s] Invoked command in '/home/golftrolley/robot_ws/build/mpu6050driver' returned '0': CMAKE_PREFIX_PATH=${CMAKE_PREFIX_PATH}:/home/golftrolley/robot_ws/install/stereo_camera_split:/home/golftrolley/robot_ws/install/golftrolley:/opt/ros/jazzy PS1=(venv) \[\e]0;\u@\h: \w\a\]${debian_chroot:+($debian_chroot)}\[\033[01;32m\]\u@\h\[\033[00m\]:\[\033[01;34m\]\w\[\033[00m\]\$ VIRTUAL_ENV_PROMPT=(venv) /usr/bin/cmake --build /home/golftrolley/robot_ws/build/mpu6050driver -- -j4 -l4
[26.605s] Invoking command in '/home/golftrolley/robot_ws/build/mpu6050driver': CMAKE_PREFIX_PATH=${CMAKE_PREFIX_PATH}:/home/golftrolley/robot_ws/install/stereo_camera_split:/home/golftrolley/robot_ws/install/golftrolley:/opt/ros/jazzy PS1=(venv) \[\e]0;\u@\h: \w\a\]${debian_chroot:+($debian_chroot)}\[\033[01;32m\]\u@\h\[\033[00m\]:\[\033[01;34m\]\w\[\033[00m\]\$ VIRTUAL_ENV_PROMPT=(venv) /usr/bin/cmake --install /home/golftrolley/robot_ws/build/mpu6050driver
[26.643s] -- Install configuration: ""
[26.643s] -- Installing: /home/golftrolley/robot_ws/install/mpu6050driver/lib/mpu6050driver/mpu6050driver
[26.655s] -- Set non-toolchain portion of runtime path of "/home/golftrolley/robot_ws/install/mpu6050driver/lib/mpu6050driver/mpu6050driver" to ""
[26.656s] -- Installing: /home/golftrolley/robot_ws/install/mpu6050driver/share/mpu6050driver//launch
[26.657s] -- Installing: /home/golftrolley/robot_ws/install/mpu6050driver/share/mpu6050driver//launch/mpu6050driver_launch.py
[26.657s] -- Installing: /home/golftrolley/robot_ws/install/mpu6050driver/share/mpu6050driver//params
[26.658s] -- Installing: /home/golftrolley/robot_ws/install/mpu6050driver/share/mpu6050driver//params/mpu6050.yaml
[26.660s] -- Installing: /home/golftrolley/robot_ws/install/mpu6050driver/share/ament_index/resource_index/package_run_dependencies/mpu6050driver
[26.661s] -- Installing: /home/golftrolley/robot_ws/install/mpu6050driver/share/ament_index/resource_index/parent_prefix_path/mpu6050driver
[26.663s] -- Installing: /home/golftrolley/robot_ws/install/mpu6050driver/share/mpu6050driver/environment/ament_prefix_path.sh
[26.664s] -- Installing: /home/golftrolley/robot_ws/install/mpu6050driver/share/mpu6050driver/environment/ament_prefix_path.dsv
[26.665s] -- Installing: /home/golftrolley/robot_ws/install/mpu6050driver/share/mpu6050driver/environment/path.sh
[26.666s] -- Installing: /home/golftrolley/robot_ws/install/mpu6050driver/share/mpu6050driver/environment/path.dsv
[26.668s] -- Installing: /home/golftrolley/robot_ws/install/mpu6050driver/share/mpu6050driver/local_setup.bash
[26.669s] -- Installing: /home/golftrolley/robot_ws/install/mpu6050driver/share/mpu6050driver/local_setup.sh
[26.670s] -- Installing: /home/golftrolley/robot_ws/install/mpu6050driver/share/mpu6050driver/local_setup.zsh
[26.671s] -- Installing: /home/golftrolley/robot_ws/install/mpu6050driver/share/mpu6050driver/local_setup.dsv
[26.672s] -- Installing: /home/golftrolley/robot_ws/install/mpu6050driver/share/mpu6050driver/package.dsv
[26.674s] -- Installing: /home/golftrolley/robot_ws/install/mpu6050driver/share/ament_index/resource_index/packages/mpu6050driver
[26.675s] -- Installing: /home/golftrolley/robot_ws/install/mpu6050driver/share/mpu6050driver/cmake/mpu6050driverConfig.cmake
[26.676s] -- Installing: /home/golftrolley/robot_ws/install/mpu6050driver/share/mpu6050driver/cmake/mpu6050driverConfig-version.cmake
[26.678s] -- Installing: /home/golftrolley/robot_ws/install/mpu6050driver/share/mpu6050driver/package.xml
[26.686s] Invoked command in '/home/golftrolley/robot_ws/build/mpu6050driver' returned '0': CMAKE_PREFIX_PATH=${CMAKE_PREFIX_PATH}:/home/golftrolley/robot_ws/install/stereo_camera_split:/home/golftrolley/robot_ws/install/golftrolley:/opt/ros/jazzy PS1=(venv) \[\e]0;\u@\h: \w\a\]${debian_chroot:+($debian_chroot)}\[\033[01;32m\]\u@\h\[\033[00m\]:\[\033[01;34m\]\w\[\033[00m\]\$ VIRTUAL_ENV_PROMPT=(venv) /usr/bin/cmake --install /home/golftrolley/robot_ws/build/mpu6050driver
