[0.060s] Invoking command in '/home/golftrolley/robot_ws/build/stereo_camera_node': CMAKE_PREFIX_PATH=${CMAKE_PREFIX_PATH}:/home/golftrolley/robot_ws/install/stereo_camera_split:/home/golftrolley/robot_ws/install/serial_motor_demo:/home/golftrolley/robot_ws/install/golftrolley:/opt/ros/jazzy /usr/bin/cmake --build /home/golftrolley/robot_ws/build/stereo_camera_node -- -j4 -l4
[0.415s] [ 40%] Built target stereo_calibration_capture
[0.439s] [ 60%] [32mBuilding CXX object CMakeFiles/stereo_camera_node.dir/src/main.cpp.o[0m
[30.782s] [ 80%] [32m[1mLinking CXX executable stereo_camera_node[0m
[32.229s] /usr/bin/ld: CMakeFiles/stereo_camera_node.dir/src/main.cpp.o: in function `YAML::Exception::Exception(YAML::Mark const&, std::__cxx11::basic_string<char, std::char_traits<char>, std::allocator<char> > const&)':
[32.231s] main.cpp:(.text._ZN4YAML9ExceptionC2ERKNS_4MarkERKNSt7__cxx1112basic_stringIcSt11char_traitsIcESaIcEEE[_ZN4YAML9ExceptionC5ERKNS_4MarkERKNSt7__cxx1112basic_stringIcSt11char_traitsIcESaIcEEE]+0x60): undefined reference to `vtable for YAML::Exception'
[32.232s] /usr/bin/ld: main.cpp:(.text._ZN4YAML9ExceptionC2ERKNS_4MarkERKNSt7__cxx1112basic_stringIcSt11char_traitsIcESaIcEEE[_ZN4YAML9ExceptionC5ERKNS_4MarkERKNSt7__cxx1112basic_stringIcSt11char_traitsIcESaIcEEE]+0x64): undefined reference to `vtable for YAML::Exception'
[32.233s] /usr/bin/ld: CMakeFiles/stereo_camera_node.dir/src/main.cpp.o: in function `YAML::RepresentationException::RepresentationException(YAML::Mark const&, std::__cxx11::basic_string<char, std::char_traits<char>, std::allocator<char> > const&)':
[32.234s] main.cpp:(.text._ZN4YAML23RepresentationExceptionC2ERKNS_4MarkERKNSt7__cxx1112basic_stringIcSt11char_traitsIcESaIcEEE[_ZN4YAML23RepresentationExceptionC5ERKNS_4MarkERKNSt7__cxx1112basic_stringIcSt11char_traitsIcESaIcEEE]+0x24): undefined reference to `vtable for YAML::RepresentationException'
[32.236s] /usr/bin/ld: main.cpp:(.text._ZN4YAML23RepresentationExceptionC2ERKNS_4MarkERKNSt7__cxx1112basic_stringIcSt11char_traitsIcESaIcEEE[_ZN4YAML23RepresentationExceptionC5ERKNS_4MarkERKNSt7__cxx1112basic_stringIcSt11char_traitsIcESaIcEEE]+0x28): undefined reference to `vtable for YAML::RepresentationException'
[32.237s] /usr/bin/ld: CMakeFiles/stereo_camera_node.dir/src/main.cpp.o: in function `YAML::InvalidNode::InvalidNode(std::__cxx11::basic_string<char, std::char_traits<char>, std::allocator<char> > const&)':
[32.239s] main.cpp:(.text._ZN4YAML11InvalidNodeC2ERKNSt7__cxx1112basic_stringIcSt11char_traitsIcESaIcEEE[_ZN4YAML11InvalidNodeC5ERKNSt7__cxx1112basic_stringIcSt11char_traitsIcESaIcEEE]+0x7c): undefined reference to `vtable for YAML::InvalidNode'
[32.240s] /usr/bin/ld: main.cpp:(.text._ZN4YAML11InvalidNodeC2ERKNSt7__cxx1112basic_stringIcSt11char_traitsIcESaIcEEE[_ZN4YAML11InvalidNodeC5ERKNSt7__cxx1112basic_stringIcSt11char_traitsIcESaIcEEE]+0x80): undefined reference to `vtable for YAML::InvalidNode'
[32.242s] /usr/bin/ld: CMakeFiles/stereo_camera_node.dir/src/main.cpp.o: in function `YAML::BadConversion::BadConversion(YAML::Mark const&)':
[32.243s] main.cpp:(.text._ZN4YAML13BadConversionC2ERKNS_4MarkE[_ZN4YAML13BadConversionC5ERKNS_4MarkE]+0x84): undefined reference to `vtable for YAML::BadConversion'
[32.246s] /usr/bin/ld: main.cpp:(.text._ZN4YAML13BadConversionC2ERKNS_4MarkE[_ZN4YAML13BadConversionC5ERKNS_4MarkE]+0x88): undefined reference to `vtable for YAML::BadConversion'
[32.248s] /usr/bin/ld: CMakeFiles/stereo_camera_node.dir/src/main.cpp.o: in function `YAML::detail::memory_holder::create_node()':
[32.250s] main.cpp:(.text._ZN4YAML6detail13memory_holder11create_nodeEv[_ZN4YAML6detail13memory_holder11create_nodeEv]+0x14): undefined reference to `YAML::detail::memory::create_node()'
[32.251s] /usr/bin/ld: CMakeFiles/stereo_camera_node.dir/src/main.cpp.o: in function `YAML::detail::node_ref::mark_defined()':
[32.253s] main.cpp:(.text._ZN4YAML6detail8node_ref12mark_definedEv[_ZN4YAML6detail8node_ref12mark_definedEv]+0x14): undefined reference to `YAML::detail::node_data::mark_defined()'
[32.255s] /usr/bin/ld: CMakeFiles/stereo_camera_node.dir/src/main.cpp.o: in function `YAML::detail::node_ref::set_null()':
[32.256s] main.cpp:(.text._ZN4YAML6detail8node_ref8set_nullEv[_ZN4YAML6detail8node_ref8set_nullEv]+0x14): undefined reference to `YAML::detail::node_data::set_null()'
[32.258s] /usr/bin/ld: CMakeFiles/stereo_camera_node.dir/src/main.cpp.o: in function `YAML::detail::node_ref::set_scalar(std::__cxx11::basic_string<char, std::char_traits<char>, std::allocator<char> > const&)':
[32.259s] main.cpp:(.text._ZN4YAML6detail8node_ref10set_scalarERKNSt7__cxx1112basic_stringIcSt11char_traitsIcESaIcEEE[_ZN4YAML6detail8node_ref10set_scalarERKNSt7__cxx1112basic_stringIcSt11char_traitsIcESaIcEEE]+0x1c): undefined reference to `YAML::detail::node_data::set_scalar(std::__cxx11::basic_string<char, std::char_traits<char>, std::allocator<char> > const&)'
[32.261s] /usr/bin/ld: CMakeFiles/stereo_camera_node.dir/src/main.cpp.o: in function `YAML::detail::node_ref::size() const':
[32.262s] main.cpp:(.text._ZNK4YAML6detail8node_ref4sizeEv[_ZNK4YAML6detail8node_ref4sizeEv]+0x14): undefined reference to `YAML::detail::node_data::size() const'
[32.264s] /usr/bin/ld: CMakeFiles/stereo_camera_node.dir/src/main.cpp.o: in function `YAML::detail::node_ref::begin()':
[32.265s] main.cpp:(.text._ZN4YAML6detail8node_ref5beginEv[_ZN4YAML6detail8node_ref5beginEv]+0x38): undefined reference to `YAML::detail::node_data::begin()'
[32.267s] /usr/bin/ld: CMakeFiles/stereo_camera_node.dir/src/main.cpp.o: in function `YAML::detail::node_ref::end()':
[32.268s] main.cpp:(.text._ZN4YAML6detail8node_ref3endEv[_ZN4YAML6detail8node_ref3endEv]+0x38): undefined reference to `YAML::detail::node_data::end()'
[32.270s] /usr/bin/ld: CMakeFiles/stereo_camera_node.dir/src/main.cpp.o: in function `YAML::Node::EnsureNodeExists() const':
[32.271s] main.cpp:(.text._ZNK4YAML4Node16EnsureNodeExistsEv[_ZNK4YAML4Node16EnsureNodeExistsEv]+0x50): undefined reference to `YAML::InvalidNode::~InvalidNode()'
[32.272s] /usr/bin/ld: main.cpp:(.text._ZNK4YAML4Node16EnsureNodeExistsEv[_ZNK4YAML4Node16EnsureNodeExistsEv]+0x54): undefined reference to `YAML::InvalidNode::~InvalidNode()'
[32.274s] /usr/bin/ld: main.cpp:(.text._ZNK4YAML4Node16EnsureNodeExistsEv[_ZNK4YAML4Node16EnsureNodeExistsEv]+0x58): undefined reference to `typeinfo for YAML::InvalidNode'
[32.275s] /usr/bin/ld: main.cpp:(.text._ZNK4YAML4Node16EnsureNodeExistsEv[_ZNK4YAML4Node16EnsureNodeExistsEv]+0x5c): undefined reference to `typeinfo for YAML::InvalidNode'
[32.275s] /usr/bin/ld: CMakeFiles/stereo_camera_node.dir/src/main.cpp.o: in function `YAML::Node::Mark() const':
[32.276s] main.cpp:(.text._ZNK4YAML4Node4MarkEv[_ZNK4YAML4Node4MarkEv]+0x50): undefined reference to `YAML::InvalidNode::~InvalidNode()'
[32.277s] /usr/bin/ld: main.cpp:(.text._ZNK4YAML4Node4MarkEv[_ZNK4YAML4Node4MarkEv]+0x54): undefined reference to `YAML::InvalidNode::~InvalidNode()'
[32.279s] /usr/bin/ld: main.cpp:(.text._ZNK4YAML4Node4MarkEv[_ZNK4YAML4Node4MarkEv]+0x58): undefined reference to `typeinfo for YAML::InvalidNode'
[32.280s] /usr/bin/ld: main.cpp:(.text._ZNK4YAML4Node4MarkEv[_ZNK4YAML4Node4MarkEv]+0x5c): undefined reference to `typeinfo for YAML::InvalidNode'
[32.280s] /usr/bin/ld: CMakeFiles/stereo_camera_node.dir/src/main.cpp.o: in function `YAML::Node::Type() const':
[32.281s] main.cpp:(.text._ZNK4YAML4Node4TypeEv[_ZNK4YAML4Node4TypeEv]+0x4c): undefined reference to `YAML::InvalidNode::~InvalidNode()'
[32.281s] /usr/bin/ld: main.cpp:(.text._ZNK4YAML4Node4TypeEv[_ZNK4YAML4Node4TypeEv]+0x50): undefined reference to `YAML::InvalidNode::~InvalidNode()'
[32.282s] /usr/bin/ld: main.cpp:(.text._ZNK4YAML4Node4TypeEv[_ZNK4YAML4Node4TypeEv]+0x54): undefined reference to `typeinfo for YAML::InvalidNode'
[32.282s] /usr/bin/ld: main.cpp:(.text._ZNK4YAML4Node4TypeEv[_ZNK4YAML4Node4TypeEv]+0x58): undefined reference to `typeinfo for YAML::InvalidNode'
[32.283s] /usr/bin/ld: CMakeFiles/stereo_camera_node.dir/src/main.cpp.o: in function `YAML::Node::Scalar[abi:cxx11]() const':
[32.284s] main.cpp:(.text._ZNK4YAML4Node6ScalarB5cxx11Ev[_ZNK4YAML4Node6ScalarB5cxx11Ev]+0x4c): undefined reference to `YAML::InvalidNode::~InvalidNode()'
[32.284s] /usr/bin/ld: main.cpp:(.text._ZNK4YAML4Node6ScalarB5cxx11Ev[_ZNK4YAML4Node6ScalarB5cxx11Ev]+0x50): undefined reference to `YAML::InvalidNode::~InvalidNode()'
[32.285s] /usr/bin/ld: main.cpp:(.text._ZNK4YAML4Node6ScalarB5cxx11Ev[_ZNK4YAML4Node6ScalarB5cxx11Ev]+0x54): undefined reference to `typeinfo for YAML::InvalidNode'
[32.285s] /usr/bin/ld: main.cpp:(.text._ZNK4YAML4Node6ScalarB5cxx11Ev[_ZNK4YAML4Node6ScalarB5cxx11Ev]+0x58): undefined reference to `typeinfo for YAML::InvalidNode'
[32.285s] /usr/bin/ld: main.cpp:(.text._ZNK4YAML4Node6ScalarB5cxx11Ev[_ZNK4YAML4Node6ScalarB5cxx11Ev]+0x84): undefined reference to `YAML::detail::node_data::empty_scalar[abi:cxx11]()'
[32.286s] /usr/bin/ld: CMakeFiles/stereo_camera_node.dir/src/main.cpp.o: in function `YAML::Node::size() const':
[32.286s] main.cpp:(.text._ZNK4YAML4Node4sizeEv[_ZNK4YAML4Node4sizeEv]+0x4c): undefined reference to `YAML::InvalidNode::~InvalidNode()'
[32.287s] /usr/bin/ld: main.cpp:(.text._ZNK4YAML4Node4sizeEv[_ZNK4YAML4Node4sizeEv]+0x50): undefined reference to `YAML::InvalidNode::~InvalidNode()'
[32.287s] /usr/bin/ld: main.cpp:(.text._ZNK4YAML4Node4sizeEv[_ZNK4YAML4Node4sizeEv]+0x54): undefined reference to `typeinfo for YAML::InvalidNode'
[32.287s] /usr/bin/ld: main.cpp:(.text._ZNK4YAML4Node4sizeEv[_ZNK4YAML4Node4sizeEv]+0x58): undefined reference to `typeinfo for YAML::InvalidNode'
[32.289s] /usr/bin/ld: CMakeFiles/stereo_camera_node.dir/src/main.cpp.o: in function `StereoCameraNode::loadRectifyMaps(std::__cxx11::basic_string<char, std::char_traits<char>, std::allocator<char> > const&)':
[32.290s] main.cpp:(.text._ZN16StereoCameraNode15loadRectifyMapsERKNSt7__cxx1112basic_stringIcSt11char_traitsIcESaIcEEE[_ZN16StereoCameraNode15loadRectifyMapsERKNSt7__cxx1112basic_stringIcSt11char_traitsIcESaIcEEE]+0x3c): undefined reference to `YAML::LoadFile(std::__cxx11::basic_string<char, std::char_traits<char>, std::allocator<char> > const&)'
[32.291s] /usr/bin/ld: CMakeFiles/stereo_camera_node.dir/src/main.cpp.o: in function `float YAML::Node::as<float>() const':
[32.293s] main.cpp:(.text._ZNK4YAML4Node2asIfEET_v[_ZNK4YAML4Node2asIfEET_v]+0x84): undefined reference to `YAML::InvalidNode::~InvalidNode()'
[32.294s] /usr/bin/ld: main.cpp:(.text._ZNK4YAML4Node2asIfEET_v[_ZNK4YAML4Node2asIfEET_v]+0x88): undefined reference to `YAML::InvalidNode::~InvalidNode()'
[32.296s] /usr/bin/ld: main.cpp:(.text._ZNK4YAML4Node2asIfEET_v[_ZNK4YAML4Node2asIfEET_v]+0x8c): undefined reference to `typeinfo for YAML::InvalidNode'
[32.297s] /usr/bin/ld: main.cpp:(.text._ZNK4YAML4Node2asIfEET_v[_ZNK4YAML4Node2asIfEET_v]+0x90): undefined reference to `typeinfo for YAML::InvalidNode'
[32.298s] /usr/bin/ld: CMakeFiles/stereo_camera_node.dir/src/main.cpp.o: in function `YAML::TypedBadConversion<float>::~TypedBadConversion()':
[32.298s] main.cpp:(.text._ZN4YAML18TypedBadConversionIfED2Ev[_ZN4YAML18TypedBadConversionIfED5Ev]+0x20): undefined reference to `YAML::BadConversion::~BadConversion()'
[32.298s] /usr/bin/ld: CMakeFiles/stereo_camera_node.dir/src/main.cpp.o: in function `YAML::detail::node* YAML::detail::node_data::get<int>(int const&, std::shared_ptr<YAML::detail::memory_holder>) const':
[32.299s] main.cpp:(.text._ZNK4YAML6detail9node_data3getIiEEPNS0_4nodeERKT_St10shared_ptrINS0_13memory_holderEE[_ZNK4YAML6detail9node_data3getIiEEPNS0_4nodeERKT_St10shared_ptrINS0_13memory_holderEE]+0x118): undefined reference to `YAML::BadSubscript::~BadSubscript()'
[32.300s] /usr/bin/ld: main.cpp:(.text._ZNK4YAML6detail9node_data3getIiEEPNS0_4nodeERKT_St10shared_ptrINS0_13memory_holderEE[_ZNK4YAML6detail9node_data3getIiEEPNS0_4nodeERKT_St10shared_ptrINS0_13memory_holderEE]+0x11c): undefined reference to `YAML::BadSubscript::~BadSubscript()'
[32.301s] /usr/bin/ld: main.cpp:(.text._ZNK4YAML6detail9node_data3getIiEEPNS0_4nodeERKT_St10shared_ptrINS0_13memory_holderEE[_ZNK4YAML6detail9node_data3getIiEEPNS0_4nodeERKT_St10shared_ptrINS0_13memory_holderEE]+0x120): undefined reference to `typeinfo for YAML::BadSubscript'
[32.303s] /usr/bin/ld: main.cpp:(.text._ZNK4YAML6detail9node_data3getIiEEPNS0_4nodeERKT_St10shared_ptrINS0_13memory_holderEE[_ZNK4YAML6detail9node_data3getIiEEPNS0_4nodeERKT_St10shared_ptrINS0_13memory_holderEE]+0x124): undefined reference to `typeinfo for YAML::BadSubscript'
[32.304s] /usr/bin/ld: CMakeFiles/stereo_camera_node.dir/src/main.cpp.o: in function `YAML::detail::node& YAML::detail::node_data::get<char [7]>(char const (&) [7], std::shared_ptr<YAML::detail::memory_holder>)':
[32.306s] main.cpp:(.text._ZN4YAML6detail9node_data3getIA7_cEERNS0_4nodeERKT_St10shared_ptrINS0_13memory_holderEE[_ZN4YAML6detail9node_data3getIA7_cEERNS0_4nodeERKT_St10shared_ptrINS0_13memory_holderEE]+0xd8): undefined reference to `YAML::detail::node_data::convert_to_map(std::shared_ptr<YAML::detail::memory_holder> const&)'
[32.306s] /usr/bin/ld: main.cpp:(.text._ZN4YAML6detail9node_data3getIA7_cEERNS0_4nodeERKT_St10shared_ptrINS0_13memory_holderEE[_ZN4YAML6detail9node_data3getIA7_cEERNS0_4nodeERKT_St10shared_ptrINS0_13memory_holderEE]+0x124): undefined reference to `YAML::BadSubscript::~BadSubscript()'
[32.306s] /usr/bin/ld: main.cpp:(.text._ZN4YAML6detail9node_data3getIA7_cEERNS0_4nodeERKT_St10shared_ptrINS0_13memory_holderEE[_ZN4YAML6detail9node_data3getIA7_cEERNS0_4nodeERKT_St10shared_ptrINS0_13memory_holderEE]+0x128): undefined reference to `YAML::BadSubscript::~BadSubscript()'
[32.307s] /usr/bin/ld: main.cpp:(.text._ZN4YAML6detail9node_data3getIA7_cEERNS0_4nodeERKT_St10shared_ptrINS0_13memory_holderEE[_ZN4YAML6detail9node_data3getIA7_cEERNS0_4nodeERKT_St10shared_ptrINS0_13memory_holderEE]+0x12c): undefined reference to `typeinfo for YAML::BadSubscript'
[32.307s] /usr/bin/ld: main.cpp:(.text._ZN4YAML6detail9node_data3getIA7_cEERNS0_4nodeERKT_St10shared_ptrINS0_13memory_holderEE[_ZN4YAML6detail9node_data3getIA7_cEERNS0_4nodeERKT_St10shared_ptrINS0_13memory_holderEE]+0x130): undefined reference to `typeinfo for YAML::BadSubscript'
[32.308s] /usr/bin/ld: main.cpp:(.text._ZN4YAML6detail9node_data3getIA7_cEERNS0_4nodeERKT_St10shared_ptrINS0_13memory_holderEE[_ZN4YAML6detail9node_data3getIA7_cEERNS0_4nodeERKT_St10shared_ptrINS0_13memory_holderEE]+0x1fc): undefined reference to `YAML::detail::node_data::insert_map_pair(YAML::detail::node&, YAML::detail::node&)'
[32.308s] /usr/bin/ld: CMakeFiles/stereo_camera_node.dir/src/main.cpp.o: in function `YAML::BadSubscript::BadSubscript<int>(YAML::Mark const&, int const&)':
[32.308s] main.cpp:(.text._ZN4YAML12BadSubscriptC2IiEERKNS_4MarkERKT_[_ZN4YAML12BadSubscriptC5IiEERKNS_4MarkERKT_]+0x64): undefined reference to `vtable for YAML::BadSubscript'
[32.309s] /usr/bin/ld: main.cpp:(.text._ZN4YAML12BadSubscriptC2IiEERKNS_4MarkERKT_[_ZN4YAML12BadSubscriptC5IiEERKNS_4MarkERKT_]+0x68): undefined reference to `vtable for YAML::BadSubscript'
[32.309s] /usr/bin/ld: CMakeFiles/stereo_camera_node.dir/src/main.cpp.o: in function `YAML::BadSubscript::BadSubscript<char [7]>(YAML::Mark const&, char const (&) [7])':
[32.309s] main.cpp:(.text._ZN4YAML12BadSubscriptC2IA7_cEERKNS_4MarkERKT_[_ZN4YAML12BadSubscriptC5IA7_cEERKNS_4MarkERKT_]+0x60): undefined reference to `vtable for YAML::BadSubscript'
[32.310s] /usr/bin/ld: main.cpp:(.text._ZN4YAML12BadSubscriptC2IA7_cEERKNS_4MarkERKT_[_ZN4YAML12BadSubscriptC5IA7_cEERKNS_4MarkERKT_]+0x64): undefined reference to `vtable for YAML::BadSubscript'
[32.310s] /usr/bin/ld: CMakeFiles/stereo_camera_node.dir/src/main.cpp.o: in function `YAML::detail::node& YAML::detail::node_data::convert_to_node<char [7]>(char const (&) [7], std::shared_ptr<YAML::detail::memory_holder>)':
[32.310s] main.cpp:(.text._ZN4YAML6detail9node_data15convert_to_nodeIA7_cEERNS0_4nodeERKT_St10shared_ptrINS0_13memory_holderEE[_ZN4YAML6detail9node_data15convert_to_nodeIA7_cEERNS0_4nodeERKT_St10shared_ptrINS0_13memory_holderEE]+0x64): undefined reference to `YAML::detail::memory_holder::merge(YAML::detail::memory_holder&)'
[32.336s] /usr/bin/ld: CMakeFiles/stereo_camera_node.dir/src/main.cpp.o:(.data.rel.ro._ZTIN4YAML18TypedBadConversionIfEE[_ZTIN4YAML18TypedBadConversionIfEE]+0x10): undefined reference to `typeinfo for YAML::BadConversion'
[32.407s] collect2: error: ld returned 1 exit status
[32.413s] gmake[2]: *** [CMakeFiles/stereo_camera_node.dir/build.make:257: stereo_camera_node] Error 1
[32.415s] gmake[1]: *** [CMakeFiles/Makefile2:165: CMakeFiles/stereo_camera_node.dir/all] Error 2
[32.416s] gmake: *** [Makefile:146: all] Error 2
[32.427s] Invoked command in '/home/golftrolley/robot_ws/build/stereo_camera_node' returned '2': CMAKE_PREFIX_PATH=${CMAKE_PREFIX_PATH}:/home/golftrolley/robot_ws/install/stereo_camera_split:/home/golftrolley/robot_ws/install/serial_motor_demo:/home/golftrolley/robot_ws/install/golftrolley:/opt/ros/jazzy /usr/bin/cmake --build /home/golftrolley/robot_ws/build/stereo_camera_node -- -j4 -l4
