[0.059s] Invoking command in '/home/golftrolley/robot_ws/build/stereo_camera_node': CMAKE_PREFIX_PATH=${CMAKE_PREFIX_PATH}:/home/golftrolley/robot_ws/install/stereo_camera_split:/home/golftrolley/robot_ws/install/serial_motor_demo:/home/golftrolley/robot_ws/install/golftrolley:/opt/ros/jazzy /usr/bin/cmake --build /home/golftrolley/robot_ws/build/stereo_camera_node -- -j4 -l4
[0.411s] [ 50%] Built target stereo_calibration_capture
[0.448s] [ 75%] [32mBuilding CXX object CMakeFiles/stereo_camera_node.dir/src/stereo_camera_node.cpp.o[0m
[34.840s] [100%] [32m[1mLinking CXX executable stereo_camera_node[0m
[37.775s] [100%] Built target stereo_camera_node
[37.835s] Invoked command in '/home/golftrolley/robot_ws/build/stereo_camera_node' returned '0': CMAKE_PREFIX_PATH=${CMAKE_PREFIX_PATH}:/home/golftrolley/robot_ws/install/stereo_camera_split:/home/golftrolley/robot_ws/install/serial_motor_demo:/home/golftrolley/robot_ws/install/golftrolley:/opt/ros/jazzy /usr/bin/cmake --build /home/golftrolley/robot_ws/build/stereo_camera_node -- -j4 -l4
[37.892s] Invoking command in '/home/golftrolley/robot_ws/build/stereo_camera_node': CMAKE_PREFIX_PATH=${CMAKE_PREFIX_PATH}:/home/golftrolley/robot_ws/install/stereo_camera_split:/home/golftrolley/robot_ws/install/serial_motor_demo:/home/golftrolley/robot_ws/install/golftrolley:/opt/ros/jazzy /usr/bin/cmake --install /home/golftrolley/robot_ws/build/stereo_camera_node
[37.940s] -- Install configuration: ""
[37.941s] -- Installing: /home/golftrolley/robot_ws/install/stereo_camera_node/lib/stereo_camera_node/stereo_camera_node
[37.962s] -- Set non-toolchain portion of runtime path of "/home/golftrolley/robot_ws/install/stereo_camera_node/lib/stereo_camera_node/stereo_camera_node" to ""
[37.964s] -- Up-to-date: /home/golftrolley/robot_ws/install/stereo_camera_node/lib/stereo_camera_node/stereo_calibration_capture
[37.965s] -- Up-to-date: /home/golftrolley/robot_ws/install/stereo_camera_node/share/ament_index/resource_index/package_run_dependencies/stereo_camera_node
[37.966s] -- Up-to-date: /home/golftrolley/robot_ws/install/stereo_camera_node/share/ament_index/resource_index/parent_prefix_path/stereo_camera_node
[37.967s] -- Up-to-date: /home/golftrolley/robot_ws/install/stereo_camera_node/share/stereo_camera_node/environment/ament_prefix_path.sh
[37.967s] -- Up-to-date: /home/golftrolley/robot_ws/install/stereo_camera_node/share/stereo_camera_node/environment/ament_prefix_path.dsv
[37.968s] -- Up-to-date: /home/golftrolley/robot_ws/install/stereo_camera_node/share/stereo_camera_node/environment/path.sh
[37.968s] -- Up-to-date: /home/golftrolley/robot_ws/install/stereo_camera_node/share/stereo_camera_node/environment/path.dsv
[37.969s] -- Up-to-date: /home/golftrolley/robot_ws/install/stereo_camera_node/share/stereo_camera_node/local_setup.bash
[37.969s] -- Up-to-date: /home/golftrolley/robot_ws/install/stereo_camera_node/share/stereo_camera_node/local_setup.sh
[37.970s] -- Up-to-date: /home/golftrolley/robot_ws/install/stereo_camera_node/share/stereo_camera_node/local_setup.zsh
[37.970s] -- Up-to-date: /home/golftrolley/robot_ws/install/stereo_camera_node/share/stereo_camera_node/local_setup.dsv
[37.971s] -- Installing: /home/golftrolley/robot_ws/install/stereo_camera_node/share/stereo_camera_node/package.dsv
[37.971s] -- Up-to-date: /home/golftrolley/robot_ws/install/stereo_camera_node/share/ament_index/resource_index/packages/stereo_camera_node
[37.972s] -- Up-to-date: /home/golftrolley/robot_ws/install/stereo_camera_node/share/stereo_camera_node/cmake/stereo_camera_nodeConfig.cmake
[37.972s] -- Up-to-date: /home/golftrolley/robot_ws/install/stereo_camera_node/share/stereo_camera_node/cmake/stereo_camera_nodeConfig-version.cmake
[37.973s] -- Up-to-date: /home/golftrolley/robot_ws/install/stereo_camera_node/share/stereo_camera_node/package.xml
[37.979s] Invoked command in '/home/golftrolley/robot_ws/build/stereo_camera_node' returned '0': CMAKE_PREFIX_PATH=${CMAKE_PREFIX_PATH}:/home/golftrolley/robot_ws/install/stereo_camera_split:/home/golftrolley/robot_ws/install/serial_motor_demo:/home/golftrolley/robot_ws/install/golftrolley:/opt/ros/jazzy /usr/bin/cmake --install /home/golftrolley/robot_ws/build/stereo_camera_node
