[0.074s] Invoking command in '/home/golftrolley/robot_ws/build/ros2_control_cmake': CMAKE_PREFIX_PATH=${CMAKE_PREFIX_PATH}:/home/golftrolley/robot_ws/install/stereo_camera_split:/home/golftrolley/robot_ws/install/serial_motor_demo:/home/golftrolley/robot_ws/install/golftrolley:/opt/ros/jazzy /usr/bin/cmake --build /home/golftrolley/robot_ws/build/ros2_control_cmake -- -j4 -l4
[0.437s] Invoked command in '/home/golftrolley/robot_ws/build/ros2_control_cmake' returned '0': CMAKE_PREFIX_PATH=${CMAKE_PREFIX_PATH}:/home/golftrolley/robot_ws/install/stereo_camera_split:/home/golftrolley/robot_ws/install/serial_motor_demo:/home/golftrolley/robot_ws/install/golftrolley:/opt/ros/jazzy /usr/bin/cmake --build /home/golftrolley/robot_ws/build/ros2_control_cmake -- -j4 -l4
[0.445s] Invoking command in '/home/golftrolley/robot_ws/build/ros2_control_cmake': CMAKE_PREFIX_PATH=${CMAKE_PREFIX_PATH}:/home/golftrolley/robot_ws/install/stereo_camera_split:/home/golftrolley/robot_ws/install/serial_motor_demo:/home/golftrolley/robot_ws/install/golftrolley:/opt/ros/jazzy /usr/bin/cmake --install /home/golftrolley/robot_ws/build/ros2_control_cmake
[0.517s] -- Install configuration: ""
[0.523s] -- Up-to-date: /home/golftrolley/robot_ws/install/ros2_control_cmake/share/ros2_control_cmake/cmake
[0.524s] -- Up-to-date: /home/golftrolley/robot_ws/install/ros2_control_cmake/share/ros2_control_cmake/cmake/ros2_control.cmake
[0.525s] -- Up-to-date: /home/golftrolley/robot_ws/install/ros2_control_cmake/share/ament_index/resource_index/package_run_dependencies/ros2_control_cmake
[0.532s] -- Up-to-date: /home/golftrolley/robot_ws/install/ros2_control_cmake/share/ament_index/resource_index/parent_prefix_path/ros2_control_cmake
[0.534s] -- Up-to-date: /home/golftrolley/robot_ws/install/ros2_control_cmake/share/ros2_control_cmake/environment/ament_prefix_path.sh
[0.534s] -- Up-to-date: /home/golftrolley/robot_ws/install/ros2_control_cmake/share/ros2_control_cmake/environment/ament_prefix_path.dsv
[0.543s] -- Up-to-date: /home/golftrolley/robot_ws/install/ros2_control_cmake/share/ros2_control_cmake/environment/path.sh
[0.547s] -- Up-to-date: /home/golftrolley/robot_ws/install/ros2_control_cmake/share/ros2_control_cmake/environment/path.dsv
[0.548s] -- Up-to-date: /home/golftrolley/robot_ws/install/ros2_control_cmake/share/ros2_control_cmake/local_setup.bash
[0.554s] -- Up-to-date: /home/golftrolley/robot_ws/install/ros2_control_cmake/share/ros2_control_cmake/local_setup.sh
[0.559s] -- Up-to-date: /home/golftrolley/robot_ws/install/ros2_control_cmake/share/ros2_control_cmake/local_setup.zsh
[0.563s] -- Up-to-date: /home/golftrolley/robot_ws/install/ros2_control_cmake/share/ros2_control_cmake/local_setup.dsv
[0.569s] -- Installing: /home/golftrolley/robot_ws/install/ros2_control_cmake/share/ros2_control_cmake/package.dsv
[0.569s] -- Up-to-date: /home/golftrolley/robot_ws/install/ros2_control_cmake/share/ament_index/resource_index/packages/ros2_control_cmake
[0.576s] -- Up-to-date: /home/golftrolley/robot_ws/install/ros2_control_cmake/share/ros2_control_cmake/cmake/ros2_control_cmake-extras.cmake
[0.577s] -- Up-to-date: /home/golftrolley/robot_ws/install/ros2_control_cmake/share/ros2_control_cmake/cmake/ros2_control_cmakeConfig.cmake
[0.578s] -- Up-to-date: /home/golftrolley/robot_ws/install/ros2_control_cmake/share/ros2_control_cmake/cmake/ros2_control_cmakeConfig-version.cmake
[0.583s] -- Up-to-date: /home/golftrolley/robot_ws/install/ros2_control_cmake/share/ros2_control_cmake/package.xml
[0.589s] Invoked command in '/home/golftrolley/robot_ws/build/ros2_control_cmake' returned '0': CMAKE_PREFIX_PATH=${CMAKE_PREFIX_PATH}:/home/golftrolley/robot_ws/install/stereo_camera_split:/home/golftrolley/robot_ws/install/serial_motor_demo:/home/golftrolley/robot_ws/install/golftrolley:/opt/ros/jazzy /usr/bin/cmake --install /home/golftrolley/robot_ws/build/ros2_control_cmake
