[0.168s] Invoking command in '/home/golftrolley/robot_ws/build/mpu6050driver': CMAKE_PREFIX_PATH=${CMAKE_PREFIX_PATH}:/home/golftrolley/robot_ws/install/serial_motor_demo:/home/golftrolley/robot_ws/install/golftrolley:/opt/ros/jazzy /usr/bin/cmake --build /home/golftrolley/robot_ws/build/mpu6050driver -- -j4 -l4
[0.876s] [100%] Built target mpu6050driver
[0.980s] Invoked command in '/home/golftrolley/robot_ws/build/mpu6050driver' returned '0': CMAKE_PREFIX_PATH=${CMAKE_PREFIX_PATH}:/home/golftrolley/robot_ws/install/serial_motor_demo:/home/golftrolley/robot_ws/install/golftrolley:/opt/ros/jazzy /usr/bin/cmake --build /home/golftrolley/robot_ws/build/mpu6050driver -- -j4 -l4
[0.987s] Invoking command in '/home/golftrolley/robot_ws/build/mpu6050driver': CMAKE_PREFIX_PATH=${CMAKE_PREFIX_PATH}:/home/golftrolley/robot_ws/install/serial_motor_demo:/home/golftrolley/robot_ws/install/golftrolley:/opt/ros/jazzy /usr/bin/cmake --install /home/golftrolley/robot_ws/build/mpu6050driver
[1.054s] -- Install configuration: ""
[1.065s] -- Up-to-date: /home/golftrolley/robot_ws/install/mpu6050driver/lib/mpu6050driver/mpu6050driver
[1.511s] -- Up-to-date: /home/golftrolley/robot_ws/install/mpu6050driver/share/mpu6050driver//launch
[1.514s] -- Up-to-date: /home/golftrolley/robot_ws/install/mpu6050driver/share/mpu6050driver//launch/mpu6050driver_launch.py
[1.515s] -- Up-to-date: /home/golftrolley/robot_ws/install/mpu6050driver/share/mpu6050driver//params
[1.516s] -- Up-to-date: /home/golftrolley/robot_ws/install/mpu6050driver/share/mpu6050driver//params/mpu6050.yaml
[1.516s] -- Up-to-date: /home/golftrolley/robot_ws/install/mpu6050driver/share/ament_index/resource_index/package_run_dependencies/mpu6050driver
[1.517s] -- Up-to-date: /home/golftrolley/robot_ws/install/mpu6050driver/share/ament_index/resource_index/parent_prefix_path/mpu6050driver
[1.518s] -- Up-to-date: /home/golftrolley/robot_ws/install/mpu6050driver/share/mpu6050driver/environment/ament_prefix_path.sh
[1.518s] -- Up-to-date: /home/golftrolley/robot_ws/install/mpu6050driver/share/mpu6050driver/environment/ament_prefix_path.dsv
[1.519s] -- Up-to-date: /home/golftrolley/robot_ws/install/mpu6050driver/share/mpu6050driver/environment/path.sh
[1.520s] -- Up-to-date: /home/golftrolley/robot_ws/install/mpu6050driver/share/mpu6050driver/environment/path.dsv
[1.520s] -- Up-to-date: /home/golftrolley/robot_ws/install/mpu6050driver/share/mpu6050driver/local_setup.bash
[1.521s] -- Up-to-date: /home/golftrolley/robot_ws/install/mpu6050driver/share/mpu6050driver/local_setup.sh
[1.521s] -- Up-to-date: /home/golftrolley/robot_ws/install/mpu6050driver/share/mpu6050driver/local_setup.zsh
[1.522s] -- Up-to-date: /home/golftrolley/robot_ws/install/mpu6050driver/share/mpu6050driver/local_setup.dsv
[1.522s] -- Installing: /home/golftrolley/robot_ws/install/mpu6050driver/share/mpu6050driver/package.dsv
[1.523s] -- Up-to-date: /home/golftrolley/robot_ws/install/mpu6050driver/share/ament_index/resource_index/packages/mpu6050driver
[1.523s] -- Up-to-date: /home/golftrolley/robot_ws/install/mpu6050driver/share/mpu6050driver/cmake/mpu6050driverConfig.cmake
[1.524s] -- Up-to-date: /home/golftrolley/robot_ws/install/mpu6050driver/share/mpu6050driver/cmake/mpu6050driverConfig-version.cmake
[1.524s] -- Up-to-date: /home/golftrolley/robot_ws/install/mpu6050driver/share/mpu6050driver/package.xml
[1.855s] Invoked command in '/home/golftrolley/robot_ws/build/mpu6050driver' returned '0': CMAKE_PREFIX_PATH=${CMAKE_PREFIX_PATH}:/home/golftrolley/robot_ws/install/serial_motor_demo:/home/golftrolley/robot_ws/install/golftrolley:/opt/ros/jazzy /usr/bin/cmake --install /home/golftrolley/robot_ws/build/mpu6050driver
