[0.071s] Invoking command in '/home/golftrolley/robot_ws/build/serial': CMAKE_PREFIX_PATH=${CMAKE_PREFIX_PATH}:/home/golftrolley/robot_ws/install/stereo_camera_split:/home/golftrolley/robot_ws/install/serial_motor_demo:/home/golftrolley/robot_ws/install/golftrolley:/opt/ros/jazzy /usr/bin/cmake --build /home/golftrolley/robot_ws/build/serial -- -j4 -l4
[0.669s] [ 28%] Built target serial
[0.763s] [ 42%] Built target gtest_main
[0.792s] [ 57%] Built target gtest
[0.989s] [ 71%] Built target serial_example
[1.169s] [ 85%] Built target serial-test-timer
[1.256s] [100%] Built target serial-test
[2.561s] Invoked command in '/home/golftrolley/robot_ws/build/serial' returned '0': CMAKE_PREFIX_PATH=${CMAKE_PREFIX_PATH}:/home/golftrolley/robot_ws/install/stereo_camera_split:/home/golftrolley/robot_ws/install/serial_motor_demo:/home/golftrolley/robot_ws/install/golftrolley:/opt/ros/jazzy /usr/bin/cmake --build /home/golftrolley/robot_ws/build/serial -- -j4 -l4
[2.564s] Invoking command in '/home/golftrolley/robot_ws/build/serial': CMAKE_PREFIX_PATH=${CMAKE_PREFIX_PATH}:/home/golftrolley/robot_ws/install/stereo_camera_split:/home/golftrolley/robot_ws/install/serial_motor_demo:/home/golftrolley/robot_ws/install/golftrolley:/opt/ros/jazzy /usr/bin/cmake --install /home/golftrolley/robot_ws/build/serial
[2.624s] -- Install configuration: ""
[2.626s] -- Up-to-date: /home/golftrolley/robot_ws/install/serial/lib/libserial.a
[2.631s] -- Up-to-date: /home/golftrolley/robot_ws/install/serial/include/serial/serial.h
[2.632s] -- Up-to-date: /home/golftrolley/robot_ws/install/serial/include/serial/v8stdint.h
[2.632s] -- Up-to-date: /home/golftrolley/robot_ws/install/serial/share/serial/environment/library_path.sh
[2.639s] -- Up-to-date: /home/golftrolley/robot_ws/install/serial/share/serial/environment/library_path.dsv
[2.641s] -- Up-to-date: /home/golftrolley/robot_ws/install/serial/share/ament_index/resource_index/package_run_dependencies/serial
[2.642s] -- Up-to-date: /home/golftrolley/robot_ws/install/serial/share/ament_index/resource_index/parent_prefix_path/serial
[2.642s] -- Up-to-date: /home/golftrolley/robot_ws/install/serial/share/serial/environment/ament_prefix_path.sh
[2.643s] -- Up-to-date: /home/golftrolley/robot_ws/install/serial/share/serial/environment/ament_prefix_path.dsv
[2.643s] -- Up-to-date: /home/golftrolley/robot_ws/install/serial/share/serial/environment/path.sh
[2.648s] -- Up-to-date: /home/golftrolley/robot_ws/install/serial/share/serial/environment/path.dsv
[2.649s] -- Up-to-date: /home/golftrolley/robot_ws/install/serial/share/serial/local_setup.bash
[2.649s] -- Up-to-date: /home/golftrolley/robot_ws/install/serial/share/serial/local_setup.sh
[2.649s] -- Up-to-date: /home/golftrolley/robot_ws/install/serial/share/serial/local_setup.zsh
[2.650s] -- Up-to-date: /home/golftrolley/robot_ws/install/serial/share/serial/local_setup.dsv
[2.650s] -- Installing: /home/golftrolley/robot_ws/install/serial/share/serial/package.dsv
[2.654s] -- Up-to-date: /home/golftrolley/robot_ws/install/serial/share/ament_index/resource_index/packages/serial
[2.655s] -- Up-to-date: /home/golftrolley/robot_ws/install/serial/share/serial/cmake/ament_cmake_export_include_directories-extras.cmake
[2.655s] -- Up-to-date: /home/golftrolley/robot_ws/install/serial/share/serial/cmake/ament_cmake_export_libraries-extras.cmake
[2.656s] -- Up-to-date: /home/golftrolley/robot_ws/install/serial/share/serial/cmake/serialConfig.cmake
[2.656s] -- Up-to-date: /home/golftrolley/robot_ws/install/serial/share/serial/cmake/serialConfig-version.cmake
[2.660s] -- Up-to-date: /home/golftrolley/robot_ws/install/serial/share/serial/package.xml
[2.661s] Invoked command in '/home/golftrolley/robot_ws/build/serial' returned '0': CMAKE_PREFIX_PATH=${CMAKE_PREFIX_PATH}:/home/golftrolley/robot_ws/install/stereo_camera_split:/home/golftrolley/robot_ws/install/serial_motor_demo:/home/golftrolley/robot_ws/install/golftrolley:/opt/ros/jazzy /usr/bin/cmake --install /home/golftrolley/robot_ws/build/serial
