[0.130s] Invoking command in '/home/golftrolley/robot_ws/build/serial_motor_demo_msgs': CMAKE_PREFIX_PATH=${CMAKE_PREFIX_PATH}:/home/golftrolley/robot_ws/install/serial_motor_demo:/home/golftrolley/robot_ws/install/golftrolley:/opt/ros/jazzy /usr/bin/cmake --build /home/golftrolley/robot_ws/build/serial_motor_demo_msgs -- -j4 -l4
[0.604s] [  1%] Built target serial_motor_demo_msgs__rosidl_generator_type_description
[0.643s] [  1%] Built target ament_cmake_python_copy_serial_motor_demo_msgs
[0.827s] [  3%] Built target serial_motor_demo_msgs__cpp
[0.979s] [ 24%] Built target serial_motor_demo_msgs__rosidl_generator_c
[1.255s] [ 33%] Built target serial_motor_demo_msgs__rosidl_typesupport_introspection_c
[1.346s] [ 42%] Built target serial_motor_demo_msgs__rosidl_typesupport_fastrtps_c
[1.357s] [ 51%] Built target serial_motor_demo_msgs__rosidl_typesupport_cpp
[1.526s] [ 61%] Built target serial_motor_demo_msgs__rosidl_typesupport_c
[1.569s] [ 70%] Built target serial_motor_demo_msgs__rosidl_typesupport_fastrtps_cpp
[1.643s] [ 79%] Built target serial_motor_demo_msgs__rosidl_typesupport_introspection_cpp
[1.775s] [ 79%] Built target serial_motor_demo_msgs
[1.982s] [ 81%] Built target serial_motor_demo_msgs__py
[2.285s] [ 88%] Built target serial_motor_demo_msgs__rosidl_generator_py
[2.537s] running egg_info
[2.566s] [ 92%] Built target serial_motor_demo_msgs_s__rosidl_typesupport_introspection_c
[2.599s] [ 96%] Built target serial_motor_demo_msgs_s__rosidl_typesupport_fastrtps_c
[2.624s] [100%] Built target serial_motor_demo_msgs_s__rosidl_typesupport_c
[2.738s] interrupted
[2.900s] gmake[2]: *** [CMakeFiles/ament_cmake_python_build_serial_motor_demo_msgs_egg.dir/build.make:70: CMakeFiles/ament_cmake_python_build_serial_motor_demo_msgs_egg] Interrupt
[2.903s] gmake[1]: *** [CMakeFiles/Makefile2:478: CMakeFiles/ament_cmake_python_build_serial_motor_demo_msgs_egg.dir/all] Interrupt
[2.904s] gmake: *** [Makefile:146: all] Interrupt
