[0.097s] Invoking command in '/home/golftrolley/robot_ws/build/diffdrive_arduino': CMAKE_PREFIX_PATH=${CMAKE_PREFIX_PATH}:/home/golftrolley/robot_ws/install/stereo_camera_split:/home/golftrolley/robot_ws/install/serial_motor_demo:/home/golftrolley/robot_ws/install/golftrolley:/opt/ros/jazzy /usr/bin/cmake /home/golftrolley/robot_ws/src/diffdrive_arduino-humble -DCMAKE_INSTALL_PREFIX=/home/golftrolley/robot_ws/install/diffdrive_arduino
[0.673s] -- The CXX compiler identification is GNU 13.3.0
[0.916s] -- Detecting CXX compiler ABI info
[1.774s] -- Detecting CXX compiler ABI info - done
[1.821s] -- Check for working CXX compiler: /usr/bin/c++ - skipped
[1.826s] -- Detecting CXX compile features
[1.827s] -- Detecting CXX compile features - done
[1.862s] -- Found ament_cmake: 2.5.4 (/opt/ros/jazzy/share/ament_cmake/cmake)
[3.407s] -- Found Python3: /usr/bin/python3 (found version "3.12.3") found components: Interpreter 
[4.397s] -- Found hardware_interface: 4.32.0 (/opt/ros/jazzy/share/hardware_interface/cmake)
[4.993s] -- Found rosidl_generator_c: 4.6.5 (/opt/ros/jazzy/share/rosidl_generator_c/cmake)
[5.186s] -- Found rosidl_generator_cpp: 4.6.5 (/opt/ros/jazzy/share/rosidl_generator_cpp/cmake)
[5.336s] -- Using all available rosidl_typesupport_c: rosidl_typesupport_fastrtps_c;rosidl_typesupport_introspection_c
[5.488s] -- Using all available rosidl_typesupport_cpp: rosidl_typesupport_fastrtps_cpp;rosidl_typesupport_introspection_cpp
[7.488s] -- Found TinyXML2 via Config file: /usr/lib/aarch64-linux-gnu/cmake/tinyxml2
[7.973s] -- Found rmw_implementation_cmake: 7.3.2 (/opt/ros/jazzy/share/rmw_implementation_cmake/cmake)
[8.037s] -- Found rmw_fastrtps_cpp: 8.4.2 (/opt/ros/jazzy/share/rmw_fastrtps_cpp/cmake)
[8.314s] -- Found TinyXML2 via Config file: /usr/lib/aarch64-linux-gnu/cmake/tinyxml2
[8.815s] -- Found OpenSSL: /usr/lib/aarch64-linux-gnu/libcrypto.so (found version "3.0.13")  
[8.870s] -- Found TinyXML2 via Config file: /usr/lib/aarch64-linux-gnu/cmake/tinyxml2
[8.987s] -- Found FastRTPS: /opt/ros/jazzy/include (Required is at least version "2.13") 
[9.010s] -- Found TinyXML2 via Config file: /usr/lib/aarch64-linux-gnu/cmake/tinyxml2
[9.074s] -- Found TinyXML2 via Config file: /usr/lib/aarch64-linux-gnu/cmake/tinyxml2
[9.128s] -- Using RMW implementation 'rmw_fastrtps_cpp' as default
[11.849s] -- Found ament_cmake_gtest: 2.5.4 (/opt/ros/jazzy/share/ament_cmake_gtest/cmake)
[12.744s] -- Configuring done (12.6s)
[13.029s] -- Generating done (0.2s)
[13.105s] -- Build files have been written to: /home/golftrolley/robot_ws/build/diffdrive_arduino
[13.233s] Invoked command in '/home/golftrolley/robot_ws/build/diffdrive_arduino' returned '0': CMAKE_PREFIX_PATH=${CMAKE_PREFIX_PATH}:/home/golftrolley/robot_ws/install/stereo_camera_split:/home/golftrolley/robot_ws/install/serial_motor_demo:/home/golftrolley/robot_ws/install/golftrolley:/opt/ros/jazzy /usr/bin/cmake /home/golftrolley/robot_ws/src/diffdrive_arduino-humble -DCMAKE_INSTALL_PREFIX=/home/golftrolley/robot_ws/install/diffdrive_arduino
[13.238s] Invoking command in '/home/golftrolley/robot_ws/build/diffdrive_arduino': CMAKE_PREFIX_PATH=${CMAKE_PREFIX_PATH}:/home/golftrolley/robot_ws/install/stereo_camera_split:/home/golftrolley/robot_ws/install/serial_motor_demo:/home/golftrolley/robot_ws/install/golftrolley:/opt/ros/jazzy /usr/bin/cmake --build /home/golftrolley/robot_ws/build/diffdrive_arduino -- -j4 -l4
[13.734s] [ 50%] [32mBuilding CXX object CMakeFiles/diffdrive_arduino.dir/hardware/diffbot_system.cpp.o[0m
[46.955s] [100%] [32m[1mLinking CXX shared library libdiffdrive_arduino.so[0m
[47.851s] gmake[2]: *** Deleting file 'libdiffdrive_arduino.so'
[47.865s] gmake[2]: *** [CMakeFiles/diffdrive_arduino.dir/build.make:298: libdiffdrive_arduino.so] Interrupt
[47.866s] gmake[1]: *** [CMakeFiles/Makefile2:137: CMakeFiles/diffdrive_arduino.dir/all] Interrupt
[47.867s] gmake: *** [Makefile:146: all] Interrupt
