[9.029s] Invoking command in '/home/golftrolley/robot_ws/src/golftrolley': PYTHONPATH=/home/golftrolley/robot_ws/build/golftrolley/prefix_override:/usr/lib/python3/dist-packages/colcon_core/task/python/colcon_distutils_commands:/home/golftrolley/robot_ws/install/golftrolley/lib/python3.12/site-packages:${PYTHONPATH} /usr/bin/python3 -W ignore:setup.py install is deprecated -W ignore:easy_install command is deprecated setup.py egg_info --egg-base ../../build/golftrolley build --build-base /home/golftrolley/robot_ws/build/golftrolley/build install --record /home/golftrolley/robot_ws/build/golftrolley/install.log --single-version-externally-managed install_data
[11.397s] running egg_info
[11.398s] creating ../../build/golftrolley/golftrolley.egg-info
[11.573s] writing ../../build/golftrolley/golftrolley.egg-info/PKG-INFO
[11.576s] writing dependency_links to ../../build/golftrolley/golftrolley.egg-info/dependency_links.txt
[11.582s] writing requirements to ../../build/golftrolley/golftrolley.egg-info/requires.txt
[11.584s] writing top-level names to ../../build/golftrolley/golftrolley.egg-info/top_level.txt
[11.585s] writing manifest file '../../build/golftrolley/golftrolley.egg-info/SOURCES.txt'
[11.982s] reading manifest file '../../build/golftrolley/golftrolley.egg-info/SOURCES.txt'
[11.988s] writing manifest file '../../build/golftrolley/golftrolley.egg-info/SOURCES.txt'
[11.993s] running build
[11.994s] running build_py
[12.001s] creating /home/golftrolley/robot_ws/build/golftrolley/build
[12.012s] creating /home/golftrolley/robot_ws/build/golftrolley/build/lib
[12.017s] creating /home/golftrolley/robot_ws/build/golftrolley/build/lib/golftrolley
[12.030s] copying golftrolley/__init__.py -> /home/golftrolley/robot_ws/build/golftrolley/build/lib/golftrolley
[12.031s] running install
[12.083s] running install_lib
[12.467s] creating /home/golftrolley/robot_ws/install/golftrolley/lib/python3.12/site-packages/golftrolley
[12.468s] copying /home/golftrolley/robot_ws/build/golftrolley/build/lib/golftrolley/__init__.py -> /home/golftrolley/robot_ws/install/golftrolley/lib/python3.12/site-packages/golftrolley
[12.474s] byte-compiling /home/golftrolley/robot_ws/install/golftrolley/lib/python3.12/site-packages/golftrolley/__init__.py to __init__.cpython-312.pyc
[12.474s] running install_data
[12.475s] creating /home/golftrolley/robot_ws/install/golftrolley/share/ament_index
[12.479s] creating /home/golftrolley/robot_ws/install/golftrolley/share/ament_index/resource_index
[12.480s] creating /home/golftrolley/robot_ws/install/golftrolley/share/ament_index/resource_index/packages
[12.480s] copying resource/golftrolley -> /home/golftrolley/robot_ws/install/golftrolley/share/ament_index/resource_index/packages
[12.482s] copying package.xml -> /home/golftrolley/robot_ws/install/golftrolley/share/golftrolley
[12.482s] creating /home/golftrolley/robot_ws/install/golftrolley/share/golftrolley/launch
[12.485s] copying launch/gps_launch.py -> /home/golftrolley/robot_ws/install/golftrolley/share/golftrolley/launch
[12.485s] copying launch/golftrolly_launch.py -> /home/golftrolley/robot_ws/install/golftrolley/share/golftrolley/launch
[12.486s] running install_egg_info
[12.738s] Copying ../../build/golftrolley/golftrolley.egg-info to /home/golftrolley/robot_ws/install/golftrolley/lib/python3.12/site-packages/golftrolley-0.0.0-py3.12.egg-info
[12.747s] running install_scripts
[13.951s] writing list of installed files to '/home/golftrolley/robot_ws/build/golftrolley/install.log'
[14.168s] Invoked command in '/home/golftrolley/robot_ws/src/golftrolley' returned '0': PYTHONPATH=/home/golftrolley/robot_ws/build/golftrolley/prefix_override:/usr/lib/python3/dist-packages/colcon_core/task/python/colcon_distutils_commands:/home/golftrolley/robot_ws/install/golftrolley/lib/python3.12/site-packages:${PYTHONPATH} /usr/bin/python3 -W ignore:setup.py install is deprecated -W ignore:easy_install command is deprecated setup.py egg_info --egg-base ../../build/golftrolley build --build-base /home/golftrolley/robot_ws/build/golftrolley/build install --record /home/golftrolley/robot_ws/build/golftrolley/install.log --single-version-externally-managed install_data
