[0.068s] Invoking command in '/home/golftrolley/robot_ws/build/ydlidar_ros2_driver': CMAKE_PREFIX_PATH=${CMAKE_PREFIX_PATH}:/home/golftrolley/robot_ws/install/stereo_camera_split:/home/golftrolley/robot_ws/install/serial_motor_demo:/home/golftrolley/robot_ws/install/golftrolley:/opt/ros/jazzy /usr/bin/cmake --build /home/golftrolley/robot_ws/build/ydlidar_ros2_driver -- -j4 -l4
[0.590s] [ 50%] Built target ydlidar_ros2_driver_client
[0.719s] [100%] Built target ydlidar_ros2_driver_node
[0.805s] Invoked command in '/home/golftrolley/robot_ws/build/ydlidar_ros2_driver' returned '0': CMAKE_PREFIX_PATH=${CMAKE_PREFIX_PATH}:/home/golftrolley/robot_ws/install/stereo_camera_split:/home/golftrolley/robot_ws/install/serial_motor_demo:/home/golftrolley/robot_ws/install/golftrolley:/opt/ros/jazzy /usr/bin/cmake --build /home/golftrolley/robot_ws/build/ydlidar_ros2_driver -- -j4 -l4
[0.808s] Invoking command in '/home/golftrolley/robot_ws/build/ydlidar_ros2_driver': CMAKE_PREFIX_PATH=${CMAKE_PREFIX_PATH}:/home/golftrolley/robot_ws/install/stereo_camera_split:/home/golftrolley/robot_ws/install/serial_motor_demo:/home/golftrolley/robot_ws/install/golftrolley:/opt/ros/jazzy /usr/bin/cmake --install /home/golftrolley/robot_ws/build/ydlidar_ros2_driver
[0.861s] -- Install configuration: ""
[0.866s] -- Up-to-date: /home/golftrolley/robot_ws/install/ydlidar_ros2_driver/lib/ydlidar_ros2_driver/ydlidar_ros2_driver_node
[0.869s] -- Up-to-date: /home/golftrolley/robot_ws/install/ydlidar_ros2_driver/lib/ydlidar_ros2_driver/ydlidar_ros2_driver_client
[0.874s] -- Up-to-date: /home/golftrolley/robot_ws/install/ydlidar_ros2_driver/share/ydlidar_ros2_driver/launch
[0.875s] -- Up-to-date: /home/golftrolley/robot_ws/install/ydlidar_ros2_driver/share/ydlidar_ros2_driver/launch/ydlidar.py
[0.875s] -- Up-to-date: /home/golftrolley/robot_ws/install/ydlidar_ros2_driver/share/ydlidar_ros2_driver/launch/x3_ydlidar_launch.py
[0.879s] -- Up-to-date: /home/golftrolley/robot_ws/install/ydlidar_ros2_driver/share/ydlidar_ros2_driver/launch/ydlidar_launch.py
[0.880s] -- Up-to-date: /home/golftrolley/robot_ws/install/ydlidar_ros2_driver/share/ydlidar_ros2_driver/launch/ydlidar_launch_view.py
[0.881s] -- Up-to-date: /home/golftrolley/robot_ws/install/ydlidar_ros2_driver/share/ydlidar_ros2_driver/params
[0.881s] -- Up-to-date: /home/golftrolley/robot_ws/install/ydlidar_ros2_driver/share/ydlidar_ros2_driver/params/TEA.yaml
[0.884s] -- Up-to-date: /home/golftrolley/robot_ws/install/ydlidar_ros2_driver/share/ydlidar_ros2_driver/params/GS2.yaml
[0.885s] -- Up-to-date: /home/golftrolley/robot_ws/install/ydlidar_ros2_driver/share/ydlidar_ros2_driver/params/TG.yaml
[0.885s] -- Up-to-date: /home/golftrolley/robot_ws/install/ydlidar_ros2_driver/share/ydlidar_ros2_driver/params/ydlidar_x3.yaml
[0.889s] -- Up-to-date: /home/golftrolley/robot_ws/install/ydlidar_ros2_driver/share/ydlidar_ros2_driver/params/X4-Pro.yaml
[0.890s] -- Up-to-date: /home/golftrolley/robot_ws/install/ydlidar_ros2_driver/share/ydlidar_ros2_driver/params/Tmini.yaml
[0.890s] -- Up-to-date: /home/golftrolley/robot_ws/install/ydlidar_ros2_driver/share/ydlidar_ros2_driver/params/X3.yaml
[0.891s] -- Up-to-date: /home/golftrolley/robot_ws/install/ydlidar_ros2_driver/share/ydlidar_ros2_driver/params/ydlidar.yaml
[0.892s] -- Up-to-date: /home/golftrolley/robot_ws/install/ydlidar_ros2_driver/share/ydlidar_ros2_driver/params/Tmini-Plus-SH.yaml
[0.892s] -- Up-to-date: /home/golftrolley/robot_ws/install/ydlidar_ros2_driver/share/ydlidar_ros2_driver/params/G4.yaml
[0.896s] -- Up-to-date: /home/golftrolley/robot_ws/install/ydlidar_ros2_driver/share/ydlidar_ros2_driver/params/X2.yaml
[0.896s] -- Up-to-date: /home/golftrolley/robot_ws/install/ydlidar_ros2_driver/share/ydlidar_ros2_driver/params/GS5.yaml
[0.897s] -- Up-to-date: /home/golftrolley/robot_ws/install/ydlidar_ros2_driver/share/ydlidar_ros2_driver/params/G6.yaml
[0.897s] -- Up-to-date: /home/golftrolley/robot_ws/install/ydlidar_ros2_driver/share/ydlidar_ros2_driver/params/X4.yaml
[0.899s] -- Up-to-date: /home/golftrolley/robot_ws/install/ydlidar_ros2_driver/share/ydlidar_ros2_driver/params/G1.yaml
[0.901s] -- Up-to-date: /home/golftrolley/robot_ws/install/ydlidar_ros2_driver/share/ydlidar_ros2_driver/params/sdm15.yaml
[0.902s] -- Up-to-date: /home/golftrolley/robot_ws/install/ydlidar_ros2_driver/share/ydlidar_ros2_driver/params/G2.yaml
[0.904s] -- Up-to-date: /home/golftrolley/robot_ws/install/ydlidar_ros2_driver/share/ydlidar_ros2_driver/startup
[0.906s] -- Up-to-date: /home/golftrolley/robot_ws/install/ydlidar_ros2_driver/share/ydlidar_ros2_driver/startup/initenv.sh
[0.908s] -- Up-to-date: /home/golftrolley/robot_ws/install/ydlidar_ros2_driver/share/ydlidar_ros2_driver/config
[0.911s] -- Up-to-date: /home/golftrolley/robot_ws/install/ydlidar_ros2_driver/share/ydlidar_ros2_driver/config/ydlidar.rviz
[0.914s] -- Up-to-date: /home/golftrolley/robot_ws/install/ydlidar_ros2_driver/share/ament_index/resource_index/package_run_dependencies/ydlidar_ros2_driver
[0.915s] -- Up-to-date: /home/golftrolley/robot_ws/install/ydlidar_ros2_driver/share/ament_index/resource_index/parent_prefix_path/ydlidar_ros2_driver
[0.915s] -- Up-to-date: /home/golftrolley/robot_ws/install/ydlidar_ros2_driver/share/ydlidar_ros2_driver/environment/ament_prefix_path.sh
[0.916s] -- Up-to-date: /home/golftrolley/robot_ws/install/ydlidar_ros2_driver/share/ydlidar_ros2_driver/environment/ament_prefix_path.dsv
[0.917s] -- Up-to-date: /home/golftrolley/robot_ws/install/ydlidar_ros2_driver/share/ydlidar_ros2_driver/environment/path.sh
[0.917s] -- Up-to-date: /home/golftrolley/robot_ws/install/ydlidar_ros2_driver/share/ydlidar_ros2_driver/environment/path.dsv
[0.920s] -- Up-to-date: /home/golftrolley/robot_ws/install/ydlidar_ros2_driver/share/ydlidar_ros2_driver/local_setup.bash
[0.921s] -- Up-to-date: /home/golftrolley/robot_ws/install/ydlidar_ros2_driver/share/ydlidar_ros2_driver/local_setup.sh
[0.921s] -- Up-to-date: /home/golftrolley/robot_ws/install/ydlidar_ros2_driver/share/ydlidar_ros2_driver/local_setup.zsh
[0.922s] -- Up-to-date: /home/golftrolley/robot_ws/install/ydlidar_ros2_driver/share/ydlidar_ros2_driver/local_setup.dsv
[0.922s] -- Installing: /home/golftrolley/robot_ws/install/ydlidar_ros2_driver/share/ydlidar_ros2_driver/package.dsv
[0.923s] -- Up-to-date: /home/golftrolley/robot_ws/install/ydlidar_ros2_driver/share/ament_index/resource_index/packages/ydlidar_ros2_driver
[0.923s] -- Up-to-date: /home/golftrolley/robot_ws/install/ydlidar_ros2_driver/share/ydlidar_ros2_driver/cmake/ydlidar_ros2_driverConfig.cmake
[0.924s] -- Up-to-date: /home/golftrolley/robot_ws/install/ydlidar_ros2_driver/share/ydlidar_ros2_driver/cmake/ydlidar_ros2_driverConfig-version.cmake
[0.924s] -- Up-to-date: /home/golftrolley/robot_ws/install/ydlidar_ros2_driver/share/ydlidar_ros2_driver/package.xml
[0.929s] Invoked command in '/home/golftrolley/robot_ws/build/ydlidar_ros2_driver' returned '0': CMAKE_PREFIX_PATH=${CMAKE_PREFIX_PATH}:/home/golftrolley/robot_ws/install/stereo_camera_split:/home/golftrolley/robot_ws/install/serial_motor_demo:/home/golftrolley/robot_ws/install/golftrolley:/opt/ros/jazzy /usr/bin/cmake --install /home/golftrolley/robot_ws/build/ydlidar_ros2_driver
