[0.057s] Invoking command in '/home/golftrolley/robot_ws/build/stereo_camera_node': CMAKE_PREFIX_PATH=${CMAKE_PREFIX_PATH}:/home/golftrolley/robot_ws/install/stereo_camera_split:/home/golftrolley/robot_ws/install/serial_motor_demo:/home/golftrolley/robot_ws/install/golftrolley:/opt/ros/jazzy /usr/bin/cmake --build /home/golftrolley/robot_ws/build/stereo_camera_node -- -j4 -l4
[0.410s] [ 40%] Built target stereo_calibration_capture
[0.485s] [ 60%] [32mBuilding CXX object CMakeFiles/stereo_camera_node.dir/src/main.cpp.o[0m
[0.491s] [ 80%] [32mBuilding CXX object CMakeFiles/stereo_camera_node.dir/src/stereo_camera_node.cpp.o[0m
[18.148s] [01m[K/home/golftrolley/robot_ws/src/stereo_camera_node/src/stereo_camera_node.cpp:[m[K In member function ‘[01m[Kvoid StereoCameraNode::[01;32m[KcaptureAndPublish[m[K()[m[K’:
[18.154s] [01m[K/home/golftrolley/robot_ws/src/stereo_camera_node/src/stereo_camera_node.cpp:74:32:[m[K [01;31m[Kerror: [m[Kno matching function for call to ‘[01m[Krclcpp::Publisher<sensor_msgs::msg::Image_<std::allocator<void> > >::publish(std::shared_ptr<sensor_msgs::msg::Image_<std::allocator<void> > >&)[m[K’
[18.155s]    74 |         [01;31m[Kleft_rect_pub_->publish(left_msg)[m[K;
[18.156s]       |         [01;31m[K~~~~~~~~~~~~~~~~~~~~~~~^~~~~~~~~~[m[K
[18.157s] In file included from [01m[K/opt/ros/jazzy/include/rclcpp/rclcpp/topic_statistics/subscription_topic_statistics.hpp:31[m[K,
[18.158s]                  from [01m[K/opt/ros/jazzy/include/rclcpp/rclcpp/subscription.hpp:50[m[K,
[18.160s]                  from [01m[K/opt/ros/jazzy/include/rclcpp/rclcpp/any_executable.hpp:25[m[K,
[18.161s]                  from [01m[K/opt/ros/jazzy/include/rclcpp/rclcpp/memory_strategy.hpp:25[m[K,
[18.162s]                  from [01m[K/opt/ros/jazzy/include/rclcpp/rclcpp/memory_strategies.hpp:18[m[K,
[18.163s]                  from [01m[K/opt/ros/jazzy/include/rclcpp/rclcpp/executor_options.hpp:22[m[K,
[18.164s]                  from [01m[K/opt/ros/jazzy/include/rclcpp/rclcpp/executor.hpp:38[m[K,
[18.165s]                  from [01m[K/opt/ros/jazzy/include/rclcpp/rclcpp/executors/multi_threaded_executor.hpp:25[m[K,
[18.165s]                  from [01m[K/opt/ros/jazzy/include/rclcpp/rclcpp/executors.hpp:21[m[K,
[18.166s]                  from [01m[K/opt/ros/jazzy/include/rclcpp/rclcpp/rclcpp.hpp:172[m[K,
[18.167s]                  from [01m[K/home/golftrolley/robot_ws/src/stereo_camera_node/src/stereo_camera_node.cpp:1[m[K:
[18.168s] [01m[K/opt/ros/jazzy/include/rclcpp/rclcpp/publisher.hpp:242:3:[m[K [01;36m[Knote: [m[Kcandidate: ‘[01m[Ktemplate<class T> std::enable_if_t<(rosidl_generator_traits::is_message<T>::value && std::is_same<T, typename rclcpp::TypeAdapter<MessageT>::ros_message_type>::value)> rclcpp::Publisher<MessageT, AllocatorT>::[01;32m[Kpublish[m[K(std::unique_ptr<T, typename std::conditional<std::is_same<typename std::allocator_traits<typename std::allocator_traits<_Allocator>::rebind_traits<typename rclcpp::TypeAdapter<MessageT, void, void>::ros_message_type>::allocator_type>::rebind_alloc<typename rclcpp::TypeAdapter<MessageT, void, void>::ros_message_type>, std::allocator<typename rclcpp::TypeAdapter<MessageT>::ros_message_type> >::value, std::default_delete<typename rclcpp::TypeAdapter<MessageT>::ros_message_type>, rclcpp::allocator::AllocatorDeleter<typename std::allocator_traits<_Allocator>::rebind_traits<typename rclcpp::TypeAdapter<MessageT, void, void>::ros_message_type>::allocator_type> >::type>) [35m[K[with MessageT = sensor_msgs::msg::Image_<std::allocator<void> >; AllocatorT = std::allocator<void>][m[K[m[K’
[18.169s]   242 |   [01;36m[Kpublish[m[K(std::unique_ptr<T, ROSMessageTypeDeleter> msg)
[18.170s]       |   [01;36m[K^~~~~~~[m[K
[18.172s] [01m[K/opt/ros/jazzy/include/rclcpp/rclcpp/publisher.hpp:242:3:[m[K [01;36m[Knote: [m[K  template argument deduction/substitution failed:
[18.173s] [01m[K/home/golftrolley/robot_ws/src/stereo_camera_node/src/stereo_camera_node.cpp:74:32:[m[K [01;36m[Knote: [m[K  ‘[01m[Kstd::shared_ptr<sensor_msgs::msg::Image_<std::allocator<void> > >[m[K’ is not derived from ‘[01m[Kstd::unique_ptr<T, std::default_delete<sensor_msgs::msg::Image_<std::allocator<void> > > >[m[K’
[18.174s]    74 |         [01;36m[Kleft_rect_pub_->publish(left_msg)[m[K;
[18.175s]       |         [01;36m[K~~~~~~~~~~~~~~~~~~~~~~~^~~~~~~~~~[m[K
[18.178s] [01m[K/opt/ros/jazzy/include/rclcpp/rclcpp/publisher.hpp:296:3:[m[K [01;36m[Knote: [m[Kcandidate: ‘[01m[Ktemplate<class T> std::enable_if_t<(rosidl_generator_traits::is_message<T>::value && std::is_same<T, typename rclcpp::TypeAdapter<MessageT>::ros_message_type>::value)> rclcpp::Publisher<MessageT, AllocatorT>::[01;32m[Kpublish[m[K(const T&) [35m[K[with MessageT = sensor_msgs::msg::Image_<std::allocator<void> >; AllocatorT = std::allocator<void>][m[K[m[K’
[18.180s]   296 |   [01;36m[Kpublish[m[K(const T & msg)
[18.182s]       |   [01;36m[K^~~~~~~[m[K
[18.182s] [01m[K/opt/ros/jazzy/include/rclcpp/rclcpp/publisher.hpp:296:3:[m[K [01;36m[Knote: [m[K  template argument deduction/substitution failed:
[18.183s] In file included from [01m[K/usr/include/c++/13/bits/move.h:37[m[K,
[18.184s]                  from [01m[K/usr/include/c++/13/bits/new_allocator.h:36[m[K,
[18.185s]                  from [01m[K/usr/include/aarch64-linux-gnu/c++/13/bits/c++allocator.h:33[m[K,
[18.186s]                  from [01m[K/usr/include/c++/13/bits/allocator.h:46[m[K,
[18.186s]                  from [01m[K/usr/include/c++/13/memory:65[m[K,
[18.187s]                  from [01m[K/opt/ros/jazzy/include/rclcpp/rclcpp/rclcpp.hpp:169[m[K:
[18.188s] /usr/include/c++/13/type_traits: In substitution of ‘[01m[Ktemplate<bool _Cond, class _Tp> using std::enable_if_t = typename std::enable_if::type [35m[K[with bool _Cond = false; _Tp = void][m[K[m[K’:
[18.189s] [01m[K/opt/ros/jazzy/include/rclcpp/rclcpp/publisher.hpp:296:3:[m[K   required by substitution of ‘[01m[Ktemplate<class T> std::enable_if_t<(rosidl_generator_traits::is_message<T>::value && std::is_same<T, sensor_msgs::msg::Image_<std::allocator<void> > >::value), void> rclcpp::Publisher<sensor_msgs::msg::Image_<std::allocator<void> > >::[01;32m[Kpublish[m[K(const T&) [35m[K[with T = std::shared_ptr<sensor_msgs::msg::Image_<std::allocator<void> > >][m[K[m[K’
[18.190s] [01m[K/home/golftrolley/robot_ws/src/stereo_camera_node/src/stereo_camera_node.cpp:74:32:[m[K   required from here
[18.192s] [01m[K/usr/include/c++/13/type_traits:2610:11:[m[K [01;31m[Kerror: [m[Kno type named ‘[01m[Ktype[m[K’ in ‘[01m[Kstruct std::enable_if<false, void>[m[K’
[18.192s]  2610 |     using [01;31m[Kenable_if_t[m[K = typename enable_if<_Cond, _Tp>::type;
[18.194s]       |           [01;31m[K^~~~~~~~~~~[m[K
[18.195s] [01m[K/opt/ros/jazzy/include/rclcpp/rclcpp/publisher.hpp:326:3:[m[K [01;36m[Knote: [m[Kcandidate: ‘[01m[Ktemplate<class T> std::enable_if_t<(typename rclcpp::TypeAdapter<MessageT>::is_specialized::value && std::is_same<T, typename rclcpp::TypeAdapter<MessageT>::custom_type>::value)> rclcpp::Publisher<MessageT, AllocatorT>::[01;32m[Kpublish[m[K(std::unique_ptr<T, typename std::conditional<std::is_same<typename std::allocator_traits<typename std::allocator_traits<_Allocator>::rebind_traits<typename rclcpp::TypeAdapter<MessageT, void, void>::custom_type>::allocator_type>::rebind_alloc<typename rclcpp::TypeAdapter<MessageT, void, void>::custom_type>, std::allocator<typename rclcpp::TypeAdapter<MessageT>::custom_type> >::value, std::default_delete<typename rclcpp::TypeAdapter<MessageT>::custom_type>, rclcpp::allocator::AllocatorDeleter<typename std::allocator_traits<_Allocator>::rebind_traits<typename rclcpp::TypeAdapter<MessageT, void, void>::custom_type>::allocator_type> >::type>) [35m[K[with MessageT = sensor_msgs::msg::Image_<std::allocator<void> >; AllocatorT = std::allocator<void>][m[K[m[K’
[18.196s]   326 |   [01;36m[Kpublish[m[K(std::unique_ptr<T, PublishedTypeDeleter> msg)
[18.197s]       |   [01;36m[K^~~~~~~[m[K
[18.199s] [01m[K/opt/ros/jazzy/include/rclcpp/rclcpp/publisher.hpp:326:3:[m[K [01;36m[Knote: [m[K  template argument deduction/substitution failed:
[18.200s] [01m[K/home/golftrolley/robot_ws/src/stereo_camera_node/src/stereo_camera_node.cpp:74:32:[m[K [01;36m[Knote: [m[K  ‘[01m[Kstd::shared_ptr<sensor_msgs::msg::Image_<std::allocator<void> > >[m[K’ is not derived from ‘[01m[Kstd::unique_ptr<T, std::default_delete<sensor_msgs::msg::Image_<std::allocator<void> > > >[m[K’
[18.202s]    74 |         [01;36m[Kleft_rect_pub_->publish(left_msg)[m[K;
[18.203s]       |         [01;36m[K~~~~~~~~~~~~~~~~~~~~~~~^~~~~~~~~~[m[K
[18.205s] [01m[K/opt/ros/jazzy/include/rclcpp/rclcpp/publisher.hpp:376:3:[m[K [01;36m[Knote: [m[Kcandidate: ‘[01m[Ktemplate<class T> std::enable_if_t<(typename rclcpp::TypeAdapter<MessageT>::is_specialized::value && std::is_same<T, typename rclcpp::TypeAdapter<MessageT>::custom_type>::value)> rclcpp::Publisher<MessageT, AllocatorT>::[01;32m[Kpublish[m[K(const T&) [35m[K[with MessageT = sensor_msgs::msg::Image_<std::allocator<void> >; AllocatorT = std::allocator<void>][m[K[m[K’
[18.206s]   376 |   [01;36m[Kpublish[m[K(const T & msg)
[18.207s]       |   [01;36m[K^~~~~~~[m[K
[18.208s] [01m[K/opt/ros/jazzy/include/rclcpp/rclcpp/publisher.hpp:376:3:[m[K [01;36m[Knote: [m[K  template argument deduction/substitution failed:
[18.209s] [01m[K/opt/ros/jazzy/include/rclcpp/rclcpp/publisher.hpp:394:3:[m[K [01;36m[Knote: [m[Kcandidate: ‘[01m[Kvoid rclcpp::Publisher<MessageT, AllocatorT>::[01;32m[Kpublish[m[K(const rcl_serialized_message_t&) [35m[K[with MessageT = sensor_msgs::msg::Image_<std::allocator<void> >; AllocatorT = std::allocator<void>; rcl_serialized_message_t = rcutils_uint8_array_s][m[K[m[K’
[18.210s]   394 |   [01;36m[Kpublish[m[K(const rcl_serialized_message_t & serialized_msg)
[18.211s]       |   [01;36m[K^~~~~~~[m[K
[18.212s] [01m[K/opt/ros/jazzy/include/rclcpp/rclcpp/publisher.hpp:394:44:[m[K [01;36m[Knote: [m[K  no known conversion for argument 1 from ‘[01m[Kstd::shared_ptr<sensor_msgs::msg::Image_<std::allocator<void> > >[m[K’ to ‘[01m[Kconst rcl_serialized_message_t&[m[K’ {aka ‘[01m[Kconst rcutils_uint8_array_s&[m[K’}
[18.212s]   394 |   publish([01;36m[Kconst rcl_serialized_message_t & serialized_msg[m[K)
[18.213s]       |           [01;36m[K~~~~~~~~~~~~~~~~~~~~~~~~~~~~~~~~~^~~~~~~~~~~~~~[m[K
[18.214s] [01m[K/opt/ros/jazzy/include/rclcpp/rclcpp/publisher.hpp:400:3:[m[K [01;36m[Knote: [m[Kcandidate: ‘[01m[Kvoid rclcpp::Publisher<MessageT, AllocatorT>::[01;32m[Kpublish[m[K(const rclcpp::SerializedMessage&) [35m[K[with MessageT = sensor_msgs::msg::Image_<std::allocator<void> >; AllocatorT = std::allocator<void>][m[K[m[K’
[18.215s]   400 |   [01;36m[Kpublish[m[K(const SerializedMessage & serialized_msg)
[18.215s]       |   [01;36m[K^~~~~~~[m[K
[18.217s] [01m[K/opt/ros/jazzy/include/rclcpp/rclcpp/publisher.hpp:400:37:[m[K [01;36m[Knote: [m[K  no known conversion for argument 1 from ‘[01m[Kstd::shared_ptr<sensor_msgs::msg::Image_<std::allocator<void> > >[m[K’ to ‘[01m[Kconst rclcpp::SerializedMessage&[m[K’
[18.218s]   400 |   publish([01;36m[Kconst SerializedMessage & serialized_msg[m[K)
[18.219s]       |           [01;36m[K~~~~~~~~~~~~~~~~~~~~~~~~~~^~~~~~~~~~~~~~[m[K
[18.220s] [01m[K/opt/ros/jazzy/include/rclcpp/rclcpp/publisher.hpp:414:3:[m[K [01;36m[Knote: [m[Kcandidate: ‘[01m[Kvoid rclcpp::Publisher<MessageT, AllocatorT>::[01;32m[Kpublish[m[K(rclcpp::LoanedMessage<typename rclcpp::TypeAdapter<MessageT>::ros_message_type, AllocatorT>&&) [35m[K[with MessageT = sensor_msgs::msg::Image_<std::allocator<void> >; AllocatorT = std::allocator<void>; typename rclcpp::TypeAdapter<MessageT>::ros_message_type = sensor_msgs::msg::Image_<std::allocator<void> >][m[K[m[K’
[18.221s]   414 |   [01;36m[Kpublish[m[K(rclcpp::LoanedMessage<ROSMessageType, AllocatorT> && loaned_msg)
[18.222s]       |   [01;36m[K^~~~~~~[m[K
[18.223s] [01m[K/opt/ros/jazzy/include/rclcpp/rclcpp/publisher.hpp:414:64:[m[K [01;36m[Knote: [m[K  no known conversion for argument 1 from ‘[01m[Kstd::shared_ptr<sensor_msgs::msg::Image_<std::allocator<void> > >[m[K’ to ‘[01m[Krclcpp::LoanedMessage<sensor_msgs::msg::Image_<std::allocator<void> >, std::allocator<void> >&&[m[K’
[18.224s]   414 |   publish([01;36m[Krclcpp::LoanedMessage<ROSMessageType, AllocatorT> && loaned_msg[m[K)
[18.226s]       |           [01;36m[K~~~~~~~~~~~~~~~~~~~~~~~~~~~~~~~~~~~~~~~~~~~~~~~~~~~~~^~~~~~~~~~[m[K
[18.227s] [01m[K/home/golftrolley/robot_ws/src/stereo_camera_node/src/stereo_camera_node.cpp:75:33:[m[K [01;31m[Kerror: [m[Kno matching function for call to ‘[01m[Krclcpp::Publisher<sensor_msgs::msg::Image_<std::allocator<void> > >::publish(std::shared_ptr<sensor_msgs::msg::Image_<std::allocator<void> > >&)[m[K’
[18.230s]    75 |         [01;31m[Kright_rect_pub_->publish(right_msg)[m[K;
[18.231s]       |         [01;31m[K~~~~~~~~~~~~~~~~~~~~~~~~^~~~~~~~~~~[m[K
[18.233s] [01m[K/opt/ros/jazzy/include/rclcpp/rclcpp/publisher.hpp:242:3:[m[K [01;36m[Knote: [m[Kcandidate: ‘[01m[Ktemplate<class T> std::enable_if_t<(rosidl_generator_traits::is_message<T>::value && std::is_same<T, typename rclcpp::TypeAdapter<MessageT>::ros_message_type>::value)> rclcpp::Publisher<MessageT, AllocatorT>::[01;32m[Kpublish[m[K(std::unique_ptr<T, typename std::conditional<std::is_same<typename std::allocator_traits<typename std::allocator_traits<_Allocator>::rebind_traits<typename rclcpp::TypeAdapter<MessageT, void, void>::ros_message_type>::allocator_type>::rebind_alloc<typename rclcpp::TypeAdapter<MessageT, void, void>::ros_message_type>, std::allocator<typename rclcpp::TypeAdapter<MessageT>::ros_message_type> >::value, std::default_delete<typename rclcpp::TypeAdapter<MessageT>::ros_message_type>, rclcpp::allocator::AllocatorDeleter<typename std::allocator_traits<_Allocator>::rebind_traits<typename rclcpp::TypeAdapter<MessageT, void, void>::ros_message_type>::allocator_type> >::type>) [35m[K[with MessageT = sensor_msgs::msg::Image_<std::allocator<void> >; AllocatorT = std::allocator<void>][m[K[m[K’
[18.234s]   242 |   [01;36m[Kpublish[m[K(std::unique_ptr<T, ROSMessageTypeDeleter> msg)
[18.235s]       |   [01;36m[K^~~~~~~[m[K
[18.237s] [01m[K/opt/ros/jazzy/include/rclcpp/rclcpp/publisher.hpp:242:3:[m[K [01;36m[Knote: [m[K  template argument deduction/substitution failed:
[18.239s] [01m[K/home/golftrolley/robot_ws/src/stereo_camera_node/src/stereo_camera_node.cpp:75:33:[m[K [01;36m[Knote: [m[K  ‘[01m[Kstd::shared_ptr<sensor_msgs::msg::Image_<std::allocator<void> > >[m[K’ is not derived from ‘[01m[Kstd::unique_ptr<T, std::default_delete<sensor_msgs::msg::Image_<std::allocator<void> > > >[m[K’
[18.240s]    75 |         [01;36m[Kright_rect_pub_->publish(right_msg)[m[K;
[18.241s]       |         [01;36m[K~~~~~~~~~~~~~~~~~~~~~~~~^~~~~~~~~~~[m[K
[18.242s] [01m[K/opt/ros/jazzy/include/rclcpp/rclcpp/publisher.hpp:296:3:[m[K [01;36m[Knote: [m[Kcandidate: ‘[01m[Ktemplate<class T> std::enable_if_t<(rosidl_generator_traits::is_message<T>::value && std::is_same<T, typename rclcpp::TypeAdapter<MessageT>::ros_message_type>::value)> rclcpp::Publisher<MessageT, AllocatorT>::[01;32m[Kpublish[m[K(const T&) [35m[K[with MessageT = sensor_msgs::msg::Image_<std::allocator<void> >; AllocatorT = std::allocator<void>][m[K[m[K’
[18.243s]   296 |   [01;36m[Kpublish[m[K(const T & msg)
[18.245s]       |   [01;36m[K^~~~~~~[m[K
[18.246s] [01m[K/opt/ros/jazzy/include/rclcpp/rclcpp/publisher.hpp:296:3:[m[K [01;36m[Knote: [m[K  template argument deduction/substitution failed:
[18.248s] [01m[K/opt/ros/jazzy/include/rclcpp/rclcpp/publisher.hpp:326:3:[m[K [01;36m[Knote: [m[Kcandidate: ‘[01m[Ktemplate<class T> std::enable_if_t<(typename rclcpp::TypeAdapter<MessageT>::is_specialized::value && std::is_same<T, typename rclcpp::TypeAdapter<MessageT>::custom_type>::value)> rclcpp::Publisher<MessageT, AllocatorT>::[01;32m[Kpublish[m[K(std::unique_ptr<T, typename std::conditional<std::is_same<typename std::allocator_traits<typename std::allocator_traits<_Allocator>::rebind_traits<typename rclcpp::TypeAdapter<MessageT, void, void>::custom_type>::allocator_type>::rebind_alloc<typename rclcpp::TypeAdapter<MessageT, void, void>::custom_type>, std::allocator<typename rclcpp::TypeAdapter<MessageT>::custom_type> >::value, std::default_delete<typename rclcpp::TypeAdapter<MessageT>::custom_type>, rclcpp::allocator::AllocatorDeleter<typename std::allocator_traits<_Allocator>::rebind_traits<typename rclcpp::TypeAdapter<MessageT, void, void>::custom_type>::allocator_type> >::type>) [35m[K[with MessageT = sensor_msgs::msg::Image_<std::allocator<void> >; AllocatorT = std::allocator<void>][m[K[m[K’
[18.249s]   326 |   [01;36m[Kpublish[m[K(std::unique_ptr<T, PublishedTypeDeleter> msg)
[18.251s]       |   [01;36m[K^~~~~~~[m[K
[18.252s] [01m[K/opt/ros/jazzy/include/rclcpp/rclcpp/publisher.hpp:326:3:[m[K [01;36m[Knote: [m[K  template argument deduction/substitution failed:
[18.253s] [01m[K/home/golftrolley/robot_ws/src/stereo_camera_node/src/stereo_camera_node.cpp:75:33:[m[K [01;36m[Knote: [m[K  ‘[01m[Kstd::shared_ptr<sensor_msgs::msg::Image_<std::allocator<void> > >[m[K’ is not derived from ‘[01m[Kstd::unique_ptr<T, std::default_delete<sensor_msgs::msg::Image_<std::allocator<void> > > >[m[K’
[18.254s]    75 |         [01;36m[Kright_rect_pub_->publish(right_msg)[m[K;
[18.255s]       |         [01;36m[K~~~~~~~~~~~~~~~~~~~~~~~~^~~~~~~~~~~[m[K
[18.256s] [01m[K/opt/ros/jazzy/include/rclcpp/rclcpp/publisher.hpp:376:3:[m[K [01;36m[Knote: [m[Kcandidate: ‘[01m[Ktemplate<class T> std::enable_if_t<(typename rclcpp::TypeAdapter<MessageT>::is_specialized::value && std::is_same<T, typename rclcpp::TypeAdapter<MessageT>::custom_type>::value)> rclcpp::Publisher<MessageT, AllocatorT>::[01;32m[Kpublish[m[K(const T&) [35m[K[with MessageT = sensor_msgs::msg::Image_<std::allocator<void> >; AllocatorT = std::allocator<void>][m[K[m[K’
[18.257s]   376 |   [01;36m[Kpublish[m[K(const T & msg)
[18.258s]       |   [01;36m[K^~~~~~~[m[K
[18.259s] [01m[K/opt/ros/jazzy/include/rclcpp/rclcpp/publisher.hpp:376:3:[m[K [01;36m[Knote: [m[K  template argument deduction/substitution failed:
[18.260s] [01m[K/opt/ros/jazzy/include/rclcpp/rclcpp/publisher.hpp:394:3:[m[K [01;36m[Knote: [m[Kcandidate: ‘[01m[Kvoid rclcpp::Publisher<MessageT, AllocatorT>::[01;32m[Kpublish[m[K(const rcl_serialized_message_t&) [35m[K[with MessageT = sensor_msgs::msg::Image_<std::allocator<void> >; AllocatorT = std::allocator<void>; rcl_serialized_message_t = rcutils_uint8_array_s][m[K[m[K’
[18.261s]   394 |   [01;36m[Kpublish[m[K(const rcl_serialized_message_t & serialized_msg)
[18.262s]       |   [01;36m[K^~~~~~~[m[K
[18.263s] [01m[K/opt/ros/jazzy/include/rclcpp/rclcpp/publisher.hpp:394:44:[m[K [01;36m[Knote: [m[K  no known conversion for argument 1 from ‘[01m[Kstd::shared_ptr<sensor_msgs::msg::Image_<std::allocator<void> > >[m[K’ to ‘[01m[Kconst rcl_serialized_message_t&[m[K’ {aka ‘[01m[Kconst rcutils_uint8_array_s&[m[K’}
[18.264s]   394 |   publish([01;36m[Kconst rcl_serialized_message_t & serialized_msg[m[K)
[18.265s]       |           [01;36m[K~~~~~~~~~~~~~~~~~~~~~~~~~~~~~~~~~^~~~~~~~~~~~~~[m[K
[18.266s] [01m[K/opt/ros/jazzy/include/rclcpp/rclcpp/publisher.hpp:400:3:[m[K [01;36m[Knote: [m[Kcandidate: ‘[01m[Kvoid rclcpp::Publisher<MessageT, AllocatorT>::[01;32m[Kpublish[m[K(const rclcpp::SerializedMessage&) [35m[K[with MessageT = sensor_msgs::msg::Image_<std::allocator<void> >; AllocatorT = std::allocator<void>][m[K[m[K’
[18.267s]   400 |   [01;36m[Kpublish[m[K(const SerializedMessage & serialized_msg)
[18.268s]       |   [01;36m[K^~~~~~~[m[K
[18.269s] [01m[K/opt/ros/jazzy/include/rclcpp/rclcpp/publisher.hpp:400:37:[m[K [01;36m[Knote: [m[K  no known conversion for argument 1 from ‘[01m[Kstd::shared_ptr<sensor_msgs::msg::Image_<std::allocator<void> > >[m[K’ to ‘[01m[Kconst rclcpp::SerializedMessage&[m[K’
[18.270s]   400 |   publish([01;36m[Kconst SerializedMessage & serialized_msg[m[K)
[18.271s]       |           [01;36m[K~~~~~~~~~~~~~~~~~~~~~~~~~~^~~~~~~~~~~~~~[m[K
[18.272s] [01m[K/opt/ros/jazzy/include/rclcpp/rclcpp/publisher.hpp:414:3:[m[K [01;36m[Knote: [m[Kcandidate: ‘[01m[Kvoid rclcpp::Publisher<MessageT, AllocatorT>::[01;32m[Kpublish[m[K(rclcpp::LoanedMessage<typename rclcpp::TypeAdapter<MessageT>::ros_message_type, AllocatorT>&&) [35m[K[with MessageT = sensor_msgs::msg::Image_<std::allocator<void> >; AllocatorT = std::allocator<void>; typename rclcpp::TypeAdapter<MessageT>::ros_message_type = sensor_msgs::msg::Image_<std::allocator<void> >][m[K[m[K’
[18.273s]   414 |   [01;36m[Kpublish[m[K(rclcpp::LoanedMessage<ROSMessageType, AllocatorT> && loaned_msg)
[18.275s]       |   [01;36m[K^~~~~~~[m[K
[18.276s] [01m[K/opt/ros/jazzy/include/rclcpp/rclcpp/publisher.hpp:414:64:[m[K [01;36m[Knote: [m[K  no known conversion for argument 1 from ‘[01m[Kstd::shared_ptr<sensor_msgs::msg::Image_<std::allocator<void> > >[m[K’ to ‘[01m[Krclcpp::LoanedMessage<sensor_msgs::msg::Image_<std::allocator<void> >, std::allocator<void> >&&[m[K’
[18.277s]   414 |   publish([01;36m[Krclcpp::LoanedMessage<ROSMessageType, AllocatorT> && loaned_msg[m[K)
[18.278s]       |           [01;36m[K~~~~~~~~~~~~~~~~~~~~~~~~~~~~~~~~~~~~~~~~~~~~~~~~~~~~~^~~~~~~~~~[m[K
[18.570s] In file included from [01m[K/home/golftrolley/robot_ws/src/stereo_camera_node/src/main.cpp:1[m[K:
[18.571s] [01m[K/home/golftrolley/robot_ws/src/stereo_camera_node/src/stereo_camera_node.cpp:[m[K In member function ‘[01m[Kvoid StereoCameraNode::[01;32m[KcaptureAndPublish[m[K()[m[K’:
[18.572s] [01m[K/home/golftrolley/robot_ws/src/stereo_camera_node/src/stereo_camera_node.cpp:74:32:[m[K [01;31m[Kerror: [m[Kno matching function for call to ‘[01m[Krclcpp::Publisher<sensor_msgs::msg::Image_<std::allocator<void> > >::publish(std::shared_ptr<sensor_msgs::msg::Image_<std::allocator<void> > >&)[m[K’
[18.576s]    74 |         [01;31m[Kleft_rect_pub_->publish(left_msg)[m[K;
[18.577s]       |         [01;31m[K~~~~~~~~~~~~~~~~~~~~~~~^~~~~~~~~~[m[K
[18.578s] In file included from [01m[K/opt/ros/jazzy/include/rclcpp/rclcpp/topic_statistics/subscription_topic_statistics.hpp:31[m[K,
[18.579s]                  from [01m[K/opt/ros/jazzy/include/rclcpp/rclcpp/subscription.hpp:50[m[K,
[18.580s]                  from [01m[K/opt/ros/jazzy/include/rclcpp/rclcpp/any_executable.hpp:25[m[K,
[18.581s]                  from [01m[K/opt/ros/jazzy/include/rclcpp/rclcpp/memory_strategy.hpp:25[m[K,
[18.582s]                  from [01m[K/opt/ros/jazzy/include/rclcpp/rclcpp/memory_strategies.hpp:18[m[K,
[18.583s]                  from [01m[K/opt/ros/jazzy/include/rclcpp/rclcpp/executor_options.hpp:22[m[K,
[18.584s]                  from [01m[K/opt/ros/jazzy/include/rclcpp/rclcpp/executor.hpp:38[m[K,
[18.585s]                  from [01m[K/opt/ros/jazzy/include/rclcpp/rclcpp/executors/multi_threaded_executor.hpp:25[m[K,
[18.586s]                  from [01m[K/opt/ros/jazzy/include/rclcpp/rclcpp/executors.hpp:21[m[K,
[18.587s]                  from [01m[K/opt/ros/jazzy/include/rclcpp/rclcpp/rclcpp.hpp:172[m[K,
[18.587s]                  from [01m[K/home/golftrolley/robot_ws/src/stereo_camera_node/src/stereo_camera_node.cpp:1[m[K:
[18.588s] [01m[K/opt/ros/jazzy/include/rclcpp/rclcpp/publisher.hpp:242:3:[m[K [01;36m[Knote: [m[Kcandidate: ‘[01m[Ktemplate<class T> std::enable_if_t<(rosidl_generator_traits::is_message<T>::value && std::is_same<T, typename rclcpp::TypeAdapter<MessageT>::ros_message_type>::value)> rclcpp::Publisher<MessageT, AllocatorT>::[01;32m[Kpublish[m[K(std::unique_ptr<T, typename std::conditional<std::is_same<typename std::allocator_traits<typename std::allocator_traits<_Allocator>::rebind_traits<typename rclcpp::TypeAdapter<MessageT, void, void>::ros_message_type>::allocator_type>::rebind_alloc<typename rclcpp::TypeAdapter<MessageT, void, void>::ros_message_type>, std::allocator<typename rclcpp::TypeAdapter<MessageT>::ros_message_type> >::value, std::default_delete<typename rclcpp::TypeAdapter<MessageT>::ros_message_type>, rclcpp::allocator::AllocatorDeleter<typename std::allocator_traits<_Allocator>::rebind_traits<typename rclcpp::TypeAdapter<MessageT, void, void>::ros_message_type>::allocator_type> >::type>) [35m[K[with MessageT = sensor_msgs::msg::Image_<std::allocator<void> >; AllocatorT = std::allocator<void>][m[K[m[K’
[18.590s]   242 |   [01;36m[Kpublish[m[K(std::unique_ptr<T, ROSMessageTypeDeleter> msg)
[18.591s]       |   [01;36m[K^~~~~~~[m[K
[18.592s] [01m[K/opt/ros/jazzy/include/rclcpp/rclcpp/publisher.hpp:242:3:[m[K [01;36m[Knote: [m[K  template argument deduction/substitution failed:
[18.593s] [01m[K/home/golftrolley/robot_ws/src/stereo_camera_node/src/stereo_camera_node.cpp:74:32:[m[K [01;36m[Knote: [m[K  ‘[01m[Kstd::shared_ptr<sensor_msgs::msg::Image_<std::allocator<void> > >[m[K’ is not derived from ‘[01m[Kstd::unique_ptr<T, std::default_delete<sensor_msgs::msg::Image_<std::allocator<void> > > >[m[K’
[18.595s]    74 |         [01;36m[Kleft_rect_pub_->publish(left_msg)[m[K;
[18.596s]       |         [01;36m[K~~~~~~~~~~~~~~~~~~~~~~~^~~~~~~~~~[m[K
[18.597s] [01m[K/opt/ros/jazzy/include/rclcpp/rclcpp/publisher.hpp:296:3:[m[K [01;36m[Knote: [m[Kcandidate: ‘[01m[Ktemplate<class T> std::enable_if_t<(rosidl_generator_traits::is_message<T>::value && std::is_same<T, typename rclcpp::TypeAdapter<MessageT>::ros_message_type>::value)> rclcpp::Publisher<MessageT, AllocatorT>::[01;32m[Kpublish[m[K(const T&) [35m[K[with MessageT = sensor_msgs::msg::Image_<std::allocator<void> >; AllocatorT = std::allocator<void>][m[K[m[K’
[18.597s]   296 |   [01;36m[Kpublish[m[K(const T & msg)
[18.598s]       |   [01;36m[K^~~~~~~[m[K
[18.599s] [01m[K/opt/ros/jazzy/include/rclcpp/rclcpp/publisher.hpp:296:3:[m[K [01;36m[Knote: [m[K  template argument deduction/substitution failed:
[18.600s] In file included from [01m[K/usr/include/c++/13/bits/move.h:37[m[K,
[18.601s]                  from [01m[K/usr/include/c++/13/bits/new_allocator.h:36[m[K,
[18.602s]                  from [01m[K/usr/include/aarch64-linux-gnu/c++/13/bits/c++allocator.h:33[m[K,
[18.603s]                  from [01m[K/usr/include/c++/13/bits/allocator.h:46[m[K,
[18.604s]                  from [01m[K/usr/include/c++/13/memory:65[m[K,
[18.604s]                  from [01m[K/opt/ros/jazzy/include/rclcpp/rclcpp/rclcpp.hpp:169[m[K:
[18.605s] /usr/include/c++/13/type_traits: In substitution of ‘[01m[Ktemplate<bool _Cond, class _Tp> using std::enable_if_t = typename std::enable_if::type [35m[K[with bool _Cond = false; _Tp = void][m[K[m[K’:
[18.606s] [01m[K/opt/ros/jazzy/include/rclcpp/rclcpp/publisher.hpp:296:3:[m[K   required by substitution of ‘[01m[Ktemplate<class T> std::enable_if_t<(rosidl_generator_traits::is_message<T>::value && std::is_same<T, sensor_msgs::msg::Image_<std::allocator<void> > >::value), void> rclcpp::Publisher<sensor_msgs::msg::Image_<std::allocator<void> > >::[01;32m[Kpublish[m[K(const T&) [35m[K[with T = std::shared_ptr<sensor_msgs::msg::Image_<std::allocator<void> > >][m[K[m[K’
[18.607s] [01m[K/home/golftrolley/robot_ws/src/stereo_camera_node/src/stereo_camera_node.cpp:74:32:[m[K   required from here
[18.608s] [01m[K/usr/include/c++/13/type_traits:2610:11:[m[K [01;31m[Kerror: [m[Kno type named ‘[01m[Ktype[m[K’ in ‘[01m[Kstruct std::enable_if<false, void>[m[K’
[18.610s]  2610 |     using [01;31m[Kenable_if_t[m[K = typename enable_if<_Cond, _Tp>::type;
[18.611s]       |           [01;31m[K^~~~~~~~~~~[m[K
[18.612s] [01m[K/opt/ros/jazzy/include/rclcpp/rclcpp/publisher.hpp:326:3:[m[K [01;36m[Knote: [m[Kcandidate: ‘[01m[Ktemplate<class T> std::enable_if_t<(typename rclcpp::TypeAdapter<MessageT>::is_specialized::value && std::is_same<T, typename rclcpp::TypeAdapter<MessageT>::custom_type>::value)> rclcpp::Publisher<MessageT, AllocatorT>::[01;32m[Kpublish[m[K(std::unique_ptr<T, typename std::conditional<std::is_same<typename std::allocator_traits<typename std::allocator_traits<_Allocator>::rebind_traits<typename rclcpp::TypeAdapter<MessageT, void, void>::custom_type>::allocator_type>::rebind_alloc<typename rclcpp::TypeAdapter<MessageT, void, void>::custom_type>, std::allocator<typename rclcpp::TypeAdapter<MessageT>::custom_type> >::value, std::default_delete<typename rclcpp::TypeAdapter<MessageT>::custom_type>, rclcpp::allocator::AllocatorDeleter<typename std::allocator_traits<_Allocator>::rebind_traits<typename rclcpp::TypeAdapter<MessageT, void, void>::custom_type>::allocator_type> >::type>) [35m[K[with MessageT = sensor_msgs::msg::Image_<std::allocator<void> >; AllocatorT = std::allocator<void>][m[K[m[K’
[18.613s]   326 |   [01;36m[Kpublish[m[K(std::unique_ptr<T, PublishedTypeDeleter> msg)
[18.614s]       |   [01;36m[K^~~~~~~[m[K
[18.614s] [01m[K/opt/ros/jazzy/include/rclcpp/rclcpp/publisher.hpp:326:3:[m[K [01;36m[Knote: [m[K  template argument deduction/substitution failed:
[18.615s] [01m[K/home/golftrolley/robot_ws/src/stereo_camera_node/src/stereo_camera_node.cpp:74:32:[m[K [01;36m[Knote: [m[K  ‘[01m[Kstd::shared_ptr<sensor_msgs::msg::Image_<std::allocator<void> > >[m[K’ is not derived from ‘[01m[Kstd::unique_ptr<T, std::default_delete<sensor_msgs::msg::Image_<std::allocator<void> > > >[m[K’
[18.616s]    74 |         [01;36m[Kleft_rect_pub_->publish(left_msg)[m[K;
[18.617s]       |         [01;36m[K~~~~~~~~~~~~~~~~~~~~~~~^~~~~~~~~~[m[K
[18.618s] [01m[K/opt/ros/jazzy/include/rclcpp/rclcpp/publisher.hpp:376:3:[m[K [01;36m[Knote: [m[Kcandidate: ‘[01m[Ktemplate<class T> std::enable_if_t<(typename rclcpp::TypeAdapter<MessageT>::is_specialized::value && std::is_same<T, typename rclcpp::TypeAdapter<MessageT>::custom_type>::value)> rclcpp::Publisher<MessageT, AllocatorT>::[01;32m[Kpublish[m[K(const T&) [35m[K[with MessageT = sensor_msgs::msg::Image_<std::allocator<void> >; AllocatorT = std::allocator<void>][m[K[m[K’
[18.619s]   376 |   [01;36m[Kpublish[m[K(const T & msg)
[18.619s]       |   [01;36m[K^~~~~~~[m[K
[18.620s] [01m[K/opt/ros/jazzy/include/rclcpp/rclcpp/publisher.hpp:376:3:[m[K [01;36m[Knote: [m[K  template argument deduction/substitution failed:
[18.621s] [01m[K/opt/ros/jazzy/include/rclcpp/rclcpp/publisher.hpp:394:3:[m[K [01;36m[Knote: [m[Kcandidate: ‘[01m[Kvoid rclcpp::Publisher<MessageT, AllocatorT>::[01;32m[Kpublish[m[K(const rcl_serialized_message_t&) [35m[K[with MessageT = sensor_msgs::msg::Image_<std::allocator<void> >; AllocatorT = std::allocator<void>; rcl_serialized_message_t = rcutils_uint8_array_s][m[K[m[K’
[18.622s]   394 |   [01;36m[Kpublish[m[K(const rcl_serialized_message_t & serialized_msg)
[18.622s]       |   [01;36m[K^~~~~~~[m[K
[18.623s] [01m[K/opt/ros/jazzy/include/rclcpp/rclcpp/publisher.hpp:394:44:[m[K [01;36m[Knote: [m[K  no known conversion for argument 1 from ‘[01m[Kstd::shared_ptr<sensor_msgs::msg::Image_<std::allocator<void> > >[m[K’ to ‘[01m[Kconst rcl_serialized_message_t&[m[K’ {aka ‘[01m[Kconst rcutils_uint8_array_s&[m[K’}
[18.624s]   394 |   publish([01;36m[Kconst rcl_serialized_message_t & serialized_msg[m[K)
[18.625s]       |           [01;36m[K~~~~~~~~~~~~~~~~~~~~~~~~~~~~~~~~~^~~~~~~~~~~~~~[m[K
[18.625s] [01m[K/opt/ros/jazzy/include/rclcpp/rclcpp/publisher.hpp:400:3:[m[K [01;36m[Knote: [m[Kcandidate: ‘[01m[Kvoid rclcpp::Publisher<MessageT, AllocatorT>::[01;32m[Kpublish[m[K(const rclcpp::SerializedMessage&) [35m[K[with MessageT = sensor_msgs::msg::Image_<std::allocator<void> >; AllocatorT = std::allocator<void>][m[K[m[K’
[18.627s]   400 |   [01;36m[Kpublish[m[K(const SerializedMessage & serialized_msg)
[18.628s]       |   [01;36m[K^~~~~~~[m[K
[18.629s] [01m[K/opt/ros/jazzy/include/rclcpp/rclcpp/publisher.hpp:400:37:[m[K [01;36m[Knote: [m[K  no known conversion for argument 1 from ‘[01m[Kstd::shared_ptr<sensor_msgs::msg::Image_<std::allocator<void> > >[m[K’ to ‘[01m[Kconst rclcpp::SerializedMessage&[m[K’
[18.631s]   400 |   publish([01;36m[Kconst SerializedMessage & serialized_msg[m[K)
[18.632s]       |           [01;36m[K~~~~~~~~~~~~~~~~~~~~~~~~~~^~~~~~~~~~~~~~[m[K
[18.633s] [01m[K/opt/ros/jazzy/include/rclcpp/rclcpp/publisher.hpp:414:3:[m[K [01;36m[Knote: [m[Kcandidate: ‘[01m[Kvoid rclcpp::Publisher<MessageT, AllocatorT>::[01;32m[Kpublish[m[K(rclcpp::LoanedMessage<typename rclcpp::TypeAdapter<MessageT>::ros_message_type, AllocatorT>&&) [35m[K[with MessageT = sensor_msgs::msg::Image_<std::allocator<void> >; AllocatorT = std::allocator<void>; typename rclcpp::TypeAdapter<MessageT>::ros_message_type = sensor_msgs::msg::Image_<std::allocator<void> >][m[K[m[K’
[18.634s]   414 |   [01;36m[Kpublish[m[K(rclcpp::LoanedMessage<ROSMessageType, AllocatorT> && loaned_msg)
[18.635s]       |   [01;36m[K^~~~~~~[m[K
[18.635s] [01m[K/opt/ros/jazzy/include/rclcpp/rclcpp/publisher.hpp:414:64:[m[K [01;36m[Knote: [m[K  no known conversion for argument 1 from ‘[01m[Kstd::shared_ptr<sensor_msgs::msg::Image_<std::allocator<void> > >[m[K’ to ‘[01m[Krclcpp::LoanedMessage<sensor_msgs::msg::Image_<std::allocator<void> >, std::allocator<void> >&&[m[K’
[18.636s]   414 |   publish([01;36m[Krclcpp::LoanedMessage<ROSMessageType, AllocatorT> && loaned_msg[m[K)
[18.637s]       |           [01;36m[K~~~~~~~~~~~~~~~~~~~~~~~~~~~~~~~~~~~~~~~~~~~~~~~~~~~~~^~~~~~~~~~[m[K
[18.638s] [01m[K/home/golftrolley/robot_ws/src/stereo_camera_node/src/stereo_camera_node.cpp:75:33:[m[K [01;31m[Kerror: [m[Kno matching function for call to ‘[01m[Krclcpp::Publisher<sensor_msgs::msg::Image_<std::allocator<void> > >::publish(std::shared_ptr<sensor_msgs::msg::Image_<std::allocator<void> > >&)[m[K’
[18.638s]    75 |         [01;31m[Kright_rect_pub_->publish(right_msg)[m[K;
[18.639s]       |         [01;31m[K~~~~~~~~~~~~~~~~~~~~~~~~^~~~~~~~~~~[m[K
[18.641s] [01m[K/opt/ros/jazzy/include/rclcpp/rclcpp/publisher.hpp:242:3:[m[K [01;36m[Knote: [m[Kcandidate: ‘[01m[Ktemplate<class T> std::enable_if_t<(rosidl_generator_traits::is_message<T>::value && std::is_same<T, typename rclcpp::TypeAdapter<MessageT>::ros_message_type>::value)> rclcpp::Publisher<MessageT, AllocatorT>::[01;32m[Kpublish[m[K(std::unique_ptr<T, typename std::conditional<std::is_same<typename std::allocator_traits<typename std::allocator_traits<_Allocator>::rebind_traits<typename rclcpp::TypeAdapter<MessageT, void, void>::ros_message_type>::allocator_type>::rebind_alloc<typename rclcpp::TypeAdapter<MessageT, void, void>::ros_message_type>, std::allocator<typename rclcpp::TypeAdapter<MessageT>::ros_message_type> >::value, std::default_delete<typename rclcpp::TypeAdapter<MessageT>::ros_message_type>, rclcpp::allocator::AllocatorDeleter<typename std::allocator_traits<_Allocator>::rebind_traits<typename rclcpp::TypeAdapter<MessageT, void, void>::ros_message_type>::allocator_type> >::type>) [35m[K[with MessageT = sensor_msgs::msg::Image_<std::allocator<void> >; AllocatorT = std::allocator<void>][m[K[m[K’
[18.642s]   242 |   [01;36m[Kpublish[m[K(std::unique_ptr<T, ROSMessageTypeDeleter> msg)
[18.643s]       |   [01;36m[K^~~~~~~[m[K
[18.644s] [01m[K/opt/ros/jazzy/include/rclcpp/rclcpp/publisher.hpp:242:3:[m[K [01;36m[Knote: [m[K  template argument deduction/substitution failed:
[18.645s] [01m[K/home/golftrolley/robot_ws/src/stereo_camera_node/src/stereo_camera_node.cpp:75:33:[m[K [01;36m[Knote: [m[K  ‘[01m[Kstd::shared_ptr<sensor_msgs::msg::Image_<std::allocator<void> > >[m[K’ is not derived from ‘[01m[Kstd::unique_ptr<T, std::default_delete<sensor_msgs::msg::Image_<std::allocator<void> > > >[m[K’
[18.646s]    75 |         [01;36m[Kright_rect_pub_->publish(right_msg)[m[K;
[18.647s]       |         [01;36m[K~~~~~~~~~~~~~~~~~~~~~~~~^~~~~~~~~~~[m[K
[18.648s] [01m[K/opt/ros/jazzy/include/rclcpp/rclcpp/publisher.hpp:296:3:[m[K [01;36m[Knote: [m[Kcandidate: ‘[01m[Ktemplate<class T> std::enable_if_t<(rosidl_generator_traits::is_message<T>::value && std::is_same<T, typename rclcpp::TypeAdapter<MessageT>::ros_message_type>::value)> rclcpp::Publisher<MessageT, AllocatorT>::[01;32m[Kpublish[m[K(const T&) [35m[K[with MessageT = sensor_msgs::msg::Image_<std::allocator<void> >; AllocatorT = std::allocator<void>][m[K[m[K’
[18.649s]   296 |   [01;36m[Kpublish[m[K(const T & msg)
[18.651s]       |   [01;36m[K^~~~~~~[m[K
[18.652s] [01m[K/opt/ros/jazzy/include/rclcpp/rclcpp/publisher.hpp:296:3:[m[K [01;36m[Knote: [m[K  template argument deduction/substitution failed:
[18.653s] [01m[K/opt/ros/jazzy/include/rclcpp/rclcpp/publisher.hpp:326:3:[m[K [01;36m[Knote: [m[Kcandidate: ‘[01m[Ktemplate<class T> std::enable_if_t<(typename rclcpp::TypeAdapter<MessageT>::is_specialized::value && std::is_same<T, typename rclcpp::TypeAdapter<MessageT>::custom_type>::value)> rclcpp::Publisher<MessageT, AllocatorT>::[01;32m[Kpublish[m[K(std::unique_ptr<T, typename std::conditional<std::is_same<typename std::allocator_traits<typename std::allocator_traits<_Allocator>::rebind_traits<typename rclcpp::TypeAdapter<MessageT, void, void>::custom_type>::allocator_type>::rebind_alloc<typename rclcpp::TypeAdapter<MessageT, void, void>::custom_type>, std::allocator<typename rclcpp::TypeAdapter<MessageT>::custom_type> >::value, std::default_delete<typename rclcpp::TypeAdapter<MessageT>::custom_type>, rclcpp::allocator::AllocatorDeleter<typename std::allocator_traits<_Allocator>::rebind_traits<typename rclcpp::TypeAdapter<MessageT, void, void>::custom_type>::allocator_type> >::type>) [35m[K[with MessageT = sensor_msgs::msg::Image_<std::allocator<void> >; AllocatorT = std::allocator<void>][m[K[m[K’
[18.654s]   326 |   [01;36m[Kpublish[m[K(std::unique_ptr<T, PublishedTypeDeleter> msg)
[18.655s]       |   [01;36m[K^~~~~~~[m[K
[18.656s] [01m[K/opt/ros/jazzy/include/rclcpp/rclcpp/publisher.hpp:326:3:[m[K [01;36m[Knote: [m[K  template argument deduction/substitution failed:
[18.657s] [01m[K/home/golftrolley/robot_ws/src/stereo_camera_node/src/stereo_camera_node.cpp:75:33:[m[K [01;36m[Knote: [m[K  ‘[01m[Kstd::shared_ptr<sensor_msgs::msg::Image_<std::allocator<void> > >[m[K’ is not derived from ‘[01m[Kstd::unique_ptr<T, std::default_delete<sensor_msgs::msg::Image_<std::allocator<void> > > >[m[K’
[18.657s]    75 |         [01;36m[Kright_rect_pub_->publish(right_msg)[m[K;
[18.658s]       |         [01;36m[K~~~~~~~~~~~~~~~~~~~~~~~~^~~~~~~~~~~[m[K
[18.659s] [01m[K/opt/ros/jazzy/include/rclcpp/rclcpp/publisher.hpp:376:3:[m[K [01;36m[Knote: [m[Kcandidate: ‘[01m[Ktemplate<class T> std::enable_if_t<(typename rclcpp::TypeAdapter<MessageT>::is_specialized::value && std::is_same<T, typename rclcpp::TypeAdapter<MessageT>::custom_type>::value)> rclcpp::Publisher<MessageT, AllocatorT>::[01;32m[Kpublish[m[K(const T&) [35m[K[with MessageT = sensor_msgs::msg::Image_<std::allocator<void> >; AllocatorT = std::allocator<void>][m[K[m[K’
[18.660s]   376 |   [01;36m[Kpublish[m[K(const T & msg)
[18.661s]       |   [01;36m[K^~~~~~~[m[K
[18.662s] [01m[K/opt/ros/jazzy/include/rclcpp/rclcpp/publisher.hpp:376:3:[m[K [01;36m[Knote: [m[K  template argument deduction/substitution failed:
[18.662s] [01m[K/opt/ros/jazzy/include/rclcpp/rclcpp/publisher.hpp:394:3:[m[K [01;36m[Knote: [m[Kcandidate: ‘[01m[Kvoid rclcpp::Publisher<MessageT, AllocatorT>::[01;32m[Kpublish[m[K(const rcl_serialized_message_t&) [35m[K[with MessageT = sensor_msgs::msg::Image_<std::allocator<void> >; AllocatorT = std::allocator<void>; rcl_serialized_message_t = rcutils_uint8_array_s][m[K[m[K’
[18.663s]   394 |   [01;36m[Kpublish[m[K(const rcl_serialized_message_t & serialized_msg)
[18.664s]       |   [01;36m[K^~~~~~~[m[K
[18.665s] [01m[K/opt/ros/jazzy/include/rclcpp/rclcpp/publisher.hpp:394:44:[m[K [01;36m[Knote: [m[K  no known conversion for argument 1 from ‘[01m[Kstd::shared_ptr<sensor_msgs::msg::Image_<std::allocator<void> > >[m[K’ to ‘[01m[Kconst rcl_serialized_message_t&[m[K’ {aka ‘[01m[Kconst rcutils_uint8_array_s&[m[K’}
[18.666s]   394 |   publish([01;36m[Kconst rcl_serialized_message_t & serialized_msg[m[K)
[18.666s]       |           [01;36m[K~~~~~~~~~~~~~~~~~~~~~~~~~~~~~~~~~^~~~~~~~~~~~~~[m[K
[18.667s] [01m[K/opt/ros/jazzy/include/rclcpp/rclcpp/publisher.hpp:400:3:[m[K [01;36m[Knote: [m[Kcandidate: ‘[01m[Kvoid rclcpp::Publisher<MessageT, AllocatorT>::[01;32m[Kpublish[m[K(const rclcpp::SerializedMessage&) [35m[K[with MessageT = sensor_msgs::msg::Image_<std::allocator<void> >; AllocatorT = std::allocator<void>][m[K[m[K’
[18.668s]   400 |   [01;36m[Kpublish[m[K(const SerializedMessage & serialized_msg)
[18.669s]       |   [01;36m[K^~~~~~~[m[K
[18.670s] [01m[K/opt/ros/jazzy/include/rclcpp/rclcpp/publisher.hpp:400:37:[m[K [01;36m[Knote: [m[K  no known conversion for argument 1 from ‘[01m[Kstd::shared_ptr<sensor_msgs::msg::Image_<std::allocator<void> > >[m[K’ to ‘[01m[Kconst rclcpp::SerializedMessage&[m[K’
[18.671s]   400 |   publish([01;36m[Kconst SerializedMessage & serialized_msg[m[K)
[18.671s]       |           [01;36m[K~~~~~~~~~~~~~~~~~~~~~~~~~~^~~~~~~~~~~~~~[m[K
[18.672s] [01m[K/opt/ros/jazzy/include/rclcpp/rclcpp/publisher.hpp:414:3:[m[K [01;36m[Knote: [m[Kcandidate: ‘[01m[Kvoid rclcpp::Publisher<MessageT, AllocatorT>::[01;32m[Kpublish[m[K(rclcpp::LoanedMessage<typename rclcpp::TypeAdapter<MessageT>::ros_message_type, AllocatorT>&&) [35m[K[with MessageT = sensor_msgs::msg::Image_<std::allocator<void> >; AllocatorT = std::allocator<void>; typename rclcpp::TypeAdapter<MessageT>::ros_message_type = sensor_msgs::msg::Image_<std::allocator<void> >][m[K[m[K’
[18.673s]   414 |   [01;36m[Kpublish[m[K(rclcpp::LoanedMessage<ROSMessageType, AllocatorT> && loaned_msg)
[18.674s]       |   [01;36m[K^~~~~~~[m[K
[18.675s] [01m[K/opt/ros/jazzy/include/rclcpp/rclcpp/publisher.hpp:414:64:[m[K [01;36m[Knote: [m[K  no known conversion for argument 1 from ‘[01m[Kstd::shared_ptr<sensor_msgs::msg::Image_<std::allocator<void> > >[m[K’ to ‘[01m[Krclcpp::LoanedMessage<sensor_msgs::msg::Image_<std::allocator<void> >, std::allocator<void> >&&[m[K’
[18.675s]   414 |   publish([01;36m[Krclcpp::LoanedMessage<ROSMessageType, AllocatorT> && loaned_msg[m[K)
[18.676s]       |           [01;36m[K~~~~~~~~~~~~~~~~~~~~~~~~~~~~~~~~~~~~~~~~~~~~~~~~~~~~~^~~~~~~~~~[m[K
[18.677s] [01m[K/home/golftrolley/robot_ws/src/stereo_camera_node/src/main.cpp:[m[K At global scope:
[18.678s] [01m[K/home/golftrolley/robot_ws/src/stereo_camera_node/src/main.cpp:4:5:[m[K [01;31m[Kerror: [m[Kredefinition of ‘[01m[Kint[01;32m[K main[m[K(int, char**)[m[K’
[18.678s]     4 | int [01;31m[Kmain[m[K(int argc, char **argv)
[18.679s]       |     [01;31m[K^~~~[m[K
[18.680s] [01m[K/home/golftrolley/robot_ws/src/stereo_camera_node/src/stereo_camera_node.cpp:92:5:[m[K [01;36m[Knote: [m[K‘[01m[Kint[01;32m[K main[m[K(int, char**)[m[K’ previously defined here
[18.681s]    92 | int [01;36m[Kmain[m[K(int argc, char** argv)
[18.682s]       |     [01;36m[K^~~~[m[K
[25.877s] gmake[2]: *** [CMakeFiles/stereo_camera_node.dir/build.make:90: CMakeFiles/stereo_camera_node.dir/src/stereo_camera_node.cpp.o] Error 1
[25.877s] gmake[2]: *** Waiting for unfinished jobs....
[26.305s] gmake[2]: *** [CMakeFiles/stereo_camera_node.dir/build.make:76: CMakeFiles/stereo_camera_node.dir/src/main.cpp.o] Error 1
[26.306s] gmake[1]: *** [CMakeFiles/Makefile2:165: CMakeFiles/stereo_camera_node.dir/all] Error 2
[26.307s] gmake: *** [Makefile:146: all] Error 2
[26.317s] Invoked command in '/home/golftrolley/robot_ws/build/stereo_camera_node' returned '2': CMAKE_PREFIX_PATH=${CMAKE_PREFIX_PATH}:/home/golftrolley/robot_ws/install/stereo_camera_split:/home/golftrolley/robot_ws/install/serial_motor_demo:/home/golftrolley/robot_ws/install/golftrolley:/opt/ros/jazzy /usr/bin/cmake --build /home/golftrolley/robot_ws/build/stereo_camera_node -- -j4 -l4
