[0.086s] Invoking command in '/home/golftrolley/robot_ws/build/ydlidar_ros2_driver': CMAKE_PREFIX_PATH=${CMAKE_PREFIX_PATH}:/home/golftrolley/robot_ws/install/stereo_camera_split:/home/golftrolley/robot_ws/install/serial_motor_demo:/home/golftrolley/robot_ws/install/golftrolley:/opt/ros/jazzy /usr/bin/cmake --build /home/golftrolley/robot_ws/build/ydlidar_ros2_driver -- -j4 -l4
[0.752s] [ 50%] Built target ydlidar_ros2_driver_client
[0.753s] [100%] Built target ydlidar_ros2_driver_node
[0.894s] Invoked command in '/home/golftrolley/robot_ws/build/ydlidar_ros2_driver' returned '0': CMAKE_PREFIX_PATH=${CMAKE_PREFIX_PATH}:/home/golftrolley/robot_ws/install/stereo_camera_split:/home/golftrolley/robot_ws/install/serial_motor_demo:/home/golftrolley/robot_ws/install/golftrolley:/opt/ros/jazzy /usr/bin/cmake --build /home/golftrolley/robot_ws/build/ydlidar_ros2_driver -- -j4 -l4
[0.900s] Invoking command in '/home/golftrolley/robot_ws/build/ydlidar_ros2_driver': CMAKE_PREFIX_PATH=${CMAKE_PREFIX_PATH}:/home/golftrolley/robot_ws/install/stereo_camera_split:/home/golftrolley/robot_ws/install/serial_motor_demo:/home/golftrolley/robot_ws/install/golftrolley:/opt/ros/jazzy /usr/bin/cmake --install /home/golftrolley/robot_ws/build/ydlidar_ros2_driver
[1.005s] -- Install configuration: ""
[1.009s] -- Up-to-date: /home/golftrolley/robot_ws/install/ydlidar_ros2_driver/lib/ydlidar_ros2_driver/ydlidar_ros2_driver_node
[1.010s] -- Up-to-date: /home/golftrolley/robot_ws/install/ydlidar_ros2_driver/lib/ydlidar_ros2_driver/ydlidar_ros2_driver_client
[1.016s] -- Up-to-date: /home/golftrolley/robot_ws/install/ydlidar_ros2_driver/share/ydlidar_ros2_driver/launch
[1.016s] -- Up-to-date: /home/golftrolley/robot_ws/install/ydlidar_ros2_driver/share/ydlidar_ros2_driver/launch/ydlidar.py
[1.017s] -- Up-to-date: /home/golftrolley/robot_ws/install/ydlidar_ros2_driver/share/ydlidar_ros2_driver/launch/x3_ydlidar_launch.py
[1.018s] -- Up-to-date: /home/golftrolley/robot_ws/install/ydlidar_ros2_driver/share/ydlidar_ros2_driver/launch/ydlidar_launch.py
[1.018s] -- Up-to-date: /home/golftrolley/robot_ws/install/ydlidar_ros2_driver/share/ydlidar_ros2_driver/launch/ydlidar_launch_view.py
[1.023s] -- Up-to-date: /home/golftrolley/robot_ws/install/ydlidar_ros2_driver/share/ydlidar_ros2_driver/params
[1.027s] -- Up-to-date: /home/golftrolley/robot_ws/install/ydlidar_ros2_driver/share/ydlidar_ros2_driver/params/TEA.yaml
[1.030s] -- Up-to-date: /home/golftrolley/robot_ws/install/ydlidar_ros2_driver/share/ydlidar_ros2_driver/params/GS2.yaml
[1.030s] -- Up-to-date: /home/golftrolley/robot_ws/install/ydlidar_ros2_driver/share/ydlidar_ros2_driver/params/TG.yaml
[1.033s] -- Up-to-date: /home/golftrolley/robot_ws/install/ydlidar_ros2_driver/share/ydlidar_ros2_driver/params/ydlidar_x3.yaml
[1.034s] -- Up-to-date: /home/golftrolley/robot_ws/install/ydlidar_ros2_driver/share/ydlidar_ros2_driver/params/X4-Pro.yaml
[1.035s] -- Up-to-date: /home/golftrolley/robot_ws/install/ydlidar_ros2_driver/share/ydlidar_ros2_driver/params/Tmini.yaml
[1.038s] -- Up-to-date: /home/golftrolley/robot_ws/install/ydlidar_ros2_driver/share/ydlidar_ros2_driver/params/X3.yaml
[1.041s] -- Up-to-date: /home/golftrolley/robot_ws/install/ydlidar_ros2_driver/share/ydlidar_ros2_driver/params/ydlidar.yaml
[1.042s] -- Up-to-date: /home/golftrolley/robot_ws/install/ydlidar_ros2_driver/share/ydlidar_ros2_driver/params/Tmini-Plus-SH.yaml
[1.044s] -- Up-to-date: /home/golftrolley/robot_ws/install/ydlidar_ros2_driver/share/ydlidar_ros2_driver/params/G4.yaml
[1.045s] -- Up-to-date: /home/golftrolley/robot_ws/install/ydlidar_ros2_driver/share/ydlidar_ros2_driver/params/X2.yaml
[1.046s] -- Up-to-date: /home/golftrolley/robot_ws/install/ydlidar_ros2_driver/share/ydlidar_ros2_driver/params/GS5.yaml
[1.049s] -- Up-to-date: /home/golftrolley/robot_ws/install/ydlidar_ros2_driver/share/ydlidar_ros2_driver/params/G6.yaml
[1.053s] -- Up-to-date: /home/golftrolley/robot_ws/install/ydlidar_ros2_driver/share/ydlidar_ros2_driver/params/X4.yaml
[1.054s] -- Up-to-date: /home/golftrolley/robot_ws/install/ydlidar_ros2_driver/share/ydlidar_ros2_driver/params/G1.yaml
[1.055s] -- Up-to-date: /home/golftrolley/robot_ws/install/ydlidar_ros2_driver/share/ydlidar_ros2_driver/params/sdm15.yaml
[1.056s] -- Up-to-date: /home/golftrolley/robot_ws/install/ydlidar_ros2_driver/share/ydlidar_ros2_driver/params/G2.yaml
[1.056s] -- Up-to-date: /home/golftrolley/robot_ws/install/ydlidar_ros2_driver/share/ydlidar_ros2_driver/startup
[1.057s] -- Up-to-date: /home/golftrolley/robot_ws/install/ydlidar_ros2_driver/share/ydlidar_ros2_driver/startup/initenv.sh
[1.058s] -- Up-to-date: /home/golftrolley/robot_ws/install/ydlidar_ros2_driver/share/ydlidar_ros2_driver/config
[1.078s] -- Up-to-date: /home/golftrolley/robot_ws/install/ydlidar_ros2_driver/share/ydlidar_ros2_driver/config/ydlidar.rviz
[1.079s] -- Up-to-date: /home/golftrolley/robot_ws/install/ydlidar_ros2_driver/share/ament_index/resource_index/package_run_dependencies/ydlidar_ros2_driver
[1.080s] -- Up-to-date: /home/golftrolley/robot_ws/install/ydlidar_ros2_driver/share/ament_index/resource_index/parent_prefix_path/ydlidar_ros2_driver
[1.088s] -- Up-to-date: /home/golftrolley/robot_ws/install/ydlidar_ros2_driver/share/ydlidar_ros2_driver/environment/ament_prefix_path.sh
[1.089s] -- Up-to-date: /home/golftrolley/robot_ws/install/ydlidar_ros2_driver/share/ydlidar_ros2_driver/environment/ament_prefix_path.dsv
[1.090s] -- Up-to-date: /home/golftrolley/robot_ws/install/ydlidar_ros2_driver/share/ydlidar_ros2_driver/environment/path.sh
[1.095s] -- Up-to-date: /home/golftrolley/robot_ws/install/ydlidar_ros2_driver/share/ydlidar_ros2_driver/environment/path.dsv
[1.096s] -- Up-to-date: /home/golftrolley/robot_ws/install/ydlidar_ros2_driver/share/ydlidar_ros2_driver/local_setup.bash
[1.100s] -- Up-to-date: /home/golftrolley/robot_ws/install/ydlidar_ros2_driver/share/ydlidar_ros2_driver/local_setup.sh
[1.100s] -- Up-to-date: /home/golftrolley/robot_ws/install/ydlidar_ros2_driver/share/ydlidar_ros2_driver/local_setup.zsh
[1.101s] -- Up-to-date: /home/golftrolley/robot_ws/install/ydlidar_ros2_driver/share/ydlidar_ros2_driver/local_setup.dsv
[1.102s] -- Installing: /home/golftrolley/robot_ws/install/ydlidar_ros2_driver/share/ydlidar_ros2_driver/package.dsv
[1.106s] -- Up-to-date: /home/golftrolley/robot_ws/install/ydlidar_ros2_driver/share/ament_index/resource_index/packages/ydlidar_ros2_driver
[1.107s] -- Up-to-date: /home/golftrolley/robot_ws/install/ydlidar_ros2_driver/share/ydlidar_ros2_driver/cmake/ydlidar_ros2_driverConfig.cmake
[1.108s] -- Up-to-date: /home/golftrolley/robot_ws/install/ydlidar_ros2_driver/share/ydlidar_ros2_driver/cmake/ydlidar_ros2_driverConfig-version.cmake
[1.115s] -- Up-to-date: /home/golftrolley/robot_ws/install/ydlidar_ros2_driver/share/ydlidar_ros2_driver/package.xml
[1.116s] Invoked command in '/home/golftrolley/robot_ws/build/ydlidar_ros2_driver' returned '0': CMAKE_PREFIX_PATH=${CMAKE_PREFIX_PATH}:/home/golftrolley/robot_ws/install/stereo_camera_split:/home/golftrolley/robot_ws/install/serial_motor_demo:/home/golftrolley/robot_ws/install/golftrolley:/opt/ros/jazzy /usr/bin/cmake --install /home/golftrolley/robot_ws/build/ydlidar_ros2_driver
