[0.121s] Invoking command in '/home/golftrolley/robot_ws/build/diffdrive_arduino': CMAKE_PREFIX_PATH=${CMAKE_PREFIX_PATH}:/home/golftrolley/robot_ws/install/stereo_camera_split:/home/golftrolley/robot_ws/install/serial_motor_demo:/home/golftrolley/robot_ws/install/golftrolley:/opt/ros/jazzy /usr/bin/cmake --build /home/golftrolley/robot_ws/build/diffdrive_arduino -- -j4 -l4
[0.792s] [100%] Built target diffdrive_arduino
[2.024s] Invoked command in '/home/golftrolley/robot_ws/build/diffdrive_arduino' returned '0': CMAKE_PREFIX_PATH=${CMAKE_PREFIX_PATH}:/home/golftrolley/robot_ws/install/stereo_camera_split:/home/golftrolley/robot_ws/install/serial_motor_demo:/home/golftrolley/robot_ws/install/golftrolley:/opt/ros/jazzy /usr/bin/cmake --build /home/golftrolley/robot_ws/build/diffdrive_arduino -- -j4 -l4
[2.043s] Invoking command in '/home/golftrolley/robot_ws/build/diffdrive_arduino': CMAKE_PREFIX_PATH=${CMAKE_PREFIX_PATH}:/home/golftrolley/robot_ws/install/stereo_camera_split:/home/golftrolley/robot_ws/install/serial_motor_demo:/home/golftrolley/robot_ws/install/golftrolley:/opt/ros/jazzy /usr/bin/cmake --install /home/golftrolley/robot_ws/build/diffdrive_arduino
[2.162s] -- Install configuration: ""
[2.167s] -- Up-to-date: /home/golftrolley/robot_ws/install/diffdrive_arduino/share/diffdrive_arduino/diffdrive_arduino.xml
[2.173s] -- Up-to-date: /home/golftrolley/robot_ws/install/diffdrive_arduino/include/diffdrive_arduino
[2.190s] -- Up-to-date: /home/golftrolley/robot_ws/install/diffdrive_arduino/include/diffdrive_arduino/diffdrive_arduino
[2.193s] -- Up-to-date: /home/golftrolley/robot_ws/install/diffdrive_arduino/include/diffdrive_arduino/diffdrive_arduino/visibility_control.h
[2.202s] -- Up-to-date: /home/golftrolley/robot_ws/install/diffdrive_arduino/include/diffdrive_arduino/diffdrive_arduino/diffbot_system.hpp
[2.203s] -- Up-to-date: /home/golftrolley/robot_ws/install/diffdrive_arduino/include/diffdrive_arduino/diffdrive_arduino/wheel.hpp
[2.204s] -- Up-to-date: /home/golftrolley/robot_ws/install/diffdrive_arduino/include/diffdrive_arduino/diffdrive_arduino/arduino_comms.hpp
[2.205s] -- Up-to-date: /home/golftrolley/robot_ws/install/diffdrive_arduino/share/diffdrive_arduino/launch
[2.207s] -- Up-to-date: /home/golftrolley/robot_ws/install/diffdrive_arduino/share/diffdrive_arduino/launch/view_robot.launch.py
[2.208s] -- Up-to-date: /home/golftrolley/robot_ws/install/diffdrive_arduino/share/diffdrive_arduino/ros2_control
[2.209s] -- Up-to-date: /home/golftrolley/robot_ws/install/diffdrive_arduino/share/diffdrive_arduino/ros2_control/diffbot.ros2_control.xacro
[2.210s] -- Up-to-date: /home/golftrolley/robot_ws/install/diffdrive_arduino/share/diffdrive_arduino/urdf
[2.222s] -- Up-to-date: /home/golftrolley/robot_ws/install/diffdrive_arduino/share/diffdrive_arduino/urdf/diffbot.materials.xacro
[2.226s] -- Up-to-date: /home/golftrolley/robot_ws/install/diffdrive_arduino/share/diffdrive_arduino/urdf/diffbot.urdf.xacro
[2.231s] -- Up-to-date: /home/golftrolley/robot_ws/install/diffdrive_arduino/share/diffdrive_arduino/urdf/diffbot_description.urdf.xacro
[2.233s] -- Up-to-date: /home/golftrolley/robot_ws/install/diffdrive_arduino/share/diffdrive_arduino/rviz
[2.237s] -- Up-to-date: /home/golftrolley/robot_ws/install/diffdrive_arduino/share/diffdrive_arduino/rviz/diffbot_view.rviz
[2.239s] -- Up-to-date: /home/golftrolley/robot_ws/install/diffdrive_arduino/share/diffdrive_arduino/rviz/diffbot.rviz
[2.243s] -- Up-to-date: /home/golftrolley/robot_ws/install/diffdrive_arduino/share/diffdrive_arduino/launch
[2.247s] -- Up-to-date: /home/golftrolley/robot_ws/install/diffdrive_arduino/share/diffdrive_arduino/launch/diffbot.launch.py
[2.250s] -- Up-to-date: /home/golftrolley/robot_ws/install/diffdrive_arduino/share/diffdrive_arduino/config
[2.255s] -- Up-to-date: /home/golftrolley/robot_ws/install/diffdrive_arduino/share/diffdrive_arduino/config/diffbot_controllers.yaml
[2.258s] -- Up-to-date: /home/golftrolley/robot_ws/install/diffdrive_arduino/lib/libdiffdrive_arduino.so
[2.263s] -- Up-to-date: /home/golftrolley/robot_ws/install/diffdrive_arduino/share/diffdrive_arduino/environment/library_path.sh
[2.275s] -- Up-to-date: /home/golftrolley/robot_ws/install/diffdrive_arduino/share/diffdrive_arduino/environment/library_path.dsv
[2.276s] -- Up-to-date: /home/golftrolley/robot_ws/install/diffdrive_arduino/share/ament_index/resource_index/package_run_dependencies/diffdrive_arduino
[2.277s] -- Up-to-date: /home/golftrolley/robot_ws/install/diffdrive_arduino/share/ament_index/resource_index/parent_prefix_path/diffdrive_arduino
[2.280s] -- Up-to-date: /home/golftrolley/robot_ws/install/diffdrive_arduino/share/diffdrive_arduino/environment/ament_prefix_path.sh
[2.285s] -- Up-to-date: /home/golftrolley/robot_ws/install/diffdrive_arduino/share/diffdrive_arduino/environment/ament_prefix_path.dsv
[2.286s] -- Up-to-date: /home/golftrolley/robot_ws/install/diffdrive_arduino/share/diffdrive_arduino/environment/path.sh
[2.286s] -- Up-to-date: /home/golftrolley/robot_ws/install/diffdrive_arduino/share/diffdrive_arduino/environment/path.dsv
[2.287s] -- Up-to-date: /home/golftrolley/robot_ws/install/diffdrive_arduino/share/diffdrive_arduino/local_setup.bash
[2.288s] -- Up-to-date: /home/golftrolley/robot_ws/install/diffdrive_arduino/share/diffdrive_arduino/local_setup.sh
[2.288s] -- Up-to-date: /home/golftrolley/robot_ws/install/diffdrive_arduino/share/diffdrive_arduino/local_setup.zsh
[2.299s] -- Up-to-date: /home/golftrolley/robot_ws/install/diffdrive_arduino/share/diffdrive_arduino/local_setup.dsv
[2.306s] -- Installing: /home/golftrolley/robot_ws/install/diffdrive_arduino/share/diffdrive_arduino/package.dsv
[2.316s] -- Up-to-date: /home/golftrolley/robot_ws/install/diffdrive_arduino/share/ament_index/resource_index/packages/diffdrive_arduino
[2.320s] -- Up-to-date: /home/golftrolley/robot_ws/install/diffdrive_arduino/share/ament_index/resource_index/hardware_interface__pluginlib__plugin/diffdrive_arduino
[2.331s] -- Up-to-date: /home/golftrolley/robot_ws/install/diffdrive_arduino/share/diffdrive_arduino/cmake/export_diffdrive_arduinoExport.cmake
[2.340s] -- Up-to-date: /home/golftrolley/robot_ws/install/diffdrive_arduino/share/diffdrive_arduino/cmake/export_diffdrive_arduinoExport-noconfig.cmake
[2.346s] -- Up-to-date: /home/golftrolley/robot_ws/install/diffdrive_arduino/share/diffdrive_arduino/cmake/ament_cmake_export_targets-extras.cmake
[2.352s] -- Up-to-date: /home/golftrolley/robot_ws/install/diffdrive_arduino/share/diffdrive_arduino/cmake/ament_cmake_export_dependencies-extras.cmake
[2.356s] -- Up-to-date: /home/golftrolley/robot_ws/install/diffdrive_arduino/share/diffdrive_arduino/cmake/diffdrive_arduinoConfig.cmake
[2.365s] -- Up-to-date: /home/golftrolley/robot_ws/install/diffdrive_arduino/share/diffdrive_arduino/cmake/diffdrive_arduinoConfig-version.cmake
[2.366s] -- Up-to-date: /home/golftrolley/robot_ws/install/diffdrive_arduino/share/diffdrive_arduino/package.xml
[2.458s] Invoked command in '/home/golftrolley/robot_ws/build/diffdrive_arduino' returned '0': CMAKE_PREFIX_PATH=${CMAKE_PREFIX_PATH}:/home/golftrolley/robot_ws/install/stereo_camera_split:/home/golftrolley/robot_ws/install/serial_motor_demo:/home/golftrolley/robot_ws/install/golftrolley:/opt/ros/jazzy /usr/bin/cmake --install /home/golftrolley/robot_ws/build/diffdrive_arduino
