[0.094s] Invoking command in '/home/golftrolley/robot_ws/build/serial': CMAKE_PREFIX_PATH=${CMAKE_PREFIX_PATH}:/home/golftrolley/robot_ws/install/stereo_camera_split:/home/golftrolley/robot_ws/install/serial_motor_demo:/home/golftrolley/robot_ws/install/golftrolley:/opt/ros/jazzy /usr/bin/cmake /home/golftrolley/robot_ws/src/serial -DCMAKE_INSTALL_PREFIX=/home/golftrolley/robot_ws/install/serial
[0.836s] -- The C compiler identification is GNU 13.3.0
[1.630s] -- The CXX compiler identification is GNU 13.3.0
[1.944s] -- Detecting C compiler ABI info
[2.882s] -- Detecting C compiler ABI info - done
[3.071s] -- Check for working C compiler: /usr/bin/cc - skipped
[3.079s] -- Detecting C compile features
[3.080s] -- Detecting C compile features - done
[3.265s] -- Detecting CXX compiler ABI info
[5.334s] -- Detecting CXX compiler ABI info - done
[5.405s] -- Check for working CXX compiler: /usr/bin/c++ - skipped
[5.409s] -- Detecting CXX compile features
[5.427s] -- Detecting CXX compile features - done
[5.471s] -- Found ament_cmake: 2.5.4 (/opt/ros/jazzy/share/ament_cmake/cmake)
[6.643s] -- Found Python3: /usr/bin/python3 (found version "3.12.3") found components: Interpreter 
[9.932s] -- Found ament_cmake_gtest: 2.5.4 (/opt/ros/jazzy/share/ament_cmake_gtest/cmake)
[10.201s] -- Found Boost: /usr/lib/aarch64-linux-gnu/cmake/Boost-1.83.0/BoostConfig.cmake (found version "1.83.0")  
[10.275s] -- Found gtest sources under '/opt/ros/jazzy/src/gtest_vendor': C++ tests using 'Google Test' will be built
[10.299s] -- Performing Test CMAKE_HAVE_LIBC_PTHREAD
[11.416s] -- Performing Test CMAKE_HAVE_LIBC_PTHREAD - Success
[11.418s] -- Found Threads: TRUE  
[12.912s] -- Configuring done (12.7s)
[13.038s] -- Generating done (0.1s)
[13.089s] -- Build files have been written to: /home/golftrolley/robot_ws/build/serial
