[0.098s] Invoking command in '/home/golftrolley/robot_ws/build/serial_motor_demo_msgs': CMAKE_PREFIX_PATH=${CMAKE_PREFIX_PATH}:/opt/ros/jazzy /usr/bin/cmake /home/golftrolley/robot_ws/src/serial_motor_demo/serial_motor_demo_msgs -DCMAKE_INSTALL_PREFIX=/home/golftrolley/robot_ws/install/serial_motor_demo_msgs
[1.236s] -- The C compiler identification is GNU 13.3.0
[1.237s] -- The CXX compiler identification is GNU 13.3.0
[1.237s] -- Detecting C compiler ABI info
[1.351s] -- Detecting C compiler ABI info - done
[1.396s] -- Check for working C compiler: /usr/bin/cc - skipped
[1.400s] -- Detecting C compile features
[1.401s] -- Detecting C compile features - done
[1.492s] -- Detecting CXX compiler ABI info
[2.288s] -- Detecting CXX compiler ABI info - done
[2.368s] -- Check for working CXX compiler: /usr/bin/c++ - skipped
[2.369s] -- Detecting CXX compile features
[2.371s] -- Detecting CXX compile features - done
[2.399s] -- Found ament_cmake: 2.5.4 (/opt/ros/jazzy/share/ament_cmake/cmake)
[3.380s] -- Found Python3: /usr/bin/python3 (found version "3.12.3") found components: Interpreter 
[4.137s] -- Found ament_lint_auto: 0.17.2 (/opt/ros/jazzy/share/ament_lint_auto/cmake)
[4.876s] -- Found rosidl_default_generators: 1.6.0 (/opt/ros/jazzy/share/rosidl_default_generators/cmake)
[4.931s] -- Using all available rosidl_typesupport_c: rosidl_typesupport_fastrtps_c;rosidl_typesupport_introspection_c
[5.376s] -- Using all available rosidl_typesupport_cpp: rosidl_typesupport_fastrtps_cpp;rosidl_typesupport_introspection_cpp
[5.694s] -- Found rosidl_adapter: 4.6.5 (/opt/ros/jazzy/share/rosidl_adapter/cmake)
[8.109s] -- Found ament_cmake_ros: 0.12.0 (/opt/ros/jazzy/share/ament_cmake_ros/cmake)
[10.209s] -- Using all available rosidl_typesupport_c: rosidl_typesupport_fastrtps_c;rosidl_typesupport_introspection_c
[12.797s] -- Using all available rosidl_typesupport_cpp: rosidl_typesupport_fastrtps_cpp;rosidl_typesupport_introspection_cpp
[12.823s] -- Found python_cmake_module: 0.11.1 (/opt/ros/jazzy/share/python_cmake_module/cmake)
[13.456s] -- Found PythonExtra: /usr/bin/python3  
[15.470s] -- Found Python3: /usr/bin/python3 (found version "3.12.3") found components: Interpreter Development NumPy Development.Module Development.Embed 
[15.632s] -- Added test 'copyright' to check source files copyright and LICENSE
[15.645s] -- Added test 'lint_cmake' to check CMake code style
[15.653s] -- Added test 'xmllint' to check XML markup files
[15.686s] -- Configuring done (15.5s)
[15.886s] -- Generating done (0.2s)
[15.935s] -- Build files have been written to: /home/golftrolley/robot_ws/build/serial_motor_demo_msgs
