[0.061s] Invoking command in '/home/golftrolley/robot_ws/build/stereo_camera_node': CMAKE_PREFIX_PATH=${CMAKE_PREFIX_PATH}:/home/golftrolley/robot_ws/install/stereo_camera_split:/home/golftrolley/robot_ws/install/serial_motor_demo:/home/golftrolley/robot_ws/install/golftrolley:/opt/ros/jazzy /usr/bin/cmake --build /home/golftrolley/robot_ws/build/stereo_camera_node -- -j4 -l4
[0.206s] -- Found ament_cmake: 2.5.4 (/opt/ros/jazzy/share/ament_cmake/cmake)
[1.317s] -- Found rclcpp: 28.1.10 (/opt/ros/jazzy/share/rclcpp/cmake)
[1.494s] -- Found rosidl_generator_c: 4.6.5 (/opt/ros/jazzy/share/rosidl_generator_c/cmake)
[1.542s] -- Found rosidl_generator_cpp: 4.6.5 (/opt/ros/jazzy/share/rosidl_generator_cpp/cmake)
[1.598s] -- Using all available rosidl_typesupport_c: rosidl_typesupport_fastrtps_c;rosidl_typesupport_introspection_c
[1.666s] -- Using all available rosidl_typesupport_cpp: rosidl_typesupport_fastrtps_cpp;rosidl_typesupport_introspection_cpp
[1.941s] -- Found rmw_implementation_cmake: 7.3.2 (/opt/ros/jazzy/share/rmw_implementation_cmake/cmake)
[1.949s] -- Found rmw_fastrtps_cpp: 8.4.2 (/opt/ros/jazzy/share/rmw_fastrtps_cpp/cmake)
[2.259s] -- Using RMW implementation 'rmw_fastrtps_cpp' as default
[2.501s] -- Found sensor_msgs: 5.3.6 (/opt/ros/jazzy/share/sensor_msgs/cmake)
[2.706s] -- Found cv_bridge: 4.1.0 (/opt/ros/jazzy/share/cv_bridge/cmake)
[2.763s] -- Found ament_lint_auto: 0.17.2 (/opt/ros/jazzy/share/ament_lint_auto/cmake)
[3.257s] -- Added test 'cppcheck' to perform static code analysis on C / C++ code
[3.257s] -- Configured cppcheck include dirs: 
[3.258s] -- Configured cppcheck exclude dirs and/or files: 
[3.262s] -- Added test 'lint_cmake' to check CMake code style
[3.269s] -- Added test 'uncrustify' to check C / C++ code style
[3.269s] -- Configured uncrustify additional arguments: 
[3.271s] -- Added test 'xmllint' to check XML markup files
[3.276s] -- Configuring done (3.1s)
[3.405s] -- Generating done (0.1s)
[3.436s] -- Build files have been written to: /home/golftrolley/robot_ws/build/stereo_camera_node
[3.655s] [ 25%] [32mBuilding CXX object CMakeFiles/stereo_calibration_capture.dir/src/stereo_calibration_capture.cpp.o[0m
[3.737s] [ 75%] Built target stereo_camera_node
[23.640s] [100%] [32m[1mLinking CXX executable stereo_calibration_capture[0m
[25.918s] [100%] Built target stereo_calibration_capture
[25.977s] Invoked command in '/home/golftrolley/robot_ws/build/stereo_camera_node' returned '0': CMAKE_PREFIX_PATH=${CMAKE_PREFIX_PATH}:/home/golftrolley/robot_ws/install/stereo_camera_split:/home/golftrolley/robot_ws/install/serial_motor_demo:/home/golftrolley/robot_ws/install/golftrolley:/opt/ros/jazzy /usr/bin/cmake --build /home/golftrolley/robot_ws/build/stereo_camera_node -- -j4 -l4
[26.034s] Invoking command in '/home/golftrolley/robot_ws/build/stereo_camera_node': CMAKE_PREFIX_PATH=${CMAKE_PREFIX_PATH}:/home/golftrolley/robot_ws/install/stereo_camera_split:/home/golftrolley/robot_ws/install/serial_motor_demo:/home/golftrolley/robot_ws/install/golftrolley:/opt/ros/jazzy /usr/bin/cmake --install /home/golftrolley/robot_ws/build/stereo_camera_node
[26.080s] -- Install configuration: ""
[26.080s] -- Installing: /home/golftrolley/robot_ws/install/stereo_camera_node/lib/stereo_camera_node/stereo_camera_node
[26.096s] -- Set non-toolchain portion of runtime path of "/home/golftrolley/robot_ws/install/stereo_camera_node/lib/stereo_camera_node/stereo_camera_node" to ""
[26.096s] -- Installing: /home/golftrolley/robot_ws/install/stereo_camera_node/lib/stereo_camera_node/stereo_calibration_capture
[26.101s] -- Set non-toolchain portion of runtime path of "/home/golftrolley/robot_ws/install/stereo_camera_node/lib/stereo_camera_node/stereo_calibration_capture" to ""
[26.102s] -- Installing: /home/golftrolley/robot_ws/install/stereo_camera_node/share/ament_index/resource_index/package_run_dependencies/stereo_camera_node
[26.104s] -- Installing: /home/golftrolley/robot_ws/install/stereo_camera_node/share/ament_index/resource_index/parent_prefix_path/stereo_camera_node
[26.105s] -- Installing: /home/golftrolley/robot_ws/install/stereo_camera_node/share/stereo_camera_node/environment/ament_prefix_path.sh
[26.107s] -- Installing: /home/golftrolley/robot_ws/install/stereo_camera_node/share/stereo_camera_node/environment/ament_prefix_path.dsv
[26.108s] -- Installing: /home/golftrolley/robot_ws/install/stereo_camera_node/share/stereo_camera_node/environment/path.sh
[26.110s] -- Installing: /home/golftrolley/robot_ws/install/stereo_camera_node/share/stereo_camera_node/environment/path.dsv
[26.111s] -- Installing: /home/golftrolley/robot_ws/install/stereo_camera_node/share/stereo_camera_node/local_setup.bash
[26.112s] -- Installing: /home/golftrolley/robot_ws/install/stereo_camera_node/share/stereo_camera_node/local_setup.sh
[26.114s] -- Installing: /home/golftrolley/robot_ws/install/stereo_camera_node/share/stereo_camera_node/local_setup.zsh
[26.115s] -- Installing: /home/golftrolley/robot_ws/install/stereo_camera_node/share/stereo_camera_node/local_setup.dsv
[26.116s] -- Installing: /home/golftrolley/robot_ws/install/stereo_camera_node/share/stereo_camera_node/package.dsv
[26.121s] -- Installing: /home/golftrolley/robot_ws/install/stereo_camera_node/share/ament_index/resource_index/packages/stereo_camera_node
[26.121s] -- Installing: /home/golftrolley/robot_ws/install/stereo_camera_node/share/stereo_camera_node/cmake/stereo_camera_nodeConfig.cmake
[26.123s] -- Installing: /home/golftrolley/robot_ws/install/stereo_camera_node/share/stereo_camera_node/cmake/stereo_camera_nodeConfig-version.cmake
[26.126s] -- Installing: /home/golftrolley/robot_ws/install/stereo_camera_node/share/stereo_camera_node/package.xml
[26.133s] Invoked command in '/home/golftrolley/robot_ws/build/stereo_camera_node' returned '0': CMAKE_PREFIX_PATH=${CMAKE_PREFIX_PATH}:/home/golftrolley/robot_ws/install/stereo_camera_split:/home/golftrolley/robot_ws/install/serial_motor_demo:/home/golftrolley/robot_ws/install/golftrolley:/opt/ros/jazzy /usr/bin/cmake --install /home/golftrolley/robot_ws/build/stereo_camera_node
