-- The C compiler identification is GNU 13.3.0
-- The CXX compiler identification is GNU 13.3.0
-- Detecting C compiler ABI info
-- Detecting C compiler ABI info - done
-- Check for working C compiler: /usr/bin/cc - skipped
-- Detecting C compile features
-- Detecting C compile features - done
-- Detecting CXX compiler ABI info
-- Detecting CXX compiler ABI info - done
-- Check for working CXX compiler: /usr/bin/c++ - skipped
-- Detecting CXX compile features
-- Detecting CXX compile features - done
-- Found ament_cmake: 2.5.4 (/opt/ros/jazzy/share/ament_cmake/cmake)
-- Found Python3: /usr/bin/python3 (found version "3.12.3") found components: Interpreter 
-- Override CMake install command with custom implementation using symlinks instead of copying resources
-- Found ament_lint_auto: 0.17.2 (/opt/ros/jazzy/share/ament_lint_auto/cmake)
-- Added test 'copyright' to check source files copyright and LICENSE
-- Added test 'flake8' to check Python code syntax and style conventions
-- Configured 'flake8' exclude dirs and/or files: 
-- Added test 'lint_cmake' to check CMake code style
-- Added test 'pep257' to check Python code against some of the docstring style conventions in PEP 257
-- Added test 'xmllint' to check XML markup files
-- Configuring done (6.4s)
-- Generating done (0.0s)
-- Build files have been written to: /home/golftrolley/robot_ws/build/dd_bot
-- Install configuration: ""
-- Execute custom install script
-- Symlinking: /home/golftrolley/robot_ws/install/dd_bot/share/dd_bot/config/empty.yaml
-- Symlinking: /home/golftrolley/robot_ws/install/dd_bot/share/dd_bot/config/gz_bridge.yaml
-- Symlinking: /home/golftrolley/robot_ws/install/dd_bot/share/dd_bot/config/joystick.yaml
-- Symlinking: /home/golftrolley/robot_ws/install/dd_bot/share/dd_bot/config/my_controllers.yaml
-- Symlinking: /home/golftrolley/robot_ws/install/dd_bot/share/dd_bot/config/twist_mux.yaml
-- Symlinking: /home/golftrolley/robot_ws/install/dd_bot/share/dd_bot/config/view_bot.rviz
-- Symlinking: /home/golftrolley/robot_ws/install/dd_bot/share/dd_bot/description/gazebo_control.xacro
-- Symlinking: /home/golftrolley/robot_ws/install/dd_bot/share/dd_bot/description/inertial_macros.xacro
-- Symlinking: /home/golftrolley/robot_ws/install/dd_bot/share/dd_bot/description/left_camera.xacro
-- Symlinking: /home/golftrolley/robot_ws/install/dd_bot/share/dd_bot/description/lidar.xacro
-- Symlinking: /home/golftrolley/robot_ws/install/dd_bot/share/dd_bot/description/right_camera.xacro
-- Symlinking: /home/golftrolley/robot_ws/install/dd_bot/share/dd_bot/description/robot.urdf.xacro
-- Symlinking: /home/golftrolley/robot_ws/install/dd_bot/share/dd_bot/description/robot_core.xacro
-- Symlinking: /home/golftrolley/robot_ws/install/dd_bot/share/dd_bot/description/ros2_control.xacro
-- Symlinking: /home/golftrolley/robot_ws/install/dd_bot/share/dd_bot/launch/launch_robot.launch.py
-- Symlinking: /home/golftrolley/robot_ws/install/dd_bot/share/dd_bot/launch/launch_sim.launch.py
-- Symlinking: /home/golftrolley/robot_ws/install/dd_bot/share/dd_bot/launch/rsp.launch.py
-- Symlinking: /home/golftrolley/robot_ws/install/dd_bot/share/dd_bot/worlds/empty.world
-- Symlinking: /home/golftrolley/robot_ws/install/dd_bot/share/ament_index/resource_index/package_run_dependencies/dd_bot
-- Symlinking: /home/golftrolley/robot_ws/install/dd_bot/share/ament_index/resource_index/parent_prefix_path/dd_bot
-- Symlinking: /home/golftrolley/robot_ws/install/dd_bot/share/dd_bot/environment/ament_prefix_path.sh
-- Symlinking: /home/golftrolley/robot_ws/install/dd_bot/share/dd_bot/environment/ament_prefix_path.dsv
-- Symlinking: /home/golftrolley/robot_ws/install/dd_bot/share/dd_bot/environment/path.sh
-- Symlinking: /home/golftrolley/robot_ws/install/dd_bot/share/dd_bot/environment/path.dsv
-- Symlinking: /home/golftrolley/robot_ws/install/dd_bot/share/dd_bot/local_setup.bash
-- Symlinking: /home/golftrolley/robot_ws/install/dd_bot/share/dd_bot/local_setup.sh
-- Symlinking: /home/golftrolley/robot_ws/install/dd_bot/share/dd_bot/local_setup.zsh
-- Symlinking: /home/golftrolley/robot_ws/install/dd_bot/share/dd_bot/local_setup.dsv
-- Symlinking: /home/golftrolley/robot_ws/install/dd_bot/share/dd_bot/package.dsv
-- Symlinking: /home/golftrolley/robot_ws/install/dd_bot/share/ament_index/resource_index/packages/dd_bot
-- Symlinking: /home/golftrolley/robot_ws/install/dd_bot/share/dd_bot/cmake/dd_botConfig.cmake
-- Symlinking: /home/golftrolley/robot_ws/install/dd_bot/share/dd_bot/cmake/dd_botConfig-version.cmake
-- Symlinking: /home/golftrolley/robot_ws/install/dd_bot/share/dd_bot/package.xml
