[0.071s] Invoking command in '/home/golftrolley/robot_ws/build/ydlidar_sdk': /usr/bin/cmake --build /home/golftrolley/robot_ws/build/ydlidar_sdk -- -j4 -l4
[0.635s] [ 38%] Built target ydlidar_sdk
[0.905s] [ 41%] Built target gs_test
[0.925s] [ 45%] Built target et_test
[0.940s] [ 52%] Built target gs_restart
[0.944s] [ 52%] Built target gs_ota
[1.154s] [ 56%] Built target gs_test2
[1.209s] [ 60%] Built target sdm18_test
[1.244s] [ 63%] Built target scl_test
[1.311s] [ 67%] Built target sdm_test
[1.473s] [ 70%] Built target tea_test
[1.476s] [ 74%] Built target tia_test
[1.487s] [ 78%] Built target tmini-sh_test
[1.606s] [ 81%] Built target tmini_test
[1.806s] [ 87%] Built target tof_test
[1.816s] [ 89%] Built target tri_restart
[1.840s] [ 92%] Built target tri_and_gs_test
[1.915s] [ 96%] Built target tri_test
[2.000s] [100%] Built target lidar_c_api_test
[2.538s] Invoked command in '/home/golftrolley/robot_ws/build/ydlidar_sdk' returned '0': /usr/bin/cmake --build /home/golftrolley/robot_ws/build/ydlidar_sdk -- -j4 -l4
[2.545s] Invoking command in '/home/golftrolley/robot_ws/build/ydlidar_sdk': /usr/bin/cmake --install /home/golftrolley/robot_ws/build/ydlidar_sdk
[2.597s] -- Install configuration: ""
[2.598s] -- Up-to-date: /home/golftrolley/robot_ws/install/ydlidar_sdk/include/core/base/datatype.h
[2.598s] -- Up-to-date: /home/golftrolley/robot_ws/install/ydlidar_sdk/include/core/base/locker.h
[2.599s] -- Up-to-date: /home/golftrolley/robot_ws/install/ydlidar_sdk/include/core/base/thread.h
[2.599s] -- Up-to-date: /home/golftrolley/robot_ws/install/ydlidar_sdk/include/core/base/timer.h
[2.600s] -- Up-to-date: /home/golftrolley/robot_ws/install/ydlidar_sdk/include/core/base/typedef.h
[2.604s] -- Up-to-date: /home/golftrolley/robot_ws/install/ydlidar_sdk/include/core/base/utils.h
[2.608s] -- Up-to-date: /home/golftrolley/robot_ws/install/ydlidar_sdk/include/core/base/v8stdint.h
[2.608s] -- Up-to-date: /home/golftrolley/robot_ws/install/ydlidar_sdk/include/core/base/ydlidar.h
[2.627s] -- Up-to-date: /home/golftrolley/robot_ws/install/ydlidar_sdk/include/core/common/ChannelDevice.h
[2.631s] -- Up-to-date: /home/golftrolley/robot_ws/install/ydlidar_sdk/include/core/common/DriverInterface.h
[2.631s] -- Up-to-date: /home/golftrolley/robot_ws/install/ydlidar_sdk/include/core/common/ydlidar_datatype.h
[2.632s] -- Up-to-date: /home/golftrolley/robot_ws/install/ydlidar_sdk/include/core/common/ydlidar_def.h
[2.636s] -- Up-to-date: /home/golftrolley/robot_ws/install/ydlidar_sdk/include/core/common/ydlidar_help.h
[2.636s] -- Up-to-date: /home/golftrolley/robot_ws/install/ydlidar_sdk/include/core/common/ydlidar_protocol.h
[2.637s] -- Up-to-date: /home/golftrolley/robot_ws/install/ydlidar_sdk/include/core/json/cJSON.h
[2.637s] -- Up-to-date: /home/golftrolley/robot_ws/install/ydlidar_sdk/include/core/math/angles.h
[2.638s] -- Up-to-date: /home/golftrolley/robot_ws/install/ydlidar_sdk/include/core/network/ActiveSocket.h
[2.642s] -- Up-to-date: /home/golftrolley/robot_ws/install/ydlidar_sdk/include/core/network/PassiveSocket.h
[2.642s] -- Up-to-date: /home/golftrolley/robot_ws/install/ydlidar_sdk/include/core/network/SimpleSocket.h
[2.643s] -- Up-to-date: /home/golftrolley/robot_ws/install/ydlidar_sdk/include/core/network/StatTimer.h
[2.644s] -- Up-to-date: /home/golftrolley/robot_ws/install/ydlidar_sdk/include/core/serial/common.h
[2.644s] -- Up-to-date: /home/golftrolley/robot_ws/install/ydlidar_sdk/include/core/serial/serial.h
[2.647s] -- Up-to-date: /home/golftrolley/robot_ws/install/ydlidar_sdk/include/core/serial/impl/unix/lock.h
[2.647s] -- Up-to-date: /home/golftrolley/robot_ws/install/ydlidar_sdk/include/core/serial/impl/unix/unix.h
[2.648s] -- Up-to-date: /home/golftrolley/robot_ws/install/ydlidar_sdk/include/core/serial/impl/unix/unix_serial.h
[2.649s] -- Up-to-date: /home/golftrolley/robot_ws/install/ydlidar_sdk/include/src/CYdLidar.h
[2.649s] -- Up-to-date: /home/golftrolley/robot_ws/install/ydlidar_sdk/include/src/DTSLidarDriver.h
[2.654s] -- Up-to-date: /home/golftrolley/robot_ws/install/ydlidar_sdk/include/src/ETLidarDriver.h
[2.654s] -- Up-to-date: /home/golftrolley/robot_ws/install/ydlidar_sdk/include/src/GSLidarDriver.h
[2.655s] -- Up-to-date: /home/golftrolley/robot_ws/install/ydlidar_sdk/include/src/SDMLidarDriver.h
[2.656s] -- Up-to-date: /home/golftrolley/robot_ws/install/ydlidar_sdk/include/src/TiaLidarDriver.h
[2.656s] -- Up-to-date: /home/golftrolley/robot_ws/install/ydlidar_sdk/include/src/YDlidarDriver.h
[2.660s] -- Up-to-date: /home/golftrolley/robot_ws/install/ydlidar_sdk/include/src/ydlidar_sdk.h
[2.660s] -- Up-to-date: /home/golftrolley/robot_ws/install/ydlidar_sdk/include/src/filters/FilterInterface.h
[2.661s] -- Up-to-date: /home/golftrolley/robot_ws/install/ydlidar_sdk/include/src/filters/NoiseFilter.h
[2.661s] -- Up-to-date: /home/golftrolley/robot_ws/install/ydlidar_sdk/include/src/filters/StrongLightFilter.h
[2.662s] -- Up-to-date: /home/golftrolley/robot_ws/install/ydlidar_sdk/include/ydlidar_config.h
[2.666s] -- Up-to-date: /home/golftrolley/robot_ws/install/ydlidar_sdk/lib/libydlidar_sdk.a
[2.666s] -- Up-to-date: /home/golftrolley/robot_ws/install/ydlidar_sdk/lib/pkgconfig/YDLIDAR_SDK.pc
[2.667s] -- Up-to-date: /home/golftrolley/robot_ws/install/ydlidar_sdk/lib/cmake/ydlidar_sdk/ydlidar_sdkConfig.cmake
[2.667s] -- Up-to-date: /home/golftrolley/robot_ws/install/ydlidar_sdk/lib/cmake/ydlidar_sdk/ydlidar_sdkTargets.cmake
[2.668s] -- Up-to-date: /home/golftrolley/robot_ws/install/ydlidar_sdk/lib/cmake/ydlidar_sdk/ydlidar_sdkConfigVersion.cmake
[2.671s] -- Up-to-date: /home/golftrolley/robot_ws/install/ydlidar_sdk/share/YDLIDAR_SDK/FindYDLIDAR_SDK.cmake
[2.672s] -- Up-to-date: /home/golftrolley/robot_ws/install/ydlidar_sdk/share/YDLIDAR_SDK
[2.673s] -- Up-to-date: /home/golftrolley/robot_ws/install/ydlidar_sdk/share/YDLIDAR_SDK/cmake_uninstall.cmake.in
[2.673s] -- Up-to-date: /home/golftrolley/robot_ws/install/ydlidar_sdk/share/YDLIDAR_SDK/common
[2.674s] -- Up-to-date: /home/golftrolley/robot_ws/install/ydlidar_sdk/share/YDLIDAR_SDK/common/ydlidar_base.cmake
[2.674s] -- Up-to-date: /home/golftrolley/robot_ws/install/ydlidar_sdk/share/YDLIDAR_SDK/common/ydlidar_parse.cmake
[2.675s] -- Up-to-date: /home/golftrolley/robot_ws/install/ydlidar_sdk/share/YDLIDAR_SDK/install_package.cmake
[2.678s] -- Up-to-date: /home/golftrolley/robot_ws/install/ydlidar_sdk/share/YDLIDAR_SDK/PackageConfigVersion.cmake.in
[2.678s] -- Up-to-date: /home/golftrolley/robot_ws/install/ydlidar_sdk/share/YDLIDAR_SDK/script_show_final_summary.cmake
[2.679s] -- Up-to-date: /home/golftrolley/robot_ws/install/ydlidar_sdk/share/YDLIDAR_SDK/FindPackage.cmake.in
[2.683s] -- Up-to-date: /home/golftrolley/robot_ws/install/ydlidar_sdk/share/YDLIDAR_SDK/PkgConfig.pc.in
[2.684s] -- Up-to-date: /home/golftrolley/robot_ws/install/ydlidar_sdk/share/YDLIDAR_SDK/PackageConfig.cmake.in
[2.685s] -- Up-to-date: /home/golftrolley/robot_ws/install/ydlidar_sdk/share/YDLIDAR_SDK/LICENSE.txt
[2.685s] -- Up-to-date: /home/golftrolley/robot_ws/install/ydlidar_sdk/share/YDLIDAR_SDK/README.md
[2.686s] -- Up-to-date: /home/golftrolley/robot_ws/install/ydlidar_sdk/share/YDLIDAR_SDK/doc
[2.686s] -- Up-to-date: /home/golftrolley/robot_ws/install/ydlidar_sdk/share/YDLIDAR_SDK/doc/Diagram.md
[2.687s] -- Up-to-date: /home/golftrolley/robot_ws/install/ydlidar_sdk/share/YDLIDAR_SDK/doc/Dataset.md
[2.687s] -- Up-to-date: /home/golftrolley/robot_ws/install/ydlidar_sdk/share/YDLIDAR_SDK/doc/tutorials
[2.688s] -- Up-to-date: /home/golftrolley/robot_ws/install/ydlidar_sdk/share/YDLIDAR_SDK/doc/tutorials/writing_lidar_tutorial_c++.md
[2.688s] -- Up-to-date: /home/golftrolley/robot_ws/install/ydlidar_sdk/share/YDLIDAR_SDK/doc/tutorials/writing_lidar_tutorial_python.md
[2.689s] -- Up-to-date: /home/golftrolley/robot_ws/install/ydlidar_sdk/share/YDLIDAR_SDK/doc/tutorials/writing_lidar_tutorial_c.md
[2.689s] -- Up-to-date: /home/golftrolley/robot_ws/install/ydlidar_sdk/share/YDLIDAR_SDK/doc/tutorials/writing_lidar_network_adapter_tutorial_c++.md
[2.691s] -- Up-to-date: /home/golftrolley/robot_ws/install/ydlidar_sdk/share/YDLIDAR_SDK/doc/tutorials/examine_the_simple_lidar_tutorial.md
[2.691s] -- Up-to-date: /home/golftrolley/robot_ws/install/ydlidar_sdk/share/YDLIDAR_SDK/doc/SDK.pdf
[2.692s] -- Up-to-date: /home/golftrolley/robot_ws/install/ydlidar_sdk/share/YDLIDAR_SDK/doc/YDLidar-SDK-Communication-Protocol.pdf
[2.692s] -- Up-to-date: /home/golftrolley/robot_ws/install/ydlidar_sdk/share/YDLIDAR_SDK/doc/YDLIDAR_SDK_API_for_Developers.md
[2.693s] -- Up-to-date: /home/golftrolley/robot_ws/install/ydlidar_sdk/share/YDLIDAR_SDK/doc/YDLidar_SDK_Communication_Protocol.pdf
[2.696s] -- Up-to-date: /home/golftrolley/robot_ws/install/ydlidar_sdk/share/YDLIDAR_SDK/doc/Tutorials.md
[2.699s] -- Up-to-date: /home/golftrolley/robot_ws/install/ydlidar_sdk/share/YDLIDAR_SDK/doc/images
[2.700s] -- Up-to-date: /home/golftrolley/robot_ws/install/ydlidar_sdk/share/YDLIDAR_SDK/doc/images/sdk_init.png
[2.700s] -- Up-to-date: /home/golftrolley/robot_ws/install/ydlidar_sdk/share/YDLIDAR_SDK/doc/images/sdk_scanning.png
[2.701s] -- Up-to-date: /home/golftrolley/robot_ws/install/ydlidar_sdk/share/YDLIDAR_SDK/doc/images/angle_q2.png
[2.703s] -- Up-to-date: /home/golftrolley/robot_ws/install/ydlidar_sdk/share/YDLIDAR_SDK/doc/images/communication_mechanism.png
[2.706s] -- Up-to-date: /home/golftrolley/robot_ws/install/ydlidar_sdk/share/YDLIDAR_SDK/doc/images/sequence.png
[2.708s] -- Up-to-date: /home/golftrolley/robot_ws/install/ydlidar_sdk/share/YDLIDAR_SDK/doc/images/YDLidar.jpg
[2.709s] -- Up-to-date: /home/golftrolley/robot_ws/install/ydlidar_sdk/share/YDLIDAR_SDK/doc/images/frame_intensity.png
[2.710s] -- Up-to-date: /home/golftrolley/robot_ws/install/ydlidar_sdk/share/YDLIDAR_SDK/doc/images/EAI.png
[2.710s] -- Up-to-date: /home/golftrolley/robot_ws/install/ydlidar_sdk/share/YDLIDAR_SDK/doc/images/FlowChart.png
[2.711s] -- Up-to-date: /home/golftrolley/robot_ws/install/ydlidar_sdk/share/YDLIDAR_SDK/doc/images/system_workflow.png
[2.711s] -- Up-to-date: /home/golftrolley/robot_ws/install/ydlidar_sdk/share/YDLIDAR_SDK/doc/images/sdk_architecture.png
[2.715s] -- Up-to-date: /home/golftrolley/robot_ws/install/ydlidar_sdk/share/YDLIDAR_SDK/doc/images/frame.png
[2.716s] -- Up-to-date: /home/golftrolley/robot_ws/install/ydlidar_sdk/share/YDLIDAR_SDK/doc/images/YDLidar.png
[2.717s] -- Up-to-date: /home/golftrolley/robot_ws/install/ydlidar_sdk/share/YDLIDAR_SDK/doc/YDLidar-SDK-Communication-Protocol.md
[2.717s] -- Up-to-date: /home/golftrolley/robot_ws/install/ydlidar_sdk/share/YDLIDAR_SDK/doc/README.md
[2.718s] -- Up-to-date: /home/golftrolley/robot_ws/install/ydlidar_sdk/share/YDLIDAR_SDK/doc/howto
[2.719s] -- Up-to-date: /home/golftrolley/robot_ws/install/ydlidar_sdk/share/YDLIDAR_SDK/doc/howto/how_to_create_a_udev_rules.md
[2.719s] -- Up-to-date: /home/golftrolley/robot_ws/install/ydlidar_sdk/share/YDLIDAR_SDK/doc/howto/how_to_build_and_install.md
[2.720s] -- Up-to-date: /home/golftrolley/robot_ws/install/ydlidar_sdk/share/YDLIDAR_SDK/doc/howto/how_to_create_a_pull.md
[2.720s] -- Up-to-date: /home/golftrolley/robot_ws/install/ydlidar_sdk/share/YDLIDAR_SDK/doc/howto/images
[2.724s] -- Up-to-date: /home/golftrolley/robot_ws/install/ydlidar_sdk/share/YDLIDAR_SDK/doc/howto/images/csharp_library.png
[2.725s] -- Up-to-date: /home/golftrolley/robot_ws/install/ydlidar_sdk/share/YDLIDAR_SDK/doc/howto/images/sdk_init.png
[2.728s] -- Up-to-date: /home/golftrolley/robot_ws/install/ydlidar_sdk/share/YDLIDAR_SDK/doc/howto/images/sdk_scanning.png
[2.728s] -- Up-to-date: /home/golftrolley/robot_ws/install/ydlidar_sdk/share/YDLIDAR_SDK/doc/howto/images/csharp_build.png
[2.729s] -- Up-to-date: /home/golftrolley/robot_ws/install/ydlidar_sdk/share/YDLIDAR_SDK/doc/howto/images/csharp_exception.png
[2.730s] -- Up-to-date: /home/golftrolley/robot_ws/install/ydlidar_sdk/share/YDLIDAR_SDK/doc/howto/images/ydlidar_lidar_monitor.png
[2.730s] -- Up-to-date: /home/golftrolley/robot_ws/install/ydlidar_sdk/share/YDLIDAR_SDK/doc/howto/images/csharp_running.png
[2.731s] -- Up-to-date: /home/golftrolley/robot_ws/install/ydlidar_sdk/share/YDLIDAR_SDK/doc/howto/images/sequence.png
[2.731s] -- Up-to-date: /home/golftrolley/robot_ws/install/ydlidar_sdk/share/YDLIDAR_SDK/doc/howto/images/vscode
[2.732s] -- Up-to-date: /home/golftrolley/robot_ws/install/ydlidar_sdk/share/YDLIDAR_SDK/doc/howto/images/vscode/run_tasks.jpg
[2.733s] -- Up-to-date: /home/golftrolley/robot_ws/install/ydlidar_sdk/share/YDLIDAR_SDK/doc/howto/images/vscode/tasks.png
[2.735s] -- Up-to-date: /home/golftrolley/robot_ws/install/ydlidar_sdk/share/YDLIDAR_SDK/doc/howto/images/csharp_project.png
[2.737s] -- Up-to-date: /home/golftrolley/robot_ws/install/ydlidar_sdk/share/YDLIDAR_SDK/doc/howto/images/ttyUSB0.png
[2.737s] -- Up-to-date: /home/golftrolley/robot_ws/install/ydlidar_sdk/share/YDLIDAR_SDK/doc/howto/images/ttyUSB1.png
[2.738s] -- Up-to-date: /home/golftrolley/robot_ws/install/ydlidar_sdk/share/YDLIDAR_SDK/doc/howto/images/cpack.png
[2.738s] -- Up-to-date: /home/golftrolley/robot_ws/install/ydlidar_sdk/share/YDLIDAR_SDK/doc/howto/how_to_gerenrate_vs_project_by_cmake.md
[2.739s] -- Up-to-date: /home/golftrolley/robot_ws/install/ydlidar_sdk/share/YDLIDAR_SDK/doc/howto/how_to_solve_slow_pull_from_cn.md
[2.745s] -- Up-to-date: /home/golftrolley/robot_ws/install/ydlidar_sdk/share/YDLIDAR_SDK/doc/howto/how_to_build_and_debug_using_vscode.md
[2.746s] -- Up-to-date: /home/golftrolley/robot_ws/install/ydlidar_sdk/share/YDLIDAR_SDK/doc/howto/README.md
[2.746s] -- Up-to-date: /home/golftrolley/robot_ws/install/ydlidar_sdk/share/YDLIDAR_SDK/doc/howto/how_to_create_a_csharp_project.md
[2.747s] -- Up-to-date: /home/golftrolley/robot_ws/install/ydlidar_sdk/share/YDLIDAR_SDK/doc/quickstart
[2.747s] -- Up-to-date: /home/golftrolley/robot_ws/install/ydlidar_sdk/share/YDLIDAR_SDK/doc/quickstart/ydlidar_sdk_software_installation_guide.md
[2.749s] -- Up-to-date: /home/golftrolley/robot_ws/install/ydlidar_sdk/share/YDLIDAR_SDK/doc/quickstart/README.md
[2.751s] -- Up-to-date: /home/golftrolley/robot_ws/install/ydlidar_sdk/share/YDLIDAR_SDK/doc/YDLidar-SDK-Communication-Protocol.html
[2.752s] -- Up-to-date: /home/golftrolley/robot_ws/install/ydlidar_sdk/share/YDLIDAR_SDK/doc/FAQs
[2.753s] -- Up-to-date: /home/golftrolley/robot_ws/install/ydlidar_sdk/share/YDLIDAR_SDK/doc/FAQs/Software_FAQs_cn.md
[2.758s] -- Up-to-date: /home/golftrolley/robot_ws/install/ydlidar_sdk/share/YDLIDAR_SDK/doc/FAQs/General_FAQs_cn.md
[2.758s] -- Up-to-date: /home/golftrolley/robot_ws/install/ydlidar_sdk/share/YDLIDAR_SDK/doc/FAQs/Hardware_FAQs_cn.md
[2.759s] -- Up-to-date: /home/golftrolley/robot_ws/install/ydlidar_sdk/share/YDLIDAR_SDK/doc/FAQs/General_FAQs.md
[2.759s] -- Up-to-date: /home/golftrolley/robot_ws/install/ydlidar_sdk/share/YDLIDAR_SDK/doc/FAQs/Hardware_FAQs.md
[2.764s] -- Up-to-date: /home/golftrolley/robot_ws/install/ydlidar_sdk/share/YDLIDAR_SDK/doc/FAQs/README.md
[2.764s] -- Up-to-date: /home/golftrolley/robot_ws/install/ydlidar_sdk/share/YDLIDAR_SDK/doc/FAQs/Software_FAQs.md
[2.765s] -- Up-to-date: /home/golftrolley/robot_ws/install/ydlidar_sdk/startup/initenv.sh
[2.766s] -- Up-to-date: /home/golftrolley/robot_ws/install/ydlidar_sdk/bin/et_test
[2.770s] -- Up-to-date: /home/golftrolley/robot_ws/install/ydlidar_sdk/bin/gs_ota
[2.771s] -- Up-to-date: /home/golftrolley/robot_ws/install/ydlidar_sdk/bin/gs_restart
[2.772s] -- Up-to-date: /home/golftrolley/robot_ws/install/ydlidar_sdk/bin/gs_test
[2.772s] -- Up-to-date: /home/golftrolley/robot_ws/install/ydlidar_sdk/bin/gs_test2
[2.773s] -- Up-to-date: /home/golftrolley/robot_ws/install/ydlidar_sdk/bin/scl_test
[2.776s] -- Up-to-date: /home/golftrolley/robot_ws/install/ydlidar_sdk/bin/sdm18_test
[2.777s] -- Up-to-date: /home/golftrolley/robot_ws/install/ydlidar_sdk/bin/sdm_test
[2.778s] -- Up-to-date: /home/golftrolley/robot_ws/install/ydlidar_sdk/bin/tea_test
[2.779s] -- Up-to-date: /home/golftrolley/robot_ws/install/ydlidar_sdk/bin/tia_test
[2.784s] -- Up-to-date: /home/golftrolley/robot_ws/install/ydlidar_sdk/bin/tmini-sh_test
[2.785s] -- Up-to-date: /home/golftrolley/robot_ws/install/ydlidar_sdk/bin/tmini_test
[2.785s] -- Up-to-date: /home/golftrolley/robot_ws/install/ydlidar_sdk/bin/tof_test
[2.786s] -- Up-to-date: /home/golftrolley/robot_ws/install/ydlidar_sdk/bin/tri_and_gs_test
[2.791s] -- Up-to-date: /home/golftrolley/robot_ws/install/ydlidar_sdk/bin/tri_restart
[2.792s] -- Up-to-date: /home/golftrolley/robot_ws/install/ydlidar_sdk/bin/tri_test
[2.793s] -- Up-to-date: /home/golftrolley/robot_ws/install/ydlidar_sdk/bin/lidar_c_api_test
[2.793s] Invoked command in '/home/golftrolley/robot_ws/build/ydlidar_sdk' returned '0': /usr/bin/cmake --install /home/golftrolley/robot_ws/build/ydlidar_sdk
