[0.056s] Invoking command in '/home/golftrolley/robot_ws/build/ydlidar_sdk': /usr/bin/cmake --build /home/golftrolley/robot_ws/build/ydlidar_sdk -- -j4 -l4
[0.528s] [ 38%] Built target ydlidar_sdk
[0.716s] [ 41%] Built target et_test
[0.786s] [ 45%] Built target gs_test
[0.808s] [ 49%] Built target gs_restart
[0.833s] [ 52%] Built target gs_ota
[1.014s] [ 56%] Built target gs_test2
[1.085s] [ 60%] Built target scl_test
[1.109s] [ 63%] Built target sdm18_test
[1.150s] [ 67%] Built target sdm_test
[1.293s] [ 70%] Built target tea_test
[1.356s] [ 74%] Built target tmini-sh_test
[1.391s] [ 78%] Built target tia_test
[1.420s] [ 81%] Built target tmini_test
[1.576s] [ 85%] Built target tof_test
[1.619s] [ 89%] Built target tri_and_gs_test
[1.676s] [ 94%] Built target tri_restart
[1.678s] [ 96%] Built target tri_test
[1.715s] [100%] Built target lidar_c_api_test
[1.814s] Invoked command in '/home/golftrolley/robot_ws/build/ydlidar_sdk' returned '0': /usr/bin/cmake --build /home/golftrolley/robot_ws/build/ydlidar_sdk -- -j4 -l4
[1.823s] Invoking command in '/home/golftrolley/robot_ws/build/ydlidar_sdk': /usr/bin/cmake --install /home/golftrolley/robot_ws/build/ydlidar_sdk
[1.882s] -- Install configuration: ""
[1.883s] -- Up-to-date: /home/golftrolley/robot_ws/install/ydlidar_sdk/include/core/base/datatype.h
[1.884s] -- Up-to-date: /home/golftrolley/robot_ws/install/ydlidar_sdk/include/core/base/locker.h
[1.884s] -- Up-to-date: /home/golftrolley/robot_ws/install/ydlidar_sdk/include/core/base/thread.h
[1.888s] -- Up-to-date: /home/golftrolley/robot_ws/install/ydlidar_sdk/include/core/base/timer.h
[1.888s] -- Up-to-date: /home/golftrolley/robot_ws/install/ydlidar_sdk/include/core/base/typedef.h
[1.889s] -- Up-to-date: /home/golftrolley/robot_ws/install/ydlidar_sdk/include/core/base/utils.h
[1.889s] -- Up-to-date: /home/golftrolley/robot_ws/install/ydlidar_sdk/include/core/base/v8stdint.h
[1.890s] -- Up-to-date: /home/golftrolley/robot_ws/install/ydlidar_sdk/include/core/base/ydlidar.h
[1.892s] -- Up-to-date: /home/golftrolley/robot_ws/install/ydlidar_sdk/include/core/common/ChannelDevice.h
[1.897s] -- Up-to-date: /home/golftrolley/robot_ws/install/ydlidar_sdk/include/core/common/DriverInterface.h
[1.898s] -- Up-to-date: /home/golftrolley/robot_ws/install/ydlidar_sdk/include/core/common/ydlidar_datatype.h
[1.898s] -- Up-to-date: /home/golftrolley/robot_ws/install/ydlidar_sdk/include/core/common/ydlidar_def.h
[1.902s] -- Up-to-date: /home/golftrolley/robot_ws/install/ydlidar_sdk/include/core/common/ydlidar_help.h
[1.903s] -- Up-to-date: /home/golftrolley/robot_ws/install/ydlidar_sdk/include/core/common/ydlidar_protocol.h
[1.903s] -- Up-to-date: /home/golftrolley/robot_ws/install/ydlidar_sdk/include/core/json/cJSON.h
[1.905s] -- Up-to-date: /home/golftrolley/robot_ws/install/ydlidar_sdk/include/core/math/angles.h
[1.910s] -- Up-to-date: /home/golftrolley/robot_ws/install/ydlidar_sdk/include/core/network/ActiveSocket.h
[1.911s] -- Up-to-date: /home/golftrolley/robot_ws/install/ydlidar_sdk/include/core/network/PassiveSocket.h
[1.911s] -- Up-to-date: /home/golftrolley/robot_ws/install/ydlidar_sdk/include/core/network/SimpleSocket.h
[1.913s] -- Up-to-date: /home/golftrolley/robot_ws/install/ydlidar_sdk/include/core/network/StatTimer.h
[1.918s] -- Up-to-date: /home/golftrolley/robot_ws/install/ydlidar_sdk/include/core/serial/common.h
[1.919s] -- Up-to-date: /home/golftrolley/robot_ws/install/ydlidar_sdk/include/core/serial/serial.h
[1.920s] -- Up-to-date: /home/golftrolley/robot_ws/install/ydlidar_sdk/include/core/serial/impl/unix/lock.h
[1.923s] -- Up-to-date: /home/golftrolley/robot_ws/install/ydlidar_sdk/include/core/serial/impl/unix/unix.h
[1.924s] -- Up-to-date: /home/golftrolley/robot_ws/install/ydlidar_sdk/include/core/serial/impl/unix/unix_serial.h
[1.924s] -- Up-to-date: /home/golftrolley/robot_ws/install/ydlidar_sdk/include/src/CYdLidar.h
[1.930s] -- Up-to-date: /home/golftrolley/robot_ws/install/ydlidar_sdk/include/src/DTSLidarDriver.h
[1.931s] -- Up-to-date: /home/golftrolley/robot_ws/install/ydlidar_sdk/include/src/ETLidarDriver.h
[1.931s] -- Up-to-date: /home/golftrolley/robot_ws/install/ydlidar_sdk/include/src/GSLidarDriver.h
[1.932s] -- Up-to-date: /home/golftrolley/robot_ws/install/ydlidar_sdk/include/src/SDMLidarDriver.h
[1.935s] -- Up-to-date: /home/golftrolley/robot_ws/install/ydlidar_sdk/include/src/TiaLidarDriver.h
[1.935s] -- Up-to-date: /home/golftrolley/robot_ws/install/ydlidar_sdk/include/src/YDlidarDriver.h
[1.939s] -- Up-to-date: /home/golftrolley/robot_ws/install/ydlidar_sdk/include/src/ydlidar_sdk.h
[1.940s] -- Up-to-date: /home/golftrolley/robot_ws/install/ydlidar_sdk/include/src/filters/FilterInterface.h
[1.943s] -- Up-to-date: /home/golftrolley/robot_ws/install/ydlidar_sdk/include/src/filters/NoiseFilter.h
[1.944s] -- Up-to-date: /home/golftrolley/robot_ws/install/ydlidar_sdk/include/src/filters/StrongLightFilter.h
[1.947s] -- Up-to-date: /home/golftrolley/robot_ws/install/ydlidar_sdk/include/ydlidar_config.h
[1.951s] -- Up-to-date: /home/golftrolley/robot_ws/install/ydlidar_sdk/lib/libydlidar_sdk.a
[1.952s] -- Up-to-date: /home/golftrolley/robot_ws/install/ydlidar_sdk/lib/pkgconfig/YDLIDAR_SDK.pc
[1.952s] -- Up-to-date: /home/golftrolley/robot_ws/install/ydlidar_sdk/lib/cmake/ydlidar_sdk/ydlidar_sdkConfig.cmake
[1.956s] -- Up-to-date: /home/golftrolley/robot_ws/install/ydlidar_sdk/lib/cmake/ydlidar_sdk/ydlidar_sdkTargets.cmake
[1.957s] -- Up-to-date: /home/golftrolley/robot_ws/install/ydlidar_sdk/lib/cmake/ydlidar_sdk/ydlidar_sdkConfigVersion.cmake
[1.957s] -- Up-to-date: /home/golftrolley/robot_ws/install/ydlidar_sdk/share/YDLIDAR_SDK/FindYDLIDAR_SDK.cmake
[1.958s] -- Up-to-date: /home/golftrolley/robot_ws/install/ydlidar_sdk/share/YDLIDAR_SDK
[1.960s] -- Up-to-date: /home/golftrolley/robot_ws/install/ydlidar_sdk/share/YDLIDAR_SDK/cmake_uninstall.cmake.in
[1.965s] -- Up-to-date: /home/golftrolley/robot_ws/install/ydlidar_sdk/share/YDLIDAR_SDK/common
[1.966s] -- Up-to-date: /home/golftrolley/robot_ws/install/ydlidar_sdk/share/YDLIDAR_SDK/common/ydlidar_base.cmake
[1.966s] -- Up-to-date: /home/golftrolley/robot_ws/install/ydlidar_sdk/share/YDLIDAR_SDK/common/ydlidar_parse.cmake
[1.970s] -- Up-to-date: /home/golftrolley/robot_ws/install/ydlidar_sdk/share/YDLIDAR_SDK/install_package.cmake
[1.971s] -- Up-to-date: /home/golftrolley/robot_ws/install/ydlidar_sdk/share/YDLIDAR_SDK/PackageConfigVersion.cmake.in
[1.974s] -- Up-to-date: /home/golftrolley/robot_ws/install/ydlidar_sdk/share/YDLIDAR_SDK/script_show_final_summary.cmake
[1.978s] -- Up-to-date: /home/golftrolley/robot_ws/install/ydlidar_sdk/share/YDLIDAR_SDK/FindPackage.cmake.in
[1.979s] -- Up-to-date: /home/golftrolley/robot_ws/install/ydlidar_sdk/share/YDLIDAR_SDK/PkgConfig.pc.in
[1.979s] -- Up-to-date: /home/golftrolley/robot_ws/install/ydlidar_sdk/share/YDLIDAR_SDK/PackageConfig.cmake.in
[1.981s] -- Up-to-date: /home/golftrolley/robot_ws/install/ydlidar_sdk/share/YDLIDAR_SDK/LICENSE.txt
[1.984s] -- Up-to-date: /home/golftrolley/robot_ws/install/ydlidar_sdk/share/YDLIDAR_SDK/README.md
[1.985s] -- Up-to-date: /home/golftrolley/robot_ws/install/ydlidar_sdk/share/YDLIDAR_SDK/doc
[1.988s] -- Up-to-date: /home/golftrolley/robot_ws/install/ydlidar_sdk/share/YDLIDAR_SDK/doc/Diagram.md
[1.989s] -- Up-to-date: /home/golftrolley/robot_ws/install/ydlidar_sdk/share/YDLIDAR_SDK/doc/Dataset.md
[1.989s] -- Up-to-date: /home/golftrolley/robot_ws/install/ydlidar_sdk/share/YDLIDAR_SDK/doc/tutorials
[1.993s] -- Up-to-date: /home/golftrolley/robot_ws/install/ydlidar_sdk/share/YDLIDAR_SDK/doc/tutorials/writing_lidar_tutorial_c++.md
[1.994s] -- Up-to-date: /home/golftrolley/robot_ws/install/ydlidar_sdk/share/YDLIDAR_SDK/doc/tutorials/writing_lidar_tutorial_python.md
[1.995s] -- Up-to-date: /home/golftrolley/robot_ws/install/ydlidar_sdk/share/YDLIDAR_SDK/doc/tutorials/writing_lidar_tutorial_c.md
[1.995s] -- Up-to-date: /home/golftrolley/robot_ws/install/ydlidar_sdk/share/YDLIDAR_SDK/doc/tutorials/writing_lidar_network_adapter_tutorial_c++.md
[1.999s] -- Up-to-date: /home/golftrolley/robot_ws/install/ydlidar_sdk/share/YDLIDAR_SDK/doc/tutorials/examine_the_simple_lidar_tutorial.md
[2.000s] -- Up-to-date: /home/golftrolley/robot_ws/install/ydlidar_sdk/share/YDLIDAR_SDK/doc/SDK.pdf
[2.000s] -- Up-to-date: /home/golftrolley/robot_ws/install/ydlidar_sdk/share/YDLIDAR_SDK/doc/YDLidar-SDK-Communication-Protocol.pdf
[2.004s] -- Up-to-date: /home/golftrolley/robot_ws/install/ydlidar_sdk/share/YDLIDAR_SDK/doc/YDLIDAR_SDK_API_for_Developers.md
[2.005s] -- Up-to-date: /home/golftrolley/robot_ws/install/ydlidar_sdk/share/YDLIDAR_SDK/doc/YDLidar_SDK_Communication_Protocol.pdf
[2.005s] -- Up-to-date: /home/golftrolley/robot_ws/install/ydlidar_sdk/share/YDLIDAR_SDK/doc/Tutorials.md
[2.006s] -- Up-to-date: /home/golftrolley/robot_ws/install/ydlidar_sdk/share/YDLIDAR_SDK/doc/images
[2.006s] -- Up-to-date: /home/golftrolley/robot_ws/install/ydlidar_sdk/share/YDLIDAR_SDK/doc/images/sdk_init.png
[2.011s] -- Up-to-date: /home/golftrolley/robot_ws/install/ydlidar_sdk/share/YDLIDAR_SDK/doc/images/sdk_scanning.png
[2.012s] -- Up-to-date: /home/golftrolley/robot_ws/install/ydlidar_sdk/share/YDLIDAR_SDK/doc/images/angle_q2.png
[2.012s] -- Up-to-date: /home/golftrolley/robot_ws/install/ydlidar_sdk/share/YDLIDAR_SDK/doc/images/communication_mechanism.png
[2.013s] -- Up-to-date: /home/golftrolley/robot_ws/install/ydlidar_sdk/share/YDLIDAR_SDK/doc/images/sequence.png
[2.013s] -- Up-to-date: /home/golftrolley/robot_ws/install/ydlidar_sdk/share/YDLIDAR_SDK/doc/images/YDLidar.jpg
[2.014s] -- Up-to-date: /home/golftrolley/robot_ws/install/ydlidar_sdk/share/YDLIDAR_SDK/doc/images/frame_intensity.png
[2.018s] -- Up-to-date: /home/golftrolley/robot_ws/install/ydlidar_sdk/share/YDLIDAR_SDK/doc/images/EAI.png
[2.019s] -- Up-to-date: /home/golftrolley/robot_ws/install/ydlidar_sdk/share/YDLIDAR_SDK/doc/images/FlowChart.png
[2.019s] -- Up-to-date: /home/golftrolley/robot_ws/install/ydlidar_sdk/share/YDLIDAR_SDK/doc/images/system_workflow.png
[2.019s] -- Up-to-date: /home/golftrolley/robot_ws/install/ydlidar_sdk/share/YDLIDAR_SDK/doc/images/sdk_architecture.png
[2.023s] -- Up-to-date: /home/golftrolley/robot_ws/install/ydlidar_sdk/share/YDLIDAR_SDK/doc/images/frame.png
[2.024s] -- Up-to-date: /home/golftrolley/robot_ws/install/ydlidar_sdk/share/YDLIDAR_SDK/doc/images/YDLidar.png
[2.027s] -- Up-to-date: /home/golftrolley/robot_ws/install/ydlidar_sdk/share/YDLIDAR_SDK/doc/YDLidar-SDK-Communication-Protocol.md
[2.028s] -- Up-to-date: /home/golftrolley/robot_ws/install/ydlidar_sdk/share/YDLIDAR_SDK/doc/README.md
[2.028s] -- Up-to-date: /home/golftrolley/robot_ws/install/ydlidar_sdk/share/YDLIDAR_SDK/doc/howto
[2.029s] -- Up-to-date: /home/golftrolley/robot_ws/install/ydlidar_sdk/share/YDLIDAR_SDK/doc/howto/how_to_create_a_udev_rules.md
[2.029s] -- Up-to-date: /home/golftrolley/robot_ws/install/ydlidar_sdk/share/YDLIDAR_SDK/doc/howto/how_to_build_and_install.md
[2.033s] -- Up-to-date: /home/golftrolley/robot_ws/install/ydlidar_sdk/share/YDLIDAR_SDK/doc/howto/how_to_create_a_pull.md
[2.034s] -- Up-to-date: /home/golftrolley/robot_ws/install/ydlidar_sdk/share/YDLIDAR_SDK/doc/howto/images
[2.035s] -- Up-to-date: /home/golftrolley/robot_ws/install/ydlidar_sdk/share/YDLIDAR_SDK/doc/howto/images/csharp_library.png
[2.035s] -- Up-to-date: /home/golftrolley/robot_ws/install/ydlidar_sdk/share/YDLIDAR_SDK/doc/howto/images/sdk_init.png
[2.038s] -- Up-to-date: /home/golftrolley/robot_ws/install/ydlidar_sdk/share/YDLIDAR_SDK/doc/howto/images/sdk_scanning.png
[2.038s] -- Up-to-date: /home/golftrolley/robot_ws/install/ydlidar_sdk/share/YDLIDAR_SDK/doc/howto/images/csharp_build.png
[2.039s] -- Up-to-date: /home/golftrolley/robot_ws/install/ydlidar_sdk/share/YDLIDAR_SDK/doc/howto/images/csharp_exception.png
[2.042s] -- Up-to-date: /home/golftrolley/robot_ws/install/ydlidar_sdk/share/YDLIDAR_SDK/doc/howto/images/ydlidar_lidar_monitor.png
[2.043s] -- Up-to-date: /home/golftrolley/robot_ws/install/ydlidar_sdk/share/YDLIDAR_SDK/doc/howto/images/csharp_running.png
[2.043s] -- Up-to-date: /home/golftrolley/robot_ws/install/ydlidar_sdk/share/YDLIDAR_SDK/doc/howto/images/sequence.png
[2.047s] -- Up-to-date: /home/golftrolley/robot_ws/install/ydlidar_sdk/share/YDLIDAR_SDK/doc/howto/images/vscode
[2.048s] -- Up-to-date: /home/golftrolley/robot_ws/install/ydlidar_sdk/share/YDLIDAR_SDK/doc/howto/images/vscode/run_tasks.jpg
[2.048s] -- Up-to-date: /home/golftrolley/robot_ws/install/ydlidar_sdk/share/YDLIDAR_SDK/doc/howto/images/vscode/tasks.png
[2.052s] -- Up-to-date: /home/golftrolley/robot_ws/install/ydlidar_sdk/share/YDLIDAR_SDK/doc/howto/images/csharp_project.png
[2.053s] -- Up-to-date: /home/golftrolley/robot_ws/install/ydlidar_sdk/share/YDLIDAR_SDK/doc/howto/images/ttyUSB0.png
[2.053s] -- Up-to-date: /home/golftrolley/robot_ws/install/ydlidar_sdk/share/YDLIDAR_SDK/doc/howto/images/ttyUSB1.png
[2.054s] -- Up-to-date: /home/golftrolley/robot_ws/install/ydlidar_sdk/share/YDLIDAR_SDK/doc/howto/images/cpack.png
[2.058s] -- Up-to-date: /home/golftrolley/robot_ws/install/ydlidar_sdk/share/YDLIDAR_SDK/doc/howto/how_to_gerenrate_vs_project_by_cmake.md
[2.059s] -- Up-to-date: /home/golftrolley/robot_ws/install/ydlidar_sdk/share/YDLIDAR_SDK/doc/howto/how_to_solve_slow_pull_from_cn.md
[2.059s] -- Up-to-date: /home/golftrolley/robot_ws/install/ydlidar_sdk/share/YDLIDAR_SDK/doc/howto/how_to_build_and_debug_using_vscode.md
[2.060s] -- Up-to-date: /home/golftrolley/robot_ws/install/ydlidar_sdk/share/YDLIDAR_SDK/doc/howto/README.md
[2.060s] -- Up-to-date: /home/golftrolley/robot_ws/install/ydlidar_sdk/share/YDLIDAR_SDK/doc/howto/how_to_create_a_csharp_project.md
[2.062s] -- Up-to-date: /home/golftrolley/robot_ws/install/ydlidar_sdk/share/YDLIDAR_SDK/doc/quickstart
[2.065s] -- Up-to-date: /home/golftrolley/robot_ws/install/ydlidar_sdk/share/YDLIDAR_SDK/doc/quickstart/ydlidar_sdk_software_installation_guide.md
[2.066s] -- Up-to-date: /home/golftrolley/robot_ws/install/ydlidar_sdk/share/YDLIDAR_SDK/doc/quickstart/README.md
[2.067s] -- Up-to-date: /home/golftrolley/robot_ws/install/ydlidar_sdk/share/YDLIDAR_SDK/doc/YDLidar-SDK-Communication-Protocol.html
[2.069s] -- Up-to-date: /home/golftrolley/robot_ws/install/ydlidar_sdk/share/YDLIDAR_SDK/doc/FAQs
[2.070s] -- Up-to-date: /home/golftrolley/robot_ws/install/ydlidar_sdk/share/YDLIDAR_SDK/doc/FAQs/Software_FAQs_cn.md
[2.070s] -- Up-to-date: /home/golftrolley/robot_ws/install/ydlidar_sdk/share/YDLIDAR_SDK/doc/FAQs/General_FAQs_cn.md
[2.071s] -- Up-to-date: /home/golftrolley/robot_ws/install/ydlidar_sdk/share/YDLIDAR_SDK/doc/FAQs/Hardware_FAQs_cn.md
[2.071s] -- Up-to-date: /home/golftrolley/robot_ws/install/ydlidar_sdk/share/YDLIDAR_SDK/doc/FAQs/General_FAQs.md
[2.078s] -- Up-to-date: /home/golftrolley/robot_ws/install/ydlidar_sdk/share/YDLIDAR_SDK/doc/FAQs/Hardware_FAQs.md
[2.080s] -- Up-to-date: /home/golftrolley/robot_ws/install/ydlidar_sdk/share/YDLIDAR_SDK/doc/FAQs/README.md
[2.083s] -- Up-to-date: /home/golftrolley/robot_ws/install/ydlidar_sdk/share/YDLIDAR_SDK/doc/FAQs/Software_FAQs.md
[2.084s] -- Up-to-date: /home/golftrolley/robot_ws/install/ydlidar_sdk/startup/initenv.sh
[2.087s] -- Up-to-date: /home/golftrolley/robot_ws/install/ydlidar_sdk/bin/et_test
[2.088s] -- Up-to-date: /home/golftrolley/robot_ws/install/ydlidar_sdk/bin/gs_ota
[2.090s] -- Up-to-date: /home/golftrolley/robot_ws/install/ydlidar_sdk/bin/gs_restart
[2.092s] -- Up-to-date: /home/golftrolley/robot_ws/install/ydlidar_sdk/bin/gs_test
[2.095s] -- Up-to-date: /home/golftrolley/robot_ws/install/ydlidar_sdk/bin/gs_test2
[2.097s] -- Up-to-date: /home/golftrolley/robot_ws/install/ydlidar_sdk/bin/scl_test
[2.097s] -- Up-to-date: /home/golftrolley/robot_ws/install/ydlidar_sdk/bin/sdm18_test
[2.098s] -- Up-to-date: /home/golftrolley/robot_ws/install/ydlidar_sdk/bin/sdm_test
[2.098s] -- Up-to-date: /home/golftrolley/robot_ws/install/ydlidar_sdk/bin/tea_test
[2.099s] -- Up-to-date: /home/golftrolley/robot_ws/install/ydlidar_sdk/bin/tia_test
[2.099s] -- Up-to-date: /home/golftrolley/robot_ws/install/ydlidar_sdk/bin/tmini-sh_test
[2.105s] -- Up-to-date: /home/golftrolley/robot_ws/install/ydlidar_sdk/bin/tmini_test
[2.108s] -- Up-to-date: /home/golftrolley/robot_ws/install/ydlidar_sdk/bin/tof_test
[2.109s] -- Up-to-date: /home/golftrolley/robot_ws/install/ydlidar_sdk/bin/tri_and_gs_test
[2.109s] -- Up-to-date: /home/golftrolley/robot_ws/install/ydlidar_sdk/bin/tri_restart
[2.110s] -- Up-to-date: /home/golftrolley/robot_ws/install/ydlidar_sdk/bin/tri_test
[2.111s] -- Up-to-date: /home/golftrolley/robot_ws/install/ydlidar_sdk/bin/lidar_c_api_test
[2.113s] Invoked command in '/home/golftrolley/robot_ws/build/ydlidar_sdk' returned '0': /usr/bin/cmake --install /home/golftrolley/robot_ws/build/ydlidar_sdk
