[5.393s] Invoking command in '/home/golftrolley/robot_ws/src/serial_motor_demo/serial_motor_demo': CMAKE_PREFIX_PATH=/home/golftrolley/robot_ws/install/serial_motor_demo_msgs:/home/golftrolley/robot_ws/install/ydlidar_sdk:/home/golftrolley/robot_ws/install/ydlidar_ros2_driver:/home/golftrolley/robot_ws/install/mpu6050driver PYTHONPATH=/home/golftrolley/robot_ws/build/serial_motor_demo/prefix_override:/usr/lib/python3/dist-packages/colcon_core/task/python/colcon_distutils_commands:/home/golftrolley/robot_ws/install/serial_motor_demo/lib/python3.12/site-packages:/home/golftrolley/robot_ws/install/serial_motor_demo_msgs/lib/python3.12/site-packages:/home/golftrolley/robot_ws/install/stereo_camera_split/lib/python3.12/site-packages:/home/golftrolley/robot_ws/install/serial_motor_demo/lib/python3.12/site-packages:/home/golftrolley/robot_ws/install/golftrolley/lib/python3.12/site-packages:/opt/ros/jazzy/lib/python3.12/site-packages /usr/bin/python3 -W ignore:setup.py install is deprecated -W ignore:easy_install command is deprecated setup.py egg_info --egg-base ../../../build/serial_motor_demo build --build-base /home/golftrolley/robot_ws/build/serial_motor_demo/build install --record /home/golftrolley/robot_ws/build/serial_motor_demo/install.log --single-version-externally-managed install_data
[6.875s] running egg_info
[6.947s] writing ../../../build/serial_motor_demo/serial_motor_demo.egg-info/PKG-INFO
[6.948s] writing dependency_links to ../../../build/serial_motor_demo/serial_motor_demo.egg-info/dependency_links.txt
[6.949s] writing entry points to ../../../build/serial_motor_demo/serial_motor_demo.egg-info/entry_points.txt
[6.950s] writing requirements to ../../../build/serial_motor_demo/serial_motor_demo.egg-info/requires.txt
[6.951s] writing top-level names to ../../../build/serial_motor_demo/serial_motor_demo.egg-info/top_level.txt
[7.103s] reading manifest file '../../../build/serial_motor_demo/serial_motor_demo.egg-info/SOURCES.txt'
[7.106s] writing manifest file '../../../build/serial_motor_demo/serial_motor_demo.egg-info/SOURCES.txt'
[7.107s] running build
[7.108s] running build_py
[7.109s] running install
[7.134s] running install_lib
[7.209s] running install_data
[7.209s] running install_egg_info
[7.285s] removing '/home/golftrolley/robot_ws/install/serial_motor_demo/lib/python3.12/site-packages/serial_motor_demo-0.0.0-py3.12.egg-info' (and everything under it)
[7.287s] Copying ../../../build/serial_motor_demo/serial_motor_demo.egg-info to /home/golftrolley/robot_ws/install/serial_motor_demo/lib/python3.12/site-packages/serial_motor_demo-0.0.0-py3.12.egg-info
[7.294s] running install_scripts
[7.844s] Installing driver script to /home/golftrolley/robot_ws/install/serial_motor_demo/lib/serial_motor_demo
[7.845s] Installing gui script to /home/golftrolley/robot_ws/install/serial_motor_demo/lib/serial_motor_demo
[7.846s] writing list of installed files to '/home/golftrolley/robot_ws/build/serial_motor_demo/install.log'
[7.991s] Invoked command in '/home/golftrolley/robot_ws/src/serial_motor_demo/serial_motor_demo' returned '0': CMAKE_PREFIX_PATH=/home/golftrolley/robot_ws/install/serial_motor_demo_msgs:/home/golftrolley/robot_ws/install/ydlidar_sdk:/home/golftrolley/robot_ws/install/ydlidar_ros2_driver:/home/golftrolley/robot_ws/install/mpu6050driver PYTHONPATH=/home/golftrolley/robot_ws/build/serial_motor_demo/prefix_override:/usr/lib/python3/dist-packages/colcon_core/task/python/colcon_distutils_commands:/home/golftrolley/robot_ws/install/serial_motor_demo/lib/python3.12/site-packages:/home/golftrolley/robot_ws/install/serial_motor_demo_msgs/lib/python3.12/site-packages:/home/golftrolley/robot_ws/install/stereo_camera_split/lib/python3.12/site-packages:/home/golftrolley/robot_ws/install/serial_motor_demo/lib/python3.12/site-packages:/home/golftrolley/robot_ws/install/golftrolley/lib/python3.12/site-packages:/opt/ros/jazzy/lib/python3.12/site-packages /usr/bin/python3 -W ignore:setup.py install is deprecated -W ignore:easy_install command is deprecated setup.py egg_info --egg-base ../../../build/serial_motor_demo build --build-base /home/golftrolley/robot_ws/build/serial_motor_demo/build install --record /home/golftrolley/robot_ws/build/serial_motor_demo/install.log --single-version-externally-managed install_data
