[0.449s] DEBUG:colcon:Command line arguments: ['/usr/bin/colcon', 'build']
[0.449s] DEBUG:colcon:Parsed command line arguments: Namespace(log_base=None, log_level=None, verb_name='build', build_base='build', install_base='install', merge_install=False, symlink_install=False, test_result_base=None, continue_on_error=False, executor='parallel', parallel_workers=4, event_handlers=None, ignore_user_meta=False, metas=['./colcon.meta'], base_paths=['.'], packages_ignore=None, packages_ignore_regex=None, paths=None, packages_up_to=None, packages_up_to_regex=None, packages_above=None, packages_above_and_dependencies=None, packages_above_depth=None, packages_select_by_dep=None, packages_skip_by_dep=None, packages_skip_up_to=None, packages_select_build_failed=False, packages_skip_build_finished=False, packages_select_test_failures=False, packages_skip_test_passed=False, packages_select=None, packages_skip=None, packages_select_regex=None, packages_skip_regex=None, packages_start=None, packages_end=None, allow_overriding=[], cmake_args=None, cmake_target=None, cmake_target_skip_unavailable=False, cmake_clean_cache=False, cmake_clean_first=False, cmake_force_configure=False, ament_cmake_args=None, catkin_cmake_args=None, catkin_skip_building_tests=False, mixin_files=None, mixin=None, verb_parser=<colcon_mixin.mixin.mixin_argument.MixinArgumentDecorator object at 0xffffbc17f290>, verb_extension=<colcon_core.verb.build.BuildVerb object at 0xffffbc333890>, main=<bound method BuildVerb.main of <colcon_core.verb.build.BuildVerb object at 0xffffbc333890>>, mixin_verb=('build',))
[0.621s] Level 1:colcon.colcon_core.package_discovery:discover_packages(colcon_meta) check parameters
[0.622s] Level 1:colcon.colcon_core.package_discovery:discover_packages(recursive) check parameters
[0.622s] Level 1:colcon.colcon_core.package_discovery:discover_packages(ignore) check parameters
[0.622s] Level 1:colcon.colcon_core.package_discovery:discover_packages(path) check parameters
[0.622s] Level 1:colcon.colcon_core.package_discovery:discover_packages(colcon_meta) discover
[0.622s] Level 1:colcon.colcon_core.package_discovery:discover_packages(recursive) discover
[0.622s] INFO:colcon.colcon_core.package_discovery:Crawling recursively for packages in '/home/golftrolley/robot_ws'
[0.623s] Level 1:colcon.colcon_core.package_identification:_identify(.) by extensions ['ignore', 'ignore_ament_install']
[0.623s] Level 1:colcon.colcon_core.package_identification:_identify(.) by extension 'ignore'
[0.624s] Level 1:colcon.colcon_core.package_identification:_identify(.) by extension 'ignore_ament_install'
[0.624s] Level 1:colcon.colcon_core.package_identification:_identify(.) by extensions ['colcon_pkg']
[0.624s] Level 1:colcon.colcon_core.package_identification:_identify(.) by extension 'colcon_pkg'
[0.624s] Level 1:colcon.colcon_core.package_identification:_identify(.) by extensions ['colcon_meta']
[0.624s] Level 1:colcon.colcon_core.package_identification:_identify(.) by extension 'colcon_meta'
[0.624s] Level 1:colcon.colcon_core.package_identification:_identify(.) by extensions ['ros']
[0.625s] Level 1:colcon.colcon_core.package_identification:_identify(.) by extension 'ros'
[0.731s] Level 1:colcon.colcon_core.package_identification:_identify(.) by extensions ['cmake', 'python']
[0.732s] Level 1:colcon.colcon_core.package_identification:_identify(.) by extension 'cmake'
[0.732s] Level 1:colcon.colcon_core.package_identification:_identify(.) by extension 'python'
[0.732s] Level 1:colcon.colcon_core.package_identification:_identify(.) by extensions ['python_setup_py']
[0.732s] Level 1:colcon.colcon_core.package_identification:_identify(.) by extension 'python_setup_py'
[0.733s] Level 1:colcon.colcon_core.package_identification:_identify(build) by extensions ['ignore', 'ignore_ament_install']
[0.733s] Level 1:colcon.colcon_core.package_identification:_identify(build) by extension 'ignore'
[0.733s] Level 1:colcon.colcon_core.package_identification:_identify(build) ignored
[0.734s] Level 1:colcon.colcon_core.package_identification:_identify(install) by extensions ['ignore', 'ignore_ament_install']
[0.734s] Level 1:colcon.colcon_core.package_identification:_identify(install) by extension 'ignore'
[0.735s] Level 1:colcon.colcon_core.package_identification:_identify(install) ignored
[0.735s] Level 1:colcon.colcon_core.package_identification:_identify(log) by extensions ['ignore', 'ignore_ament_install']
[0.736s] Level 1:colcon.colcon_core.package_identification:_identify(log) by extension 'ignore'
[0.736s] Level 1:colcon.colcon_core.package_identification:_identify(log) ignored
[0.736s] Level 1:colcon.colcon_core.package_identification:_identify(src) by extensions ['ignore', 'ignore_ament_install']
[0.736s] Level 1:colcon.colcon_core.package_identification:_identify(src) by extension 'ignore'
[0.737s] Level 1:colcon.colcon_core.package_identification:_identify(src) by extension 'ignore_ament_install'
[0.737s] Level 1:colcon.colcon_core.package_identification:_identify(src) by extensions ['colcon_pkg']
[0.737s] Level 1:colcon.colcon_core.package_identification:_identify(src) by extension 'colcon_pkg'
[0.737s] Level 1:colcon.colcon_core.package_identification:_identify(src) by extensions ['colcon_meta']
[0.737s] Level 1:colcon.colcon_core.package_identification:_identify(src) by extension 'colcon_meta'
[0.738s] Level 1:colcon.colcon_core.package_identification:_identify(src) by extensions ['ros']
[0.738s] Level 1:colcon.colcon_core.package_identification:_identify(src) by extension 'ros'
[0.738s] Level 1:colcon.colcon_core.package_identification:_identify(src) by extensions ['cmake', 'python']
[0.738s] Level 1:colcon.colcon_core.package_identification:_identify(src) by extension 'cmake'
[0.738s] Level 1:colcon.colcon_core.package_identification:_identify(src) by extension 'python'
[0.738s] Level 1:colcon.colcon_core.package_identification:_identify(src) by extensions ['python_setup_py']
[0.739s] Level 1:colcon.colcon_core.package_identification:_identify(src) by extension 'python_setup_py'
[0.739s] Level 1:colcon.colcon_core.package_identification:_identify(src/golftrolley) by extensions ['ignore', 'ignore_ament_install']
[0.739s] Level 1:colcon.colcon_core.package_identification:_identify(src/golftrolley) by extension 'ignore'
[0.740s] Level 1:colcon.colcon_core.package_identification:_identify(src/golftrolley) by extension 'ignore_ament_install'
[0.740s] Level 1:colcon.colcon_core.package_identification:_identify(src/golftrolley) by extensions ['colcon_pkg']
[0.740s] Level 1:colcon.colcon_core.package_identification:_identify(src/golftrolley) by extension 'colcon_pkg'
[0.740s] Level 1:colcon.colcon_core.package_identification:_identify(src/golftrolley) by extensions ['colcon_meta']
[0.740s] Level 1:colcon.colcon_core.package_identification:_identify(src/golftrolley) by extension 'colcon_meta'
[0.741s] Level 1:colcon.colcon_core.package_identification:_identify(src/golftrolley) by extensions ['ros']
[0.741s] Level 1:colcon.colcon_core.package_identification:_identify(src/golftrolley) by extension 'ros'
[0.749s] DEBUG:colcon.colcon_core.package_identification:Package 'src/golftrolley' with type 'ros.ament_python' and name 'golftrolley'
[0.749s] Level 1:colcon.colcon_core.package_identification:_identify(src/stereo_camera_split) by extensions ['ignore', 'ignore_ament_install']
[0.750s] Level 1:colcon.colcon_core.package_identification:_identify(src/stereo_camera_split) by extension 'ignore'
[0.750s] Level 1:colcon.colcon_core.package_identification:_identify(src/stereo_camera_split) by extension 'ignore_ament_install'
[0.750s] Level 1:colcon.colcon_core.package_identification:_identify(src/stereo_camera_split) by extensions ['colcon_pkg']
[0.751s] Level 1:colcon.colcon_core.package_identification:_identify(src/stereo_camera_split) by extension 'colcon_pkg'
[0.751s] Level 1:colcon.colcon_core.package_identification:_identify(src/stereo_camera_split) by extensions ['colcon_meta']
[0.751s] Level 1:colcon.colcon_core.package_identification:_identify(src/stereo_camera_split) by extension 'colcon_meta'
[0.752s] Level 1:colcon.colcon_core.package_identification:_identify(src/stereo_camera_split) by extensions ['ros']
[0.752s] Level 1:colcon.colcon_core.package_identification:_identify(src/stereo_camera_split) by extension 'ros'
[0.755s] DEBUG:colcon.colcon_core.package_identification:Package 'src/stereo_camera_split' with type 'ros.ament_python' and name 'stereo_camera_split'
[0.755s] Level 1:colcon.colcon_core.package_identification:_identify(src/ydlidar_ros2_driver) by extensions ['ignore', 'ignore_ament_install']
[0.756s] Level 1:colcon.colcon_core.package_identification:_identify(src/ydlidar_ros2_driver) by extension 'ignore'
[0.756s] Level 1:colcon.colcon_core.package_identification:_identify(src/ydlidar_ros2_driver) by extension 'ignore_ament_install'
[0.757s] Level 1:colcon.colcon_core.package_identification:_identify(src/ydlidar_ros2_driver) by extensions ['colcon_pkg']
[0.757s] Level 1:colcon.colcon_core.package_identification:_identify(src/ydlidar_ros2_driver) by extension 'colcon_pkg'
[0.757s] Level 1:colcon.colcon_core.package_identification:_identify(src/ydlidar_ros2_driver) by extensions ['colcon_meta']
[0.757s] Level 1:colcon.colcon_core.package_identification:_identify(src/ydlidar_ros2_driver) by extension 'colcon_meta'
[0.758s] Level 1:colcon.colcon_core.package_identification:_identify(src/ydlidar_ros2_driver) by extensions ['ros']
[0.758s] Level 1:colcon.colcon_core.package_identification:_identify(src/ydlidar_ros2_driver) by extension 'ros'
[0.760s] DEBUG:colcon.colcon_core.package_identification:Package 'src/ydlidar_ros2_driver' with type 'ros.ament_cmake' and name 'ydlidar_ros2_driver'
[0.761s] Level 1:colcon.colcon_core.package_identification:_identify(src/ydlidar_sdk) by extensions ['ignore', 'ignore_ament_install']
[0.761s] Level 1:colcon.colcon_core.package_identification:_identify(src/ydlidar_sdk) by extension 'ignore'
[0.761s] Level 1:colcon.colcon_core.package_identification:_identify(src/ydlidar_sdk) by extension 'ignore_ament_install'
[0.762s] Level 1:colcon.colcon_core.package_identification:_identify(src/ydlidar_sdk) by extensions ['colcon_pkg']
[0.762s] Level 1:colcon.colcon_core.package_identification:_identify(src/ydlidar_sdk) by extension 'colcon_pkg'
[0.762s] Level 1:colcon.colcon_core.package_identification:_identify(src/ydlidar_sdk) by extensions ['colcon_meta']
[0.762s] Level 1:colcon.colcon_core.package_identification:_identify(src/ydlidar_sdk) by extension 'colcon_meta'
[0.762s] Level 1:colcon.colcon_core.package_identification:_identify(src/ydlidar_sdk) by extensions ['ros']
[0.762s] Level 1:colcon.colcon_core.package_identification:_identify(src/ydlidar_sdk) by extension 'ros'
[0.763s] Level 1:colcon.colcon_core.package_identification:_identify(src/ydlidar_sdk) by extensions ['cmake', 'python']
[0.763s] Level 1:colcon.colcon_core.package_identification:_identify(src/ydlidar_sdk) by extension 'cmake'
[0.788s] Level 1:colcon.colcon_core.package_identification:_identify(src/ydlidar_sdk) by extension 'python'
[0.789s] DEBUG:colcon.colcon_core.package_identification:Package 'src/ydlidar_sdk' with type 'cmake' and name 'ydlidar_sdk'
[0.789s] Level 1:colcon.colcon_core.package_discovery:discover_packages(recursive) using defaults
[0.789s] Level 1:colcon.colcon_core.package_discovery:discover_packages(ignore) discover
[0.789s] Level 1:colcon.colcon_core.package_discovery:discover_packages(ignore) using defaults
[0.789s] Level 1:colcon.colcon_core.package_discovery:discover_packages(path) discover
[0.789s] Level 1:colcon.colcon_core.package_discovery:discover_packages(path) using defaults
[0.860s] Level 1:colcon.colcon_core.package_discovery:discover_packages(prefix_path) check parameters
[0.860s] Level 1:colcon.colcon_core.package_discovery:discover_packages(prefix_path) discover
[0.869s] DEBUG:colcon.colcon_installed_package_information.package_discovery:Found 4 installed packages in /home/golftrolley/robot_ws/install
[0.877s] DEBUG:colcon.colcon_installed_package_information.package_discovery:Found 210 installed packages in /opt/ros/jazzy
[0.880s] Level 1:colcon.colcon_core.package_discovery:discover_packages(prefix_path) using defaults
[1.027s] Level 5:colcon.colcon_core.verb:set package 'golftrolley' build argument 'cmake_args' from command line to 'None'
[1.027s] Level 5:colcon.colcon_core.verb:set package 'golftrolley' build argument 'cmake_target' from command line to 'None'
[1.027s] Level 5:colcon.colcon_core.verb:set package 'golftrolley' build argument 'cmake_target_skip_unavailable' from command line to 'False'
[1.028s] Level 5:colcon.colcon_core.verb:set package 'golftrolley' build argument 'cmake_clean_cache' from command line to 'False'
[1.028s] Level 5:colcon.colcon_core.verb:set package 'golftrolley' build argument 'cmake_clean_first' from command line to 'False'
[1.028s] Level 5:colcon.colcon_core.verb:set package 'golftrolley' build argument 'cmake_force_configure' from command line to 'False'
[1.028s] Level 5:colcon.colcon_core.verb:set package 'golftrolley' build argument 'ament_cmake_args' from command line to 'None'
[1.028s] Level 5:colcon.colcon_core.verb:set package 'golftrolley' build argument 'catkin_cmake_args' from command line to 'None'
[1.028s] Level 5:colcon.colcon_core.verb:set package 'golftrolley' build argument 'catkin_skip_building_tests' from command line to 'False'
[1.028s] DEBUG:colcon.colcon_core.verb:Building package 'golftrolley' with the following arguments: {'ament_cmake_args': None, 'build_base': '/home/golftrolley/robot_ws/build/golftrolley', 'catkin_cmake_args': None, 'catkin_skip_building_tests': False, 'cmake_args': None, 'cmake_clean_cache': False, 'cmake_clean_first': False, 'cmake_force_configure': False, 'cmake_target': None, 'cmake_target_skip_unavailable': False, 'install_base': '/home/golftrolley/robot_ws/install/golftrolley', 'merge_install': False, 'path': '/home/golftrolley/robot_ws/src/golftrolley', 'symlink_install': False, 'test_result_base': None}
[1.030s] Level 5:colcon.colcon_core.verb:set package 'stereo_camera_split' build argument 'cmake_args' from command line to 'None'
[1.030s] Level 5:colcon.colcon_core.verb:set package 'stereo_camera_split' build argument 'cmake_target' from command line to 'None'
[1.030s] Level 5:colcon.colcon_core.verb:set package 'stereo_camera_split' build argument 'cmake_target_skip_unavailable' from command line to 'False'
[1.030s] Level 5:colcon.colcon_core.verb:set package 'stereo_camera_split' build argument 'cmake_clean_cache' from command line to 'False'
[1.030s] Level 5:colcon.colcon_core.verb:set package 'stereo_camera_split' build argument 'cmake_clean_first' from command line to 'False'
[1.031s] Level 5:colcon.colcon_core.verb:set package 'stereo_camera_split' build argument 'cmake_force_configure' from command line to 'False'
[1.031s] Level 5:colcon.colcon_core.verb:set package 'stereo_camera_split' build argument 'ament_cmake_args' from command line to 'None'
[1.031s] Level 5:colcon.colcon_core.verb:set package 'stereo_camera_split' build argument 'catkin_cmake_args' from command line to 'None'
[1.031s] Level 5:colcon.colcon_core.verb:set package 'stereo_camera_split' build argument 'catkin_skip_building_tests' from command line to 'False'
[1.031s] DEBUG:colcon.colcon_core.verb:Building package 'stereo_camera_split' with the following arguments: {'ament_cmake_args': None, 'build_base': '/home/golftrolley/robot_ws/build/stereo_camera_split', 'catkin_cmake_args': None, 'catkin_skip_building_tests': False, 'cmake_args': None, 'cmake_clean_cache': False, 'cmake_clean_first': False, 'cmake_force_configure': False, 'cmake_target': None, 'cmake_target_skip_unavailable': False, 'install_base': '/home/golftrolley/robot_ws/install/stereo_camera_split', 'merge_install': False, 'path': '/home/golftrolley/robot_ws/src/stereo_camera_split', 'symlink_install': False, 'test_result_base': None}
[1.032s] Level 5:colcon.colcon_core.verb:set package 'ydlidar_ros2_driver' build argument 'cmake_args' from command line to 'None'
[1.033s] Level 5:colcon.colcon_core.verb:set package 'ydlidar_ros2_driver' build argument 'cmake_target' from command line to 'None'
[1.033s] Level 5:colcon.colcon_core.verb:set package 'ydlidar_ros2_driver' build argument 'cmake_target_skip_unavailable' from command line to 'False'
[1.033s] Level 5:colcon.colcon_core.verb:set package 'ydlidar_ros2_driver' build argument 'cmake_clean_cache' from command line to 'False'
[1.033s] Level 5:colcon.colcon_core.verb:set package 'ydlidar_ros2_driver' build argument 'cmake_clean_first' from command line to 'False'
[1.033s] Level 5:colcon.colcon_core.verb:set package 'ydlidar_ros2_driver' build argument 'cmake_force_configure' from command line to 'False'
[1.034s] Level 5:colcon.colcon_core.verb:set package 'ydlidar_ros2_driver' build argument 'ament_cmake_args' from command line to 'None'
[1.034s] Level 5:colcon.colcon_core.verb:set package 'ydlidar_ros2_driver' build argument 'catkin_cmake_args' from command line to 'None'
[1.034s] Level 5:colcon.colcon_core.verb:set package 'ydlidar_ros2_driver' build argument 'catkin_skip_building_tests' from command line to 'False'
[1.034s] DEBUG:colcon.colcon_core.verb:Building package 'ydlidar_ros2_driver' with the following arguments: {'ament_cmake_args': None, 'build_base': '/home/golftrolley/robot_ws/build/ydlidar_ros2_driver', 'catkin_cmake_args': None, 'catkin_skip_building_tests': False, 'cmake_args': None, 'cmake_clean_cache': False, 'cmake_clean_first': False, 'cmake_force_configure': False, 'cmake_target': None, 'cmake_target_skip_unavailable': False, 'install_base': '/home/golftrolley/robot_ws/install/ydlidar_ros2_driver', 'merge_install': False, 'path': '/home/golftrolley/robot_ws/src/ydlidar_ros2_driver', 'symlink_install': False, 'test_result_base': None}
[1.035s] Level 5:colcon.colcon_core.verb:set package 'ydlidar_sdk' build argument 'cmake_args' from command line to 'None'
[1.036s] Level 5:colcon.colcon_core.verb:set package 'ydlidar_sdk' build argument 'cmake_target' from command line to 'None'
[1.036s] Level 5:colcon.colcon_core.verb:set package 'ydlidar_sdk' build argument 'cmake_target_skip_unavailable' from command line to 'False'
[1.036s] Level 5:colcon.colcon_core.verb:set package 'ydlidar_sdk' build argument 'cmake_clean_cache' from command line to 'False'
[1.036s] Level 5:colcon.colcon_core.verb:set package 'ydlidar_sdk' build argument 'cmake_clean_first' from command line to 'False'
[1.036s] Level 5:colcon.colcon_core.verb:set package 'ydlidar_sdk' build argument 'cmake_force_configure' from command line to 'False'
[1.036s] Level 5:colcon.colcon_core.verb:set package 'ydlidar_sdk' build argument 'ament_cmake_args' from command line to 'None'
[1.036s] Level 5:colcon.colcon_core.verb:set package 'ydlidar_sdk' build argument 'catkin_cmake_args' from command line to 'None'
[1.037s] Level 5:colcon.colcon_core.verb:set package 'ydlidar_sdk' build argument 'catkin_skip_building_tests' from command line to 'False'
[1.037s] DEBUG:colcon.colcon_core.verb:Building package 'ydlidar_sdk' with the following arguments: {'ament_cmake_args': None, 'build_base': '/home/golftrolley/robot_ws/build/ydlidar_sdk', 'catkin_cmake_args': None, 'catkin_skip_building_tests': False, 'cmake_args': None, 'cmake_clean_cache': False, 'cmake_clean_first': False, 'cmake_force_configure': False, 'cmake_target': None, 'cmake_target_skip_unavailable': False, 'install_base': '/home/golftrolley/robot_ws/install/ydlidar_sdk', 'merge_install': False, 'path': '/home/golftrolley/robot_ws/src/ydlidar_sdk', 'symlink_install': False, 'test_result_base': None}
[1.037s] INFO:colcon.colcon_core.executor:Executing jobs using 'parallel' executor
[1.041s] DEBUG:colcon.colcon_parallel_executor.executor.parallel:run_until_complete
[1.042s] INFO:colcon.colcon_ros.task.ament_python.build:Building ROS package in '/home/golftrolley/robot_ws/src/golftrolley' with build type 'ament_python'
[1.043s] Level 1:colcon.colcon_core.shell:create_environment_hook('golftrolley', 'ament_prefix_path')
[1.054s] INFO:colcon.colcon_core.plugin_system:Skipping extension 'colcon_core.shell.bat': Not used on non-Windows systems
[1.055s] INFO:colcon.colcon_core.shell:Creating environment hook '/home/golftrolley/robot_ws/install/golftrolley/share/golftrolley/hook/ament_prefix_path.ps1'
[1.058s] INFO:colcon.colcon_core.shell:Creating environment descriptor '/home/golftrolley/robot_ws/install/golftrolley/share/golftrolley/hook/ament_prefix_path.dsv'
[1.061s] INFO:colcon.colcon_core.shell:Creating environment hook '/home/golftrolley/robot_ws/install/golftrolley/share/golftrolley/hook/ament_prefix_path.sh'
[1.064s] INFO:colcon.colcon_core.shell:Skip shell extension 'powershell' for command environment: Not usable outside of PowerShell
[1.064s] DEBUG:colcon.colcon_core.shell:Skip shell extension 'dsv' for command environment
[1.081s] INFO:colcon.colcon_ros.task.ament_python.build:Building ROS package in '/home/golftrolley/robot_ws/src/stereo_camera_split' with build type 'ament_python'
[1.082s] Level 1:colcon.colcon_core.shell:create_environment_hook('stereo_camera_split', 'ament_prefix_path')
[1.083s] INFO:colcon.colcon_core.shell:Creating environment hook '/home/golftrolley/robot_ws/install/stereo_camera_split/share/stereo_camera_split/hook/ament_prefix_path.ps1'
[1.085s] INFO:colcon.colcon_core.shell:Creating environment descriptor '/home/golftrolley/robot_ws/install/stereo_camera_split/share/stereo_camera_split/hook/ament_prefix_path.dsv'
[1.088s] INFO:colcon.colcon_core.shell:Creating environment hook '/home/golftrolley/robot_ws/install/stereo_camera_split/share/stereo_camera_split/hook/ament_prefix_path.sh'
[1.090s] INFO:colcon.colcon_core.shell:Skip shell extension 'powershell' for command environment: Not usable outside of PowerShell
[1.091s] DEBUG:colcon.colcon_core.shell:Skip shell extension 'dsv' for command environment
[1.107s] INFO:colcon.colcon_ros.task.ament_cmake.build:Building ROS package in '/home/golftrolley/robot_ws/src/ydlidar_ros2_driver' with build type 'ament_cmake'
[1.108s] INFO:colcon.colcon_cmake.task.cmake.build:Building CMake package in '/home/golftrolley/robot_ws/src/ydlidar_ros2_driver'
[1.109s] INFO:colcon.colcon_core.shell:Skip shell extension 'powershell' for command environment: Not usable outside of PowerShell
[1.109s] DEBUG:colcon.colcon_core.shell:Skip shell extension 'dsv' for command environment
[1.127s] INFO:colcon.colcon_cmake.task.cmake.build:Building CMake package in '/home/golftrolley/robot_ws/src/ydlidar_sdk'
[1.128s] INFO:colcon.colcon_core.shell:Skip shell extension 'powershell' for command environment: Not usable outside of PowerShell
[1.129s] DEBUG:colcon.colcon_core.shell:Skip shell extension 'dsv' for command environment
[2.048s] INFO:colcon.colcon_core.task.python.build:Building Python package in '/home/golftrolley/robot_ws/src/golftrolley'
[2.049s] INFO:colcon.colcon_core.shell:Skip shell extension 'powershell' for command environment: Not usable outside of PowerShell
[2.049s] DEBUG:colcon.colcon_core.shell:Skip shell extension 'dsv' for command environment
[2.959s] INFO:colcon.colcon_core.task.python.build:Building Python package in '/home/golftrolley/robot_ws/src/stereo_camera_split'
[2.960s] INFO:colcon.colcon_core.shell:Skip shell extension 'powershell' for command environment: Not usable outside of PowerShell
[2.960s] DEBUG:colcon.colcon_core.shell:Skip shell extension 'dsv' for command environment
[2.994s] DEBUG:colcon.colcon_core.event_handler.log_command:Invoking command in '/home/golftrolley/robot_ws/build/ydlidar_ros2_driver': CMAKE_PREFIX_PATH=${CMAKE_PREFIX_PATH}:/home/golftrolley/robot_ws/install/stereo_camera_split:/home/golftrolley/robot_ws/install/golftrolley:/opt/ros/jazzy /usr/bin/cmake --build /home/golftrolley/robot_ws/build/ydlidar_ros2_driver -- -j4 -l4
[3.023s] DEBUG:colcon.colcon_core.event_handler.log_command:Invoking command in '/home/golftrolley/robot_ws/build/ydlidar_sdk': /usr/bin/cmake --build /home/golftrolley/robot_ws/build/ydlidar_sdk -- -j4 -l4
[3.500s] DEBUG:colcon.colcon_core.event_handler.log_command:Invoked command in '/home/golftrolley/robot_ws/build/ydlidar_ros2_driver' returned '0': CMAKE_PREFIX_PATH=${CMAKE_PREFIX_PATH}:/home/golftrolley/robot_ws/install/stereo_camera_split:/home/golftrolley/robot_ws/install/golftrolley:/opt/ros/jazzy /usr/bin/cmake --build /home/golftrolley/robot_ws/build/ydlidar_ros2_driver -- -j4 -l4
[3.637s] DEBUG:colcon.colcon_core.event_handler.log_command:Invoking command in '/home/golftrolley/robot_ws/build/ydlidar_ros2_driver': CMAKE_PREFIX_PATH=${CMAKE_PREFIX_PATH}:/home/golftrolley/robot_ws/install/stereo_camera_split:/home/golftrolley/robot_ws/install/golftrolley:/opt/ros/jazzy /usr/bin/cmake --install /home/golftrolley/robot_ws/build/ydlidar_ros2_driver
[3.862s] Level 1:colcon.colcon_core.environment:create_environment_scripts_only(ydlidar_ros2_driver)
[3.895s] DEBUG:colcon.colcon_core.event_handler.log_command:Invoked command in '/home/golftrolley/robot_ws/build/ydlidar_ros2_driver' returned '0': CMAKE_PREFIX_PATH=${CMAKE_PREFIX_PATH}:/home/golftrolley/robot_ws/install/stereo_camera_split:/home/golftrolley/robot_ws/install/golftrolley:/opt/ros/jazzy /usr/bin/cmake --install /home/golftrolley/robot_ws/build/ydlidar_ros2_driver
[3.902s] Level 1:colcon.colcon_core.environment:checking '/home/golftrolley/robot_ws/install/ydlidar_ros2_driver' for CMake module files
[3.909s] Level 1:colcon.colcon_core.environment:checking '/home/golftrolley/robot_ws/install/ydlidar_ros2_driver' for CMake config files
[3.916s] Level 1:colcon.colcon_core.shell:create_environment_hook('ydlidar_ros2_driver', 'cmake_prefix_path')
[3.917s] INFO:colcon.colcon_core.shell:Creating environment hook '/home/golftrolley/robot_ws/install/ydlidar_ros2_driver/share/ydlidar_ros2_driver/hook/cmake_prefix_path.ps1'
[3.920s] INFO:colcon.colcon_core.shell:Creating environment descriptor '/home/golftrolley/robot_ws/install/ydlidar_ros2_driver/share/ydlidar_ros2_driver/hook/cmake_prefix_path.dsv'
[3.923s] INFO:colcon.colcon_core.shell:Creating environment hook '/home/golftrolley/robot_ws/install/ydlidar_ros2_driver/share/ydlidar_ros2_driver/hook/cmake_prefix_path.sh'
[3.929s] Level 1:colcon.colcon_core.environment:checking '/home/golftrolley/robot_ws/install/ydlidar_ros2_driver/lib'
[3.931s] Level 1:colcon.colcon_core.environment:checking '/home/golftrolley/robot_ws/install/ydlidar_ros2_driver/bin'
[3.931s] Level 1:colcon.colcon_core.environment:checking '/home/golftrolley/robot_ws/install/ydlidar_ros2_driver/lib/pkgconfig/ydlidar_ros2_driver.pc'
[3.933s] Level 1:colcon.colcon_core.environment:checking '/home/golftrolley/robot_ws/install/ydlidar_ros2_driver/lib/python3.12/site-packages'
[3.934s] Level 1:colcon.colcon_core.environment:checking '/home/golftrolley/robot_ws/install/ydlidar_ros2_driver/bin'
[3.936s] INFO:colcon.colcon_core.shell:Creating package script '/home/golftrolley/robot_ws/install/ydlidar_ros2_driver/share/ydlidar_ros2_driver/package.ps1'
[3.940s] INFO:colcon.colcon_core.shell:Creating package descriptor '/home/golftrolley/robot_ws/install/ydlidar_ros2_driver/share/ydlidar_ros2_driver/package.dsv'
[3.943s] INFO:colcon.colcon_core.shell:Creating package script '/home/golftrolley/robot_ws/install/ydlidar_ros2_driver/share/ydlidar_ros2_driver/package.sh'
[3.948s] INFO:colcon.colcon_core.shell:Creating package script '/home/golftrolley/robot_ws/install/ydlidar_ros2_driver/share/ydlidar_ros2_driver/package.bash'
[3.952s] INFO:colcon.colcon_core.shell:Creating package script '/home/golftrolley/robot_ws/install/ydlidar_ros2_driver/share/ydlidar_ros2_driver/package.zsh'
[3.956s] Level 1:colcon.colcon_core.environment:create_file_with_runtime_dependencies(/home/golftrolley/robot_ws/install/ydlidar_ros2_driver/share/colcon-core/packages/ydlidar_ros2_driver)
[3.963s] Level 1:colcon.colcon_core.environment:create_environment_scripts_only(ydlidar_ros2_driver)
[3.968s] Level 1:colcon.colcon_core.environment:checking '/home/golftrolley/robot_ws/install/ydlidar_ros2_driver' for CMake module files
[3.977s] Level 1:colcon.colcon_core.environment:checking '/home/golftrolley/robot_ws/install/ydlidar_ros2_driver' for CMake config files
[3.983s] Level 1:colcon.colcon_core.shell:create_environment_hook('ydlidar_ros2_driver', 'cmake_prefix_path')
[3.988s] INFO:colcon.colcon_core.shell:Creating environment hook '/home/golftrolley/robot_ws/install/ydlidar_ros2_driver/share/ydlidar_ros2_driver/hook/cmake_prefix_path.ps1'
[3.994s] INFO:colcon.colcon_core.shell:Creating environment descriptor '/home/golftrolley/robot_ws/install/ydlidar_ros2_driver/share/ydlidar_ros2_driver/hook/cmake_prefix_path.dsv'
[4.000s] INFO:colcon.colcon_core.shell:Creating environment hook '/home/golftrolley/robot_ws/install/ydlidar_ros2_driver/share/ydlidar_ros2_driver/hook/cmake_prefix_path.sh'
[4.006s] Level 1:colcon.colcon_core.environment:checking '/home/golftrolley/robot_ws/install/ydlidar_ros2_driver/lib'
[4.007s] Level 1:colcon.colcon_core.environment:checking '/home/golftrolley/robot_ws/install/ydlidar_ros2_driver/bin'
[4.008s] Level 1:colcon.colcon_core.environment:checking '/home/golftrolley/robot_ws/install/ydlidar_ros2_driver/lib/pkgconfig/ydlidar_ros2_driver.pc'
[4.012s] Level 1:colcon.colcon_core.environment:checking '/home/golftrolley/robot_ws/install/ydlidar_ros2_driver/lib/python3.12/site-packages'
[4.013s] Level 1:colcon.colcon_core.environment:checking '/home/golftrolley/robot_ws/install/ydlidar_ros2_driver/bin'
[4.026s] INFO:colcon.colcon_core.shell:Creating package script '/home/golftrolley/robot_ws/install/ydlidar_ros2_driver/share/ydlidar_ros2_driver/package.ps1'
[4.032s] INFO:colcon.colcon_core.shell:Creating package descriptor '/home/golftrolley/robot_ws/install/ydlidar_ros2_driver/share/ydlidar_ros2_driver/package.dsv'
[4.038s] INFO:colcon.colcon_core.shell:Creating package script '/home/golftrolley/robot_ws/install/ydlidar_ros2_driver/share/ydlidar_ros2_driver/package.sh'
[4.042s] INFO:colcon.colcon_core.shell:Creating package script '/home/golftrolley/robot_ws/install/ydlidar_ros2_driver/share/ydlidar_ros2_driver/package.bash'
[4.052s] INFO:colcon.colcon_core.shell:Creating package script '/home/golftrolley/robot_ws/install/ydlidar_ros2_driver/share/ydlidar_ros2_driver/package.zsh'
[4.057s] Level 1:colcon.colcon_core.environment:create_file_with_runtime_dependencies(/home/golftrolley/robot_ws/install/ydlidar_ros2_driver/share/colcon-core/packages/ydlidar_ros2_driver)
[4.670s] DEBUG:colcon.colcon_core.event_handler.log_command:Invoked command in '/home/golftrolley/robot_ws/build/ydlidar_sdk' returned '0': /usr/bin/cmake --build /home/golftrolley/robot_ws/build/ydlidar_sdk -- -j4 -l4
[4.677s] DEBUG:colcon.colcon_core.event_handler.log_command:Invoking command in '/home/golftrolley/robot_ws/build/ydlidar_sdk': /usr/bin/cmake --install /home/golftrolley/robot_ws/build/ydlidar_sdk
[4.820s] Level 1:colcon.colcon_core.environment:create_environment_scripts_only(ydlidar_sdk)
[4.821s] Level 1:colcon.colcon_core.environment:checking '/home/golftrolley/robot_ws/install/ydlidar_sdk' for CMake module files
[4.829s] Level 1:colcon.colcon_core.environment:checking '/home/golftrolley/robot_ws/install/ydlidar_sdk' for CMake config files
[4.833s] Level 1:colcon.colcon_core.shell:create_environment_hook('ydlidar_sdk', 'cmake_prefix_path')
[4.834s] INFO:colcon.colcon_core.shell:Creating environment hook '/home/golftrolley/robot_ws/install/ydlidar_sdk/share/ydlidar_sdk/hook/cmake_prefix_path.ps1'
[4.841s] INFO:colcon.colcon_core.shell:Creating environment descriptor '/home/golftrolley/robot_ws/install/ydlidar_sdk/share/ydlidar_sdk/hook/cmake_prefix_path.dsv'
[4.848s] INFO:colcon.colcon_core.shell:Creating environment hook '/home/golftrolley/robot_ws/install/ydlidar_sdk/share/ydlidar_sdk/hook/cmake_prefix_path.sh'
[4.859s] Level 1:colcon.colcon_core.environment:checking '/home/golftrolley/robot_ws/install/ydlidar_sdk/lib'
[4.862s] Level 1:colcon.colcon_core.environment:checking '/home/golftrolley/robot_ws/install/ydlidar_sdk/bin'
[4.867s] Level 1:colcon.colcon_core.shell:create_environment_hook('ydlidar_sdk', 'path')
[4.868s] INFO:colcon.colcon_core.shell:Creating environment hook '/home/golftrolley/robot_ws/install/ydlidar_sdk/share/ydlidar_sdk/hook/path.ps1'
[4.875s] INFO:colcon.colcon_core.shell:Creating environment descriptor '/home/golftrolley/robot_ws/install/ydlidar_sdk/share/ydlidar_sdk/hook/path.dsv'
[4.884s] INFO:colcon.colcon_core.shell:Creating environment hook '/home/golftrolley/robot_ws/install/ydlidar_sdk/share/ydlidar_sdk/hook/path.sh'
[4.893s] Level 1:colcon.colcon_core.environment:checking '/home/golftrolley/robot_ws/install/ydlidar_sdk/lib/pkgconfig/ydlidar_sdk.pc'
[4.894s] Level 1:colcon.colcon_core.environment:checking '/home/golftrolley/robot_ws/install/ydlidar_sdk/lib/python3.12/site-packages'
[4.900s] Level 1:colcon.colcon_core.environment:checking '/home/golftrolley/robot_ws/install/ydlidar_sdk/bin'
[4.901s] Level 1:colcon.colcon_core.shell:create_environment_hook('ydlidar_sdk', 'pythonscriptspath')
[4.902s] INFO:colcon.colcon_core.shell:Creating environment hook '/home/golftrolley/robot_ws/install/ydlidar_sdk/share/ydlidar_sdk/hook/pythonscriptspath.ps1'
[4.907s] INFO:colcon.colcon_core.shell:Creating environment descriptor '/home/golftrolley/robot_ws/install/ydlidar_sdk/share/ydlidar_sdk/hook/pythonscriptspath.dsv'
[4.912s] INFO:colcon.colcon_core.shell:Creating environment hook '/home/golftrolley/robot_ws/install/ydlidar_sdk/share/ydlidar_sdk/hook/pythonscriptspath.sh'
[4.924s] INFO:colcon.colcon_core.shell:Creating package script '/home/golftrolley/robot_ws/install/ydlidar_sdk/share/ydlidar_sdk/package.ps1'
[4.927s] DEBUG:colcon.colcon_core.event_handler.log_command:Invoked command in '/home/golftrolley/robot_ws/build/ydlidar_sdk' returned '0': /usr/bin/cmake --install /home/golftrolley/robot_ws/build/ydlidar_sdk
[4.929s] INFO:colcon.colcon_core.shell:Creating package descriptor '/home/golftrolley/robot_ws/install/ydlidar_sdk/share/ydlidar_sdk/package.dsv'
[4.932s] INFO:colcon.colcon_core.shell:Creating package script '/home/golftrolley/robot_ws/install/ydlidar_sdk/share/ydlidar_sdk/package.sh'
[4.935s] INFO:colcon.colcon_core.shell:Creating package script '/home/golftrolley/robot_ws/install/ydlidar_sdk/share/ydlidar_sdk/package.bash'
[4.938s] INFO:colcon.colcon_core.shell:Creating package script '/home/golftrolley/robot_ws/install/ydlidar_sdk/share/ydlidar_sdk/package.zsh'
[4.941s] Level 1:colcon.colcon_core.environment:create_file_with_runtime_dependencies(/home/golftrolley/robot_ws/install/ydlidar_sdk/share/colcon-core/packages/ydlidar_sdk)
[6.612s] DEBUG:colcon.colcon_core.event_handler.log_command:Invoking command in '/home/golftrolley/robot_ws/src/golftrolley': PYTHONPATH=/home/golftrolley/robot_ws/build/golftrolley/prefix_override:/usr/lib/python3/dist-packages/colcon_core/task/python/colcon_distutils_commands:/home/golftrolley/robot_ws/install/golftrolley/lib/python3.12/site-packages:${PYTHONPATH} /usr/bin/python3 -W ignore:setup.py install is deprecated -W ignore:easy_install command is deprecated setup.py egg_info --egg-base ../../build/golftrolley build --build-base /home/golftrolley/robot_ws/build/golftrolley/build install --record /home/golftrolley/robot_ws/build/golftrolley/install.log --single-version-externally-managed install_data
[6.681s] DEBUG:colcon.colcon_core.event_handler.log_command:Invoking command in '/home/golftrolley/robot_ws/src/stereo_camera_split': PYTHONPATH=/home/golftrolley/robot_ws/build/stereo_camera_split/prefix_override:/usr/lib/python3/dist-packages/colcon_core/task/python/colcon_distutils_commands:/home/golftrolley/robot_ws/install/stereo_camera_split/lib/python3.12/site-packages:${PYTHONPATH} /usr/bin/python3 -W ignore:setup.py install is deprecated -W ignore:easy_install command is deprecated setup.py egg_info --egg-base ../../build/stereo_camera_split build --build-base /home/golftrolley/robot_ws/build/stereo_camera_split/build install --record /home/golftrolley/robot_ws/build/stereo_camera_split/install.log --single-version-externally-managed install_data
[9.156s] Level 1:colcon.colcon_core.environment:checking '/home/golftrolley/robot_ws/install/golftrolley' for CMake module files
[9.159s] DEBUG:colcon.colcon_core.event_handler.log_command:Invoked command in '/home/golftrolley/robot_ws/src/golftrolley' returned '0': PYTHONPATH=/home/golftrolley/robot_ws/build/golftrolley/prefix_override:/usr/lib/python3/dist-packages/colcon_core/task/python/colcon_distutils_commands:/home/golftrolley/robot_ws/install/golftrolley/lib/python3.12/site-packages:${PYTHONPATH} /usr/bin/python3 -W ignore:setup.py install is deprecated -W ignore:easy_install command is deprecated setup.py egg_info --egg-base ../../build/golftrolley build --build-base /home/golftrolley/robot_ws/build/golftrolley/build install --record /home/golftrolley/robot_ws/build/golftrolley/install.log --single-version-externally-managed install_data
[9.162s] Level 1:colcon.colcon_core.environment:checking '/home/golftrolley/robot_ws/install/golftrolley' for CMake config files
[9.168s] Level 1:colcon.colcon_core.environment:checking '/home/golftrolley/robot_ws/install/golftrolley/lib'
[9.169s] Level 1:colcon.colcon_core.environment:checking '/home/golftrolley/robot_ws/install/golftrolley/bin'
[9.170s] Level 1:colcon.colcon_core.environment:checking '/home/golftrolley/robot_ws/install/golftrolley/lib/pkgconfig/golftrolley.pc'
[9.172s] Level 1:colcon.colcon_core.environment:checking '/home/golftrolley/robot_ws/install/golftrolley/lib/python3.12/site-packages'
[9.173s] Level 1:colcon.colcon_core.shell:create_environment_hook('golftrolley', 'pythonpath')
[9.174s] INFO:colcon.colcon_core.shell:Creating environment hook '/home/golftrolley/robot_ws/install/golftrolley/share/golftrolley/hook/pythonpath.ps1'
[9.178s] INFO:colcon.colcon_core.shell:Creating environment descriptor '/home/golftrolley/robot_ws/install/golftrolley/share/golftrolley/hook/pythonpath.dsv'
[9.181s] INFO:colcon.colcon_core.shell:Creating environment hook '/home/golftrolley/robot_ws/install/golftrolley/share/golftrolley/hook/pythonpath.sh'
[9.186s] Level 1:colcon.colcon_core.environment:checking '/home/golftrolley/robot_ws/install/golftrolley/bin'
[9.187s] Level 1:colcon.colcon_core.environment:create_environment_scripts_only(golftrolley)
[9.189s] INFO:colcon.colcon_core.shell:Creating package script '/home/golftrolley/robot_ws/install/golftrolley/share/golftrolley/package.ps1'
[9.194s] INFO:colcon.colcon_core.shell:Creating package descriptor '/home/golftrolley/robot_ws/install/golftrolley/share/golftrolley/package.dsv'
[9.199s] INFO:colcon.colcon_core.shell:Creating package script '/home/golftrolley/robot_ws/install/golftrolley/share/golftrolley/package.sh'
[9.204s] INFO:colcon.colcon_core.shell:Creating package script '/home/golftrolley/robot_ws/install/golftrolley/share/golftrolley/package.bash'
[9.207s] INFO:colcon.colcon_core.shell:Creating package script '/home/golftrolley/robot_ws/install/golftrolley/share/golftrolley/package.zsh'
[9.209s] Level 1:colcon.colcon_core.environment:create_file_with_runtime_dependencies(/home/golftrolley/robot_ws/install/golftrolley/share/colcon-core/packages/golftrolley)
[9.242s] Level 1:colcon.colcon_core.environment:checking '/home/golftrolley/robot_ws/install/stereo_camera_split' for CMake module files
[9.244s] DEBUG:colcon.colcon_core.event_handler.log_command:Invoked command in '/home/golftrolley/robot_ws/src/stereo_camera_split' returned '0': PYTHONPATH=/home/golftrolley/robot_ws/build/stereo_camera_split/prefix_override:/usr/lib/python3/dist-packages/colcon_core/task/python/colcon_distutils_commands:/home/golftrolley/robot_ws/install/stereo_camera_split/lib/python3.12/site-packages:${PYTHONPATH} /usr/bin/python3 -W ignore:setup.py install is deprecated -W ignore:easy_install command is deprecated setup.py egg_info --egg-base ../../build/stereo_camera_split build --build-base /home/golftrolley/robot_ws/build/stereo_camera_split/build install --record /home/golftrolley/robot_ws/build/stereo_camera_split/install.log --single-version-externally-managed install_data
[9.247s] Level 1:colcon.colcon_core.environment:checking '/home/golftrolley/robot_ws/install/stereo_camera_split' for CMake config files
[9.250s] Level 1:colcon.colcon_core.environment:checking '/home/golftrolley/robot_ws/install/stereo_camera_split/lib'
[9.251s] Level 1:colcon.colcon_core.environment:checking '/home/golftrolley/robot_ws/install/stereo_camera_split/bin'
[9.251s] Level 1:colcon.colcon_core.environment:checking '/home/golftrolley/robot_ws/install/stereo_camera_split/lib/pkgconfig/stereo_camera_split.pc'
[9.252s] Level 1:colcon.colcon_core.environment:checking '/home/golftrolley/robot_ws/install/stereo_camera_split/lib/python3.12/site-packages'
[9.253s] Level 1:colcon.colcon_core.shell:create_environment_hook('stereo_camera_split', 'pythonpath')
[9.254s] INFO:colcon.colcon_core.shell:Creating environment hook '/home/golftrolley/robot_ws/install/stereo_camera_split/share/stereo_camera_split/hook/pythonpath.ps1'
[9.256s] INFO:colcon.colcon_core.shell:Creating environment descriptor '/home/golftrolley/robot_ws/install/stereo_camera_split/share/stereo_camera_split/hook/pythonpath.dsv'
[9.258s] INFO:colcon.colcon_core.shell:Creating environment hook '/home/golftrolley/robot_ws/install/stereo_camera_split/share/stereo_camera_split/hook/pythonpath.sh'
[9.260s] Level 1:colcon.colcon_core.environment:checking '/home/golftrolley/robot_ws/install/stereo_camera_split/bin'
[9.261s] Level 1:colcon.colcon_core.environment:create_environment_scripts_only(stereo_camera_split)
[9.262s] INFO:colcon.colcon_core.shell:Creating package script '/home/golftrolley/robot_ws/install/stereo_camera_split/share/stereo_camera_split/package.ps1'
[9.264s] INFO:colcon.colcon_core.shell:Creating package descriptor '/home/golftrolley/robot_ws/install/stereo_camera_split/share/stereo_camera_split/package.dsv'
[9.267s] INFO:colcon.colcon_core.shell:Creating package script '/home/golftrolley/robot_ws/install/stereo_camera_split/share/stereo_camera_split/package.sh'
[9.269s] INFO:colcon.colcon_core.shell:Creating package script '/home/golftrolley/robot_ws/install/stereo_camera_split/share/stereo_camera_split/package.bash'
[9.271s] INFO:colcon.colcon_core.shell:Creating package script '/home/golftrolley/robot_ws/install/stereo_camera_split/share/stereo_camera_split/package.zsh'
[9.272s] Level 1:colcon.colcon_core.environment:create_file_with_runtime_dependencies(/home/golftrolley/robot_ws/install/stereo_camera_split/share/colcon-core/packages/stereo_camera_split)
[9.273s] DEBUG:colcon.colcon_parallel_executor.executor.parallel:closing loop
[9.275s] DEBUG:colcon.colcon_parallel_executor.executor.parallel:loop closed
[9.276s] DEBUG:colcon.colcon_parallel_executor.executor.parallel:run_until_complete finished with '0'
[9.276s] DEBUG:colcon.colcon_core.event_reactor:joining thread
[9.298s] INFO:colcon.colcon_core.plugin_system:Skipping extension 'colcon_notification.desktop_notification.notify_send': Could not find 'notify-send'
[9.299s] INFO:colcon.colcon_core.plugin_system:Skipping extension 'colcon_notification.desktop_notification.terminal_notifier': Not used on non-Darwin systems
[9.299s] INFO:colcon.colcon_core.plugin_system:Skipping extension 'colcon_notification.desktop_notification.win32': Not used on non-Windows systems
[9.299s] INFO:colcon.colcon_notification.desktop_notification:Sending desktop notification using 'notify2'
[9.302s] DEBUG:colcon.colcon_notification.desktop_notification.notify2:Failed to initialize notify2: org.freedesktop.DBus.Error.ServiceUnknown: The name org.freedesktop.Notifications was not provided by any .service files
[9.303s] DEBUG:colcon.colcon_core.event_reactor:joined thread
[9.304s] INFO:colcon.colcon_core.shell:Creating prefix script '/home/golftrolley/robot_ws/install/local_setup.ps1'
[9.307s] INFO:colcon.colcon_core.shell:Creating prefix util module '/home/golftrolley/robot_ws/install/_local_setup_util_ps1.py'
[9.313s] INFO:colcon.colcon_core.shell:Creating prefix chain script '/home/golftrolley/robot_ws/install/setup.ps1'
[9.318s] INFO:colcon.colcon_core.shell:Creating prefix script '/home/golftrolley/robot_ws/install/local_setup.sh'
[9.321s] INFO:colcon.colcon_core.shell:Creating prefix util module '/home/golftrolley/robot_ws/install/_local_setup_util_sh.py'
[9.323s] INFO:colcon.colcon_core.shell:Creating prefix chain script '/home/golftrolley/robot_ws/install/setup.sh'
[9.328s] INFO:colcon.colcon_core.shell:Creating prefix script '/home/golftrolley/robot_ws/install/local_setup.bash'
[9.330s] INFO:colcon.colcon_core.shell:Creating prefix chain script '/home/golftrolley/robot_ws/install/setup.bash'
[9.335s] INFO:colcon.colcon_core.shell:Creating prefix script '/home/golftrolley/robot_ws/install/local_setup.zsh'
[9.337s] INFO:colcon.colcon_core.shell:Creating prefix chain script '/home/golftrolley/robot_ws/install/setup.zsh'
