[0.050s] Invoking command in '/home/golftrolley/robot_ws/build/serial': CMAKE_PREFIX_PATH=${CMAKE_PREFIX_PATH}:/home/golftrolley/robot_ws/install/stereo_camera_split:/home/golftrolley/robot_ws/install/serial_motor_demo:/home/golftrolley/robot_ws/install/golftrolley:/opt/ros/jazzy /usr/bin/cmake --build /home/golftrolley/robot_ws/build/serial -- -j4 -l4
[0.408s] [ 14%] Built target gtest
[0.420s] [ 42%] Built target serial
[0.624s] [ 57%] Built target gtest_main
[0.792s] [ 71%] Built target serial_example
[0.837s] [ 85%] Built target serial-test-timer
[0.905s] [100%] Built target serial-test
[1.170s] Invoked command in '/home/golftrolley/robot_ws/build/serial' returned '0': CMAKE_PREFIX_PATH=${CMAKE_PREFIX_PATH}:/home/golftrolley/robot_ws/install/stereo_camera_split:/home/golftrolley/robot_ws/install/serial_motor_demo:/home/golftrolley/robot_ws/install/golftrolley:/opt/ros/jazzy /usr/bin/cmake --build /home/golftrolley/robot_ws/build/serial -- -j4 -l4
[1.213s] Invoking command in '/home/golftrolley/robot_ws/build/serial': CMAKE_PREFIX_PATH=${CMAKE_PREFIX_PATH}:/home/golftrolley/robot_ws/install/stereo_camera_split:/home/golftrolley/robot_ws/install/serial_motor_demo:/home/golftrolley/robot_ws/install/golftrolley:/opt/ros/jazzy /usr/bin/cmake --install /home/golftrolley/robot_ws/build/serial
[1.219s] -- Install configuration: ""
[1.220s] -- Up-to-date: /home/golftrolley/robot_ws/install/serial/lib/libserial.a
[1.220s] -- Up-to-date: /home/golftrolley/robot_ws/install/serial/include/serial/serial.h
[1.221s] -- Up-to-date: /home/golftrolley/robot_ws/install/serial/include/serial/v8stdint.h
[1.221s] -- Up-to-date: /home/golftrolley/robot_ws/install/serial/share/serial/environment/library_path.sh
[1.222s] -- Up-to-date: /home/golftrolley/robot_ws/install/serial/share/serial/environment/library_path.dsv
[1.225s] -- Up-to-date: /home/golftrolley/robot_ws/install/serial/share/ament_index/resource_index/package_run_dependencies/serial
[1.226s] -- Up-to-date: /home/golftrolley/robot_ws/install/serial/share/ament_index/resource_index/parent_prefix_path/serial
[1.226s] -- Up-to-date: /home/golftrolley/robot_ws/install/serial/share/serial/environment/ament_prefix_path.sh
[1.227s] -- Up-to-date: /home/golftrolley/robot_ws/install/serial/share/serial/environment/ament_prefix_path.dsv
[1.227s] -- Up-to-date: /home/golftrolley/robot_ws/install/serial/share/serial/environment/path.sh
[1.228s] -- Up-to-date: /home/golftrolley/robot_ws/install/serial/share/serial/environment/path.dsv
[1.228s] -- Up-to-date: /home/golftrolley/robot_ws/install/serial/share/serial/local_setup.bash
[1.232s] -- Up-to-date: /home/golftrolley/robot_ws/install/serial/share/serial/local_setup.sh
[1.232s] -- Up-to-date: /home/golftrolley/robot_ws/install/serial/share/serial/local_setup.zsh
[1.233s] -- Up-to-date: /home/golftrolley/robot_ws/install/serial/share/serial/local_setup.dsv
[1.234s] -- Installing: /home/golftrolley/robot_ws/install/serial/share/serial/package.dsv
[1.234s] -- Up-to-date: /home/golftrolley/robot_ws/install/serial/share/ament_index/resource_index/packages/serial
[1.238s] -- Up-to-date: /home/golftrolley/robot_ws/install/serial/share/serial/cmake/ament_cmake_export_include_directories-extras.cmake
[1.238s] -- Up-to-date: /home/golftrolley/robot_ws/install/serial/share/serial/cmake/ament_cmake_export_libraries-extras.cmake
[1.239s] -- Up-to-date: /home/golftrolley/robot_ws/install/serial/share/serial/cmake/serialConfig.cmake
[1.239s] -- Up-to-date: /home/golftrolley/robot_ws/install/serial/share/serial/cmake/serialConfig-version.cmake
[1.240s] -- Up-to-date: /home/golftrolley/robot_ws/install/serial/share/serial/package.xml
[1.244s] Invoked command in '/home/golftrolley/robot_ws/build/serial' returned '0': CMAKE_PREFIX_PATH=${CMAKE_PREFIX_PATH}:/home/golftrolley/robot_ws/install/stereo_camera_split:/home/golftrolley/robot_ws/install/serial_motor_demo:/home/golftrolley/robot_ws/install/golftrolley:/opt/ros/jazzy /usr/bin/cmake --install /home/golftrolley/robot_ws/build/serial
