[0.107s] Invoking command in '/home/golftrolley/robot_ws/build/dd_bot': CMAKE_PREFIX_PATH=${CMAKE_PREFIX_PATH}:/home/golftrolley/robot_ws/install/stereo_camera_split:/home/golftrolley/robot_ws/install/serial_motor_demo:/home/golftrolley/robot_ws/install/golftrolley:/opt/ros/jazzy /usr/bin/cmake /home/golftrolley/robot_ws/src/dd_bot -DCMAKE_INSTALL_PREFIX=/home/golftrolley/robot_ws/install/dd_bot
[0.604s] -- The C compiler identification is GNU 13.3.0
[1.200s] -- The CXX compiler identification is GNU 13.3.0
[1.337s] -- Detecting C compiler ABI info
[2.151s] -- Detecting C compiler ABI info - done
[2.218s] -- Check for working C compiler: /usr/bin/cc - skipped
[2.223s] -- Detecting C compile features
[2.230s] -- Detecting C compile features - done
[2.315s] -- Detecting CXX compiler ABI info
[3.197s] -- Detecting CXX compiler ABI info - done
[3.274s] -- Check for working CXX compiler: /usr/bin/c++ - skipped
[3.275s] -- Detecting CXX compile features
[3.281s] -- Detecting CXX compile features - done
[3.316s] -- Found ament_cmake: 2.5.4 (/opt/ros/jazzy/share/ament_cmake/cmake)
[4.679s] -- Found Python3: /usr/bin/python3 (found version "3.12.3") found components: Interpreter 
[5.566s] -- Found ament_lint_auto: 0.17.2 (/opt/ros/jazzy/share/ament_lint_auto/cmake)
[6.482s] -- Added test 'copyright' to check source files copyright and LICENSE
[6.530s] -- Added test 'flake8' to check Python code syntax and style conventions
[6.530s] -- Configured 'flake8' exclude dirs and/or files: 
[6.538s] -- Added test 'lint_cmake' to check CMake code style
[6.545s] -- Added test 'pep257' to check Python code against some of the docstring style conventions in PEP 257
[6.570s] -- Added test 'xmllint' to check XML markup files
[6.588s] -- Configuring done (6.4s)
[6.617s] -- Generating done (0.0s)
[6.629s] -- Build files have been written to: /home/golftrolley/robot_ws/build/dd_bot
[6.662s] Invoked command in '/home/golftrolley/robot_ws/build/dd_bot' returned '0': CMAKE_PREFIX_PATH=${CMAKE_PREFIX_PATH}:/home/golftrolley/robot_ws/install/stereo_camera_split:/home/golftrolley/robot_ws/install/serial_motor_demo:/home/golftrolley/robot_ws/install/golftrolley:/opt/ros/jazzy /usr/bin/cmake /home/golftrolley/robot_ws/src/dd_bot -DCMAKE_INSTALL_PREFIX=/home/golftrolley/robot_ws/install/dd_bot
[6.669s] Invoking command in '/home/golftrolley/robot_ws/build/dd_bot': CMAKE_PREFIX_PATH=${CMAKE_PREFIX_PATH}:/home/golftrolley/robot_ws/install/stereo_camera_split:/home/golftrolley/robot_ws/install/serial_motor_demo:/home/golftrolley/robot_ws/install/golftrolley:/opt/ros/jazzy /usr/bin/cmake --build /home/golftrolley/robot_ws/build/dd_bot -- -j4 -l4
[6.977s] Invoked command in '/home/golftrolley/robot_ws/build/dd_bot' returned '0': CMAKE_PREFIX_PATH=${CMAKE_PREFIX_PATH}:/home/golftrolley/robot_ws/install/stereo_camera_split:/home/golftrolley/robot_ws/install/serial_motor_demo:/home/golftrolley/robot_ws/install/golftrolley:/opt/ros/jazzy /usr/bin/cmake --build /home/golftrolley/robot_ws/build/dd_bot -- -j4 -l4
[7.106s] Invoking command in '/home/golftrolley/robot_ws/build/dd_bot': CMAKE_PREFIX_PATH=${CMAKE_PREFIX_PATH}:/home/golftrolley/robot_ws/install/stereo_camera_split:/home/golftrolley/robot_ws/install/serial_motor_demo:/home/golftrolley/robot_ws/install/golftrolley:/opt/ros/jazzy /usr/bin/cmake --install /home/golftrolley/robot_ws/build/dd_bot
[7.226s] -- Install configuration: ""
[7.231s] -- Installing: /home/golftrolley/robot_ws/install/dd_bot/share/dd_bot/config
[7.233s] -- Installing: /home/golftrolley/robot_ws/install/dd_bot/share/dd_bot/config/twist_mux.yaml
[7.233s] -- Installing: /home/golftrolley/robot_ws/install/dd_bot/share/dd_bot/config/gz_bridge.yaml
[7.235s] -- Installing: /home/golftrolley/robot_ws/install/dd_bot/share/dd_bot/config/view_bot.rviz
[7.236s] -- Installing: /home/golftrolley/robot_ws/install/dd_bot/share/dd_bot/config/my_controllers.yaml
[7.239s] -- Installing: /home/golftrolley/robot_ws/install/dd_bot/share/dd_bot/config/joystick.yaml
[7.244s] -- Installing: /home/golftrolley/robot_ws/install/dd_bot/share/dd_bot/config/empty.yaml
[7.247s] -- Installing: /home/golftrolley/robot_ws/install/dd_bot/share/dd_bot/description
[7.249s] -- Installing: /home/golftrolley/robot_ws/install/dd_bot/share/dd_bot/description/ros2_control.xacro
[7.251s] -- Installing: /home/golftrolley/robot_ws/install/dd_bot/share/dd_bot/description/robot.urdf.xacro
[7.256s] -- Installing: /home/golftrolley/robot_ws/install/dd_bot/share/dd_bot/description/inertial_macros.xacro
[7.259s] -- Installing: /home/golftrolley/robot_ws/install/dd_bot/share/dd_bot/description/left_camera.xacro
[7.263s] -- Installing: /home/golftrolley/robot_ws/install/dd_bot/share/dd_bot/description/robot_core.xacro
[7.267s] -- Installing: /home/golftrolley/robot_ws/install/dd_bot/share/dd_bot/description/gazebo_control.xacro
[7.274s] -- Installing: /home/golftrolley/robot_ws/install/dd_bot/share/dd_bot/description/lidar.xacro
[7.281s] -- Installing: /home/golftrolley/robot_ws/install/dd_bot/share/dd_bot/description/right_camera.xacro
[7.282s] -- Installing: /home/golftrolley/robot_ws/install/dd_bot/share/dd_bot/launch
[7.282s] -- Installing: /home/golftrolley/robot_ws/install/dd_bot/share/dd_bot/launch/rsp.launch.py
[7.283s] -- Installing: /home/golftrolley/robot_ws/install/dd_bot/share/dd_bot/launch/launch_robot.launch.py
[7.289s] -- Installing: /home/golftrolley/robot_ws/install/dd_bot/share/dd_bot/launch/launch_sim.launch.py
[7.293s] -- Installing: /home/golftrolley/robot_ws/install/dd_bot/share/dd_bot/worlds
[7.298s] -- Installing: /home/golftrolley/robot_ws/install/dd_bot/share/dd_bot/worlds/empty.world
[7.301s] -- Installing: /home/golftrolley/robot_ws/install/dd_bot/share/ament_index/resource_index/package_run_dependencies/dd_bot
[7.303s] -- Installing: /home/golftrolley/robot_ws/install/dd_bot/share/ament_index/resource_index/parent_prefix_path/dd_bot
[7.307s] -- Installing: /home/golftrolley/robot_ws/install/dd_bot/share/dd_bot/environment/ament_prefix_path.sh
[7.311s] -- Installing: /home/golftrolley/robot_ws/install/dd_bot/share/dd_bot/environment/ament_prefix_path.dsv
[7.312s] -- Installing: /home/golftrolley/robot_ws/install/dd_bot/share/dd_bot/environment/path.sh
[7.314s] -- Installing: /home/golftrolley/robot_ws/install/dd_bot/share/dd_bot/environment/path.dsv
[7.321s] -- Installing: /home/golftrolley/robot_ws/install/dd_bot/share/dd_bot/local_setup.bash
[7.322s] -- Installing: /home/golftrolley/robot_ws/install/dd_bot/share/dd_bot/local_setup.sh
[7.326s] -- Installing: /home/golftrolley/robot_ws/install/dd_bot/share/dd_bot/local_setup.zsh
[7.328s] -- Installing: /home/golftrolley/robot_ws/install/dd_bot/share/dd_bot/local_setup.dsv
[7.334s] -- Installing: /home/golftrolley/robot_ws/install/dd_bot/share/dd_bot/package.dsv
[7.334s] -- Installing: /home/golftrolley/robot_ws/install/dd_bot/share/ament_index/resource_index/packages/dd_bot
[7.335s] -- Installing: /home/golftrolley/robot_ws/install/dd_bot/share/dd_bot/cmake/dd_botConfig.cmake
[7.337s] -- Installing: /home/golftrolley/robot_ws/install/dd_bot/share/dd_bot/cmake/dd_botConfig-version.cmake
[7.339s] -- Installing: /home/golftrolley/robot_ws/install/dd_bot/share/dd_bot/package.xml
[7.351s] Invoked command in '/home/golftrolley/robot_ws/build/dd_bot' returned '0': CMAKE_PREFIX_PATH=${CMAKE_PREFIX_PATH}:/home/golftrolley/robot_ws/install/stereo_camera_split:/home/golftrolley/robot_ws/install/serial_motor_demo:/home/golftrolley/robot_ws/install/golftrolley:/opt/ros/jazzy /usr/bin/cmake --install /home/golftrolley/robot_ws/build/dd_bot
