[7.812s] Invoking command in '/home/golftrolley/robot_ws/src/stereo_camera_split': PYTHONPATH=/home/golftrolley/robot_ws/build/stereo_camera_split/prefix_override:/usr/lib/python3/dist-packages/colcon_core/task/python/colcon_distutils_commands:/home/golftrolley/robot_ws/install/stereo_camera_split/lib/python3.12/site-packages:${PYTHONPATH} /usr/bin/python3 -W ignore:setup.py install is deprecated -W ignore:easy_install command is deprecated setup.py egg_info --egg-base ../../build/stereo_camera_split build --build-base /home/golftrolley/robot_ws/build/stereo_camera_split/build install --record /home/golftrolley/robot_ws/build/stereo_camera_split/install.log --single-version-externally-managed install_data
[9.223s] running egg_info
[9.324s] writing ../../build/stereo_camera_split/stereo_camera_split.egg-info/PKG-INFO
[9.325s] writing dependency_links to ../../build/stereo_camera_split/stereo_camera_split.egg-info/dependency_links.txt
[9.328s] writing entry points to ../../build/stereo_camera_split/stereo_camera_split.egg-info/entry_points.txt
[9.331s] writing requirements to ../../build/stereo_camera_split/stereo_camera_split.egg-info/requires.txt
[9.333s] writing top-level names to ../../build/stereo_camera_split/stereo_camera_split.egg-info/top_level.txt
[9.557s] reading manifest file '../../build/stereo_camera_split/stereo_camera_split.egg-info/SOURCES.txt'
[9.561s] writing manifest file '../../build/stereo_camera_split/stereo_camera_split.egg-info/SOURCES.txt'
[9.566s] running build
[9.568s] running build_py
[9.569s] running install
[9.591s] running install_lib
[9.765s] running install_data
[9.766s] running install_egg_info
[9.932s] removing '/home/golftrolley/robot_ws/install/stereo_camera_split/lib/python3.12/site-packages/stereo_camera_split-0.0.0-py3.12.egg-info' (and everything under it)
[9.940s] Copying ../../build/stereo_camera_split/stereo_camera_split.egg-info to /home/golftrolley/robot_ws/install/stereo_camera_split/lib/python3.12/site-packages/stereo_camera_split-0.0.0-py3.12.egg-info
[9.942s] running install_scripts
[10.776s] Installing stereo_split_camera_node script to /home/golftrolley/robot_ws/install/stereo_camera_split/lib/stereo_camera_split
[10.778s] writing list of installed files to '/home/golftrolley/robot_ws/build/stereo_camera_split/install.log'
[10.943s] Invoked command in '/home/golftrolley/robot_ws/src/stereo_camera_split' returned '0': PYTHONPATH=/home/golftrolley/robot_ws/build/stereo_camera_split/prefix_override:/usr/lib/python3/dist-packages/colcon_core/task/python/colcon_distutils_commands:/home/golftrolley/robot_ws/install/stereo_camera_split/lib/python3.12/site-packages:${PYTHONPATH} /usr/bin/python3 -W ignore:setup.py install is deprecated -W ignore:easy_install command is deprecated setup.py egg_info --egg-base ../../build/stereo_camera_split build --build-base /home/golftrolley/robot_ws/build/stereo_camera_split/build install --record /home/golftrolley/robot_ws/build/stereo_camera_split/install.log --single-version-externally-managed install_data
