[0.152s] Invoking command in '/home/golftrolley/robot_ws/build/serial': CMAKE_PREFIX_PATH=${CMAKE_PREFIX_PATH}:/home/golftrolley/robot_ws/install/stereo_camera_split:/home/golftrolley/robot_ws/install/serial_motor_demo:/home/golftrolley/robot_ws/install/golftrolley:/opt/ros/jazzy /usr/bin/cmake --build /home/golftrolley/robot_ws/build/serial -- -j4 -l4
[0.616s] [ 14%] Built target gtest
[0.692s] [ 50%] Built target gtest_main
[0.700s] [ 57%] Built target serial
[0.981s] [ 71%] Built target serial_example
[1.006s] [ 85%] Built target serial-test
[1.014s] [100%] Built target serial-test-timer
[1.788s] Invoked command in '/home/golftrolley/robot_ws/build/serial' returned '0': CMAKE_PREFIX_PATH=${CMAKE_PREFIX_PATH}:/home/golftrolley/robot_ws/install/stereo_camera_split:/home/golftrolley/robot_ws/install/serial_motor_demo:/home/golftrolley/robot_ws/install/golftrolley:/opt/ros/jazzy /usr/bin/cmake --build /home/golftrolley/robot_ws/build/serial -- -j4 -l4
[1.790s] Invoking command in '/home/golftrolley/robot_ws/build/serial': CMAKE_PREFIX_PATH=${CMAKE_PREFIX_PATH}:/home/golftrolley/robot_ws/install/stereo_camera_split:/home/golftrolley/robot_ws/install/serial_motor_demo:/home/golftrolley/robot_ws/install/golftrolley:/opt/ros/jazzy /usr/bin/cmake --install /home/golftrolley/robot_ws/build/serial
[1.841s] -- Install configuration: ""
[1.843s] -- Execute custom install script
[1.856s] -- Up-to-date symlink: /home/golftrolley/robot_ws/install/serial/lib/libserial.a
[1.858s] -- Up-to-date symlink: /home/golftrolley/robot_ws/install/serial/include/serial/serial.h
[1.859s] -- Up-to-date symlink: /home/golftrolley/robot_ws/install/serial/include/serial/v8stdint.h
[1.860s] -- Up-to-date symlink: /home/golftrolley/robot_ws/install/serial/share/serial/environment/library_path.sh
[1.860s] -- Up-to-date symlink: /home/golftrolley/robot_ws/install/serial/share/serial/environment/library_path.dsv
[1.863s] -- Up-to-date symlink: /home/golftrolley/robot_ws/install/serial/share/ament_index/resource_index/package_run_dependencies/serial
[1.865s] -- Up-to-date symlink: /home/golftrolley/robot_ws/install/serial/share/ament_index/resource_index/parent_prefix_path/serial
[1.866s] -- Up-to-date symlink: /home/golftrolley/robot_ws/install/serial/share/serial/environment/ament_prefix_path.sh
[1.868s] -- Up-to-date symlink: /home/golftrolley/robot_ws/install/serial/share/serial/environment/ament_prefix_path.dsv
[1.869s] -- Up-to-date symlink: /home/golftrolley/robot_ws/install/serial/share/serial/environment/path.sh
[1.869s] -- Up-to-date symlink: /home/golftrolley/robot_ws/install/serial/share/serial/environment/path.dsv
[1.870s] -- Up-to-date symlink: /home/golftrolley/robot_ws/install/serial/share/serial/local_setup.bash
[1.870s] -- Up-to-date symlink: /home/golftrolley/robot_ws/install/serial/share/serial/local_setup.sh
[1.874s] -- Up-to-date symlink: /home/golftrolley/robot_ws/install/serial/share/serial/local_setup.zsh
[1.875s] -- Up-to-date symlink: /home/golftrolley/robot_ws/install/serial/share/serial/local_setup.dsv
[1.879s] -- Symlinking: /home/golftrolley/robot_ws/install/serial/share/serial/package.dsv
[1.947s] -- Up-to-date symlink: /home/golftrolley/robot_ws/install/serial/share/ament_index/resource_index/packages/serial
[1.950s] -- Up-to-date symlink: /home/golftrolley/robot_ws/install/serial/share/serial/cmake/ament_cmake_export_include_directories-extras.cmake
[1.953s] -- Up-to-date symlink: /home/golftrolley/robot_ws/install/serial/share/serial/cmake/ament_cmake_export_libraries-extras.cmake
[1.958s] -- Up-to-date symlink: /home/golftrolley/robot_ws/install/serial/share/serial/cmake/serialConfig.cmake
[1.958s] -- Up-to-date symlink: /home/golftrolley/robot_ws/install/serial/share/serial/cmake/serialConfig-version.cmake
[1.964s] -- Up-to-date symlink: /home/golftrolley/robot_ws/install/serial/share/serial/package.xml
[1.974s] Invoked command in '/home/golftrolley/robot_ws/build/serial' returned '0': CMAKE_PREFIX_PATH=${CMAKE_PREFIX_PATH}:/home/golftrolley/robot_ws/install/stereo_camera_split:/home/golftrolley/robot_ws/install/serial_motor_demo:/home/golftrolley/robot_ws/install/golftrolley:/opt/ros/jazzy /usr/bin/cmake --install /home/golftrolley/robot_ws/build/serial
