[1.451s] Invoking command in '/home/golftrolley/robot_ws/build/mpu6050driver': CMAKE_PREFIX_PATH=${CMAKE_PREFIX_PATH}:/home/golftrolley/robot_ws/install/stereo_camera_split:/home/golftrolley/robot_ws/install/serial_motor_demo:/home/golftrolley/robot_ws/install/golftrolley:/opt/ros/jazzy /usr/bin/cmake --build /home/golftrolley/robot_ws/build/mpu6050driver -- -j4 -l4
[1.751s] [100%] Built target mpu6050driver
[4.125s] Invoked command in '/home/golftrolley/robot_ws/build/mpu6050driver' returned '0': CMAKE_PREFIX_PATH=${CMAKE_PREFIX_PATH}:/home/golftrolley/robot_ws/install/stereo_camera_split:/home/golftrolley/robot_ws/install/serial_motor_demo:/home/golftrolley/robot_ws/install/golftrolley:/opt/ros/jazzy /usr/bin/cmake --build /home/golftrolley/robot_ws/build/mpu6050driver -- -j4 -l4
[4.177s] Invoking command in '/home/golftrolley/robot_ws/build/mpu6050driver': CMAKE_PREFIX_PATH=${CMAKE_PREFIX_PATH}:/home/golftrolley/robot_ws/install/stereo_camera_split:/home/golftrolley/robot_ws/install/serial_motor_demo:/home/golftrolley/robot_ws/install/golftrolley:/opt/ros/jazzy /usr/bin/cmake --install /home/golftrolley/robot_ws/build/mpu6050driver
[4.227s] -- Install configuration: ""
[4.227s] -- Up-to-date: /home/golftrolley/robot_ws/install/mpu6050driver/lib/mpu6050driver/mpu6050driver
[4.229s] -- Up-to-date: /home/golftrolley/robot_ws/install/mpu6050driver/share/mpu6050driver//launch
[4.231s] -- Up-to-date: /home/golftrolley/robot_ws/install/mpu6050driver/share/mpu6050driver//launch/mpu6050driver_launch.py
[4.233s] -- Up-to-date: /home/golftrolley/robot_ws/install/mpu6050driver/share/mpu6050driver//params
[4.234s] -- Up-to-date: /home/golftrolley/robot_ws/install/mpu6050driver/share/mpu6050driver//params/mpu6050.yaml
[4.240s] -- Up-to-date: /home/golftrolley/robot_ws/install/mpu6050driver/share/ament_index/resource_index/package_run_dependencies/mpu6050driver
[4.241s] -- Up-to-date: /home/golftrolley/robot_ws/install/mpu6050driver/share/ament_index/resource_index/parent_prefix_path/mpu6050driver
[4.244s] -- Up-to-date: /home/golftrolley/robot_ws/install/mpu6050driver/share/mpu6050driver/environment/ament_prefix_path.sh
[4.245s] -- Up-to-date: /home/golftrolley/robot_ws/install/mpu6050driver/share/mpu6050driver/environment/ament_prefix_path.dsv
[4.245s] -- Up-to-date: /home/golftrolley/robot_ws/install/mpu6050driver/share/mpu6050driver/environment/path.sh
[4.246s] -- Up-to-date: /home/golftrolley/robot_ws/install/mpu6050driver/share/mpu6050driver/environment/path.dsv
[4.246s] -- Up-to-date: /home/golftrolley/robot_ws/install/mpu6050driver/share/mpu6050driver/local_setup.bash
[4.247s] -- Up-to-date: /home/golftrolley/robot_ws/install/mpu6050driver/share/mpu6050driver/local_setup.sh
[4.247s] -- Up-to-date: /home/golftrolley/robot_ws/install/mpu6050driver/share/mpu6050driver/local_setup.zsh
[4.248s] -- Up-to-date: /home/golftrolley/robot_ws/install/mpu6050driver/share/mpu6050driver/local_setup.dsv
[4.249s] -- Installing: /home/golftrolley/robot_ws/install/mpu6050driver/share/mpu6050driver/package.dsv
[4.250s] -- Up-to-date: /home/golftrolley/robot_ws/install/mpu6050driver/share/ament_index/resource_index/packages/mpu6050driver
[4.251s] -- Up-to-date: /home/golftrolley/robot_ws/install/mpu6050driver/share/mpu6050driver/cmake/mpu6050driverConfig.cmake
[4.251s] -- Up-to-date: /home/golftrolley/robot_ws/install/mpu6050driver/share/mpu6050driver/cmake/mpu6050driverConfig-version.cmake
[4.252s] -- Up-to-date: /home/golftrolley/robot_ws/install/mpu6050driver/share/mpu6050driver/package.xml
[4.544s] Invoked command in '/home/golftrolley/robot_ws/build/mpu6050driver' returned '0': CMAKE_PREFIX_PATH=${CMAKE_PREFIX_PATH}:/home/golftrolley/robot_ws/install/stereo_camera_split:/home/golftrolley/robot_ws/install/serial_motor_demo:/home/golftrolley/robot_ws/install/golftrolley:/opt/ros/jazzy /usr/bin/cmake --install /home/golftrolley/robot_ws/build/mpu6050driver
