[0.079s] Invoking command in '/home/golftrolley/robot_ws/build/ros2_control_cmake': CMAKE_PREFIX_PATH=${CMAKE_PREFIX_PATH}:/home/golftrolley/robot_ws/install/stereo_camera_split:/home/golftrolley/robot_ws/install/serial_motor_demo:/home/golftrolley/robot_ws/install/golftrolley:/opt/ros/jazzy /usr/bin/cmake /home/golftrolley/robot_ws/src/ros2_control_cmake/ros2_control_cmake -DCMAKE_INSTALL_PREFIX=/home/golftrolley/robot_ws/install/ros2_control_cmake
[0.533s] -- The C compiler identification is GNU 13.3.0
[0.976s] -- The CXX compiler identification is GNU 13.3.0
[1.144s] -- Detecting C compiler ABI info
[2.227s] -- Detecting C compiler ABI info - done
[2.330s] -- Check for working C compiler: /usr/bin/cc - skipped
[2.334s] -- Detecting C compile features
[2.336s] -- Detecting C compile features - done
[2.453s] -- Detecting CXX compiler ABI info
[3.585s] -- Detecting CXX compiler ABI info - done
[3.641s] -- Check for working CXX compiler: /usr/bin/c++ - skipped
[3.642s] -- Detecting CXX compile features
[3.643s] -- Detecting CXX compile features - done
[3.679s] -- Found ament_cmake: 2.5.4 (/opt/ros/jazzy/share/ament_cmake/cmake)
[5.143s] -- Found Python3: /usr/bin/python3 (found version "3.12.3") found components: Interpreter 
[6.130s] -- Found ament_lint_auto: 0.17.2 (/opt/ros/jazzy/share/ament_lint_auto/cmake)
[7.092s] -- Added test 'copyright' to check source files copyright and LICENSE
[7.112s] -- Added test 'lint_cmake' to check CMake code style
[7.134s] -- Added test 'xmllint' to check XML markup files
[7.168s] -- Configuring done (7.0s)
[7.205s] -- Generating done (0.0s)
[7.221s] -- Build files have been written to: /home/golftrolley/robot_ws/build/ros2_control_cmake
[7.271s] Invoked command in '/home/golftrolley/robot_ws/build/ros2_control_cmake' returned '0': CMAKE_PREFIX_PATH=${CMAKE_PREFIX_PATH}:/home/golftrolley/robot_ws/install/stereo_camera_split:/home/golftrolley/robot_ws/install/serial_motor_demo:/home/golftrolley/robot_ws/install/golftrolley:/opt/ros/jazzy /usr/bin/cmake /home/golftrolley/robot_ws/src/ros2_control_cmake/ros2_control_cmake -DCMAKE_INSTALL_PREFIX=/home/golftrolley/robot_ws/install/ros2_control_cmake
[7.279s] Invoking command in '/home/golftrolley/robot_ws/build/ros2_control_cmake': CMAKE_PREFIX_PATH=${CMAKE_PREFIX_PATH}:/home/golftrolley/robot_ws/install/stereo_camera_split:/home/golftrolley/robot_ws/install/serial_motor_demo:/home/golftrolley/robot_ws/install/golftrolley:/opt/ros/jazzy /usr/bin/cmake --build /home/golftrolley/robot_ws/build/ros2_control_cmake -- -j4 -l4
[7.751s] Invoked command in '/home/golftrolley/robot_ws/build/ros2_control_cmake' returned '0': CMAKE_PREFIX_PATH=${CMAKE_PREFIX_PATH}:/home/golftrolley/robot_ws/install/stereo_camera_split:/home/golftrolley/robot_ws/install/serial_motor_demo:/home/golftrolley/robot_ws/install/golftrolley:/opt/ros/jazzy /usr/bin/cmake --build /home/golftrolley/robot_ws/build/ros2_control_cmake -- -j4 -l4
[7.761s] Invoking command in '/home/golftrolley/robot_ws/build/ros2_control_cmake': CMAKE_PREFIX_PATH=${CMAKE_PREFIX_PATH}:/home/golftrolley/robot_ws/install/stereo_camera_split:/home/golftrolley/robot_ws/install/serial_motor_demo:/home/golftrolley/robot_ws/install/golftrolley:/opt/ros/jazzy /usr/bin/cmake --install /home/golftrolley/robot_ws/build/ros2_control_cmake
[7.901s] -- Install configuration: ""
[7.901s] -- Installing: /home/golftrolley/robot_ws/install/ros2_control_cmake/share/ros2_control_cmake/cmake
[7.906s] -- Installing: /home/golftrolley/robot_ws/install/ros2_control_cmake/share/ros2_control_cmake/cmake/ros2_control.cmake
[7.911s] -- Installing: /home/golftrolley/robot_ws/install/ros2_control_cmake/share/ament_index/resource_index/package_run_dependencies/ros2_control_cmake
[7.913s] -- Installing: /home/golftrolley/robot_ws/install/ros2_control_cmake/share/ament_index/resource_index/parent_prefix_path/ros2_control_cmake
[7.920s] -- Installing: /home/golftrolley/robot_ws/install/ros2_control_cmake/share/ros2_control_cmake/environment/ament_prefix_path.sh
[7.921s] -- Installing: /home/golftrolley/robot_ws/install/ros2_control_cmake/share/ros2_control_cmake/environment/ament_prefix_path.dsv
[7.923s] -- Installing: /home/golftrolley/robot_ws/install/ros2_control_cmake/share/ros2_control_cmake/environment/path.sh
[7.926s] -- Installing: /home/golftrolley/robot_ws/install/ros2_control_cmake/share/ros2_control_cmake/environment/path.dsv
[7.929s] -- Installing: /home/golftrolley/robot_ws/install/ros2_control_cmake/share/ros2_control_cmake/local_setup.bash
[7.930s] -- Installing: /home/golftrolley/robot_ws/install/ros2_control_cmake/share/ros2_control_cmake/local_setup.sh
[7.932s] -- Installing: /home/golftrolley/robot_ws/install/ros2_control_cmake/share/ros2_control_cmake/local_setup.zsh
[7.933s] -- Installing: /home/golftrolley/robot_ws/install/ros2_control_cmake/share/ros2_control_cmake/local_setup.dsv
[7.936s] -- Installing: /home/golftrolley/robot_ws/install/ros2_control_cmake/share/ros2_control_cmake/package.dsv
[7.937s] -- Installing: /home/golftrolley/robot_ws/install/ros2_control_cmake/share/ament_index/resource_index/packages/ros2_control_cmake
[7.938s] -- Installing: /home/golftrolley/robot_ws/install/ros2_control_cmake/share/ros2_control_cmake/cmake/ros2_control_cmake-extras.cmake
[7.940s] -- Installing: /home/golftrolley/robot_ws/install/ros2_control_cmake/share/ros2_control_cmake/cmake/ros2_control_cmakeConfig.cmake
[7.943s] -- Installing: /home/golftrolley/robot_ws/install/ros2_control_cmake/share/ros2_control_cmake/cmake/ros2_control_cmakeConfig-version.cmake
[7.947s] -- Installing: /home/golftrolley/robot_ws/install/ros2_control_cmake/share/ros2_control_cmake/package.xml
[7.953s] Invoked command in '/home/golftrolley/robot_ws/build/ros2_control_cmake' returned '0': CMAKE_PREFIX_PATH=${CMAKE_PREFIX_PATH}:/home/golftrolley/robot_ws/install/stereo_camera_split:/home/golftrolley/robot_ws/install/serial_motor_demo:/home/golftrolley/robot_ws/install/golftrolley:/opt/ros/jazzy /usr/bin/cmake --install /home/golftrolley/robot_ws/build/ros2_control_cmake
