[1.180s] Invoking command in '/home/golftrolley/robot_ws/build/mpu6050driver': CMAKE_PREFIX_PATH=${CMAKE_PREFIX_PATH}:/opt/ros/jazzy /usr/bin/cmake /home/golftrolley/robot_ws/src/ros2_mpu6050_driver -DCMAKE_INSTALL_PREFIX=/home/golftrolley/robot_ws/install/mpu6050driver
[1.551s] -- The C compiler identification is GNU 13.3.0
[1.969s] -- The CXX compiler identification is GNU 13.3.0
[2.083s] -- Detecting C compiler ABI info
[2.792s] -- Detecting C compiler ABI info - done
[2.854s] -- Check for working C compiler: /usr/bin/cc - skipped
[2.855s] -- Detecting C compile features
[2.856s] -- Detecting C compile features - done
[2.920s] -- Detecting CXX compiler ABI info
[3.634s] -- Detecting CXX compiler ABI info - done
[3.678s] -- Check for working CXX compiler: /usr/bin/c++ - skipped
[3.680s] -- Detecting CXX compile features
[3.682s] -- Detecting CXX compile features - done
[3.714s] -- Found ament_cmake: 2.5.4 (/opt/ros/jazzy/share/ament_cmake/cmake)
[4.589s] -- Found Python3: /usr/bin/python3 (found version "3.12.3") found components: Interpreter 
[5.301s] -- Found rclcpp: 28.1.10 (/opt/ros/jazzy/share/rclcpp/cmake)
[5.634s] -- Found rosidl_generator_c: 4.6.5 (/opt/ros/jazzy/share/rosidl_generator_c/cmake)
[5.737s] -- Found rosidl_generator_cpp: 4.6.5 (/opt/ros/jazzy/share/rosidl_generator_cpp/cmake)
[5.859s] -- Using all available rosidl_typesupport_c: rosidl_typesupport_fastrtps_c;rosidl_typesupport_introspection_c
[5.989s] -- Using all available rosidl_typesupport_cpp: rosidl_typesupport_fastrtps_cpp;rosidl_typesupport_introspection_cpp
[6.472s] -- Found rmw_implementation_cmake: 7.3.2 (/opt/ros/jazzy/share/rmw_implementation_cmake/cmake)
[6.498s] -- Found rmw_fastrtps_cpp: 8.4.2 (/opt/ros/jazzy/share/rmw_fastrtps_cpp/cmake)
[7.000s] -- Found OpenSSL: /usr/lib/aarch64-linux-gnu/libcrypto.so (found version "3.0.13")  
[7.090s] -- Found FastRTPS: /opt/ros/jazzy/include (Required is at least version "2.13") 
[7.191s] -- Using RMW implementation 'rmw_fastrtps_cpp' as default
[7.606s] -- Found sensor_msgs: 5.3.6 (/opt/ros/jazzy/share/sensor_msgs/cmake)
[8.352s] -- Configuring done (7.1s)
[8.431s] -- Generating done (0.0s)
[8.450s] -- Build files have been written to: /home/golftrolley/robot_ws/build/mpu6050driver
