[0.059s] Invoking command in '/home/golftrolley/robot_ws/build/stereo_camera_node': CMAKE_PREFIX_PATH=${CMAKE_PREFIX_PATH}:/home/golftrolley/robot_ws/install/stereo_camera_split:/home/golftrolley/robot_ws/install/serial_motor_demo:/home/golftrolley/robot_ws/install/golftrolley:/opt/ros/jazzy /usr/bin/cmake --build /home/golftrolley/robot_ws/build/stereo_camera_node -- -j4 -l4
[0.395s] [ 25%] [32mBuilding CXX object CMakeFiles/stereo_calibration_capture.dir/src/stereo_calibration_capture.cpp.o[0m
[0.436s] [ 75%] Built target stereo_camera_node
[19.580s] [100%] [32m[1mLinking CXX executable stereo_calibration_capture[0m
[21.642s] [100%] Built target stereo_calibration_capture
[21.702s] Invoked command in '/home/golftrolley/robot_ws/build/stereo_camera_node' returned '0': CMAKE_PREFIX_PATH=${CMAKE_PREFIX_PATH}:/home/golftrolley/robot_ws/install/stereo_camera_split:/home/golftrolley/robot_ws/install/serial_motor_demo:/home/golftrolley/robot_ws/install/golftrolley:/opt/ros/jazzy /usr/bin/cmake --build /home/golftrolley/robot_ws/build/stereo_camera_node -- -j4 -l4
[21.757s] Invoking command in '/home/golftrolley/robot_ws/build/stereo_camera_node': CMAKE_PREFIX_PATH=${CMAKE_PREFIX_PATH}:/home/golftrolley/robot_ws/install/stereo_camera_split:/home/golftrolley/robot_ws/install/serial_motor_demo:/home/golftrolley/robot_ws/install/golftrolley:/opt/ros/jazzy /usr/bin/cmake --install /home/golftrolley/robot_ws/build/stereo_camera_node
[21.801s] -- Install configuration: ""
[21.803s] -- Up-to-date: /home/golftrolley/robot_ws/install/stereo_camera_node/lib/stereo_camera_node/stereo_camera_node
[21.805s] -- Installing: /home/golftrolley/robot_ws/install/stereo_camera_node/lib/stereo_camera_node/stereo_calibration_capture
[21.811s] -- Set non-toolchain portion of runtime path of "/home/golftrolley/robot_ws/install/stereo_camera_node/lib/stereo_camera_node/stereo_calibration_capture" to ""
[21.811s] -- Up-to-date: /home/golftrolley/robot_ws/install/stereo_camera_node/share/ament_index/resource_index/package_run_dependencies/stereo_camera_node
[21.812s] -- Up-to-date: /home/golftrolley/robot_ws/install/stereo_camera_node/share/ament_index/resource_index/parent_prefix_path/stereo_camera_node
[21.813s] -- Up-to-date: /home/golftrolley/robot_ws/install/stereo_camera_node/share/stereo_camera_node/environment/ament_prefix_path.sh
[21.813s] -- Up-to-date: /home/golftrolley/robot_ws/install/stereo_camera_node/share/stereo_camera_node/environment/ament_prefix_path.dsv
[21.814s] -- Up-to-date: /home/golftrolley/robot_ws/install/stereo_camera_node/share/stereo_camera_node/environment/path.sh
[21.814s] -- Up-to-date: /home/golftrolley/robot_ws/install/stereo_camera_node/share/stereo_camera_node/environment/path.dsv
[21.815s] -- Up-to-date: /home/golftrolley/robot_ws/install/stereo_camera_node/share/stereo_camera_node/local_setup.bash
[21.815s] -- Up-to-date: /home/golftrolley/robot_ws/install/stereo_camera_node/share/stereo_camera_node/local_setup.sh
[21.816s] -- Up-to-date: /home/golftrolley/robot_ws/install/stereo_camera_node/share/stereo_camera_node/local_setup.zsh
[21.816s] -- Up-to-date: /home/golftrolley/robot_ws/install/stereo_camera_node/share/stereo_camera_node/local_setup.dsv
[21.817s] -- Installing: /home/golftrolley/robot_ws/install/stereo_camera_node/share/stereo_camera_node/package.dsv
[21.817s] -- Up-to-date: /home/golftrolley/robot_ws/install/stereo_camera_node/share/ament_index/resource_index/packages/stereo_camera_node
[21.818s] -- Up-to-date: /home/golftrolley/robot_ws/install/stereo_camera_node/share/stereo_camera_node/cmake/stereo_camera_nodeConfig.cmake
[21.818s] -- Up-to-date: /home/golftrolley/robot_ws/install/stereo_camera_node/share/stereo_camera_node/cmake/stereo_camera_nodeConfig-version.cmake
[21.819s] -- Up-to-date: /home/golftrolley/robot_ws/install/stereo_camera_node/share/stereo_camera_node/package.xml
[21.825s] Invoked command in '/home/golftrolley/robot_ws/build/stereo_camera_node' returned '0': CMAKE_PREFIX_PATH=${CMAKE_PREFIX_PATH}:/home/golftrolley/robot_ws/install/stereo_camera_split:/home/golftrolley/robot_ws/install/serial_motor_demo:/home/golftrolley/robot_ws/install/golftrolley:/opt/ros/jazzy /usr/bin/cmake --install /home/golftrolley/robot_ws/build/stereo_camera_node
