[0.454s] DEBUG:colcon:Command line arguments: ['/usr/bin/colcon', 'build']
[0.455s] DEBUG:colcon:Parsed command line arguments: Namespace(log_base=None, log_level=None, verb_name='build', build_base='build', install_base='install', merge_install=False, symlink_install=False, test_result_base=None, continue_on_error=False, executor='parallel', parallel_workers=4, event_handlers=None, ignore_user_meta=False, metas=['./colcon.meta'], base_paths=['.'], packages_ignore=None, packages_ignore_regex=None, paths=None, packages_up_to=None, packages_up_to_regex=None, packages_above=None, packages_above_and_dependencies=None, packages_above_depth=None, packages_select_by_dep=None, packages_skip_by_dep=None, packages_skip_up_to=None, packages_select_build_failed=False, packages_skip_build_finished=False, packages_select_test_failures=False, packages_skip_test_passed=False, packages_select=None, packages_skip=None, packages_select_regex=None, packages_skip_regex=None, packages_start=None, packages_end=None, allow_overriding=[], cmake_args=None, cmake_target=None, cmake_target_skip_unavailable=False, cmake_clean_cache=False, cmake_clean_first=False, cmake_force_configure=False, ament_cmake_args=None, catkin_cmake_args=None, catkin_skip_building_tests=False, mixin_files=None, mixin=None, verb_parser=<colcon_mixin.mixin.mixin_argument.MixinArgumentDecorator object at 0xffff9eba70b0>, verb_extension=<colcon_core.verb.build.BuildVerb object at 0xffff9ed5b4a0>, main=<bound method BuildVerb.main of <colcon_core.verb.build.BuildVerb object at 0xffff9ed5b4a0>>, mixin_verb=('build',))
[0.627s] Level 1:colcon.colcon_core.package_discovery:discover_packages(colcon_meta) check parameters
[0.627s] Level 1:colcon.colcon_core.package_discovery:discover_packages(recursive) check parameters
[0.627s] Level 1:colcon.colcon_core.package_discovery:discover_packages(ignore) check parameters
[0.628s] Level 1:colcon.colcon_core.package_discovery:discover_packages(path) check parameters
[0.628s] Level 1:colcon.colcon_core.package_discovery:discover_packages(colcon_meta) discover
[0.628s] Level 1:colcon.colcon_core.package_discovery:discover_packages(recursive) discover
[0.628s] INFO:colcon.colcon_core.package_discovery:Crawling recursively for packages in '/home/golftrolley/robot_ws'
[0.628s] Level 1:colcon.colcon_core.package_identification:_identify(.) by extensions ['ignore', 'ignore_ament_install']
[0.629s] Level 1:colcon.colcon_core.package_identification:_identify(.) by extension 'ignore'
[0.629s] Level 1:colcon.colcon_core.package_identification:_identify(.) by extension 'ignore_ament_install'
[0.630s] Level 1:colcon.colcon_core.package_identification:_identify(.) by extensions ['colcon_pkg']
[0.630s] Level 1:colcon.colcon_core.package_identification:_identify(.) by extension 'colcon_pkg'
[0.630s] Level 1:colcon.colcon_core.package_identification:_identify(.) by extensions ['colcon_meta']
[0.630s] Level 1:colcon.colcon_core.package_identification:_identify(.) by extension 'colcon_meta'
[0.630s] Level 1:colcon.colcon_core.package_identification:_identify(.) by extensions ['ros']
[0.630s] Level 1:colcon.colcon_core.package_identification:_identify(.) by extension 'ros'
[0.737s] Level 1:colcon.colcon_core.package_identification:_identify(.) by extensions ['cmake', 'python']
[0.737s] Level 1:colcon.colcon_core.package_identification:_identify(.) by extension 'cmake'
[0.738s] Level 1:colcon.colcon_core.package_identification:_identify(.) by extension 'python'
[0.738s] Level 1:colcon.colcon_core.package_identification:_identify(.) by extensions ['python_setup_py']
[0.738s] Level 1:colcon.colcon_core.package_identification:_identify(.) by extension 'python_setup_py'
[0.738s] Level 1:colcon.colcon_core.package_identification:_identify(build) by extensions ['ignore', 'ignore_ament_install']
[0.739s] Level 1:colcon.colcon_core.package_identification:_identify(build) by extension 'ignore'
[0.739s] Level 1:colcon.colcon_core.package_identification:_identify(build) ignored
[0.740s] Level 1:colcon.colcon_core.package_identification:_identify(install) by extensions ['ignore', 'ignore_ament_install']
[0.740s] Level 1:colcon.colcon_core.package_identification:_identify(install) by extension 'ignore'
[0.740s] Level 1:colcon.colcon_core.package_identification:_identify(install) ignored
[0.741s] Level 1:colcon.colcon_core.package_identification:_identify(log) by extensions ['ignore', 'ignore_ament_install']
[0.741s] Level 1:colcon.colcon_core.package_identification:_identify(log) by extension 'ignore'
[0.742s] Level 1:colcon.colcon_core.package_identification:_identify(log) ignored
[0.742s] Level 1:colcon.colcon_core.package_identification:_identify(src) by extensions ['ignore', 'ignore_ament_install']
[0.742s] Level 1:colcon.colcon_core.package_identification:_identify(src) by extension 'ignore'
[0.743s] Level 1:colcon.colcon_core.package_identification:_identify(src) by extension 'ignore_ament_install'
[0.743s] Level 1:colcon.colcon_core.package_identification:_identify(src) by extensions ['colcon_pkg']
[0.743s] Level 1:colcon.colcon_core.package_identification:_identify(src) by extension 'colcon_pkg'
[0.743s] Level 1:colcon.colcon_core.package_identification:_identify(src) by extensions ['colcon_meta']
[0.743s] Level 1:colcon.colcon_core.package_identification:_identify(src) by extension 'colcon_meta'
[0.744s] Level 1:colcon.colcon_core.package_identification:_identify(src) by extensions ['ros']
[0.744s] Level 1:colcon.colcon_core.package_identification:_identify(src) by extension 'ros'
[0.744s] Level 1:colcon.colcon_core.package_identification:_identify(src) by extensions ['cmake', 'python']
[0.744s] Level 1:colcon.colcon_core.package_identification:_identify(src) by extension 'cmake'
[0.744s] Level 1:colcon.colcon_core.package_identification:_identify(src) by extension 'python'
[0.745s] Level 1:colcon.colcon_core.package_identification:_identify(src) by extensions ['python_setup_py']
[0.745s] Level 1:colcon.colcon_core.package_identification:_identify(src) by extension 'python_setup_py'
[0.745s] Level 1:colcon.colcon_core.package_identification:_identify(src/golftrolley) by extensions ['ignore', 'ignore_ament_install']
[0.746s] Level 1:colcon.colcon_core.package_identification:_identify(src/golftrolley) by extension 'ignore'
[0.746s] Level 1:colcon.colcon_core.package_identification:_identify(src/golftrolley) by extension 'ignore_ament_install'
[0.746s] Level 1:colcon.colcon_core.package_identification:_identify(src/golftrolley) by extensions ['colcon_pkg']
[0.746s] Level 1:colcon.colcon_core.package_identification:_identify(src/golftrolley) by extension 'colcon_pkg'
[0.747s] Level 1:colcon.colcon_core.package_identification:_identify(src/golftrolley) by extensions ['colcon_meta']
[0.747s] Level 1:colcon.colcon_core.package_identification:_identify(src/golftrolley) by extension 'colcon_meta'
[0.747s] Level 1:colcon.colcon_core.package_identification:_identify(src/golftrolley) by extensions ['ros']
[0.747s] Level 1:colcon.colcon_core.package_identification:_identify(src/golftrolley) by extension 'ros'
[0.755s] DEBUG:colcon.colcon_core.package_identification:Package 'src/golftrolley' with type 'ros.ament_python' and name 'golftrolley'
[0.756s] Level 1:colcon.colcon_core.package_identification:_identify(src/stereo_camera_split) by extensions ['ignore', 'ignore_ament_install']
[0.756s] Level 1:colcon.colcon_core.package_identification:_identify(src/stereo_camera_split) by extension 'ignore'
[0.757s] Level 1:colcon.colcon_core.package_identification:_identify(src/stereo_camera_split) by extension 'ignore_ament_install'
[0.757s] Level 1:colcon.colcon_core.package_identification:_identify(src/stereo_camera_split) by extensions ['colcon_pkg']
[0.757s] Level 1:colcon.colcon_core.package_identification:_identify(src/stereo_camera_split) by extension 'colcon_pkg'
[0.758s] Level 1:colcon.colcon_core.package_identification:_identify(src/stereo_camera_split) by extensions ['colcon_meta']
[0.758s] Level 1:colcon.colcon_core.package_identification:_identify(src/stereo_camera_split) by extension 'colcon_meta'
[0.758s] Level 1:colcon.colcon_core.package_identification:_identify(src/stereo_camera_split) by extensions ['ros']
[0.758s] Level 1:colcon.colcon_core.package_identification:_identify(src/stereo_camera_split) by extension 'ros'
[0.761s] DEBUG:colcon.colcon_core.package_identification:Package 'src/stereo_camera_split' with type 'ros.ament_python' and name 'stereo_camera_split'
[0.762s] Level 1:colcon.colcon_core.package_identification:_identify(src/ydlidar_ros2_driver) by extensions ['ignore', 'ignore_ament_install']
[0.762s] Level 1:colcon.colcon_core.package_identification:_identify(src/ydlidar_ros2_driver) by extension 'ignore'
[0.763s] Level 1:colcon.colcon_core.package_identification:_identify(src/ydlidar_ros2_driver) by extension 'ignore_ament_install'
[0.763s] Level 1:colcon.colcon_core.package_identification:_identify(src/ydlidar_ros2_driver) by extensions ['colcon_pkg']
[0.763s] Level 1:colcon.colcon_core.package_identification:_identify(src/ydlidar_ros2_driver) by extension 'colcon_pkg'
[0.763s] Level 1:colcon.colcon_core.package_identification:_identify(src/ydlidar_ros2_driver) by extensions ['colcon_meta']
[0.763s] Level 1:colcon.colcon_core.package_identification:_identify(src/ydlidar_ros2_driver) by extension 'colcon_meta'
[0.764s] Level 1:colcon.colcon_core.package_identification:_identify(src/ydlidar_ros2_driver) by extensions ['ros']
[0.764s] Level 1:colcon.colcon_core.package_identification:_identify(src/ydlidar_ros2_driver) by extension 'ros'
[0.766s] DEBUG:colcon.colcon_core.package_identification:Package 'src/ydlidar_ros2_driver' with type 'ros.ament_cmake' and name 'ydlidar_ros2_driver'
[0.767s] Level 1:colcon.colcon_core.package_identification:_identify(src/ydlidar_sdk) by extensions ['ignore', 'ignore_ament_install']
[0.767s] Level 1:colcon.colcon_core.package_identification:_identify(src/ydlidar_sdk) by extension 'ignore'
[0.767s] Level 1:colcon.colcon_core.package_identification:_identify(src/ydlidar_sdk) by extension 'ignore_ament_install'
[0.768s] Level 1:colcon.colcon_core.package_identification:_identify(src/ydlidar_sdk) by extensions ['colcon_pkg']
[0.768s] Level 1:colcon.colcon_core.package_identification:_identify(src/ydlidar_sdk) by extension 'colcon_pkg'
[0.768s] Level 1:colcon.colcon_core.package_identification:_identify(src/ydlidar_sdk) by extensions ['colcon_meta']
[0.768s] Level 1:colcon.colcon_core.package_identification:_identify(src/ydlidar_sdk) by extension 'colcon_meta'
[0.768s] Level 1:colcon.colcon_core.package_identification:_identify(src/ydlidar_sdk) by extensions ['ros']
[0.768s] Level 1:colcon.colcon_core.package_identification:_identify(src/ydlidar_sdk) by extension 'ros'
[0.769s] Level 1:colcon.colcon_core.package_identification:_identify(src/ydlidar_sdk) by extensions ['cmake', 'python']
[0.769s] Level 1:colcon.colcon_core.package_identification:_identify(src/ydlidar_sdk) by extension 'cmake'
[0.794s] Level 1:colcon.colcon_core.package_identification:_identify(src/ydlidar_sdk) by extension 'python'
[0.795s] DEBUG:colcon.colcon_core.package_identification:Package 'src/ydlidar_sdk' with type 'cmake' and name 'ydlidar_sdk'
[0.795s] Level 1:colcon.colcon_core.package_discovery:discover_packages(recursive) using defaults
[0.795s] Level 1:colcon.colcon_core.package_discovery:discover_packages(ignore) discover
[0.796s] Level 1:colcon.colcon_core.package_discovery:discover_packages(ignore) using defaults
[0.796s] Level 1:colcon.colcon_core.package_discovery:discover_packages(path) discover
[0.796s] Level 1:colcon.colcon_core.package_discovery:discover_packages(path) using defaults
[0.866s] Level 1:colcon.colcon_core.package_discovery:discover_packages(prefix_path) check parameters
[0.867s] Level 1:colcon.colcon_core.package_discovery:discover_packages(prefix_path) discover
[0.876s] DEBUG:colcon.colcon_installed_package_information.package_discovery:Found 4 installed packages in /home/golftrolley/robot_ws/install
[0.884s] DEBUG:colcon.colcon_installed_package_information.package_discovery:Found 210 installed packages in /opt/ros/jazzy
[0.886s] Level 1:colcon.colcon_core.package_discovery:discover_packages(prefix_path) using defaults
[1.036s] Level 5:colcon.colcon_core.verb:set package 'golftrolley' build argument 'cmake_args' from command line to 'None'
[1.036s] Level 5:colcon.colcon_core.verb:set package 'golftrolley' build argument 'cmake_target' from command line to 'None'
[1.036s] Level 5:colcon.colcon_core.verb:set package 'golftrolley' build argument 'cmake_target_skip_unavailable' from command line to 'False'
[1.036s] Level 5:colcon.colcon_core.verb:set package 'golftrolley' build argument 'cmake_clean_cache' from command line to 'False'
[1.036s] Level 5:colcon.colcon_core.verb:set package 'golftrolley' build argument 'cmake_clean_first' from command line to 'False'
[1.037s] Level 5:colcon.colcon_core.verb:set package 'golftrolley' build argument 'cmake_force_configure' from command line to 'False'
[1.037s] Level 5:colcon.colcon_core.verb:set package 'golftrolley' build argument 'ament_cmake_args' from command line to 'None'
[1.037s] Level 5:colcon.colcon_core.verb:set package 'golftrolley' build argument 'catkin_cmake_args' from command line to 'None'
[1.037s] Level 5:colcon.colcon_core.verb:set package 'golftrolley' build argument 'catkin_skip_building_tests' from command line to 'False'
[1.037s] DEBUG:colcon.colcon_core.verb:Building package 'golftrolley' with the following arguments: {'ament_cmake_args': None, 'build_base': '/home/golftrolley/robot_ws/build/golftrolley', 'catkin_cmake_args': None, 'catkin_skip_building_tests': False, 'cmake_args': None, 'cmake_clean_cache': False, 'cmake_clean_first': False, 'cmake_force_configure': False, 'cmake_target': None, 'cmake_target_skip_unavailable': False, 'install_base': '/home/golftrolley/robot_ws/install/golftrolley', 'merge_install': False, 'path': '/home/golftrolley/robot_ws/src/golftrolley', 'symlink_install': False, 'test_result_base': None}
[1.038s] Level 5:colcon.colcon_core.verb:set package 'stereo_camera_split' build argument 'cmake_args' from command line to 'None'
[1.039s] Level 5:colcon.colcon_core.verb:set package 'stereo_camera_split' build argument 'cmake_target' from command line to 'None'
[1.039s] Level 5:colcon.colcon_core.verb:set package 'stereo_camera_split' build argument 'cmake_target_skip_unavailable' from command line to 'False'
[1.039s] Level 5:colcon.colcon_core.verb:set package 'stereo_camera_split' build argument 'cmake_clean_cache' from command line to 'False'
[1.039s] Level 5:colcon.colcon_core.verb:set package 'stereo_camera_split' build argument 'cmake_clean_first' from command line to 'False'
[1.039s] Level 5:colcon.colcon_core.verb:set package 'stereo_camera_split' build argument 'cmake_force_configure' from command line to 'False'
[1.040s] Level 5:colcon.colcon_core.verb:set package 'stereo_camera_split' build argument 'ament_cmake_args' from command line to 'None'
[1.040s] Level 5:colcon.colcon_core.verb:set package 'stereo_camera_split' build argument 'catkin_cmake_args' from command line to 'None'
[1.040s] Level 5:colcon.colcon_core.verb:set package 'stereo_camera_split' build argument 'catkin_skip_building_tests' from command line to 'False'
[1.040s] DEBUG:colcon.colcon_core.verb:Building package 'stereo_camera_split' with the following arguments: {'ament_cmake_args': None, 'build_base': '/home/golftrolley/robot_ws/build/stereo_camera_split', 'catkin_cmake_args': None, 'catkin_skip_building_tests': False, 'cmake_args': None, 'cmake_clean_cache': False, 'cmake_clean_first': False, 'cmake_force_configure': False, 'cmake_target': None, 'cmake_target_skip_unavailable': False, 'install_base': '/home/golftrolley/robot_ws/install/stereo_camera_split', 'merge_install': False, 'path': '/home/golftrolley/robot_ws/src/stereo_camera_split', 'symlink_install': False, 'test_result_base': None}
[1.041s] Level 5:colcon.colcon_core.verb:set package 'ydlidar_ros2_driver' build argument 'cmake_args' from command line to 'None'
[1.042s] Level 5:colcon.colcon_core.verb:set package 'ydlidar_ros2_driver' build argument 'cmake_target' from command line to 'None'
[1.042s] Level 5:colcon.colcon_core.verb:set package 'ydlidar_ros2_driver' build argument 'cmake_target_skip_unavailable' from command line to 'False'
[1.042s] Level 5:colcon.colcon_core.verb:set package 'ydlidar_ros2_driver' build argument 'cmake_clean_cache' from command line to 'False'
[1.042s] Level 5:colcon.colcon_core.verb:set package 'ydlidar_ros2_driver' build argument 'cmake_clean_first' from command line to 'False'
[1.042s] Level 5:colcon.colcon_core.verb:set package 'ydlidar_ros2_driver' build argument 'cmake_force_configure' from command line to 'False'
[1.042s] Level 5:colcon.colcon_core.verb:set package 'ydlidar_ros2_driver' build argument 'ament_cmake_args' from command line to 'None'
[1.042s] Level 5:colcon.colcon_core.verb:set package 'ydlidar_ros2_driver' build argument 'catkin_cmake_args' from command line to 'None'
[1.042s] Level 5:colcon.colcon_core.verb:set package 'ydlidar_ros2_driver' build argument 'catkin_skip_building_tests' from command line to 'False'
[1.042s] DEBUG:colcon.colcon_core.verb:Building package 'ydlidar_ros2_driver' with the following arguments: {'ament_cmake_args': None, 'build_base': '/home/golftrolley/robot_ws/build/ydlidar_ros2_driver', 'catkin_cmake_args': None, 'catkin_skip_building_tests': False, 'cmake_args': None, 'cmake_clean_cache': False, 'cmake_clean_first': False, 'cmake_force_configure': False, 'cmake_target': None, 'cmake_target_skip_unavailable': False, 'install_base': '/home/golftrolley/robot_ws/install/ydlidar_ros2_driver', 'merge_install': False, 'path': '/home/golftrolley/robot_ws/src/ydlidar_ros2_driver', 'symlink_install': False, 'test_result_base': None}
[1.044s] Level 5:colcon.colcon_core.verb:set package 'ydlidar_sdk' build argument 'cmake_args' from command line to 'None'
[1.044s] Level 5:colcon.colcon_core.verb:set package 'ydlidar_sdk' build argument 'cmake_target' from command line to 'None'
[1.044s] Level 5:colcon.colcon_core.verb:set package 'ydlidar_sdk' build argument 'cmake_target_skip_unavailable' from command line to 'False'
[1.044s] Level 5:colcon.colcon_core.verb:set package 'ydlidar_sdk' build argument 'cmake_clean_cache' from command line to 'False'
[1.044s] Level 5:colcon.colcon_core.verb:set package 'ydlidar_sdk' build argument 'cmake_clean_first' from command line to 'False'
[1.044s] Level 5:colcon.colcon_core.verb:set package 'ydlidar_sdk' build argument 'cmake_force_configure' from command line to 'False'
[1.045s] Level 5:colcon.colcon_core.verb:set package 'ydlidar_sdk' build argument 'ament_cmake_args' from command line to 'None'
[1.045s] Level 5:colcon.colcon_core.verb:set package 'ydlidar_sdk' build argument 'catkin_cmake_args' from command line to 'None'
[1.045s] Level 5:colcon.colcon_core.verb:set package 'ydlidar_sdk' build argument 'catkin_skip_building_tests' from command line to 'False'
[1.045s] DEBUG:colcon.colcon_core.verb:Building package 'ydlidar_sdk' with the following arguments: {'ament_cmake_args': None, 'build_base': '/home/golftrolley/robot_ws/build/ydlidar_sdk', 'catkin_cmake_args': None, 'catkin_skip_building_tests': False, 'cmake_args': None, 'cmake_clean_cache': False, 'cmake_clean_first': False, 'cmake_force_configure': False, 'cmake_target': None, 'cmake_target_skip_unavailable': False, 'install_base': '/home/golftrolley/robot_ws/install/ydlidar_sdk', 'merge_install': False, 'path': '/home/golftrolley/robot_ws/src/ydlidar_sdk', 'symlink_install': False, 'test_result_base': None}
[1.046s] INFO:colcon.colcon_core.executor:Executing jobs using 'parallel' executor
[1.049s] DEBUG:colcon.colcon_parallel_executor.executor.parallel:run_until_complete
[1.050s] INFO:colcon.colcon_ros.task.ament_python.build:Building ROS package in '/home/golftrolley/robot_ws/src/golftrolley' with build type 'ament_python'
[1.052s] Level 1:colcon.colcon_core.shell:create_environment_hook('golftrolley', 'ament_prefix_path')
[1.061s] INFO:colcon.colcon_core.plugin_system:Skipping extension 'colcon_core.shell.bat': Not used on non-Windows systems
[1.063s] INFO:colcon.colcon_core.shell:Creating environment hook '/home/golftrolley/robot_ws/install/golftrolley/share/golftrolley/hook/ament_prefix_path.ps1'
[1.066s] INFO:colcon.colcon_core.shell:Creating environment descriptor '/home/golftrolley/robot_ws/install/golftrolley/share/golftrolley/hook/ament_prefix_path.dsv'
[1.068s] INFO:colcon.colcon_core.shell:Creating environment hook '/home/golftrolley/robot_ws/install/golftrolley/share/golftrolley/hook/ament_prefix_path.sh'
[1.072s] INFO:colcon.colcon_core.shell:Skip shell extension 'powershell' for command environment: Not usable outside of PowerShell
[1.072s] DEBUG:colcon.colcon_core.shell:Skip shell extension 'dsv' for command environment
[1.089s] INFO:colcon.colcon_ros.task.ament_python.build:Building ROS package in '/home/golftrolley/robot_ws/src/stereo_camera_split' with build type 'ament_python'
[1.089s] Level 1:colcon.colcon_core.shell:create_environment_hook('stereo_camera_split', 'ament_prefix_path')
[1.090s] INFO:colcon.colcon_core.shell:Creating environment hook '/home/golftrolley/robot_ws/install/stereo_camera_split/share/stereo_camera_split/hook/ament_prefix_path.ps1'
[1.093s] INFO:colcon.colcon_core.shell:Creating environment descriptor '/home/golftrolley/robot_ws/install/stereo_camera_split/share/stereo_camera_split/hook/ament_prefix_path.dsv'
[1.095s] INFO:colcon.colcon_core.shell:Creating environment hook '/home/golftrolley/robot_ws/install/stereo_camera_split/share/stereo_camera_split/hook/ament_prefix_path.sh'
[1.098s] INFO:colcon.colcon_core.shell:Skip shell extension 'powershell' for command environment: Not usable outside of PowerShell
[1.098s] DEBUG:colcon.colcon_core.shell:Skip shell extension 'dsv' for command environment
[1.115s] INFO:colcon.colcon_ros.task.ament_cmake.build:Building ROS package in '/home/golftrolley/robot_ws/src/ydlidar_ros2_driver' with build type 'ament_cmake'
[1.116s] INFO:colcon.colcon_cmake.task.cmake.build:Building CMake package in '/home/golftrolley/robot_ws/src/ydlidar_ros2_driver'
[1.117s] INFO:colcon.colcon_core.shell:Skip shell extension 'powershell' for command environment: Not usable outside of PowerShell
[1.117s] DEBUG:colcon.colcon_core.shell:Skip shell extension 'dsv' for command environment
[1.134s] INFO:colcon.colcon_cmake.task.cmake.build:Building CMake package in '/home/golftrolley/robot_ws/src/ydlidar_sdk'
[1.136s] INFO:colcon.colcon_core.shell:Skip shell extension 'powershell' for command environment: Not usable outside of PowerShell
[1.136s] DEBUG:colcon.colcon_core.shell:Skip shell extension 'dsv' for command environment
[2.067s] INFO:colcon.colcon_core.task.python.build:Building Python package in '/home/golftrolley/robot_ws/src/golftrolley'
[2.068s] INFO:colcon.colcon_core.shell:Skip shell extension 'powershell' for command environment: Not usable outside of PowerShell
[2.068s] DEBUG:colcon.colcon_core.shell:Skip shell extension 'dsv' for command environment
[2.981s] INFO:colcon.colcon_core.task.python.build:Building Python package in '/home/golftrolley/robot_ws/src/stereo_camera_split'
[2.982s] INFO:colcon.colcon_core.shell:Skip shell extension 'powershell' for command environment: Not usable outside of PowerShell
[2.982s] DEBUG:colcon.colcon_core.shell:Skip shell extension 'dsv' for command environment
[3.012s] DEBUG:colcon.colcon_core.event_handler.log_command:Invoking command in '/home/golftrolley/robot_ws/build/ydlidar_ros2_driver': CMAKE_PREFIX_PATH=${CMAKE_PREFIX_PATH}:/home/golftrolley/robot_ws/install/stereo_camera_split:/home/golftrolley/robot_ws/install/golftrolley:/opt/ros/jazzy /usr/bin/cmake --build /home/golftrolley/robot_ws/build/ydlidar_ros2_driver -- -j4 -l4
[3.040s] DEBUG:colcon.colcon_core.event_handler.log_command:Invoking command in '/home/golftrolley/robot_ws/build/ydlidar_sdk': /usr/bin/cmake --build /home/golftrolley/robot_ws/build/ydlidar_sdk -- -j4 -l4
[3.594s] DEBUG:colcon.colcon_core.event_handler.log_command:Invoked command in '/home/golftrolley/robot_ws/build/ydlidar_ros2_driver' returned '0': CMAKE_PREFIX_PATH=${CMAKE_PREFIX_PATH}:/home/golftrolley/robot_ws/install/stereo_camera_split:/home/golftrolley/robot_ws/install/golftrolley:/opt/ros/jazzy /usr/bin/cmake --build /home/golftrolley/robot_ws/build/ydlidar_ros2_driver -- -j4 -l4
[3.713s] DEBUG:colcon.colcon_core.event_handler.log_command:Invoking command in '/home/golftrolley/robot_ws/build/ydlidar_ros2_driver': CMAKE_PREFIX_PATH=${CMAKE_PREFIX_PATH}:/home/golftrolley/robot_ws/install/stereo_camera_split:/home/golftrolley/robot_ws/install/golftrolley:/opt/ros/jazzy /usr/bin/cmake --install /home/golftrolley/robot_ws/build/ydlidar_ros2_driver
[3.941s] Level 1:colcon.colcon_core.environment:create_environment_scripts_only(ydlidar_ros2_driver)
[3.965s] DEBUG:colcon.colcon_core.event_handler.log_command:Invoked command in '/home/golftrolley/robot_ws/build/ydlidar_ros2_driver' returned '0': CMAKE_PREFIX_PATH=${CMAKE_PREFIX_PATH}:/home/golftrolley/robot_ws/install/stereo_camera_split:/home/golftrolley/robot_ws/install/golftrolley:/opt/ros/jazzy /usr/bin/cmake --install /home/golftrolley/robot_ws/build/ydlidar_ros2_driver
[3.989s] Level 1:colcon.colcon_core.environment:checking '/home/golftrolley/robot_ws/install/ydlidar_ros2_driver' for CMake module files
[3.994s] Level 1:colcon.colcon_core.environment:checking '/home/golftrolley/robot_ws/install/ydlidar_ros2_driver' for CMake config files
[3.997s] Level 1:colcon.colcon_core.shell:create_environment_hook('ydlidar_ros2_driver', 'cmake_prefix_path')
[4.000s] INFO:colcon.colcon_core.shell:Creating environment hook '/home/golftrolley/robot_ws/install/ydlidar_ros2_driver/share/ydlidar_ros2_driver/hook/cmake_prefix_path.ps1'
[4.007s] INFO:colcon.colcon_core.shell:Creating environment descriptor '/home/golftrolley/robot_ws/install/ydlidar_ros2_driver/share/ydlidar_ros2_driver/hook/cmake_prefix_path.dsv'
[4.012s] INFO:colcon.colcon_core.shell:Creating environment hook '/home/golftrolley/robot_ws/install/ydlidar_ros2_driver/share/ydlidar_ros2_driver/hook/cmake_prefix_path.sh'
[4.021s] Level 1:colcon.colcon_core.environment:checking '/home/golftrolley/robot_ws/install/ydlidar_ros2_driver/lib'
[4.023s] Level 1:colcon.colcon_core.environment:checking '/home/golftrolley/robot_ws/install/ydlidar_ros2_driver/bin'
[4.026s] Level 1:colcon.colcon_core.environment:checking '/home/golftrolley/robot_ws/install/ydlidar_ros2_driver/lib/pkgconfig/ydlidar_ros2_driver.pc'
[4.027s] Level 1:colcon.colcon_core.environment:checking '/home/golftrolley/robot_ws/install/ydlidar_ros2_driver/lib/python3.12/site-packages'
[4.029s] Level 1:colcon.colcon_core.environment:checking '/home/golftrolley/robot_ws/install/ydlidar_ros2_driver/bin'
[4.031s] INFO:colcon.colcon_core.shell:Creating package script '/home/golftrolley/robot_ws/install/ydlidar_ros2_driver/share/ydlidar_ros2_driver/package.ps1'
[4.037s] INFO:colcon.colcon_core.shell:Creating package descriptor '/home/golftrolley/robot_ws/install/ydlidar_ros2_driver/share/ydlidar_ros2_driver/package.dsv'
[4.041s] INFO:colcon.colcon_core.shell:Creating package script '/home/golftrolley/robot_ws/install/ydlidar_ros2_driver/share/ydlidar_ros2_driver/package.sh'
[4.046s] INFO:colcon.colcon_core.shell:Creating package script '/home/golftrolley/robot_ws/install/ydlidar_ros2_driver/share/ydlidar_ros2_driver/package.bash'
[4.059s] INFO:colcon.colcon_core.shell:Creating package script '/home/golftrolley/robot_ws/install/ydlidar_ros2_driver/share/ydlidar_ros2_driver/package.zsh'
[4.066s] Level 1:colcon.colcon_core.environment:create_file_with_runtime_dependencies(/home/golftrolley/robot_ws/install/ydlidar_ros2_driver/share/colcon-core/packages/ydlidar_ros2_driver)
[4.076s] Level 1:colcon.colcon_core.environment:create_environment_scripts_only(ydlidar_ros2_driver)
[4.081s] Level 1:colcon.colcon_core.environment:checking '/home/golftrolley/robot_ws/install/ydlidar_ros2_driver' for CMake module files
[4.089s] Level 1:colcon.colcon_core.environment:checking '/home/golftrolley/robot_ws/install/ydlidar_ros2_driver' for CMake config files
[4.095s] Level 1:colcon.colcon_core.shell:create_environment_hook('ydlidar_ros2_driver', 'cmake_prefix_path')
[4.100s] INFO:colcon.colcon_core.shell:Creating environment hook '/home/golftrolley/robot_ws/install/ydlidar_ros2_driver/share/ydlidar_ros2_driver/hook/cmake_prefix_path.ps1'
[4.107s] INFO:colcon.colcon_core.shell:Creating environment descriptor '/home/golftrolley/robot_ws/install/ydlidar_ros2_driver/share/ydlidar_ros2_driver/hook/cmake_prefix_path.dsv'
[4.113s] INFO:colcon.colcon_core.shell:Creating environment hook '/home/golftrolley/robot_ws/install/ydlidar_ros2_driver/share/ydlidar_ros2_driver/hook/cmake_prefix_path.sh'
[4.121s] Level 1:colcon.colcon_core.environment:checking '/home/golftrolley/robot_ws/install/ydlidar_ros2_driver/lib'
[4.122s] Level 1:colcon.colcon_core.environment:checking '/home/golftrolley/robot_ws/install/ydlidar_ros2_driver/bin'
[4.123s] Level 1:colcon.colcon_core.environment:checking '/home/golftrolley/robot_ws/install/ydlidar_ros2_driver/lib/pkgconfig/ydlidar_ros2_driver.pc'
[4.125s] Level 1:colcon.colcon_core.environment:checking '/home/golftrolley/robot_ws/install/ydlidar_ros2_driver/lib/python3.12/site-packages'
[4.126s] Level 1:colcon.colcon_core.environment:checking '/home/golftrolley/robot_ws/install/ydlidar_ros2_driver/bin'
[4.131s] INFO:colcon.colcon_core.shell:Creating package script '/home/golftrolley/robot_ws/install/ydlidar_ros2_driver/share/ydlidar_ros2_driver/package.ps1'
[4.134s] INFO:colcon.colcon_core.shell:Creating package descriptor '/home/golftrolley/robot_ws/install/ydlidar_ros2_driver/share/ydlidar_ros2_driver/package.dsv'
[4.142s] INFO:colcon.colcon_core.shell:Creating package script '/home/golftrolley/robot_ws/install/ydlidar_ros2_driver/share/ydlidar_ros2_driver/package.sh'
[4.150s] INFO:colcon.colcon_core.shell:Creating package script '/home/golftrolley/robot_ws/install/ydlidar_ros2_driver/share/ydlidar_ros2_driver/package.bash'
[4.155s] INFO:colcon.colcon_core.shell:Creating package script '/home/golftrolley/robot_ws/install/ydlidar_ros2_driver/share/ydlidar_ros2_driver/package.zsh'
[4.163s] Level 1:colcon.colcon_core.environment:create_file_with_runtime_dependencies(/home/golftrolley/robot_ws/install/ydlidar_ros2_driver/share/colcon-core/packages/ydlidar_ros2_driver)
[4.721s] DEBUG:colcon.colcon_core.event_handler.log_command:Invoked command in '/home/golftrolley/robot_ws/build/ydlidar_sdk' returned '0': /usr/bin/cmake --build /home/golftrolley/robot_ws/build/ydlidar_sdk -- -j4 -l4
[4.728s] DEBUG:colcon.colcon_core.event_handler.log_command:Invoking command in '/home/golftrolley/robot_ws/build/ydlidar_sdk': /usr/bin/cmake --install /home/golftrolley/robot_ws/build/ydlidar_sdk
[4.876s] Level 1:colcon.colcon_core.environment:create_environment_scripts_only(ydlidar_sdk)
[4.884s] Level 1:colcon.colcon_core.environment:checking '/home/golftrolley/robot_ws/install/ydlidar_sdk' for CMake module files
[4.894s] Level 1:colcon.colcon_core.environment:checking '/home/golftrolley/robot_ws/install/ydlidar_sdk' for CMake config files
[4.898s] Level 1:colcon.colcon_core.shell:create_environment_hook('ydlidar_sdk', 'cmake_prefix_path')
[4.899s] INFO:colcon.colcon_core.shell:Creating environment hook '/home/golftrolley/robot_ws/install/ydlidar_sdk/share/ydlidar_sdk/hook/cmake_prefix_path.ps1'
[4.907s] INFO:colcon.colcon_core.shell:Creating environment descriptor '/home/golftrolley/robot_ws/install/ydlidar_sdk/share/ydlidar_sdk/hook/cmake_prefix_path.dsv'
[4.909s] INFO:colcon.colcon_core.shell:Creating environment hook '/home/golftrolley/robot_ws/install/ydlidar_sdk/share/ydlidar_sdk/hook/cmake_prefix_path.sh'
[4.921s] Level 1:colcon.colcon_core.environment:checking '/home/golftrolley/robot_ws/install/ydlidar_sdk/lib'
[4.921s] Level 1:colcon.colcon_core.environment:checking '/home/golftrolley/robot_ws/install/ydlidar_sdk/bin'
[4.922s] Level 1:colcon.colcon_core.shell:create_environment_hook('ydlidar_sdk', 'path')
[4.923s] INFO:colcon.colcon_core.shell:Creating environment hook '/home/golftrolley/robot_ws/install/ydlidar_sdk/share/ydlidar_sdk/hook/path.ps1'
[4.932s] INFO:colcon.colcon_core.shell:Creating environment descriptor '/home/golftrolley/robot_ws/install/ydlidar_sdk/share/ydlidar_sdk/hook/path.dsv'
[4.934s] INFO:colcon.colcon_core.shell:Creating environment hook '/home/golftrolley/robot_ws/install/ydlidar_sdk/share/ydlidar_sdk/hook/path.sh'
[4.939s] Level 1:colcon.colcon_core.environment:checking '/home/golftrolley/robot_ws/install/ydlidar_sdk/lib/pkgconfig/ydlidar_sdk.pc'
[4.940s] Level 1:colcon.colcon_core.environment:checking '/home/golftrolley/robot_ws/install/ydlidar_sdk/lib/python3.12/site-packages'
[4.942s] Level 1:colcon.colcon_core.environment:checking '/home/golftrolley/robot_ws/install/ydlidar_sdk/bin'
[4.946s] Level 1:colcon.colcon_core.shell:create_environment_hook('ydlidar_sdk', 'pythonscriptspath')
[4.947s] INFO:colcon.colcon_core.shell:Creating environment hook '/home/golftrolley/robot_ws/install/ydlidar_sdk/share/ydlidar_sdk/hook/pythonscriptspath.ps1'
[4.955s] INFO:colcon.colcon_core.shell:Creating environment descriptor '/home/golftrolley/robot_ws/install/ydlidar_sdk/share/ydlidar_sdk/hook/pythonscriptspath.dsv'
[4.960s] INFO:colcon.colcon_core.shell:Creating environment hook '/home/golftrolley/robot_ws/install/ydlidar_sdk/share/ydlidar_sdk/hook/pythonscriptspath.sh'
[4.964s] INFO:colcon.colcon_core.shell:Creating package script '/home/golftrolley/robot_ws/install/ydlidar_sdk/share/ydlidar_sdk/package.ps1'
[4.970s] INFO:colcon.colcon_core.shell:Creating package descriptor '/home/golftrolley/robot_ws/install/ydlidar_sdk/share/ydlidar_sdk/package.dsv'
[4.977s] INFO:colcon.colcon_core.shell:Creating package script '/home/golftrolley/robot_ws/install/ydlidar_sdk/share/ydlidar_sdk/package.sh'
[4.981s] INFO:colcon.colcon_core.shell:Creating package script '/home/golftrolley/robot_ws/install/ydlidar_sdk/share/ydlidar_sdk/package.bash'
[4.988s] INFO:colcon.colcon_core.shell:Creating package script '/home/golftrolley/robot_ws/install/ydlidar_sdk/share/ydlidar_sdk/package.zsh'
[4.993s] Level 1:colcon.colcon_core.environment:create_file_with_runtime_dependencies(/home/golftrolley/robot_ws/install/ydlidar_sdk/share/colcon-core/packages/ydlidar_sdk)
[4.998s] DEBUG:colcon.colcon_core.event_handler.log_command:Invoked command in '/home/golftrolley/robot_ws/build/ydlidar_sdk' returned '0': /usr/bin/cmake --install /home/golftrolley/robot_ws/build/ydlidar_sdk
[6.620s] DEBUG:colcon.colcon_core.event_handler.log_command:Invoking command in '/home/golftrolley/robot_ws/src/golftrolley': PYTHONPATH=/home/golftrolley/robot_ws/build/golftrolley/prefix_override:/usr/lib/python3/dist-packages/colcon_core/task/python/colcon_distutils_commands:/home/golftrolley/robot_ws/install/golftrolley/lib/python3.12/site-packages:${PYTHONPATH} /usr/bin/python3 -W ignore:setup.py install is deprecated -W ignore:easy_install command is deprecated setup.py egg_info --egg-base ../../build/golftrolley build --build-base /home/golftrolley/robot_ws/build/golftrolley/build install --record /home/golftrolley/robot_ws/build/golftrolley/install.log --single-version-externally-managed install_data
[6.633s] DEBUG:colcon.colcon_core.event_handler.log_command:Invoking command in '/home/golftrolley/robot_ws/src/stereo_camera_split': PYTHONPATH=/home/golftrolley/robot_ws/build/stereo_camera_split/prefix_override:/usr/lib/python3/dist-packages/colcon_core/task/python/colcon_distutils_commands:/home/golftrolley/robot_ws/install/stereo_camera_split/lib/python3.12/site-packages:${PYTHONPATH} /usr/bin/python3 -W ignore:setup.py install is deprecated -W ignore:easy_install command is deprecated setup.py egg_info --egg-base ../../build/stereo_camera_split build --build-base /home/golftrolley/robot_ws/build/stereo_camera_split/build install --record /home/golftrolley/robot_ws/build/stereo_camera_split/install.log --single-version-externally-managed install_data
[9.153s] Level 1:colcon.colcon_core.environment:checking '/home/golftrolley/robot_ws/install/golftrolley' for CMake module files
[9.156s] DEBUG:colcon.colcon_core.event_handler.log_command:Invoked command in '/home/golftrolley/robot_ws/src/golftrolley' returned '0': PYTHONPATH=/home/golftrolley/robot_ws/build/golftrolley/prefix_override:/usr/lib/python3/dist-packages/colcon_core/task/python/colcon_distutils_commands:/home/golftrolley/robot_ws/install/golftrolley/lib/python3.12/site-packages:${PYTHONPATH} /usr/bin/python3 -W ignore:setup.py install is deprecated -W ignore:easy_install command is deprecated setup.py egg_info --egg-base ../../build/golftrolley build --build-base /home/golftrolley/robot_ws/build/golftrolley/build install --record /home/golftrolley/robot_ws/build/golftrolley/install.log --single-version-externally-managed install_data
[9.159s] Level 1:colcon.colcon_core.environment:checking '/home/golftrolley/robot_ws/install/golftrolley' for CMake config files
[9.164s] Level 1:colcon.colcon_core.environment:checking '/home/golftrolley/robot_ws/install/golftrolley/lib'
[9.165s] Level 1:colcon.colcon_core.environment:checking '/home/golftrolley/robot_ws/install/golftrolley/bin'
[9.166s] Level 1:colcon.colcon_core.environment:checking '/home/golftrolley/robot_ws/install/golftrolley/lib/pkgconfig/golftrolley.pc'
[9.167s] Level 1:colcon.colcon_core.environment:checking '/home/golftrolley/robot_ws/install/golftrolley/lib/python3.12/site-packages'
[9.168s] Level 1:colcon.colcon_core.shell:create_environment_hook('golftrolley', 'pythonpath')
[9.169s] INFO:colcon.colcon_core.shell:Creating environment hook '/home/golftrolley/robot_ws/install/golftrolley/share/golftrolley/hook/pythonpath.ps1'
[9.172s] INFO:colcon.colcon_core.shell:Creating environment descriptor '/home/golftrolley/robot_ws/install/golftrolley/share/golftrolley/hook/pythonpath.dsv'
[9.174s] INFO:colcon.colcon_core.shell:Creating environment hook '/home/golftrolley/robot_ws/install/golftrolley/share/golftrolley/hook/pythonpath.sh'
[9.177s] Level 1:colcon.colcon_core.environment:checking '/home/golftrolley/robot_ws/install/golftrolley/bin'
[9.177s] Level 1:colcon.colcon_core.environment:create_environment_scripts_only(golftrolley)
[9.178s] INFO:colcon.colcon_core.shell:Creating package script '/home/golftrolley/robot_ws/install/golftrolley/share/golftrolley/package.ps1'
[9.180s] INFO:colcon.colcon_core.shell:Creating package descriptor '/home/golftrolley/robot_ws/install/golftrolley/share/golftrolley/package.dsv'
[9.182s] INFO:colcon.colcon_core.shell:Creating package script '/home/golftrolley/robot_ws/install/golftrolley/share/golftrolley/package.sh'
[9.185s] INFO:colcon.colcon_core.shell:Creating package script '/home/golftrolley/robot_ws/install/golftrolley/share/golftrolley/package.bash'
[9.186s] INFO:colcon.colcon_core.shell:Creating package script '/home/golftrolley/robot_ws/install/golftrolley/share/golftrolley/package.zsh'
[9.188s] Level 1:colcon.colcon_core.environment:create_file_with_runtime_dependencies(/home/golftrolley/robot_ws/install/golftrolley/share/colcon-core/packages/golftrolley)
[9.192s] Level 1:colcon.colcon_core.environment:checking '/home/golftrolley/robot_ws/install/stereo_camera_split' for CMake module files
[9.195s] DEBUG:colcon.colcon_core.event_handler.log_command:Invoked command in '/home/golftrolley/robot_ws/src/stereo_camera_split' returned '0': PYTHONPATH=/home/golftrolley/robot_ws/build/stereo_camera_split/prefix_override:/usr/lib/python3/dist-packages/colcon_core/task/python/colcon_distutils_commands:/home/golftrolley/robot_ws/install/stereo_camera_split/lib/python3.12/site-packages:${PYTHONPATH} /usr/bin/python3 -W ignore:setup.py install is deprecated -W ignore:easy_install command is deprecated setup.py egg_info --egg-base ../../build/stereo_camera_split build --build-base /home/golftrolley/robot_ws/build/stereo_camera_split/build install --record /home/golftrolley/robot_ws/build/stereo_camera_split/install.log --single-version-externally-managed install_data
[9.197s] Level 1:colcon.colcon_core.environment:checking '/home/golftrolley/robot_ws/install/stereo_camera_split' for CMake config files
[9.200s] Level 1:colcon.colcon_core.environment:checking '/home/golftrolley/robot_ws/install/stereo_camera_split/lib'
[9.201s] Level 1:colcon.colcon_core.environment:checking '/home/golftrolley/robot_ws/install/stereo_camera_split/bin'
[9.201s] Level 1:colcon.colcon_core.environment:checking '/home/golftrolley/robot_ws/install/stereo_camera_split/lib/pkgconfig/stereo_camera_split.pc'
[9.202s] Level 1:colcon.colcon_core.environment:checking '/home/golftrolley/robot_ws/install/stereo_camera_split/lib/python3.12/site-packages'
[9.203s] Level 1:colcon.colcon_core.shell:create_environment_hook('stereo_camera_split', 'pythonpath')
[9.204s] INFO:colcon.colcon_core.shell:Creating environment hook '/home/golftrolley/robot_ws/install/stereo_camera_split/share/stereo_camera_split/hook/pythonpath.ps1'
[9.206s] INFO:colcon.colcon_core.shell:Creating environment descriptor '/home/golftrolley/robot_ws/install/stereo_camera_split/share/stereo_camera_split/hook/pythonpath.dsv'
[9.208s] INFO:colcon.colcon_core.shell:Creating environment hook '/home/golftrolley/robot_ws/install/stereo_camera_split/share/stereo_camera_split/hook/pythonpath.sh'
[9.211s] Level 1:colcon.colcon_core.environment:checking '/home/golftrolley/robot_ws/install/stereo_camera_split/bin'
[9.211s] Level 1:colcon.colcon_core.environment:create_environment_scripts_only(stereo_camera_split)
[9.212s] INFO:colcon.colcon_core.shell:Creating package script '/home/golftrolley/robot_ws/install/stereo_camera_split/share/stereo_camera_split/package.ps1'
[9.214s] INFO:colcon.colcon_core.shell:Creating package descriptor '/home/golftrolley/robot_ws/install/stereo_camera_split/share/stereo_camera_split/package.dsv'
[9.217s] INFO:colcon.colcon_core.shell:Creating package script '/home/golftrolley/robot_ws/install/stereo_camera_split/share/stereo_camera_split/package.sh'
[9.219s] INFO:colcon.colcon_core.shell:Creating package script '/home/golftrolley/robot_ws/install/stereo_camera_split/share/stereo_camera_split/package.bash'
[9.221s] INFO:colcon.colcon_core.shell:Creating package script '/home/golftrolley/robot_ws/install/stereo_camera_split/share/stereo_camera_split/package.zsh'
[9.222s] Level 1:colcon.colcon_core.environment:create_file_with_runtime_dependencies(/home/golftrolley/robot_ws/install/stereo_camera_split/share/colcon-core/packages/stereo_camera_split)
[9.224s] DEBUG:colcon.colcon_parallel_executor.executor.parallel:closing loop
[9.225s] DEBUG:colcon.colcon_parallel_executor.executor.parallel:loop closed
[9.226s] DEBUG:colcon.colcon_parallel_executor.executor.parallel:run_until_complete finished with '0'
[9.226s] DEBUG:colcon.colcon_core.event_reactor:joining thread
[9.248s] INFO:colcon.colcon_core.plugin_system:Skipping extension 'colcon_notification.desktop_notification.notify_send': Could not find 'notify-send'
[9.248s] INFO:colcon.colcon_core.plugin_system:Skipping extension 'colcon_notification.desktop_notification.terminal_notifier': Not used on non-Darwin systems
[9.249s] INFO:colcon.colcon_core.plugin_system:Skipping extension 'colcon_notification.desktop_notification.win32': Not used on non-Windows systems
[9.249s] INFO:colcon.colcon_notification.desktop_notification:Sending desktop notification using 'notify2'
[9.252s] DEBUG:colcon.colcon_notification.desktop_notification.notify2:Failed to initialize notify2: org.freedesktop.DBus.Error.ServiceUnknown: The name org.freedesktop.Notifications was not provided by any .service files
[9.252s] DEBUG:colcon.colcon_core.event_reactor:joined thread
[9.253s] INFO:colcon.colcon_core.shell:Creating prefix script '/home/golftrolley/robot_ws/install/local_setup.ps1'
[9.256s] INFO:colcon.colcon_core.shell:Creating prefix util module '/home/golftrolley/robot_ws/install/_local_setup_util_ps1.py'
[9.261s] INFO:colcon.colcon_core.shell:Creating prefix chain script '/home/golftrolley/robot_ws/install/setup.ps1'
[9.266s] INFO:colcon.colcon_core.shell:Creating prefix script '/home/golftrolley/robot_ws/install/local_setup.sh'
[9.269s] INFO:colcon.colcon_core.shell:Creating prefix util module '/home/golftrolley/robot_ws/install/_local_setup_util_sh.py'
[9.273s] INFO:colcon.colcon_core.shell:Creating prefix chain script '/home/golftrolley/robot_ws/install/setup.sh'
[9.278s] INFO:colcon.colcon_core.shell:Creating prefix script '/home/golftrolley/robot_ws/install/local_setup.bash'
[9.280s] INFO:colcon.colcon_core.shell:Creating prefix chain script '/home/golftrolley/robot_ws/install/setup.bash'
[9.285s] INFO:colcon.colcon_core.shell:Creating prefix script '/home/golftrolley/robot_ws/install/local_setup.zsh'
[9.287s] INFO:colcon.colcon_core.shell:Creating prefix chain script '/home/golftrolley/robot_ws/install/setup.zsh'
