[0.052s] Invoking command in '/home/golftrolley/robot_ws/build/mpu6050driver': CMAKE_PREFIX_PATH=${CMAKE_PREFIX_PATH}:/home/golftrolley/robot_ws/install/stereo_camera_split:/home/golftrolley/robot_ws/install/serial_motor_demo:/home/golftrolley/robot_ws/install/golftrolley:/opt/ros/jazzy /usr/bin/cmake /home/golftrolley/robot_ws/src/ros2_mpu6050_driver -DAMENT_CMAKE_SYMLINK_INSTALL=1 -DCMAKE_INSTALL_PREFIX=/home/golftrolley/robot_ws/install/mpu6050driver
[0.449s] -- The C compiler identification is GNU 13.3.0
[0.844s] -- The CXX compiler identification is GNU 13.3.0
[0.987s] -- Detecting C compiler ABI info
[1.897s] -- Detecting C compiler ABI info - done
[1.954s] -- Check for working C compiler: /usr/bin/cc - skipped
[1.959s] -- Detecting C compile features
[1.960s] -- Detecting C compile features - done
[2.028s] -- Detecting CXX compiler ABI info
[2.759s] -- Detecting CXX compiler ABI info - done
[2.823s] -- Check for working CXX compiler: /usr/bin/c++ - skipped
[2.826s] -- Detecting CXX compile features
[2.833s] -- Detecting CXX compile features - done
[2.868s] -- Found ament_cmake: 2.5.4 (/opt/ros/jazzy/share/ament_cmake/cmake)
[4.026s] -- Found Python3: /usr/bin/python3 (found version "3.12.3") found components: Interpreter 
[4.542s] -- Override CMake install command with custom implementation using symlinks instead of copying resources
[4.977s] -- Found rclcpp: 28.1.10 (/opt/ros/jazzy/share/rclcpp/cmake)
[5.430s] -- Found rosidl_generator_c: 4.6.5 (/opt/ros/jazzy/share/rosidl_generator_c/cmake)
[5.567s] -- Found rosidl_generator_cpp: 4.6.5 (/opt/ros/jazzy/share/rosidl_generator_cpp/cmake)
[5.728s] -- Using all available rosidl_typesupport_c: rosidl_typesupport_fastrtps_c;rosidl_typesupport_introspection_c
[5.901s] -- Using all available rosidl_typesupport_cpp: rosidl_typesupport_fastrtps_cpp;rosidl_typesupport_introspection_cpp
[6.541s] -- Found rmw_implementation_cmake: 7.3.2 (/opt/ros/jazzy/share/rmw_implementation_cmake/cmake)
[6.578s] -- Found rmw_fastrtps_cpp: 8.4.2 (/opt/ros/jazzy/share/rmw_fastrtps_cpp/cmake)
[7.242s] -- Found OpenSSL: /usr/lib/aarch64-linux-gnu/libcrypto.so (found version "3.0.13")  
[7.361s] -- Found FastRTPS: /opt/ros/jazzy/include (Required is at least version "2.13") 
[7.525s] -- Using RMW implementation 'rmw_fastrtps_cpp' as default
[8.091s] -- Found sensor_msgs: 5.3.6 (/opt/ros/jazzy/share/sensor_msgs/cmake)
[9.303s] -- Configuring done (9.2s)
[9.455s] -- Generating done (0.1s)
[9.502s] -- Build files have been written to: /home/golftrolley/robot_ws/build/mpu6050driver
[9.570s] Invoked command in '/home/golftrolley/robot_ws/build/mpu6050driver' returned '0': CMAKE_PREFIX_PATH=${CMAKE_PREFIX_PATH}:/home/golftrolley/robot_ws/install/stereo_camera_split:/home/golftrolley/robot_ws/install/serial_motor_demo:/home/golftrolley/robot_ws/install/golftrolley:/opt/ros/jazzy /usr/bin/cmake /home/golftrolley/robot_ws/src/ros2_mpu6050_driver -DAMENT_CMAKE_SYMLINK_INSTALL=1 -DCMAKE_INSTALL_PREFIX=/home/golftrolley/robot_ws/install/mpu6050driver
[9.582s] Invoking command in '/home/golftrolley/robot_ws/build/mpu6050driver': CMAKE_PREFIX_PATH=${CMAKE_PREFIX_PATH}:/home/golftrolley/robot_ws/install/stereo_camera_split:/home/golftrolley/robot_ws/install/serial_motor_demo:/home/golftrolley/robot_ws/install/golftrolley:/opt/ros/jazzy /usr/bin/cmake --build /home/golftrolley/robot_ws/build/mpu6050driver -- -j4 -l4
[10.061s] [ 33%] [32mBuilding CXX object CMakeFiles/mpu6050driver.dir/src/mpu6050driver.cpp.o[0m
[10.075s] [ 66%] [32mBuilding CXX object CMakeFiles/mpu6050driver.dir/src/mpu6050sensor.cpp.o[0m
[57.539s] [100%] [32m[1mLinking CXX executable mpu6050driver[0m
[58.919s] [100%] Built target mpu6050driver
[58.999s] Invoked command in '/home/golftrolley/robot_ws/build/mpu6050driver' returned '0': CMAKE_PREFIX_PATH=${CMAKE_PREFIX_PATH}:/home/golftrolley/robot_ws/install/stereo_camera_split:/home/golftrolley/robot_ws/install/serial_motor_demo:/home/golftrolley/robot_ws/install/golftrolley:/opt/ros/jazzy /usr/bin/cmake --build /home/golftrolley/robot_ws/build/mpu6050driver -- -j4 -l4
[59.005s] Invoking command in '/home/golftrolley/robot_ws/build/mpu6050driver': CMAKE_PREFIX_PATH=${CMAKE_PREFIX_PATH}:/home/golftrolley/robot_ws/install/stereo_camera_split:/home/golftrolley/robot_ws/install/serial_motor_demo:/home/golftrolley/robot_ws/install/golftrolley:/opt/ros/jazzy /usr/bin/cmake --install /home/golftrolley/robot_ws/build/mpu6050driver
[59.071s] -- Install configuration: ""
[59.075s] -- Execute custom install script
[59.080s] -- Symlinking: /home/golftrolley/robot_ws/install/mpu6050driver/lib/mpu6050driver/mpu6050driver
[59.156s] -- Symlinking: /home/golftrolley/robot_ws/install/mpu6050driver/share/mpu6050driver//launch/mpu6050driver_launch.py
[59.229s] -- Symlinking: /home/golftrolley/robot_ws/install/mpu6050driver/share/mpu6050driver//params/mpu6050.yaml
[59.331s] -- Symlinking: /home/golftrolley/robot_ws/install/mpu6050driver/share/ament_index/resource_index/package_run_dependencies/mpu6050driver
[59.405s] -- Symlinking: /home/golftrolley/robot_ws/install/mpu6050driver/share/ament_index/resource_index/parent_prefix_path/mpu6050driver
[59.486s] -- Symlinking: /home/golftrolley/robot_ws/install/mpu6050driver/share/mpu6050driver/environment/ament_prefix_path.sh
[59.565s] -- Symlinking: /home/golftrolley/robot_ws/install/mpu6050driver/share/mpu6050driver/environment/ament_prefix_path.dsv
[59.635s] -- Symlinking: /home/golftrolley/robot_ws/install/mpu6050driver/share/mpu6050driver/environment/path.sh
[59.707s] -- Symlinking: /home/golftrolley/robot_ws/install/mpu6050driver/share/mpu6050driver/environment/path.dsv
[59.791s] -- Symlinking: /home/golftrolley/robot_ws/install/mpu6050driver/share/mpu6050driver/local_setup.bash
[59.863s] -- Symlinking: /home/golftrolley/robot_ws/install/mpu6050driver/share/mpu6050driver/local_setup.sh
[59.941s] -- Symlinking: /home/golftrolley/robot_ws/install/mpu6050driver/share/mpu6050driver/local_setup.zsh
[60.027s] -- Symlinking: /home/golftrolley/robot_ws/install/mpu6050driver/share/mpu6050driver/local_setup.dsv
[60.088s] -- Symlinking: /home/golftrolley/robot_ws/install/mpu6050driver/share/mpu6050driver/package.dsv
[60.147s] -- Symlinking: /home/golftrolley/robot_ws/install/mpu6050driver/share/ament_index/resource_index/packages/mpu6050driver
[60.215s] -- Symlinking: /home/golftrolley/robot_ws/install/mpu6050driver/share/mpu6050driver/cmake/mpu6050driverConfig.cmake
[60.276s] -- Symlinking: /home/golftrolley/robot_ws/install/mpu6050driver/share/mpu6050driver/cmake/mpu6050driverConfig-version.cmake
[60.329s] -- Symlinking: /home/golftrolley/robot_ws/install/mpu6050driver/share/mpu6050driver/package.xml
[60.758s] Invoked command in '/home/golftrolley/robot_ws/build/mpu6050driver' returned '0': CMAKE_PREFIX_PATH=${CMAKE_PREFIX_PATH}:/home/golftrolley/robot_ws/install/stereo_camera_split:/home/golftrolley/robot_ws/install/serial_motor_demo:/home/golftrolley/robot_ws/install/golftrolley:/opt/ros/jazzy /usr/bin/cmake --install /home/golftrolley/robot_ws/build/mpu6050driver
