[0.108s] Invoking command in '/home/golftrolley/robot_ws/build/diffdrive_arduino': CMAKE_PREFIX_PATH=${CMAKE_PREFIX_PATH}:/home/golftrolley/robot_ws/install/serial_motor_demo:/home/golftrolley/robot_ws/install/golftrolley:/opt/ros/jazzy /usr/bin/cmake --build /home/golftrolley/robot_ws/build/diffdrive_arduino -- -j4 -l4
[1.184s] [100%] Built target diffdrive_arduino
[1.980s] Invoked command in '/home/golftrolley/robot_ws/build/diffdrive_arduino' returned '0': CMAKE_PREFIX_PATH=${CMAKE_PREFIX_PATH}:/home/golftrolley/robot_ws/install/serial_motor_demo:/home/golftrolley/robot_ws/install/golftrolley:/opt/ros/jazzy /usr/bin/cmake --build /home/golftrolley/robot_ws/build/diffdrive_arduino -- -j4 -l4
[2.070s] Invoking command in '/home/golftrolley/robot_ws/build/diffdrive_arduino': CMAKE_PREFIX_PATH=${CMAKE_PREFIX_PATH}:/home/golftrolley/robot_ws/install/serial_motor_demo:/home/golftrolley/robot_ws/install/golftrolley:/opt/ros/jazzy /usr/bin/cmake --install /home/golftrolley/robot_ws/build/diffdrive_arduino
[2.120s] -- Install configuration: ""
[2.130s] -- Up-to-date: /home/golftrolley/robot_ws/install/diffdrive_arduino/share/diffdrive_arduino/diffdrive_arduino.xml
[2.132s] -- Up-to-date: /home/golftrolley/robot_ws/install/diffdrive_arduino/include/diffdrive_arduino
[2.133s] -- Up-to-date: /home/golftrolley/robot_ws/install/diffdrive_arduino/include/diffdrive_arduino/diffdrive_arduino
[2.134s] -- Up-to-date: /home/golftrolley/robot_ws/install/diffdrive_arduino/include/diffdrive_arduino/diffdrive_arduino/visibility_control.h
[2.134s] -- Up-to-date: /home/golftrolley/robot_ws/install/diffdrive_arduino/include/diffdrive_arduino/diffdrive_arduino/diffbot_system.hpp
[2.142s] -- Up-to-date: /home/golftrolley/robot_ws/install/diffdrive_arduino/include/diffdrive_arduino/diffdrive_arduino/wheel.hpp
[2.147s] -- Up-to-date: /home/golftrolley/robot_ws/install/diffdrive_arduino/include/diffdrive_arduino/diffdrive_arduino/arduino_comms.hpp
[2.152s] -- Up-to-date: /home/golftrolley/robot_ws/install/diffdrive_arduino/share/diffdrive_arduino/launch
[2.153s] -- Up-to-date: /home/golftrolley/robot_ws/install/diffdrive_arduino/share/diffdrive_arduino/launch/view_robot.launch.py
[2.153s] -- Up-to-date: /home/golftrolley/robot_ws/install/diffdrive_arduino/share/diffdrive_arduino/ros2_control
[2.161s] -- Up-to-date: /home/golftrolley/robot_ws/install/diffdrive_arduino/share/diffdrive_arduino/ros2_control/diffbot.ros2_control.xacro
[2.165s] -- Up-to-date: /home/golftrolley/robot_ws/install/diffdrive_arduino/share/diffdrive_arduino/urdf
[2.168s] -- Up-to-date: /home/golftrolley/robot_ws/install/diffdrive_arduino/share/diffdrive_arduino/urdf/diffbot.materials.xacro
[2.172s] -- Up-to-date: /home/golftrolley/robot_ws/install/diffdrive_arduino/share/diffdrive_arduino/urdf/diffbot.urdf.xacro
[2.174s] -- Up-to-date: /home/golftrolley/robot_ws/install/diffdrive_arduino/share/diffdrive_arduino/urdf/diffbot_description.urdf.xacro
[2.179s] -- Up-to-date: /home/golftrolley/robot_ws/install/diffdrive_arduino/share/diffdrive_arduino/rviz
[2.182s] -- Up-to-date: /home/golftrolley/robot_ws/install/diffdrive_arduino/share/diffdrive_arduino/rviz/diffbot_view.rviz
[2.188s] -- Up-to-date: /home/golftrolley/robot_ws/install/diffdrive_arduino/share/diffdrive_arduino/rviz/diffbot.rviz
[2.193s] -- Up-to-date: /home/golftrolley/robot_ws/install/diffdrive_arduino/share/diffdrive_arduino/launch
[2.199s] -- Up-to-date: /home/golftrolley/robot_ws/install/diffdrive_arduino/share/diffdrive_arduino/launch/diffbot.launch.py
[2.199s] -- Up-to-date: /home/golftrolley/robot_ws/install/diffdrive_arduino/share/diffdrive_arduino/config
[2.200s] -- Up-to-date: /home/golftrolley/robot_ws/install/diffdrive_arduino/share/diffdrive_arduino/config/diffbot_controllers.yaml
[2.200s] -- Up-to-date: /home/golftrolley/robot_ws/install/diffdrive_arduino/lib/libdiffdrive_arduino.so
[2.204s] -- Up-to-date: /home/golftrolley/robot_ws/install/diffdrive_arduino/share/diffdrive_arduino/environment/library_path.sh
[2.205s] -- Up-to-date: /home/golftrolley/robot_ws/install/diffdrive_arduino/share/diffdrive_arduino/environment/library_path.dsv
[2.205s] -- Up-to-date: /home/golftrolley/robot_ws/install/diffdrive_arduino/share/ament_index/resource_index/package_run_dependencies/diffdrive_arduino
[2.206s] -- Up-to-date: /home/golftrolley/robot_ws/install/diffdrive_arduino/share/ament_index/resource_index/parent_prefix_path/diffdrive_arduino
[2.206s] -- Up-to-date: /home/golftrolley/robot_ws/install/diffdrive_arduino/share/diffdrive_arduino/environment/ament_prefix_path.sh
[2.210s] -- Up-to-date: /home/golftrolley/robot_ws/install/diffdrive_arduino/share/diffdrive_arduino/environment/ament_prefix_path.dsv
[2.214s] -- Up-to-date: /home/golftrolley/robot_ws/install/diffdrive_arduino/share/diffdrive_arduino/environment/path.sh
[2.215s] -- Up-to-date: /home/golftrolley/robot_ws/install/diffdrive_arduino/share/diffdrive_arduino/environment/path.dsv
[2.215s] -- Up-to-date: /home/golftrolley/robot_ws/install/diffdrive_arduino/share/diffdrive_arduino/local_setup.bash
[2.219s] -- Up-to-date: /home/golftrolley/robot_ws/install/diffdrive_arduino/share/diffdrive_arduino/local_setup.sh
[2.220s] -- Up-to-date: /home/golftrolley/robot_ws/install/diffdrive_arduino/share/diffdrive_arduino/local_setup.zsh
[2.220s] -- Up-to-date: /home/golftrolley/robot_ws/install/diffdrive_arduino/share/diffdrive_arduino/local_setup.dsv
[2.221s] -- Installing: /home/golftrolley/robot_ws/install/diffdrive_arduino/share/diffdrive_arduino/package.dsv
[2.221s] -- Up-to-date: /home/golftrolley/robot_ws/install/diffdrive_arduino/share/ament_index/resource_index/packages/diffdrive_arduino
[2.221s] -- Up-to-date: /home/golftrolley/robot_ws/install/diffdrive_arduino/share/ament_index/resource_index/hardware_interface__pluginlib__plugin/diffdrive_arduino
[2.229s] -- Up-to-date: /home/golftrolley/robot_ws/install/diffdrive_arduino/share/diffdrive_arduino/cmake/export_diffdrive_arduinoExport.cmake
[2.229s] -- Up-to-date: /home/golftrolley/robot_ws/install/diffdrive_arduino/share/diffdrive_arduino/cmake/export_diffdrive_arduinoExport-noconfig.cmake
[2.243s] -- Up-to-date: /home/golftrolley/robot_ws/install/diffdrive_arduino/share/diffdrive_arduino/cmake/ament_cmake_export_targets-extras.cmake
[2.244s] -- Up-to-date: /home/golftrolley/robot_ws/install/diffdrive_arduino/share/diffdrive_arduino/cmake/ament_cmake_export_dependencies-extras.cmake
[2.244s] -- Up-to-date: /home/golftrolley/robot_ws/install/diffdrive_arduino/share/diffdrive_arduino/cmake/diffdrive_arduinoConfig.cmake
[2.245s] -- Up-to-date: /home/golftrolley/robot_ws/install/diffdrive_arduino/share/diffdrive_arduino/cmake/diffdrive_arduinoConfig-version.cmake
[2.245s] -- Up-to-date: /home/golftrolley/robot_ws/install/diffdrive_arduino/share/diffdrive_arduino/package.xml
[2.252s] Invoked command in '/home/golftrolley/robot_ws/build/diffdrive_arduino' returned '0': CMAKE_PREFIX_PATH=${CMAKE_PREFIX_PATH}:/home/golftrolley/robot_ws/install/serial_motor_demo:/home/golftrolley/robot_ws/install/golftrolley:/opt/ros/jazzy /usr/bin/cmake --install /home/golftrolley/robot_ws/build/diffdrive_arduino
