[0.070s] Invoking command in '/home/golftrolley/robot_ws/build/my_v4l2_camera': CMAKE_PREFIX_PATH=${CMAKE_PREFIX_PATH}:/home/golftrolley/robot_ws/install/stereo_camera_split:/home/golftrolley/robot_ws/install/serial_motor_demo:/home/golftrolley/robot_ws/install/golftrolley:/opt/ros/jazzy /usr/bin/cmake /home/golftrolley/robot_ws/src/my_v4l2_camera -DCMAKE_INSTALL_PREFIX=/home/golftrolley/robot_ws/install/my_v4l2_camera
[0.502s] -- The C compiler identification is GNU 13.3.0
[0.902s] -- The CXX compiler identification is GNU 13.3.0
[1.038s] -- Detecting C compiler ABI info
[1.733s] -- Detecting C compiler ABI info - done
[1.790s] -- Check for working C compiler: /usr/bin/cc - skipped
[1.791s] -- Detecting C compile features
[1.792s] -- Detecting C compile features - done
[1.855s] -- Detecting CXX compiler ABI info
[2.699s] -- Detecting CXX compiler ABI info - done
[2.751s] -- Check for working CXX compiler: /usr/bin/c++ - skipped
[2.755s] -- Detecting CXX compile features
[2.759s] -- Detecting CXX compile features - done
[2.797s] -- Found ament_cmake: 2.5.4 (/opt/ros/jazzy/share/ament_cmake/cmake)
[4.319s] -- Found Python3: /usr/bin/python3 (found version "3.12.3") found components: Interpreter 
[5.509s] -- Found rclcpp: 28.1.10 (/opt/ros/jazzy/share/rclcpp/cmake)
[6.277s] -- Found rosidl_generator_c: 4.6.5 (/opt/ros/jazzy/share/rosidl_generator_c/cmake)
[6.502s] -- Found rosidl_generator_cpp: 4.6.5 (/opt/ros/jazzy/share/rosidl_generator_cpp/cmake)
[6.718s] -- Using all available rosidl_typesupport_c: rosidl_typesupport_fastrtps_c;rosidl_typesupport_introspection_c
[6.947s] -- Using all available rosidl_typesupport_cpp: rosidl_typesupport_fastrtps_cpp;rosidl_typesupport_introspection_cpp
[8.119s] -- Found rmw_implementation_cmake: 7.3.2 (/opt/ros/jazzy/share/rmw_implementation_cmake/cmake)
[8.241s] -- Found rmw_fastrtps_cpp: 8.4.2 (/opt/ros/jazzy/share/rmw_fastrtps_cpp/cmake)
[9.381s] -- Found OpenSSL: /usr/lib/aarch64-linux-gnu/libcrypto.so (found version "3.0.13")  
[9.616s] -- Found FastRTPS: /opt/ros/jazzy/include (Required is at least version "2.13") 
[9.854s] -- Using RMW implementation 'rmw_fastrtps_cpp' as default
[10.829s] -- Found sensor_msgs: 5.3.6 (/opt/ros/jazzy/share/sensor_msgs/cmake)
[10.963s] -- Found cv_bridge: 4.1.0 (/opt/ros/jazzy/share/cv_bridge/cmake)
[11.079s] -- Found OpenCV: /usr (found version "4.6.0") 
[12.727s] -- Configuring done (12.6s)
[12.771s] [31mCMake Error at CMakeLists.txt:22 (add_executable):
[12.772s]   Cannot find source file:
[12.775s] 
[12.777s]     src/my_v4l2_camera.cpp
[12.788s] 
[12.789s]   Tried extensions .c .C .c++ .cc .cpp .cxx .cu .mpp .m .M .mm .ixx .cppm
[12.797s]   .ccm .cxxm .c++m .h .hh .h++ .hm .hpp .hxx .in .txx .f .F .for .f77 .f90
[12.805s]   .f95 .f03 .hip .ispc
[12.812s] 
[12.815s] [0m
[12.817s] [31mCMake Error at CMakeLists.txt:22 (add_executable):
[12.823s]   No SOURCES given to target: v4l2_camera_node
[12.839s] 
[12.846s] [0m
[12.847s] [0mCMake Generate step failed.  Build files cannot be regenerated correctly.[0m
[12.860s] Invoked command in '/home/golftrolley/robot_ws/build/my_v4l2_camera' returned '1': CMAKE_PREFIX_PATH=${CMAKE_PREFIX_PATH}:/home/golftrolley/robot_ws/install/stereo_camera_split:/home/golftrolley/robot_ws/install/serial_motor_demo:/home/golftrolley/robot_ws/install/golftrolley:/opt/ros/jazzy /usr/bin/cmake /home/golftrolley/robot_ws/src/my_v4l2_camera -DCMAKE_INSTALL_PREFIX=/home/golftrolley/robot_ws/install/my_v4l2_camera
