[0.069s] Invoking command in '/home/golftrolley/robot_ws/build/serial': CMAKE_PREFIX_PATH=${CMAKE_PREFIX_PATH}:/home/golftrolley/robot_ws/install/stereo_camera_split:/home/golftrolley/robot_ws/install/serial_motor_demo:/home/golftrolley/robot_ws/install/golftrolley:/opt/ros/jazzy /usr/bin/cmake --build /home/golftrolley/robot_ws/build/serial -- -j4 -l4
[0.750s] [ 14%] Built target gtest_main
[0.751s] [ 28%] Built target gtest
[0.791s] [ 57%] Built target serial
[1.111s] [ 71%] Built target serial_example
[1.156s] [ 85%] Built target serial-test
[1.181s] [100%] Built target serial-test-timer
[1.381s] Invoked command in '/home/golftrolley/robot_ws/build/serial' returned '0': CMAKE_PREFIX_PATH=${CMAKE_PREFIX_PATH}:/home/golftrolley/robot_ws/install/stereo_camera_split:/home/golftrolley/robot_ws/install/serial_motor_demo:/home/golftrolley/robot_ws/install/golftrolley:/opt/ros/jazzy /usr/bin/cmake --build /home/golftrolley/robot_ws/build/serial -- -j4 -l4
[1.390s] Invoking command in '/home/golftrolley/robot_ws/build/serial': CMAKE_PREFIX_PATH=${CMAKE_PREFIX_PATH}:/home/golftrolley/robot_ws/install/stereo_camera_split:/home/golftrolley/robot_ws/install/serial_motor_demo:/home/golftrolley/robot_ws/install/golftrolley:/opt/ros/jazzy /usr/bin/cmake --install /home/golftrolley/robot_ws/build/serial
[1.440s] -- Install configuration: ""
[1.441s] -- Up-to-date: /home/golftrolley/robot_ws/install/serial/lib/libserial.a
[1.442s] -- Up-to-date: /home/golftrolley/robot_ws/install/serial/include/serial/serial.h
[1.443s] -- Up-to-date: /home/golftrolley/robot_ws/install/serial/include/serial/v8stdint.h
[1.443s] -- Up-to-date: /home/golftrolley/robot_ws/install/serial/share/serial/environment/library_path.sh
[1.444s] -- Up-to-date: /home/golftrolley/robot_ws/install/serial/share/serial/environment/library_path.dsv
[1.446s] -- Up-to-date: /home/golftrolley/robot_ws/install/serial/share/ament_index/resource_index/package_run_dependencies/serial
[1.447s] -- Up-to-date: /home/golftrolley/robot_ws/install/serial/share/ament_index/resource_index/parent_prefix_path/serial
[1.448s] -- Up-to-date: /home/golftrolley/robot_ws/install/serial/share/serial/environment/ament_prefix_path.sh
[1.448s] -- Up-to-date: /home/golftrolley/robot_ws/install/serial/share/serial/environment/ament_prefix_path.dsv
[1.449s] -- Up-to-date: /home/golftrolley/robot_ws/install/serial/share/serial/environment/path.sh
[1.449s] -- Up-to-date: /home/golftrolley/robot_ws/install/serial/share/serial/environment/path.dsv
[1.450s] -- Up-to-date: /home/golftrolley/robot_ws/install/serial/share/serial/local_setup.bash
[1.450s] -- Up-to-date: /home/golftrolley/robot_ws/install/serial/share/serial/local_setup.sh
[1.451s] -- Up-to-date: /home/golftrolley/robot_ws/install/serial/share/serial/local_setup.zsh
[1.451s] -- Up-to-date: /home/golftrolley/robot_ws/install/serial/share/serial/local_setup.dsv
[1.452s] -- Installing: /home/golftrolley/robot_ws/install/serial/share/serial/package.dsv
[1.454s] -- Up-to-date: /home/golftrolley/robot_ws/install/serial/share/ament_index/resource_index/packages/serial
[1.456s] -- Up-to-date: /home/golftrolley/robot_ws/install/serial/share/serial/cmake/ament_cmake_export_include_directories-extras.cmake
[1.456s] -- Up-to-date: /home/golftrolley/robot_ws/install/serial/share/serial/cmake/ament_cmake_export_libraries-extras.cmake
[1.458s] -- Up-to-date: /home/golftrolley/robot_ws/install/serial/share/serial/cmake/serialConfig.cmake
[1.459s] -- Up-to-date: /home/golftrolley/robot_ws/install/serial/share/serial/cmake/serialConfig-version.cmake
[1.459s] -- Up-to-date: /home/golftrolley/robot_ws/install/serial/share/serial/package.xml
[2.553s] Invoked command in '/home/golftrolley/robot_ws/build/serial' returned '0': CMAKE_PREFIX_PATH=${CMAKE_PREFIX_PATH}:/home/golftrolley/robot_ws/install/stereo_camera_split:/home/golftrolley/robot_ws/install/serial_motor_demo:/home/golftrolley/robot_ws/install/golftrolley:/opt/ros/jazzy /usr/bin/cmake --install /home/golftrolley/robot_ws/build/serial
