[  1%] Built target serial_motor_demo_msgs__rosidl_generator_type_description
[  1%] Built target ament_cmake_python_copy_serial_motor_demo_msgs
[  3%] Built target serial_motor_demo_msgs__cpp
[ 24%] Built target serial_motor_demo_msgs__rosidl_generator_c
[ 33%] Built target serial_motor_demo_msgs__rosidl_typesupport_introspection_c
[ 42%] Built target serial_motor_demo_msgs__rosidl_typesupport_cpp
[ 51%] Built target serial_motor_demo_msgs__rosidl_typesupport_fastrtps_c
[ 61%] Built target serial_motor_demo_msgs__rosidl_typesupport_c
[ 70%] Built target serial_motor_demo_msgs__rosidl_typesupport_fastrtps_cpp
[ 79%] Built target serial_motor_demo_msgs__rosidl_typesupport_introspection_cpp
[ 79%] Built target serial_motor_demo_msgs
[ 81%] Built target serial_motor_demo_msgs__py
[ 88%] Built target serial_motor_demo_msgs__rosidl_generator_py
[ 92%] Built target serial_motor_demo_msgs_s__rosidl_typesupport_c
[ 98%] Built target serial_motor_demo_msgs_s__rosidl_typesupport_fastrtps_c
[100%] Built target serial_motor_demo_msgs_s__rosidl_typesupport_introspection_c
running egg_info
writing serial_motor_demo_msgs.egg-info/PKG-INFO
writing dependency_links to serial_motor_demo_msgs.egg-info/dependency_links.txt
writing top-level names to serial_motor_demo_msgs.egg-info/top_level.txt
reading manifest file 'serial_motor_demo_msgs.egg-info/SOURCES.txt'
writing manifest file 'serial_motor_demo_msgs.egg-info/SOURCES.txt'
[100%] Built target ament_cmake_python_build_serial_motor_demo_msgs_egg
