[0.102s] Invoking command in '/home/golftrolley/robot_ws/build/serial_motor_demo_msgs': CMAKE_PREFIX_PATH=${CMAKE_PREFIX_PATH}:/opt/ros/jazzy /usr/bin/cmake --build /home/golftrolley/robot_ws/build/serial_motor_demo_msgs -- -j4 -l4
[1.567s] [  1%] Built target serial_motor_demo_msgs__rosidl_generator_type_description
[1.567s] [  1%] Built target ament_cmake_python_copy_serial_motor_demo_msgs
[1.568s] [  3%] Built target serial_motor_demo_msgs__cpp
[1.568s] [ 24%] Built target serial_motor_demo_msgs__rosidl_generator_c
[1.569s] [ 33%] Built target serial_motor_demo_msgs__rosidl_typesupport_introspection_c
[1.569s] [ 42%] Built target serial_motor_demo_msgs__rosidl_typesupport_cpp
[1.571s] [ 51%] Built target serial_motor_demo_msgs__rosidl_typesupport_fastrtps_c
[1.571s] [ 61%] Built target serial_motor_demo_msgs__rosidl_typesupport_c
[1.575s] [ 70%] Built target serial_motor_demo_msgs__rosidl_typesupport_fastrtps_cpp
[1.576s] [ 79%] Built target serial_motor_demo_msgs__rosidl_typesupport_introspection_cpp
[1.576s] [ 79%] Built target serial_motor_demo_msgs
[1.577s] [ 81%] Built target serial_motor_demo_msgs__py
[1.720s] [ 88%] Built target serial_motor_demo_msgs__rosidl_generator_py
[2.028s] [ 92%] Built target serial_motor_demo_msgs_s__rosidl_typesupport_c
[2.053s] [ 98%] Built target serial_motor_demo_msgs_s__rosidl_typesupport_fastrtps_c
[2.060s] [100%] Built target serial_motor_demo_msgs_s__rosidl_typesupport_introspection_c
[2.238s] running egg_info
[2.347s] writing serial_motor_demo_msgs.egg-info/PKG-INFO
[2.349s] writing dependency_links to serial_motor_demo_msgs.egg-info/dependency_links.txt
[2.350s] writing top-level names to serial_motor_demo_msgs.egg-info/top_level.txt
[2.634s] reading manifest file 'serial_motor_demo_msgs.egg-info/SOURCES.txt'
[2.637s] writing manifest file 'serial_motor_demo_msgs.egg-info/SOURCES.txt'
[2.799s] [100%] Built target ament_cmake_python_build_serial_motor_demo_msgs_egg
