[0.047s] Invoking command in '/home/golftrolley/robot_ws/build/serial': CMAKE_PREFIX_PATH=${CMAKE_PREFIX_PATH}:/opt/ros/jazzy /usr/bin/cmake --build /home/golftrolley/robot_ws/build/serial -- -j4 -l4
[0.492s] [  7%] [32mBuilding CXX object CMakeFiles/serial.dir/src/serial.cc.o[0m
[0.510s] [ 14%] [32mBuilding CXX object CMakeFiles/serial.dir/src/impl/unix.cc.o[0m
[0.543s] [ 21%] [32mBuilding CXX object gtest/CMakeFiles/gtest_main.dir/src/gtest_main.cc.o[0m
[0.579s] [ 28%] [32mBuilding CXX object gtest/CMakeFiles/gtest.dir/src/gtest-all.cc.o[0m
[6.383s] [ 35%] [32mBuilding CXX object CMakeFiles/serial.dir/src/impl/list_ports/list_ports_linux.cc.o[0m
[11.185s] [ 42%] [32m[1mLinking CXX static library libserial.a[0m
[11.753s] [ 42%] Built target serial
[12.059s] [ 50%] [32mBuilding CXX object CMakeFiles/serial_example.dir/examples/serial_example.cc.o[0m
[12.284s] [ 57%] [32m[1mLinking CXX static library libgtest_main.a[0m
[12.623s] [ 57%] Built target gtest_main
[15.671s] [ 64%] [32m[1mLinking CXX executable serial_example[0m
[16.385s] [ 64%] Built target serial_example
[47.762s] [ 71%] [32m[1mLinking CXX static library libgtest.a[0m
[49.003s] [ 71%] Built target gtest
[49.203s] [ 78%] [32mBuilding CXX object tests/CMakeFiles/serial-test.dir/unix_serial_tests.cc.o[0m
[55.475s] In file included from [01m[K/usr/include/boost/bind/detail/requires_cxx11.hpp:9[m[K,
[55.478s]                  from [01m[K/usr/include/boost/bind/bind.hpp:24[m[K,
[55.479s]                  from [01m[K/usr/include/boost/bind.hpp:29[m[K,
[55.485s]                  from [01m[K/home/golftrolley/robot_ws/src/serial/tests/unix_serial_tests.cc:23[m[K:
[55.492s] [01m[K/usr/include/boost/bind.hpp:36:1:[m[K [01;36m[Knote: [m[K‘[01m[K#pragma message: The practice of declaring the Bind placeholders (_1, _2, ...) in the global namespace is deprecated. Please use <boost/bind/bind.hpp> + using namespace boost::placeholders, or define BOOST_BIND_GLOBAL_PLACEHOLDERS to retain the current behavior.[m[K’
[55.493s]    36 | [01;36m[KBOOST_PRAGMA_MESSAGE[m[K(
[55.500s]       | [01;36m[K^~~~~~~~~~~~~~~~~~~~[m[K
[59.230s] [ 85%] [32m[1mLinking CXX executable serial-test[0m
[60.977s] [ 85%] Built target serial-test
[61.200s] [ 92%] [32mBuilding CXX object tests/CMakeFiles/serial-test-timer.dir/unit/unix_timer_tests.cc.o[0m
[70.812s] [100%] [32m[1mLinking CXX executable serial-test-timer[0m
[72.213s] [100%] Built target serial-test-timer
[73.015s] Invoked command in '/home/golftrolley/robot_ws/build/serial' returned '0': CMAKE_PREFIX_PATH=${CMAKE_PREFIX_PATH}:/opt/ros/jazzy /usr/bin/cmake --build /home/golftrolley/robot_ws/build/serial -- -j4 -l4
[73.028s] Invoking command in '/home/golftrolley/robot_ws/build/serial': CMAKE_PREFIX_PATH=${CMAKE_PREFIX_PATH}:/opt/ros/jazzy /usr/bin/cmake --install /home/golftrolley/robot_ws/build/serial
[73.093s] -- Install configuration: ""
[73.098s] -- Installing: /home/golftrolley/robot_ws/install/serial/lib/libserial.a
[73.124s] -- Installing: /home/golftrolley/robot_ws/install/serial/include/serial/serial.h
[73.137s] -- Installing: /home/golftrolley/robot_ws/install/serial/include/serial/v8stdint.h
[73.140s] -- Installing: /home/golftrolley/robot_ws/install/serial/share/serial/environment/library_path.sh
[73.146s] -- Installing: /home/golftrolley/robot_ws/install/serial/share/serial/environment/library_path.dsv
[73.153s] -- Installing: /home/golftrolley/robot_ws/install/serial/share/ament_index/resource_index/package_run_dependencies/serial
[73.158s] -- Installing: /home/golftrolley/robot_ws/install/serial/share/ament_index/resource_index/parent_prefix_path/serial
[73.159s] -- Installing: /home/golftrolley/robot_ws/install/serial/share/serial/environment/ament_prefix_path.sh
[73.165s] -- Installing: /home/golftrolley/robot_ws/install/serial/share/serial/environment/ament_prefix_path.dsv
[73.166s] -- Installing: /home/golftrolley/robot_ws/install/serial/share/serial/environment/path.sh
[73.175s] -- Installing: /home/golftrolley/robot_ws/install/serial/share/serial/environment/path.dsv
[73.176s] -- Installing: /home/golftrolley/robot_ws/install/serial/share/serial/local_setup.bash
[73.186s] -- Installing: /home/golftrolley/robot_ws/install/serial/share/serial/local_setup.sh
[73.190s] -- Installing: /home/golftrolley/robot_ws/install/serial/share/serial/local_setup.zsh
[73.193s] -- Installing: /home/golftrolley/robot_ws/install/serial/share/serial/local_setup.dsv
[73.196s] -- Installing: /home/golftrolley/robot_ws/install/serial/share/serial/package.dsv
[73.197s] -- Installing: /home/golftrolley/robot_ws/install/serial/share/ament_index/resource_index/packages/serial
[73.199s] -- Installing: /home/golftrolley/robot_ws/install/serial/share/serial/cmake/ament_cmake_export_include_directories-extras.cmake
[73.200s] -- Installing: /home/golftrolley/robot_ws/install/serial/share/serial/cmake/ament_cmake_export_libraries-extras.cmake
[73.201s] -- Installing: /home/golftrolley/robot_ws/install/serial/share/serial/cmake/serialConfig.cmake
[73.207s] -- Installing: /home/golftrolley/robot_ws/install/serial/share/serial/cmake/serialConfig-version.cmake
[73.207s] -- Installing: /home/golftrolley/robot_ws/install/serial/share/serial/package.xml
[73.218s] Invoked command in '/home/golftrolley/robot_ws/build/serial' returned '0': CMAKE_PREFIX_PATH=${CMAKE_PREFIX_PATH}:/opt/ros/jazzy /usr/bin/cmake --install /home/golftrolley/robot_ws/build/serial
