[0.095s] Invoking command in '/home/golftrolley/robot_ws/build/dd_bot': CMAKE_PREFIX_PATH=${CMAKE_PREFIX_PATH}:/home/golftrolley/robot_ws/install/stereo_camera_split:/home/golftrolley/robot_ws/install/serial_motor_demo:/home/golftrolley/robot_ws/install/golftrolley:/opt/ros/jazzy /usr/bin/cmake /home/golftrolley/robot_ws/src/dd_bot -DCMAKE_INSTALL_PREFIX=/home/golftrolley/robot_ws/install/dd_bot
[0.562s] -- The C compiler identification is GNU 13.3.0
[0.994s] -- The CXX compiler identification is GNU 13.3.0
[1.171s] -- Detecting C compiler ABI info
[1.950s] -- Detecting C compiler ABI info - done
[2.022s] -- Check for working C compiler: /usr/bin/cc - skipped
[2.026s] -- Detecting C compile features
[2.026s] -- Detecting C compile features - done
[2.094s] -- Detecting CXX compiler ABI info
[2.972s] -- Detecting CXX compiler ABI info - done
[3.031s] -- Check for working CXX compiler: /usr/bin/c++ - skipped
[3.035s] -- Detecting CXX compile features
[3.036s] -- Detecting CXX compile features - done
[3.070s] -- Found ament_cmake: 2.5.4 (/opt/ros/jazzy/share/ament_cmake/cmake)
[4.214s] -- Found Python3: /usr/bin/python3 (found version "3.12.3") found components: Interpreter 
[5.012s] -- Found ament_lint_auto: 0.17.2 (/opt/ros/jazzy/share/ament_lint_auto/cmake)
[5.816s] -- Added test 'copyright' to check source files copyright and LICENSE
[5.853s] -- Added test 'flake8' to check Python code syntax and style conventions
[5.854s] -- Configured 'flake8' exclude dirs and/or files: 
[5.867s] -- Added test 'lint_cmake' to check CMake code style
[5.871s] -- Added test 'pep257' to check Python code against some of the docstring style conventions in PEP 257
[5.891s] -- Added test 'xmllint' to check XML markup files
[5.908s] -- Configuring done (5.8s)
[5.940s] -- Generating done (0.0s)
[5.947s] -- Build files have been written to: /home/golftrolley/robot_ws/build/dd_bot
[5.974s] Invoked command in '/home/golftrolley/robot_ws/build/dd_bot' returned '0': CMAKE_PREFIX_PATH=${CMAKE_PREFIX_PATH}:/home/golftrolley/robot_ws/install/stereo_camera_split:/home/golftrolley/robot_ws/install/serial_motor_demo:/home/golftrolley/robot_ws/install/golftrolley:/opt/ros/jazzy /usr/bin/cmake /home/golftrolley/robot_ws/src/dd_bot -DCMAKE_INSTALL_PREFIX=/home/golftrolley/robot_ws/install/dd_bot
[5.980s] Invoking command in '/home/golftrolley/robot_ws/build/dd_bot': CMAKE_PREFIX_PATH=${CMAKE_PREFIX_PATH}:/home/golftrolley/robot_ws/install/stereo_camera_split:/home/golftrolley/robot_ws/install/serial_motor_demo:/home/golftrolley/robot_ws/install/golftrolley:/opt/ros/jazzy /usr/bin/cmake --build /home/golftrolley/robot_ws/build/dd_bot -- -j4 -l4
[6.238s] Invoked command in '/home/golftrolley/robot_ws/build/dd_bot' returned '0': CMAKE_PREFIX_PATH=${CMAKE_PREFIX_PATH}:/home/golftrolley/robot_ws/install/stereo_camera_split:/home/golftrolley/robot_ws/install/serial_motor_demo:/home/golftrolley/robot_ws/install/golftrolley:/opt/ros/jazzy /usr/bin/cmake --build /home/golftrolley/robot_ws/build/dd_bot -- -j4 -l4
[6.312s] Invoking command in '/home/golftrolley/robot_ws/build/dd_bot': CMAKE_PREFIX_PATH=${CMAKE_PREFIX_PATH}:/home/golftrolley/robot_ws/install/stereo_camera_split:/home/golftrolley/robot_ws/install/serial_motor_demo:/home/golftrolley/robot_ws/install/golftrolley:/opt/ros/jazzy /usr/bin/cmake --install /home/golftrolley/robot_ws/build/dd_bot
[6.366s] -- Install configuration: ""
[6.371s] -- Installing: /home/golftrolley/robot_ws/install/dd_bot/share/dd_bot/config
[6.372s] -- Installing: /home/golftrolley/robot_ws/install/dd_bot/share/dd_bot/config/twist_mux.yaml
[6.378s] -- Installing: /home/golftrolley/robot_ws/install/dd_bot/share/dd_bot/config/gz_bridge.yaml
[6.381s] -- Installing: /home/golftrolley/robot_ws/install/dd_bot/share/dd_bot/config/view_bot.rviz
[6.384s] -- Installing: /home/golftrolley/robot_ws/install/dd_bot/share/dd_bot/config/my_controllers.yaml
[6.386s] -- Installing: /home/golftrolley/robot_ws/install/dd_bot/share/dd_bot/config/joystick.yaml
[6.389s] -- Installing: /home/golftrolley/robot_ws/install/dd_bot/share/dd_bot/config/empty.yaml
[6.392s] -- Installing: /home/golftrolley/robot_ws/install/dd_bot/share/dd_bot/description
[6.394s] -- Installing: /home/golftrolley/robot_ws/install/dd_bot/share/dd_bot/description/ros2_control.xacro
[6.397s] -- Installing: /home/golftrolley/robot_ws/install/dd_bot/share/dd_bot/description/robot.urdf.xacro
[6.399s] -- Installing: /home/golftrolley/robot_ws/install/dd_bot/share/dd_bot/description/inertial_macros.xacro
[6.402s] -- Installing: /home/golftrolley/robot_ws/install/dd_bot/share/dd_bot/description/left_camera.xacro
[6.404s] -- Installing: /home/golftrolley/robot_ws/install/dd_bot/share/dd_bot/description/robot_core.xacro
[6.406s] -- Installing: /home/golftrolley/robot_ws/install/dd_bot/share/dd_bot/description/gazebo_control.xacro
[6.410s] -- Installing: /home/golftrolley/robot_ws/install/dd_bot/share/dd_bot/description/lidar.xacro
[6.413s] -- Installing: /home/golftrolley/robot_ws/install/dd_bot/share/dd_bot/description/right_camera.xacro
[6.418s] -- Installing: /home/golftrolley/robot_ws/install/dd_bot/share/dd_bot/launch
[6.421s] -- Installing: /home/golftrolley/robot_ws/install/dd_bot/share/dd_bot/launch/rsp.launch.py
[6.422s] -- Installing: /home/golftrolley/robot_ws/install/dd_bot/share/dd_bot/launch/launch_robot.launch.py
[6.425s] -- Installing: /home/golftrolley/robot_ws/install/dd_bot/share/dd_bot/launch/launch_sim.launch.py
[6.428s] -- Installing: /home/golftrolley/robot_ws/install/dd_bot/share/dd_bot/worlds
[6.434s] -- Installing: /home/golftrolley/robot_ws/install/dd_bot/share/dd_bot/worlds/empty.world
[6.435s] -- Installing: /home/golftrolley/robot_ws/install/dd_bot/share/ament_index/resource_index/package_run_dependencies/dd_bot
[6.436s] -- Installing: /home/golftrolley/robot_ws/install/dd_bot/share/ament_index/resource_index/parent_prefix_path/dd_bot
[6.436s] -- Installing: /home/golftrolley/robot_ws/install/dd_bot/share/dd_bot/environment/ament_prefix_path.sh
[6.440s] -- Installing: /home/golftrolley/robot_ws/install/dd_bot/share/dd_bot/environment/ament_prefix_path.dsv
[6.441s] -- Installing: /home/golftrolley/robot_ws/install/dd_bot/share/dd_bot/environment/path.sh
[6.441s] -- Installing: /home/golftrolley/robot_ws/install/dd_bot/share/dd_bot/environment/path.dsv
[6.442s] -- Installing: /home/golftrolley/robot_ws/install/dd_bot/share/dd_bot/local_setup.bash
[6.444s] -- Installing: /home/golftrolley/robot_ws/install/dd_bot/share/dd_bot/local_setup.sh
[6.448s] -- Installing: /home/golftrolley/robot_ws/install/dd_bot/share/dd_bot/local_setup.zsh
[6.448s] -- Installing: /home/golftrolley/robot_ws/install/dd_bot/share/dd_bot/local_setup.dsv
[6.449s] -- Installing: /home/golftrolley/robot_ws/install/dd_bot/share/dd_bot/package.dsv
[6.450s] -- Installing: /home/golftrolley/robot_ws/install/dd_bot/share/ament_index/resource_index/packages/dd_bot
[6.452s] -- Installing: /home/golftrolley/robot_ws/install/dd_bot/share/dd_bot/cmake/dd_botConfig.cmake
[6.453s] -- Installing: /home/golftrolley/robot_ws/install/dd_bot/share/dd_bot/cmake/dd_botConfig-version.cmake
[6.453s] -- Installing: /home/golftrolley/robot_ws/install/dd_bot/share/dd_bot/package.xml
[6.456s] Invoked command in '/home/golftrolley/robot_ws/build/dd_bot' returned '0': CMAKE_PREFIX_PATH=${CMAKE_PREFIX_PATH}:/home/golftrolley/robot_ws/install/stereo_camera_split:/home/golftrolley/robot_ws/install/serial_motor_demo:/home/golftrolley/robot_ws/install/golftrolley:/opt/ros/jazzy /usr/bin/cmake --install /home/golftrolley/robot_ws/build/dd_bot
