[0.072s] Invoking command in '/home/golftrolley/robot_ws/build/dd_bot': CMAKE_PREFIX_PATH=${CMAKE_PREFIX_PATH}:/home/golftrolley/robot_ws/install/stereo_camera_split:/home/golftrolley/robot_ws/install/serial_motor_demo:/home/golftrolley/robot_ws/install/golftrolley:/opt/ros/jazzy /usr/bin/cmake --build /home/golftrolley/robot_ws/build/dd_bot -- -j4 -l4
[0.311s] Invoked command in '/home/golftrolley/robot_ws/build/dd_bot' returned '0': CMAKE_PREFIX_PATH=${CMAKE_PREFIX_PATH}:/home/golftrolley/robot_ws/install/stereo_camera_split:/home/golftrolley/robot_ws/install/serial_motor_demo:/home/golftrolley/robot_ws/install/golftrolley:/opt/ros/jazzy /usr/bin/cmake --build /home/golftrolley/robot_ws/build/dd_bot -- -j4 -l4
[0.371s] Invoking command in '/home/golftrolley/robot_ws/build/dd_bot': CMAKE_PREFIX_PATH=${CMAKE_PREFIX_PATH}:/home/golftrolley/robot_ws/install/stereo_camera_split:/home/golftrolley/robot_ws/install/serial_motor_demo:/home/golftrolley/robot_ws/install/golftrolley:/opt/ros/jazzy /usr/bin/cmake --install /home/golftrolley/robot_ws/build/dd_bot
[0.416s] -- Install configuration: ""
[0.417s] -- Up-to-date: /home/golftrolley/robot_ws/install/dd_bot/share/dd_bot/config
[0.418s] -- Up-to-date: /home/golftrolley/robot_ws/install/dd_bot/share/dd_bot/config/twist_mux.yaml
[0.418s] -- Up-to-date: /home/golftrolley/robot_ws/install/dd_bot/share/dd_bot/config/gz_bridge.yaml
[0.419s] -- Up-to-date: /home/golftrolley/robot_ws/install/dd_bot/share/dd_bot/config/view_bot.rviz
[0.420s] -- Up-to-date: /home/golftrolley/robot_ws/install/dd_bot/share/dd_bot/config/my_controllers.yaml
[0.421s] -- Up-to-date: /home/golftrolley/robot_ws/install/dd_bot/share/dd_bot/config/joystick.yaml
[0.421s] -- Up-to-date: /home/golftrolley/robot_ws/install/dd_bot/share/dd_bot/config/empty.yaml
[0.422s] -- Up-to-date: /home/golftrolley/robot_ws/install/dd_bot/share/dd_bot/description
[0.422s] -- Up-to-date: /home/golftrolley/robot_ws/install/dd_bot/share/dd_bot/description/ros2_control.xacro
[0.423s] -- Up-to-date: /home/golftrolley/robot_ws/install/dd_bot/share/dd_bot/description/robot.urdf.xacro
[0.424s] -- Up-to-date: /home/golftrolley/robot_ws/install/dd_bot/share/dd_bot/description/inertial_macros.xacro
[0.425s] -- Up-to-date: /home/golftrolley/robot_ws/install/dd_bot/share/dd_bot/description/left_camera.xacro
[0.426s] -- Installing: /home/golftrolley/robot_ws/install/dd_bot/share/dd_bot/description/robot_core.xacro
[0.426s] -- Up-to-date: /home/golftrolley/robot_ws/install/dd_bot/share/dd_bot/description/gazebo_control.xacro
[0.427s] -- Up-to-date: /home/golftrolley/robot_ws/install/dd_bot/share/dd_bot/description/lidar.xacro
[0.427s] -- Up-to-date: /home/golftrolley/robot_ws/install/dd_bot/share/dd_bot/description/right_camera.xacro
[0.428s] -- Up-to-date: /home/golftrolley/robot_ws/install/dd_bot/share/dd_bot/launch
[0.428s] -- Up-to-date: /home/golftrolley/robot_ws/install/dd_bot/share/dd_bot/launch/rsp.launch.py
[0.429s] -- Up-to-date: /home/golftrolley/robot_ws/install/dd_bot/share/dd_bot/launch/launch_robot.launch.py
[0.430s] -- Up-to-date: /home/golftrolley/robot_ws/install/dd_bot/share/dd_bot/launch/launch_sim.launch.py
[0.430s] -- Up-to-date: /home/golftrolley/robot_ws/install/dd_bot/share/dd_bot/worlds
[0.431s] -- Up-to-date: /home/golftrolley/robot_ws/install/dd_bot/share/dd_bot/worlds/empty.world
[0.431s] -- Up-to-date: /home/golftrolley/robot_ws/install/dd_bot/share/ament_index/resource_index/package_run_dependencies/dd_bot
[0.431s] -- Up-to-date: /home/golftrolley/robot_ws/install/dd_bot/share/ament_index/resource_index/parent_prefix_path/dd_bot
[0.432s] -- Up-to-date: /home/golftrolley/robot_ws/install/dd_bot/share/dd_bot/environment/ament_prefix_path.sh
[0.432s] -- Up-to-date: /home/golftrolley/robot_ws/install/dd_bot/share/dd_bot/environment/ament_prefix_path.dsv
[0.433s] -- Up-to-date: /home/golftrolley/robot_ws/install/dd_bot/share/dd_bot/environment/path.sh
[0.433s] -- Up-to-date: /home/golftrolley/robot_ws/install/dd_bot/share/dd_bot/environment/path.dsv
[0.433s] -- Up-to-date: /home/golftrolley/robot_ws/install/dd_bot/share/dd_bot/local_setup.bash
[0.434s] -- Up-to-date: /home/golftrolley/robot_ws/install/dd_bot/share/dd_bot/local_setup.sh
[0.435s] -- Up-to-date: /home/golftrolley/robot_ws/install/dd_bot/share/dd_bot/local_setup.zsh
[0.435s] -- Up-to-date: /home/golftrolley/robot_ws/install/dd_bot/share/dd_bot/local_setup.dsv
[0.436s] -- Installing: /home/golftrolley/robot_ws/install/dd_bot/share/dd_bot/package.dsv
[0.436s] -- Up-to-date: /home/golftrolley/robot_ws/install/dd_bot/share/ament_index/resource_index/packages/dd_bot
[0.437s] -- Up-to-date: /home/golftrolley/robot_ws/install/dd_bot/share/dd_bot/cmake/dd_botConfig.cmake
[0.437s] -- Up-to-date: /home/golftrolley/robot_ws/install/dd_bot/share/dd_bot/cmake/dd_botConfig-version.cmake
[0.438s] -- Up-to-date: /home/golftrolley/robot_ws/install/dd_bot/share/dd_bot/package.xml
[0.440s] Invoked command in '/home/golftrolley/robot_ws/build/dd_bot' returned '0': CMAKE_PREFIX_PATH=${CMAKE_PREFIX_PATH}:/home/golftrolley/robot_ws/install/stereo_camera_split:/home/golftrolley/robot_ws/install/serial_motor_demo:/home/golftrolley/robot_ws/install/golftrolley:/opt/ros/jazzy /usr/bin/cmake --install /home/golftrolley/robot_ws/build/dd_bot
