[  1%] Built target serial_motor_demo_msgs__rosidl_generator_type_description
[  1%] Built target ament_cmake_python_copy_serial_motor_demo_msgs
[ 22%] Built target serial_motor_demo_msgs__rosidl_generator_c
Traceback (most recent call last):
  File "/home/golftrolley/robot_ws/build/serial_motor_demo_msgs/ament_cmake_python/serial_motor_demo_msgs/setup.py", line 4, in <module>
    setup(
  File "/usr/lib/python3/dist-packages/setuptools/__init__.py", line 107, in setup
    return distutils.core.setup(**attrs)
           ^^^^^^^^^^^^^^^^^^^^^^^^^^^^^
  File "/usr/lib/python3/dist-packages/setuptools/_distutils/core.py", line 147, in setup
    _setup_distribution = dist = klass(attrs)
                                 ^^^^^^^^^^^^
  File "/usr/lib/python3/dist-packages/setuptools/dist.py", line 485, in __init__
    _Distribution.__init__(
  File "/usr/lib/python3/dist-packages/setuptools/_distutils/dist.py", line 283, in __init__
    self.finalize_options()
  File "/usr/lib/python3/dist-packages/setuptools/dist.py", line 922, in finalize_options
    defined = metadata.entry_points(group=group)
              ^^^^^^^^^^^^^^^^^^^^^^^^^^^^^^^^^^
  File "/usr/lib/python3.12/importlib/metadata/__init__.py", line 913, in entry_points
    return EntryPoints(eps).select(**params)
           ^^^^^^^^^^^^^^^^
  File "/usr/lib/python3.12/importlib/metadata/__init__.py", line 910, in <genexpr>
    eps = itertools.chain.from_iterable(
                                       ^
  File "/usr/lib/python3.12/importlib/metadata/_itertools.py", line 15, in unique_everseen
    for element in iterable:
  File "/usr/lib/python3.12/importlib/metadata/__init__.py", line 354, in __new__
    if getattr(getattr(cls, name), '__isabstractmethod__', False)
               ^^^^^^^^^^^^^^^^^^
KeyboardInterrupt
gmake[2]: *** [CMakeFiles/ament_cmake_python_build_serial_motor_demo_msgs_egg.dir/build.make:70: CMakeFiles/ament_cmake_python_build_serial_motor_demo_msgs_egg] Interrupt
gmake[1]: *** [CMakeFiles/Makefile2:478: CMakeFiles/ament_cmake_python_build_serial_motor_demo_msgs_egg.dir/all] Interrupt
gmake: *** [Makefile:146: all] Interrupt
