[0.021s] Invoking command in '/home/golftrolley/robot_ws/build/serial': CMAKE_PREFIX_PATH=${CMAKE_PREFIX_PATH}:/opt/ros/jazzy /usr/bin/cmake /home/golftrolley/robot_ws/src/serial -DCMAKE_INSTALL_PREFIX=/home/golftrolley/robot_ws/install/serial
[0.353s] -- The C compiler identification is GNU 13.3.0
[1.286s] -- The CXX compiler identification is GNU 13.3.0
[1.575s] -- Detecting C compiler ABI info
[2.808s] -- Detecting C compiler ABI info - done
[2.919s] -- Check for working C compiler: /usr/bin/cc - skipped
[2.932s] -- Detecting C compile features
[2.932s] -- Detecting C compile features - done
[3.055s] -- Detecting CXX compiler ABI info
[4.344s] -- Detecting CXX compiler ABI info - done
[4.405s] -- Check for working CXX compiler: /usr/bin/c++ - skipped
[4.410s] -- Detecting CXX compile features
[4.415s] -- Detecting CXX compile features - done
[4.445s] -- Found ament_cmake: 2.5.4 (/opt/ros/jazzy/share/ament_cmake/cmake)
[5.699s] -- Found Python3: /usr/bin/python3 (found version "3.12.3") found components: Interpreter 
[7.119s] -- Found ament_cmake_gtest: 2.5.4 (/opt/ros/jazzy/share/ament_cmake_gtest/cmake)
[7.275s] -- Found Boost: /usr/lib/aarch64-linux-gnu/cmake/Boost-1.83.0/BoostConfig.cmake (found version "1.83.0")  
[7.343s] -- Found gtest sources under '/opt/ros/jazzy/src/gtest_vendor': C++ tests using 'Google Test' will be built
[7.362s] -- Performing Test CMAKE_HAVE_LIBC_PTHREAD
[8.471s] -- Performing Test CMAKE_HAVE_LIBC_PTHREAD - Success
[8.475s] -- Found Threads: TRUE  
[9.580s] -- Configuring done (10.5s)
[9.848s] -- Generating done (0.2s)
[9.934s] -- Build files have been written to: /home/golftrolley/robot_ws/build/serial
