[0.052s] Invoking command in '/home/golftrolley/robot_ws/build/ydlidar_sdk': PS1=(venv) \[\e]0;\u@\h: \w\a\]${debian_chroot:+($debian_chroot)}\[\033[01;32m\]\u@\h\[\033[00m\]:\[\033[01;34m\]\w\[\033[00m\]\$ VIRTUAL_ENV_PROMPT=(venv) /usr/bin/cmake --build /home/golftrolley/robot_ws/build/ydlidar_sdk -- -j4 -l4
[0.398s] [ 38%] Built target ydlidar_sdk
[0.557s] [ 41%] Built target gs_ota
[0.620s] [ 45%] Built target et_test
[0.666s] [ 49%] Built target gs_test
[0.671s] [ 52%] Built target gs_restart
[0.806s] [ 56%] Built target gs_test2
[0.872s] [ 60%] Built target scl_test
[0.930s] [ 63%] Built target sdm_test
[0.941s] [ 67%] Built target sdm18_test
[1.080s] [ 70%] Built target tea_test
[1.140s] [ 74%] Built target tia_test
[1.201s] [ 78%] Built target tmini-sh_test
[1.211s] [ 81%] Built target tmini_test
[1.331s] [ 85%] Built target tof_test
[1.395s] [ 89%] Built target tri_and_gs_test
[1.444s] [ 92%] Built target tri_test
[1.467s] [ 96%] Built target tri_restart
[1.527s] [100%] Built target lidar_c_api_test
[1.609s] Invoked command in '/home/golftrolley/robot_ws/build/ydlidar_sdk' returned '0': PS1=(venv) \[\e]0;\u@\h: \w\a\]${debian_chroot:+($debian_chroot)}\[\033[01;32m\]\u@\h\[\033[00m\]:\[\033[01;34m\]\w\[\033[00m\]\$ VIRTUAL_ENV_PROMPT=(venv) /usr/bin/cmake --build /home/golftrolley/robot_ws/build/ydlidar_sdk -- -j4 -l4
[1.613s] Invoking command in '/home/golftrolley/robot_ws/build/ydlidar_sdk': PS1=(venv) \[\e]0;\u@\h: \w\a\]${debian_chroot:+($debian_chroot)}\[\033[01;32m\]\u@\h\[\033[00m\]:\[\033[01;34m\]\w\[\033[00m\]\$ VIRTUAL_ENV_PROMPT=(venv) /usr/bin/cmake --install /home/golftrolley/robot_ws/build/ydlidar_sdk
[1.670s] -- Install configuration: ""
[1.674s] -- Up-to-date: /home/golftrolley/robot_ws/install/ydlidar_sdk/include/core/base/datatype.h
[1.675s] -- Up-to-date: /home/golftrolley/robot_ws/install/ydlidar_sdk/include/core/base/locker.h
[1.676s] -- Up-to-date: /home/golftrolley/robot_ws/install/ydlidar_sdk/include/core/base/thread.h
[1.678s] -- Up-to-date: /home/golftrolley/robot_ws/install/ydlidar_sdk/include/core/base/timer.h
[1.679s] -- Up-to-date: /home/golftrolley/robot_ws/install/ydlidar_sdk/include/core/base/typedef.h
[1.681s] -- Up-to-date: /home/golftrolley/robot_ws/install/ydlidar_sdk/include/core/base/utils.h
[1.684s] -- Up-to-date: /home/golftrolley/robot_ws/install/ydlidar_sdk/include/core/base/v8stdint.h
[1.685s] -- Up-to-date: /home/golftrolley/robot_ws/install/ydlidar_sdk/include/core/base/ydlidar.h
[1.688s] -- Up-to-date: /home/golftrolley/robot_ws/install/ydlidar_sdk/include/core/common/ChannelDevice.h
[1.689s] -- Up-to-date: /home/golftrolley/robot_ws/install/ydlidar_sdk/include/core/common/DriverInterface.h
[1.689s] -- Up-to-date: /home/golftrolley/robot_ws/install/ydlidar_sdk/include/core/common/ydlidar_datatype.h
[1.690s] -- Up-to-date: /home/golftrolley/robot_ws/install/ydlidar_sdk/include/core/common/ydlidar_def.h
[1.694s] -- Up-to-date: /home/golftrolley/robot_ws/install/ydlidar_sdk/include/core/common/ydlidar_help.h
[1.694s] -- Up-to-date: /home/golftrolley/robot_ws/install/ydlidar_sdk/include/core/common/ydlidar_protocol.h
[1.695s] -- Up-to-date: /home/golftrolley/robot_ws/install/ydlidar_sdk/include/core/json/cJSON.h
[1.695s] -- Up-to-date: /home/golftrolley/robot_ws/install/ydlidar_sdk/include/core/math/angles.h
[1.698s] -- Up-to-date: /home/golftrolley/robot_ws/install/ydlidar_sdk/include/core/network/ActiveSocket.h
[1.699s] -- Up-to-date: /home/golftrolley/robot_ws/install/ydlidar_sdk/include/core/network/PassiveSocket.h
[1.700s] -- Up-to-date: /home/golftrolley/robot_ws/install/ydlidar_sdk/include/core/network/SimpleSocket.h
[1.702s] -- Up-to-date: /home/golftrolley/robot_ws/install/ydlidar_sdk/include/core/network/StatTimer.h
[1.703s] -- Up-to-date: /home/golftrolley/robot_ws/install/ydlidar_sdk/include/core/serial/common.h
[1.705s] -- Up-to-date: /home/golftrolley/robot_ws/install/ydlidar_sdk/include/core/serial/serial.h
[1.707s] -- Up-to-date: /home/golftrolley/robot_ws/install/ydlidar_sdk/include/core/serial/impl/unix/lock.h
[1.708s] -- Up-to-date: /home/golftrolley/robot_ws/install/ydlidar_sdk/include/core/serial/impl/unix/unix.h
[1.710s] -- Up-to-date: /home/golftrolley/robot_ws/install/ydlidar_sdk/include/core/serial/impl/unix/unix_serial.h
[1.712s] -- Up-to-date: /home/golftrolley/robot_ws/install/ydlidar_sdk/include/src/CYdLidar.h
[1.713s] -- Up-to-date: /home/golftrolley/robot_ws/install/ydlidar_sdk/include/src/DTSLidarDriver.h
[1.715s] -- Up-to-date: /home/golftrolley/robot_ws/install/ydlidar_sdk/include/src/ETLidarDriver.h
[1.717s] -- Up-to-date: /home/golftrolley/robot_ws/install/ydlidar_sdk/include/src/GSLidarDriver.h
[1.721s] -- Up-to-date: /home/golftrolley/robot_ws/install/ydlidar_sdk/include/src/SDMLidarDriver.h
[1.722s] -- Up-to-date: /home/golftrolley/robot_ws/install/ydlidar_sdk/include/src/TiaLidarDriver.h
[1.722s] -- Up-to-date: /home/golftrolley/robot_ws/install/ydlidar_sdk/include/src/YDlidarDriver.h
[1.727s] -- Up-to-date: /home/golftrolley/robot_ws/install/ydlidar_sdk/include/src/ydlidar_sdk.h
[1.728s] -- Up-to-date: /home/golftrolley/robot_ws/install/ydlidar_sdk/include/src/filters/FilterInterface.h
[1.728s] -- Up-to-date: /home/golftrolley/robot_ws/install/ydlidar_sdk/include/src/filters/NoiseFilter.h
[1.729s] -- Up-to-date: /home/golftrolley/robot_ws/install/ydlidar_sdk/include/src/filters/StrongLightFilter.h
[1.734s] -- Up-to-date: /home/golftrolley/robot_ws/install/ydlidar_sdk/include/ydlidar_config.h
[1.735s] -- Up-to-date: /home/golftrolley/robot_ws/install/ydlidar_sdk/lib/libydlidar_sdk.a
[1.738s] -- Up-to-date: /home/golftrolley/robot_ws/install/ydlidar_sdk/lib/pkgconfig/YDLIDAR_SDK.pc
[1.742s] -- Up-to-date: /home/golftrolley/robot_ws/install/ydlidar_sdk/lib/cmake/ydlidar_sdk/ydlidar_sdkConfig.cmake
[1.744s] -- Up-to-date: /home/golftrolley/robot_ws/install/ydlidar_sdk/lib/cmake/ydlidar_sdk/ydlidar_sdkTargets.cmake
[1.745s] -- Up-to-date: /home/golftrolley/robot_ws/install/ydlidar_sdk/lib/cmake/ydlidar_sdk/ydlidar_sdkConfigVersion.cmake
[1.757s] -- Up-to-date: /home/golftrolley/robot_ws/install/ydlidar_sdk/share/YDLIDAR_SDK/FindYDLIDAR_SDK.cmake
[1.757s] -- Up-to-date: /home/golftrolley/robot_ws/install/ydlidar_sdk/share/YDLIDAR_SDK
[1.758s] -- Up-to-date: /home/golftrolley/robot_ws/install/ydlidar_sdk/share/YDLIDAR_SDK/cmake_uninstall.cmake.in
[1.759s] -- Up-to-date: /home/golftrolley/robot_ws/install/ydlidar_sdk/share/YDLIDAR_SDK/common
[1.759s] -- Up-to-date: /home/golftrolley/robot_ws/install/ydlidar_sdk/share/YDLIDAR_SDK/common/ydlidar_base.cmake
[1.764s] -- Up-to-date: /home/golftrolley/robot_ws/install/ydlidar_sdk/share/YDLIDAR_SDK/common/ydlidar_parse.cmake
[1.764s] -- Up-to-date: /home/golftrolley/robot_ws/install/ydlidar_sdk/share/YDLIDAR_SDK/install_package.cmake
[1.765s] -- Up-to-date: /home/golftrolley/robot_ws/install/ydlidar_sdk/share/YDLIDAR_SDK/PackageConfigVersion.cmake.in
[1.769s] -- Up-to-date: /home/golftrolley/robot_ws/install/ydlidar_sdk/share/YDLIDAR_SDK/script_show_final_summary.cmake
[1.775s] -- Up-to-date: /home/golftrolley/robot_ws/install/ydlidar_sdk/share/YDLIDAR_SDK/FindPackage.cmake.in
[1.778s] -- Up-to-date: /home/golftrolley/robot_ws/install/ydlidar_sdk/share/YDLIDAR_SDK/PkgConfig.pc.in
[1.778s] -- Up-to-date: /home/golftrolley/robot_ws/install/ydlidar_sdk/share/YDLIDAR_SDK/PackageConfig.cmake.in
[1.782s] -- Up-to-date: /home/golftrolley/robot_ws/install/ydlidar_sdk/share/YDLIDAR_SDK/LICENSE.txt
[1.783s] -- Up-to-date: /home/golftrolley/robot_ws/install/ydlidar_sdk/share/YDLIDAR_SDK/README.md
[1.783s] -- Up-to-date: /home/golftrolley/robot_ws/install/ydlidar_sdk/share/YDLIDAR_SDK/doc
[1.784s] -- Up-to-date: /home/golftrolley/robot_ws/install/ydlidar_sdk/share/YDLIDAR_SDK/doc/Diagram.md
[1.784s] -- Up-to-date: /home/golftrolley/robot_ws/install/ydlidar_sdk/share/YDLIDAR_SDK/doc/Dataset.md
[1.789s] -- Up-to-date: /home/golftrolley/robot_ws/install/ydlidar_sdk/share/YDLIDAR_SDK/doc/tutorials
[1.790s] -- Up-to-date: /home/golftrolley/robot_ws/install/ydlidar_sdk/share/YDLIDAR_SDK/doc/tutorials/writing_lidar_tutorial_c++.md
[1.790s] -- Up-to-date: /home/golftrolley/robot_ws/install/ydlidar_sdk/share/YDLIDAR_SDK/doc/tutorials/writing_lidar_tutorial_python.md
[1.791s] -- Up-to-date: /home/golftrolley/robot_ws/install/ydlidar_sdk/share/YDLIDAR_SDK/doc/tutorials/writing_lidar_tutorial_c.md
[1.792s] -- Up-to-date: /home/golftrolley/robot_ws/install/ydlidar_sdk/share/YDLIDAR_SDK/doc/tutorials/writing_lidar_network_adapter_tutorial_c++.md
[1.797s] -- Up-to-date: /home/golftrolley/robot_ws/install/ydlidar_sdk/share/YDLIDAR_SDK/doc/tutorials/examine_the_simple_lidar_tutorial.md
[1.798s] -- Up-to-date: /home/golftrolley/robot_ws/install/ydlidar_sdk/share/YDLIDAR_SDK/doc/SDK.pdf
[1.803s] -- Up-to-date: /home/golftrolley/robot_ws/install/ydlidar_sdk/share/YDLIDAR_SDK/doc/YDLidar-SDK-Communication-Protocol.pdf
[1.803s] -- Up-to-date: /home/golftrolley/robot_ws/install/ydlidar_sdk/share/YDLIDAR_SDK/doc/YDLIDAR_SDK_API_for_Developers.md
[1.804s] -- Up-to-date: /home/golftrolley/robot_ws/install/ydlidar_sdk/share/YDLIDAR_SDK/doc/YDLidar_SDK_Communication_Protocol.pdf
[1.805s] -- Up-to-date: /home/golftrolley/robot_ws/install/ydlidar_sdk/share/YDLIDAR_SDK/doc/Tutorials.md
[1.808s] -- Up-to-date: /home/golftrolley/robot_ws/install/ydlidar_sdk/share/YDLIDAR_SDK/doc/images
[1.809s] -- Up-to-date: /home/golftrolley/robot_ws/install/ydlidar_sdk/share/YDLIDAR_SDK/doc/images/sdk_init.png
[1.809s] -- Up-to-date: /home/golftrolley/robot_ws/install/ydlidar_sdk/share/YDLIDAR_SDK/doc/images/sdk_scanning.png
[1.810s] -- Up-to-date: /home/golftrolley/robot_ws/install/ydlidar_sdk/share/YDLIDAR_SDK/doc/images/angle_q2.png
[1.810s] -- Up-to-date: /home/golftrolley/robot_ws/install/ydlidar_sdk/share/YDLIDAR_SDK/doc/images/communication_mechanism.png
[1.816s] -- Up-to-date: /home/golftrolley/robot_ws/install/ydlidar_sdk/share/YDLIDAR_SDK/doc/images/sequence.png
[1.817s] -- Up-to-date: /home/golftrolley/robot_ws/install/ydlidar_sdk/share/YDLIDAR_SDK/doc/images/YDLidar.jpg
[1.818s] -- Up-to-date: /home/golftrolley/robot_ws/install/ydlidar_sdk/share/YDLIDAR_SDK/doc/images/frame_intensity.png
[1.822s] -- Up-to-date: /home/golftrolley/robot_ws/install/ydlidar_sdk/share/YDLIDAR_SDK/doc/images/EAI.png
[1.822s] -- Up-to-date: /home/golftrolley/robot_ws/install/ydlidar_sdk/share/YDLIDAR_SDK/doc/images/FlowChart.png
[1.823s] -- Up-to-date: /home/golftrolley/robot_ws/install/ydlidar_sdk/share/YDLIDAR_SDK/doc/images/system_workflow.png
[1.824s] -- Up-to-date: /home/golftrolley/robot_ws/install/ydlidar_sdk/share/YDLIDAR_SDK/doc/images/sdk_architecture.png
[1.828s] -- Up-to-date: /home/golftrolley/robot_ws/install/ydlidar_sdk/share/YDLIDAR_SDK/doc/images/frame.png
[1.830s] -- Up-to-date: /home/golftrolley/robot_ws/install/ydlidar_sdk/share/YDLIDAR_SDK/doc/images/YDLidar.png
[1.833s] -- Up-to-date: /home/golftrolley/robot_ws/install/ydlidar_sdk/share/YDLIDAR_SDK/doc/YDLidar-SDK-Communication-Protocol.md
[1.834s] -- Up-to-date: /home/golftrolley/robot_ws/install/ydlidar_sdk/share/YDLIDAR_SDK/doc/README.md
[1.835s] -- Up-to-date: /home/golftrolley/robot_ws/install/ydlidar_sdk/share/YDLIDAR_SDK/doc/howto
[1.835s] -- Up-to-date: /home/golftrolley/robot_ws/install/ydlidar_sdk/share/YDLIDAR_SDK/doc/howto/how_to_create_a_udev_rules.md
[1.838s] -- Up-to-date: /home/golftrolley/robot_ws/install/ydlidar_sdk/share/YDLIDAR_SDK/doc/howto/how_to_build_and_install.md
[1.839s] -- Up-to-date: /home/golftrolley/robot_ws/install/ydlidar_sdk/share/YDLIDAR_SDK/doc/howto/how_to_create_a_pull.md
[1.840s] -- Up-to-date: /home/golftrolley/robot_ws/install/ydlidar_sdk/share/YDLIDAR_SDK/doc/howto/images
[1.843s] -- Up-to-date: /home/golftrolley/robot_ws/install/ydlidar_sdk/share/YDLIDAR_SDK/doc/howto/images/csharp_library.png
[1.845s] -- Up-to-date: /home/golftrolley/robot_ws/install/ydlidar_sdk/share/YDLIDAR_SDK/doc/howto/images/sdk_init.png
[1.845s] -- Up-to-date: /home/golftrolley/robot_ws/install/ydlidar_sdk/share/YDLIDAR_SDK/doc/howto/images/sdk_scanning.png
[1.846s] -- Up-to-date: /home/golftrolley/robot_ws/install/ydlidar_sdk/share/YDLIDAR_SDK/doc/howto/images/csharp_build.png
[1.851s] -- Up-to-date: /home/golftrolley/robot_ws/install/ydlidar_sdk/share/YDLIDAR_SDK/doc/howto/images/csharp_exception.png
[1.852s] -- Up-to-date: /home/golftrolley/robot_ws/install/ydlidar_sdk/share/YDLIDAR_SDK/doc/howto/images/ydlidar_lidar_monitor.png
[1.857s] -- Up-to-date: /home/golftrolley/robot_ws/install/ydlidar_sdk/share/YDLIDAR_SDK/doc/howto/images/csharp_running.png
[1.857s] -- Up-to-date: /home/golftrolley/robot_ws/install/ydlidar_sdk/share/YDLIDAR_SDK/doc/howto/images/sequence.png
[1.861s] -- Up-to-date: /home/golftrolley/robot_ws/install/ydlidar_sdk/share/YDLIDAR_SDK/doc/howto/images/vscode
[1.862s] -- Up-to-date: /home/golftrolley/robot_ws/install/ydlidar_sdk/share/YDLIDAR_SDK/doc/howto/images/vscode/run_tasks.jpg
[1.864s] -- Up-to-date: /home/golftrolley/robot_ws/install/ydlidar_sdk/share/YDLIDAR_SDK/doc/howto/images/vscode/tasks.png
[1.864s] -- Up-to-date: /home/golftrolley/robot_ws/install/ydlidar_sdk/share/YDLIDAR_SDK/doc/howto/images/csharp_project.png
[1.868s] -- Up-to-date: /home/golftrolley/robot_ws/install/ydlidar_sdk/share/YDLIDAR_SDK/doc/howto/images/ttyUSB0.png
[1.869s] -- Up-to-date: /home/golftrolley/robot_ws/install/ydlidar_sdk/share/YDLIDAR_SDK/doc/howto/images/ttyUSB1.png
[1.869s] -- Up-to-date: /home/golftrolley/robot_ws/install/ydlidar_sdk/share/YDLIDAR_SDK/doc/howto/images/cpack.png
[1.876s] -- Up-to-date: /home/golftrolley/robot_ws/install/ydlidar_sdk/share/YDLIDAR_SDK/doc/howto/how_to_gerenrate_vs_project_by_cmake.md
[1.877s] -- Up-to-date: /home/golftrolley/robot_ws/install/ydlidar_sdk/share/YDLIDAR_SDK/doc/howto/how_to_solve_slow_pull_from_cn.md
[1.877s] -- Up-to-date: /home/golftrolley/robot_ws/install/ydlidar_sdk/share/YDLIDAR_SDK/doc/howto/how_to_build_and_debug_using_vscode.md
[1.878s] -- Up-to-date: /home/golftrolley/robot_ws/install/ydlidar_sdk/share/YDLIDAR_SDK/doc/howto/README.md
[1.879s] -- Up-to-date: /home/golftrolley/robot_ws/install/ydlidar_sdk/share/YDLIDAR_SDK/doc/howto/how_to_create_a_csharp_project.md
[1.883s] -- Up-to-date: /home/golftrolley/robot_ws/install/ydlidar_sdk/share/YDLIDAR_SDK/doc/quickstart
[1.884s] -- Up-to-date: /home/golftrolley/robot_ws/install/ydlidar_sdk/share/YDLIDAR_SDK/doc/quickstart/ydlidar_sdk_software_installation_guide.md
[1.885s] -- Up-to-date: /home/golftrolley/robot_ws/install/ydlidar_sdk/share/YDLIDAR_SDK/doc/quickstart/README.md
[1.889s] -- Up-to-date: /home/golftrolley/robot_ws/install/ydlidar_sdk/share/YDLIDAR_SDK/doc/YDLidar-SDK-Communication-Protocol.html
[1.889s] -- Up-to-date: /home/golftrolley/robot_ws/install/ydlidar_sdk/share/YDLIDAR_SDK/doc/FAQs
[1.890s] -- Up-to-date: /home/golftrolley/robot_ws/install/ydlidar_sdk/share/YDLIDAR_SDK/doc/FAQs/Software_FAQs_cn.md
[1.894s] -- Up-to-date: /home/golftrolley/robot_ws/install/ydlidar_sdk/share/YDLIDAR_SDK/doc/FAQs/General_FAQs_cn.md
[1.894s] -- Up-to-date: /home/golftrolley/robot_ws/install/ydlidar_sdk/share/YDLIDAR_SDK/doc/FAQs/Hardware_FAQs_cn.md
[1.895s] -- Up-to-date: /home/golftrolley/robot_ws/install/ydlidar_sdk/share/YDLIDAR_SDK/doc/FAQs/General_FAQs.md
[1.896s] -- Up-to-date: /home/golftrolley/robot_ws/install/ydlidar_sdk/share/YDLIDAR_SDK/doc/FAQs/Hardware_FAQs.md
[1.899s] -- Up-to-date: /home/golftrolley/robot_ws/install/ydlidar_sdk/share/YDLIDAR_SDK/doc/FAQs/README.md
[1.899s] -- Up-to-date: /home/golftrolley/robot_ws/install/ydlidar_sdk/share/YDLIDAR_SDK/doc/FAQs/Software_FAQs.md
[1.903s] -- Up-to-date: /home/golftrolley/robot_ws/install/ydlidar_sdk/startup/initenv.sh
[1.904s] -- Up-to-date: /home/golftrolley/robot_ws/install/ydlidar_sdk/bin/et_test
[1.905s] -- Up-to-date: /home/golftrolley/robot_ws/install/ydlidar_sdk/bin/gs_ota
[1.905s] -- Up-to-date: /home/golftrolley/robot_ws/install/ydlidar_sdk/bin/gs_restart
[1.907s] -- Up-to-date: /home/golftrolley/robot_ws/install/ydlidar_sdk/bin/gs_test
[1.915s] -- Up-to-date: /home/golftrolley/robot_ws/install/ydlidar_sdk/bin/gs_test2
[1.916s] -- Up-to-date: /home/golftrolley/robot_ws/install/ydlidar_sdk/bin/scl_test
[1.920s] -- Up-to-date: /home/golftrolley/robot_ws/install/ydlidar_sdk/bin/sdm18_test
[1.921s] -- Up-to-date: /home/golftrolley/robot_ws/install/ydlidar_sdk/bin/sdm_test
[1.921s] -- Up-to-date: /home/golftrolley/robot_ws/install/ydlidar_sdk/bin/tea_test
[1.925s] -- Up-to-date: /home/golftrolley/robot_ws/install/ydlidar_sdk/bin/tia_test
[1.926s] -- Up-to-date: /home/golftrolley/robot_ws/install/ydlidar_sdk/bin/tmini-sh_test
[1.926s] -- Up-to-date: /home/golftrolley/robot_ws/install/ydlidar_sdk/bin/tmini_test
[1.927s] -- Up-to-date: /home/golftrolley/robot_ws/install/ydlidar_sdk/bin/tof_test
[1.927s] -- Up-to-date: /home/golftrolley/robot_ws/install/ydlidar_sdk/bin/tri_and_gs_test
[1.928s] -- Up-to-date: /home/golftrolley/robot_ws/install/ydlidar_sdk/bin/tri_restart
[1.931s] -- Up-to-date: /home/golftrolley/robot_ws/install/ydlidar_sdk/bin/tri_test
[1.932s] -- Up-to-date: /home/golftrolley/robot_ws/install/ydlidar_sdk/bin/lidar_c_api_test
[1.932s] Invoked command in '/home/golftrolley/robot_ws/build/ydlidar_sdk' returned '0': PS1=(venv) \[\e]0;\u@\h: \w\a\]${debian_chroot:+($debian_chroot)}\[\033[01;32m\]\u@\h\[\033[00m\]:\[\033[01;34m\]\w\[\033[00m\]\$ VIRTUAL_ENV_PROMPT=(venv) /usr/bin/cmake --install /home/golftrolley/robot_ws/build/ydlidar_sdk
