[0.056s] Invoking command in '/home/golftrolley/robot_ws/build/stereo_camera_node': CMAKE_PREFIX_PATH=${CMAKE_PREFIX_PATH}:/home/golftrolley/robot_ws/install/stereo_camera_split:/home/golftrolley/robot_ws/install/serial_motor_demo:/home/golftrolley/robot_ws/install/golftrolley:/opt/ros/jazzy /usr/bin/cmake --build /home/golftrolley/robot_ws/build/stereo_camera_node -- -j4 -l4
[0.208s] -- Found ament_cmake: 2.5.4 (/opt/ros/jazzy/share/ament_cmake/cmake)
[1.328s] -- Found rclcpp: 28.1.10 (/opt/ros/jazzy/share/rclcpp/cmake)
[1.491s] -- Found rosidl_generator_c: 4.6.5 (/opt/ros/jazzy/share/rosidl_generator_c/cmake)
[1.532s] -- Found rosidl_generator_cpp: 4.6.5 (/opt/ros/jazzy/share/rosidl_generator_cpp/cmake)
[1.584s] -- Using all available rosidl_typesupport_c: rosidl_typesupport_fastrtps_c;rosidl_typesupport_introspection_c
[1.643s] -- Using all available rosidl_typesupport_cpp: rosidl_typesupport_fastrtps_cpp;rosidl_typesupport_introspection_cpp
[1.890s] -- Found rmw_implementation_cmake: 7.3.2 (/opt/ros/jazzy/share/rmw_implementation_cmake/cmake)
[1.897s] -- Found rmw_fastrtps_cpp: 8.4.2 (/opt/ros/jazzy/share/rmw_fastrtps_cpp/cmake)
[2.182s] -- Using RMW implementation 'rmw_fastrtps_cpp' as default
[2.416s] -- Found sensor_msgs: 5.3.6 (/opt/ros/jazzy/share/sensor_msgs/cmake)
[2.617s] -- Found cv_bridge: 4.1.0 (/opt/ros/jazzy/share/cv_bridge/cmake)
[2.676s] -- Found ament_lint_auto: 0.17.2 (/opt/ros/jazzy/share/ament_lint_auto/cmake)
[3.204s] -- Added test 'cppcheck' to perform static code analysis on C / C++ code
[3.205s] -- Configured cppcheck include dirs: 
[3.206s] -- Configured cppcheck exclude dirs and/or files: 
[3.224s] -- Added test 'lint_cmake' to check CMake code style
[3.274s] -- Added test 'uncrustify' to check C / C++ code style
[3.275s] -- Configured uncrustify additional arguments: 
[3.281s] -- Added test 'xmllint' to check XML markup files
[3.286s] -- Configuring done (3.1s)
[3.401s] -- Generating done (0.1s)
[3.428s] -- Build files have been written to: /home/golftrolley/robot_ws/build/stereo_camera_node
[3.705s] [ 50%] Built target stereo_calibration_capture
[3.711s] [ 75%] [32mBuilding CXX object CMakeFiles/stereo_camera_node.dir/src/stereo_camera_node.cpp.o[0m
[18.966s] [01m[K/home/golftrolley/robot_ws/src/stereo_camera_node/src/stereo_camera_node.cpp:[m[K In member function ‘[01m[Kvoid StereoCameraNode::[01;32m[KcaptureAndPublish[m[K()[m[K’:
[18.967s] [01m[K/home/golftrolley/robot_ws/src/stereo_camera_node/src/stereo_camera_node.cpp:74:32:[m[K [01;31m[Kerror: [m[Kno matching function for call to ‘[01m[Krclcpp::Publisher<sensor_msgs::msg::Image_<std::allocator<void> > >::publish(std::shared_ptr<sensor_msgs::msg::Image_<std::allocator<void> > >&)[m[K’
[18.968s]    74 |         [01;31m[Kleft_rect_pub_->publish(left_msg)[m[K;
[18.968s]       |         [01;31m[K~~~~~~~~~~~~~~~~~~~~~~~^~~~~~~~~~[m[K
[18.969s] In file included from [01m[K/opt/ros/jazzy/include/rclcpp/rclcpp/topic_statistics/subscription_topic_statistics.hpp:31[m[K,
[18.969s]                  from [01m[K/opt/ros/jazzy/include/rclcpp/rclcpp/subscription.hpp:50[m[K,
[18.970s]                  from [01m[K/opt/ros/jazzy/include/rclcpp/rclcpp/any_executable.hpp:25[m[K,
[18.972s]                  from [01m[K/opt/ros/jazzy/include/rclcpp/rclcpp/memory_strategy.hpp:25[m[K,
[18.973s]                  from [01m[K/opt/ros/jazzy/include/rclcpp/rclcpp/memory_strategies.hpp:18[m[K,
[18.974s]                  from [01m[K/opt/ros/jazzy/include/rclcpp/rclcpp/executor_options.hpp:22[m[K,
[18.974s]                  from [01m[K/opt/ros/jazzy/include/rclcpp/rclcpp/executor.hpp:38[m[K,
[18.975s]                  from [01m[K/opt/ros/jazzy/include/rclcpp/rclcpp/executors/multi_threaded_executor.hpp:25[m[K,
[18.975s]                  from [01m[K/opt/ros/jazzy/include/rclcpp/rclcpp/executors.hpp:21[m[K,
[18.976s]                  from [01m[K/opt/ros/jazzy/include/rclcpp/rclcpp/rclcpp.hpp:172[m[K,
[18.977s]                  from [01m[K/home/golftrolley/robot_ws/src/stereo_camera_node/src/stereo_camera_node.cpp:1[m[K:
[18.978s] [01m[K/opt/ros/jazzy/include/rclcpp/rclcpp/publisher.hpp:242:3:[m[K [01;36m[Knote: [m[Kcandidate: ‘[01m[Ktemplate<class T> std::enable_if_t<(rosidl_generator_traits::is_message<T>::value && std::is_same<T, typename rclcpp::TypeAdapter<MessageT>::ros_message_type>::value)> rclcpp::Publisher<MessageT, AllocatorT>::[01;32m[Kpublish[m[K(std::unique_ptr<T, typename std::conditional<std::is_same<typename std::allocator_traits<typename std::allocator_traits<_Allocator>::rebind_traits<typename rclcpp::TypeAdapter<MessageT, void, void>::ros_message_type>::allocator_type>::rebind_alloc<typename rclcpp::TypeAdapter<MessageT, void, void>::ros_message_type>, std::allocator<typename rclcpp::TypeAdapter<MessageT>::ros_message_type> >::value, std::default_delete<typename rclcpp::TypeAdapter<MessageT>::ros_message_type>, rclcpp::allocator::AllocatorDeleter<typename std::allocator_traits<_Allocator>::rebind_traits<typename rclcpp::TypeAdapter<MessageT, void, void>::ros_message_type>::allocator_type> >::type>) [35m[K[with MessageT = sensor_msgs::msg::Image_<std::allocator<void> >; AllocatorT = std::allocator<void>][m[K[m[K’
[18.979s]   242 |   [01;36m[Kpublish[m[K(std::unique_ptr<T, ROSMessageTypeDeleter> msg)
[18.980s]       |   [01;36m[K^~~~~~~[m[K
[18.981s] [01m[K/opt/ros/jazzy/include/rclcpp/rclcpp/publisher.hpp:242:3:[m[K [01;36m[Knote: [m[K  template argument deduction/substitution failed:
[18.981s] [01m[K/home/golftrolley/robot_ws/src/stereo_camera_node/src/stereo_camera_node.cpp:74:32:[m[K [01;36m[Knote: [m[K  ‘[01m[Kstd::shared_ptr<sensor_msgs::msg::Image_<std::allocator<void> > >[m[K’ is not derived from ‘[01m[Kstd::unique_ptr<T, std::default_delete<sensor_msgs::msg::Image_<std::allocator<void> > > >[m[K’
[18.982s]    74 |         [01;36m[Kleft_rect_pub_->publish(left_msg)[m[K;
[18.982s]       |         [01;36m[K~~~~~~~~~~~~~~~~~~~~~~~^~~~~~~~~~[m[K
[18.983s] [01m[K/opt/ros/jazzy/include/rclcpp/rclcpp/publisher.hpp:296:3:[m[K [01;36m[Knote: [m[Kcandidate: ‘[01m[Ktemplate<class T> std::enable_if_t<(rosidl_generator_traits::is_message<T>::value && std::is_same<T, typename rclcpp::TypeAdapter<MessageT>::ros_message_type>::value)> rclcpp::Publisher<MessageT, AllocatorT>::[01;32m[Kpublish[m[K(const T&) [35m[K[with MessageT = sensor_msgs::msg::Image_<std::allocator<void> >; AllocatorT = std::allocator<void>][m[K[m[K’
[18.984s]   296 |   [01;36m[Kpublish[m[K(const T & msg)
[18.985s]       |   [01;36m[K^~~~~~~[m[K
[18.985s] [01m[K/opt/ros/jazzy/include/rclcpp/rclcpp/publisher.hpp:296:3:[m[K [01;36m[Knote: [m[K  template argument deduction/substitution failed:
[18.986s] In file included from [01m[K/usr/include/c++/13/bits/move.h:37[m[K,
[18.986s]                  from [01m[K/usr/include/c++/13/bits/new_allocator.h:36[m[K,
[18.987s]                  from [01m[K/usr/include/aarch64-linux-gnu/c++/13/bits/c++allocator.h:33[m[K,
[18.987s]                  from [01m[K/usr/include/c++/13/bits/allocator.h:46[m[K,
[18.988s]                  from [01m[K/usr/include/c++/13/memory:65[m[K,
[18.988s]                  from [01m[K/opt/ros/jazzy/include/rclcpp/rclcpp/rclcpp.hpp:169[m[K:
[18.989s] /usr/include/c++/13/type_traits: In substitution of ‘[01m[Ktemplate<bool _Cond, class _Tp> using std::enable_if_t = typename std::enable_if::type [35m[K[with bool _Cond = false; _Tp = void][m[K[m[K’:
[18.989s] [01m[K/opt/ros/jazzy/include/rclcpp/rclcpp/publisher.hpp:296:3:[m[K   required by substitution of ‘[01m[Ktemplate<class T> std::enable_if_t<(rosidl_generator_traits::is_message<T>::value && std::is_same<T, sensor_msgs::msg::Image_<std::allocator<void> > >::value), void> rclcpp::Publisher<sensor_msgs::msg::Image_<std::allocator<void> > >::[01;32m[Kpublish[m[K(const T&) [35m[K[with T = std::shared_ptr<sensor_msgs::msg::Image_<std::allocator<void> > >][m[K[m[K’
[18.990s] [01m[K/home/golftrolley/robot_ws/src/stereo_camera_node/src/stereo_camera_node.cpp:74:32:[m[K   required from here
[18.990s] [01m[K/usr/include/c++/13/type_traits:2610:11:[m[K [01;31m[Kerror: [m[Kno type named ‘[01m[Ktype[m[K’ in ‘[01m[Kstruct std::enable_if<false, void>[m[K’
[18.991s]  2610 |     using [01;31m[Kenable_if_t[m[K = typename enable_if<_Cond, _Tp>::type;
[18.991s]       |           [01;31m[K^~~~~~~~~~~[m[K
[18.992s] [01m[K/opt/ros/jazzy/include/rclcpp/rclcpp/publisher.hpp:326:3:[m[K [01;36m[Knote: [m[Kcandidate: ‘[01m[Ktemplate<class T> std::enable_if_t<(typename rclcpp::TypeAdapter<MessageT>::is_specialized::value && std::is_same<T, typename rclcpp::TypeAdapter<MessageT>::custom_type>::value)> rclcpp::Publisher<MessageT, AllocatorT>::[01;32m[Kpublish[m[K(std::unique_ptr<T, typename std::conditional<std::is_same<typename std::allocator_traits<typename std::allocator_traits<_Allocator>::rebind_traits<typename rclcpp::TypeAdapter<MessageT, void, void>::custom_type>::allocator_type>::rebind_alloc<typename rclcpp::TypeAdapter<MessageT, void, void>::custom_type>, std::allocator<typename rclcpp::TypeAdapter<MessageT>::custom_type> >::value, std::default_delete<typename rclcpp::TypeAdapter<MessageT>::custom_type>, rclcpp::allocator::AllocatorDeleter<typename std::allocator_traits<_Allocator>::rebind_traits<typename rclcpp::TypeAdapter<MessageT, void, void>::custom_type>::allocator_type> >::type>) [35m[K[with MessageT = sensor_msgs::msg::Image_<std::allocator<void> >; AllocatorT = std::allocator<void>][m[K[m[K’
[18.992s]   326 |   [01;36m[Kpublish[m[K(std::unique_ptr<T, PublishedTypeDeleter> msg)
[18.993s]       |   [01;36m[K^~~~~~~[m[K
[18.993s] [01m[K/opt/ros/jazzy/include/rclcpp/rclcpp/publisher.hpp:326:3:[m[K [01;36m[Knote: [m[K  template argument deduction/substitution failed:
[18.994s] [01m[K/home/golftrolley/robot_ws/src/stereo_camera_node/src/stereo_camera_node.cpp:74:32:[m[K [01;36m[Knote: [m[K  ‘[01m[Kstd::shared_ptr<sensor_msgs::msg::Image_<std::allocator<void> > >[m[K’ is not derived from ‘[01m[Kstd::unique_ptr<T, std::default_delete<sensor_msgs::msg::Image_<std::allocator<void> > > >[m[K’
[18.994s]    74 |         [01;36m[Kleft_rect_pub_->publish(left_msg)[m[K;
[18.995s]       |         [01;36m[K~~~~~~~~~~~~~~~~~~~~~~~^~~~~~~~~~[m[K
[18.995s] [01m[K/opt/ros/jazzy/include/rclcpp/rclcpp/publisher.hpp:376:3:[m[K [01;36m[Knote: [m[Kcandidate: ‘[01m[Ktemplate<class T> std::enable_if_t<(typename rclcpp::TypeAdapter<MessageT>::is_specialized::value && std::is_same<T, typename rclcpp::TypeAdapter<MessageT>::custom_type>::value)> rclcpp::Publisher<MessageT, AllocatorT>::[01;32m[Kpublish[m[K(const T&) [35m[K[with MessageT = sensor_msgs::msg::Image_<std::allocator<void> >; AllocatorT = std::allocator<void>][m[K[m[K’
[18.996s]   376 |   [01;36m[Kpublish[m[K(const T & msg)
[18.996s]       |   [01;36m[K^~~~~~~[m[K
[18.997s] [01m[K/opt/ros/jazzy/include/rclcpp/rclcpp/publisher.hpp:376:3:[m[K [01;36m[Knote: [m[K  template argument deduction/substitution failed:
[18.997s] [01m[K/opt/ros/jazzy/include/rclcpp/rclcpp/publisher.hpp:394:3:[m[K [01;36m[Knote: [m[Kcandidate: ‘[01m[Kvoid rclcpp::Publisher<MessageT, AllocatorT>::[01;32m[Kpublish[m[K(const rcl_serialized_message_t&) [35m[K[with MessageT = sensor_msgs::msg::Image_<std::allocator<void> >; AllocatorT = std::allocator<void>; rcl_serialized_message_t = rcutils_uint8_array_s][m[K[m[K’
[18.997s]   394 |   [01;36m[Kpublish[m[K(const rcl_serialized_message_t & serialized_msg)
[18.998s]       |   [01;36m[K^~~~~~~[m[K
[18.998s] [01m[K/opt/ros/jazzy/include/rclcpp/rclcpp/publisher.hpp:394:44:[m[K [01;36m[Knote: [m[K  no known conversion for argument 1 from ‘[01m[Kstd::shared_ptr<sensor_msgs::msg::Image_<std::allocator<void> > >[m[K’ to ‘[01m[Kconst rcl_serialized_message_t&[m[K’ {aka ‘[01m[Kconst rcutils_uint8_array_s&[m[K’}
[18.999s]   394 |   publish([01;36m[Kconst rcl_serialized_message_t & serialized_msg[m[K)
[18.999s]       |           [01;36m[K~~~~~~~~~~~~~~~~~~~~~~~~~~~~~~~~~^~~~~~~~~~~~~~[m[K
[19.000s] [01m[K/opt/ros/jazzy/include/rclcpp/rclcpp/publisher.hpp:400:3:[m[K [01;36m[Knote: [m[Kcandidate: ‘[01m[Kvoid rclcpp::Publisher<MessageT, AllocatorT>::[01;32m[Kpublish[m[K(const rclcpp::SerializedMessage&) [35m[K[with MessageT = sensor_msgs::msg::Image_<std::allocator<void> >; AllocatorT = std::allocator<void>][m[K[m[K’
[19.000s]   400 |   [01;36m[Kpublish[m[K(const SerializedMessage & serialized_msg)
[19.001s]       |   [01;36m[K^~~~~~~[m[K
[19.001s] [01m[K/opt/ros/jazzy/include/rclcpp/rclcpp/publisher.hpp:400:37:[m[K [01;36m[Knote: [m[K  no known conversion for argument 1 from ‘[01m[Kstd::shared_ptr<sensor_msgs::msg::Image_<std::allocator<void> > >[m[K’ to ‘[01m[Kconst rclcpp::SerializedMessage&[m[K’
[19.002s]   400 |   publish([01;36m[Kconst SerializedMessage & serialized_msg[m[K)
[19.002s]       |           [01;36m[K~~~~~~~~~~~~~~~~~~~~~~~~~~^~~~~~~~~~~~~~[m[K
[19.003s] [01m[K/opt/ros/jazzy/include/rclcpp/rclcpp/publisher.hpp:414:3:[m[K [01;36m[Knote: [m[Kcandidate: ‘[01m[Kvoid rclcpp::Publisher<MessageT, AllocatorT>::[01;32m[Kpublish[m[K(rclcpp::LoanedMessage<typename rclcpp::TypeAdapter<MessageT>::ros_message_type, AllocatorT>&&) [35m[K[with MessageT = sensor_msgs::msg::Image_<std::allocator<void> >; AllocatorT = std::allocator<void>; typename rclcpp::TypeAdapter<MessageT>::ros_message_type = sensor_msgs::msg::Image_<std::allocator<void> >][m[K[m[K’
[19.003s]   414 |   [01;36m[Kpublish[m[K(rclcpp::LoanedMessage<ROSMessageType, AllocatorT> && loaned_msg)
[19.004s]       |   [01;36m[K^~~~~~~[m[K
[19.005s] [01m[K/opt/ros/jazzy/include/rclcpp/rclcpp/publisher.hpp:414:64:[m[K [01;36m[Knote: [m[K  no known conversion for argument 1 from ‘[01m[Kstd::shared_ptr<sensor_msgs::msg::Image_<std::allocator<void> > >[m[K’ to ‘[01m[Krclcpp::LoanedMessage<sensor_msgs::msg::Image_<std::allocator<void> >, std::allocator<void> >&&[m[K’
[19.006s]   414 |   publish([01;36m[Krclcpp::LoanedMessage<ROSMessageType, AllocatorT> && loaned_msg[m[K)
[19.006s]       |           [01;36m[K~~~~~~~~~~~~~~~~~~~~~~~~~~~~~~~~~~~~~~~~~~~~~~~~~~~~~^~~~~~~~~~[m[K
[19.007s] [01m[K/home/golftrolley/robot_ws/src/stereo_camera_node/src/stereo_camera_node.cpp:75:33:[m[K [01;31m[Kerror: [m[Kno matching function for call to ‘[01m[Krclcpp::Publisher<sensor_msgs::msg::Image_<std::allocator<void> > >::publish(std::shared_ptr<sensor_msgs::msg::Image_<std::allocator<void> > >&)[m[K’
[19.008s]    75 |         [01;31m[Kright_rect_pub_->publish(right_msg)[m[K;
[19.008s]       |         [01;31m[K~~~~~~~~~~~~~~~~~~~~~~~~^~~~~~~~~~~[m[K
[19.009s] [01m[K/opt/ros/jazzy/include/rclcpp/rclcpp/publisher.hpp:242:3:[m[K [01;36m[Knote: [m[Kcandidate: ‘[01m[Ktemplate<class T> std::enable_if_t<(rosidl_generator_traits::is_message<T>::value && std::is_same<T, typename rclcpp::TypeAdapter<MessageT>::ros_message_type>::value)> rclcpp::Publisher<MessageT, AllocatorT>::[01;32m[Kpublish[m[K(std::unique_ptr<T, typename std::conditional<std::is_same<typename std::allocator_traits<typename std::allocator_traits<_Allocator>::rebind_traits<typename rclcpp::TypeAdapter<MessageT, void, void>::ros_message_type>::allocator_type>::rebind_alloc<typename rclcpp::TypeAdapter<MessageT, void, void>::ros_message_type>, std::allocator<typename rclcpp::TypeAdapter<MessageT>::ros_message_type> >::value, std::default_delete<typename rclcpp::TypeAdapter<MessageT>::ros_message_type>, rclcpp::allocator::AllocatorDeleter<typename std::allocator_traits<_Allocator>::rebind_traits<typename rclcpp::TypeAdapter<MessageT, void, void>::ros_message_type>::allocator_type> >::type>) [35m[K[with MessageT = sensor_msgs::msg::Image_<std::allocator<void> >; AllocatorT = std::allocator<void>][m[K[m[K’
[19.009s]   242 |   [01;36m[Kpublish[m[K(std::unique_ptr<T, ROSMessageTypeDeleter> msg)
[19.010s]       |   [01;36m[K^~~~~~~[m[K
[19.010s] [01m[K/opt/ros/jazzy/include/rclcpp/rclcpp/publisher.hpp:242:3:[m[K [01;36m[Knote: [m[K  template argument deduction/substitution failed:
[19.011s] [01m[K/home/golftrolley/robot_ws/src/stereo_camera_node/src/stereo_camera_node.cpp:75:33:[m[K [01;36m[Knote: [m[K  ‘[01m[Kstd::shared_ptr<sensor_msgs::msg::Image_<std::allocator<void> > >[m[K’ is not derived from ‘[01m[Kstd::unique_ptr<T, std::default_delete<sensor_msgs::msg::Image_<std::allocator<void> > > >[m[K’
[19.011s]    75 |         [01;36m[Kright_rect_pub_->publish(right_msg)[m[K;
[19.012s]       |         [01;36m[K~~~~~~~~~~~~~~~~~~~~~~~~^~~~~~~~~~~[m[K
[19.012s] [01m[K/opt/ros/jazzy/include/rclcpp/rclcpp/publisher.hpp:296:3:[m[K [01;36m[Knote: [m[Kcandidate: ‘[01m[Ktemplate<class T> std::enable_if_t<(rosidl_generator_traits::is_message<T>::value && std::is_same<T, typename rclcpp::TypeAdapter<MessageT>::ros_message_type>::value)> rclcpp::Publisher<MessageT, AllocatorT>::[01;32m[Kpublish[m[K(const T&) [35m[K[with MessageT = sensor_msgs::msg::Image_<std::allocator<void> >; AllocatorT = std::allocator<void>][m[K[m[K’
[19.012s]   296 |   [01;36m[Kpublish[m[K(const T & msg)
[19.013s]       |   [01;36m[K^~~~~~~[m[K
[19.013s] [01m[K/opt/ros/jazzy/include/rclcpp/rclcpp/publisher.hpp:296:3:[m[K [01;36m[Knote: [m[K  template argument deduction/substitution failed:
[19.014s] [01m[K/opt/ros/jazzy/include/rclcpp/rclcpp/publisher.hpp:326:3:[m[K [01;36m[Knote: [m[Kcandidate: ‘[01m[Ktemplate<class T> std::enable_if_t<(typename rclcpp::TypeAdapter<MessageT>::is_specialized::value && std::is_same<T, typename rclcpp::TypeAdapter<MessageT>::custom_type>::value)> rclcpp::Publisher<MessageT, AllocatorT>::[01;32m[Kpublish[m[K(std::unique_ptr<T, typename std::conditional<std::is_same<typename std::allocator_traits<typename std::allocator_traits<_Allocator>::rebind_traits<typename rclcpp::TypeAdapter<MessageT, void, void>::custom_type>::allocator_type>::rebind_alloc<typename rclcpp::TypeAdapter<MessageT, void, void>::custom_type>, std::allocator<typename rclcpp::TypeAdapter<MessageT>::custom_type> >::value, std::default_delete<typename rclcpp::TypeAdapter<MessageT>::custom_type>, rclcpp::allocator::AllocatorDeleter<typename std::allocator_traits<_Allocator>::rebind_traits<typename rclcpp::TypeAdapter<MessageT, void, void>::custom_type>::allocator_type> >::type>) [35m[K[with MessageT = sensor_msgs::msg::Image_<std::allocator<void> >; AllocatorT = std::allocator<void>][m[K[m[K’
[19.014s]   326 |   [01;36m[Kpublish[m[K(std::unique_ptr<T, PublishedTypeDeleter> msg)
[19.015s]       |   [01;36m[K^~~~~~~[m[K
[19.015s] [01m[K/opt/ros/jazzy/include/rclcpp/rclcpp/publisher.hpp:326:3:[m[K [01;36m[Knote: [m[K  template argument deduction/substitution failed:
[19.016s] [01m[K/home/golftrolley/robot_ws/src/stereo_camera_node/src/stereo_camera_node.cpp:75:33:[m[K [01;36m[Knote: [m[K  ‘[01m[Kstd::shared_ptr<sensor_msgs::msg::Image_<std::allocator<void> > >[m[K’ is not derived from ‘[01m[Kstd::unique_ptr<T, std::default_delete<sensor_msgs::msg::Image_<std::allocator<void> > > >[m[K’
[19.016s]    75 |         [01;36m[Kright_rect_pub_->publish(right_msg)[m[K;
[19.017s]       |         [01;36m[K~~~~~~~~~~~~~~~~~~~~~~~~^~~~~~~~~~~[m[K
[19.017s] [01m[K/opt/ros/jazzy/include/rclcpp/rclcpp/publisher.hpp:376:3:[m[K [01;36m[Knote: [m[Kcandidate: ‘[01m[Ktemplate<class T> std::enable_if_t<(typename rclcpp::TypeAdapter<MessageT>::is_specialized::value && std::is_same<T, typename rclcpp::TypeAdapter<MessageT>::custom_type>::value)> rclcpp::Publisher<MessageT, AllocatorT>::[01;32m[Kpublish[m[K(const T&) [35m[K[with MessageT = sensor_msgs::msg::Image_<std::allocator<void> >; AllocatorT = std::allocator<void>][m[K[m[K’
[19.018s]   376 |   [01;36m[Kpublish[m[K(const T & msg)
[19.018s]       |   [01;36m[K^~~~~~~[m[K
[19.019s] [01m[K/opt/ros/jazzy/include/rclcpp/rclcpp/publisher.hpp:376:3:[m[K [01;36m[Knote: [m[K  template argument deduction/substitution failed:
[19.019s] [01m[K/opt/ros/jazzy/include/rclcpp/rclcpp/publisher.hpp:394:3:[m[K [01;36m[Knote: [m[Kcandidate: ‘[01m[Kvoid rclcpp::Publisher<MessageT, AllocatorT>::[01;32m[Kpublish[m[K(const rcl_serialized_message_t&) [35m[K[with MessageT = sensor_msgs::msg::Image_<std::allocator<void> >; AllocatorT = std::allocator<void>; rcl_serialized_message_t = rcutils_uint8_array_s][m[K[m[K’
[19.020s]   394 |   [01;36m[Kpublish[m[K(const rcl_serialized_message_t & serialized_msg)
[19.020s]       |   [01;36m[K^~~~~~~[m[K
[19.021s] [01m[K/opt/ros/jazzy/include/rclcpp/rclcpp/publisher.hpp:394:44:[m[K [01;36m[Knote: [m[K  no known conversion for argument 1 from ‘[01m[Kstd::shared_ptr<sensor_msgs::msg::Image_<std::allocator<void> > >[m[K’ to ‘[01m[Kconst rcl_serialized_message_t&[m[K’ {aka ‘[01m[Kconst rcutils_uint8_array_s&[m[K’}
[19.021s]   394 |   publish([01;36m[Kconst rcl_serialized_message_t & serialized_msg[m[K)
[19.022s]       |           [01;36m[K~~~~~~~~~~~~~~~~~~~~~~~~~~~~~~~~~^~~~~~~~~~~~~~[m[K
[19.022s] [01m[K/opt/ros/jazzy/include/rclcpp/rclcpp/publisher.hpp:400:3:[m[K [01;36m[Knote: [m[Kcandidate: ‘[01m[Kvoid rclcpp::Publisher<MessageT, AllocatorT>::[01;32m[Kpublish[m[K(const rclcpp::SerializedMessage&) [35m[K[with MessageT = sensor_msgs::msg::Image_<std::allocator<void> >; AllocatorT = std::allocator<void>][m[K[m[K’
[19.023s]   400 |   [01;36m[Kpublish[m[K(const SerializedMessage & serialized_msg)
[19.023s]       |   [01;36m[K^~~~~~~[m[K
[19.024s] [01m[K/opt/ros/jazzy/include/rclcpp/rclcpp/publisher.hpp:400:37:[m[K [01;36m[Knote: [m[K  no known conversion for argument 1 from ‘[01m[Kstd::shared_ptr<sensor_msgs::msg::Image_<std::allocator<void> > >[m[K’ to ‘[01m[Kconst rclcpp::SerializedMessage&[m[K’
[19.024s]   400 |   publish([01;36m[Kconst SerializedMessage & serialized_msg[m[K)
[19.025s]       |           [01;36m[K~~~~~~~~~~~~~~~~~~~~~~~~~~^~~~~~~~~~~~~~[m[K
[19.025s] [01m[K/opt/ros/jazzy/include/rclcpp/rclcpp/publisher.hpp:414:3:[m[K [01;36m[Knote: [m[Kcandidate: ‘[01m[Kvoid rclcpp::Publisher<MessageT, AllocatorT>::[01;32m[Kpublish[m[K(rclcpp::LoanedMessage<typename rclcpp::TypeAdapter<MessageT>::ros_message_type, AllocatorT>&&) [35m[K[with MessageT = sensor_msgs::msg::Image_<std::allocator<void> >; AllocatorT = std::allocator<void>; typename rclcpp::TypeAdapter<MessageT>::ros_message_type = sensor_msgs::msg::Image_<std::allocator<void> >][m[K[m[K’
[19.025s]   414 |   [01;36m[Kpublish[m[K(rclcpp::LoanedMessage<ROSMessageType, AllocatorT> && loaned_msg)
[19.026s]       |   [01;36m[K^~~~~~~[m[K
[19.026s] [01m[K/opt/ros/jazzy/include/rclcpp/rclcpp/publisher.hpp:414:64:[m[K [01;36m[Knote: [m[K  no known conversion for argument 1 from ‘[01m[Kstd::shared_ptr<sensor_msgs::msg::Image_<std::allocator<void> > >[m[K’ to ‘[01m[Krclcpp::LoanedMessage<sensor_msgs::msg::Image_<std::allocator<void> >, std::allocator<void> >&&[m[K’
[19.027s]   414 |   publish([01;36m[Krclcpp::LoanedMessage<ROSMessageType, AllocatorT> && loaned_msg[m[K)
[19.027s]       |           [01;36m[K~~~~~~~~~~~~~~~~~~~~~~~~~~~~~~~~~~~~~~~~~~~~~~~~~~~~~^~~~~~~~~~[m[K
[25.651s] gmake[2]: *** [CMakeFiles/stereo_camera_node.dir/build.make:76: CMakeFiles/stereo_camera_node.dir/src/stereo_camera_node.cpp.o] Error 1
[25.652s] gmake[1]: *** [CMakeFiles/Makefile2:165: CMakeFiles/stereo_camera_node.dir/all] Error 2
[25.653s] gmake: *** [Makefile:146: all] Error 2
[25.662s] Invoked command in '/home/golftrolley/robot_ws/build/stereo_camera_node' returned '2': CMAKE_PREFIX_PATH=${CMAKE_PREFIX_PATH}:/home/golftrolley/robot_ws/install/stereo_camera_split:/home/golftrolley/robot_ws/install/serial_motor_demo:/home/golftrolley/robot_ws/install/golftrolley:/opt/ros/jazzy /usr/bin/cmake --build /home/golftrolley/robot_ws/build/stereo_camera_node -- -j4 -l4
