[0.456s] DEBUG:colcon:Command line arguments: ['/usr/bin/colcon', 'build']
[0.457s] DEBUG:colcon:Parsed command line arguments: Namespace(log_base=None, log_level=None, verb_name='build', build_base='build', install_base='install', merge_install=False, symlink_install=False, test_result_base=None, continue_on_error=False, executor='parallel', parallel_workers=4, event_handlers=None, ignore_user_meta=False, metas=['./colcon.meta'], base_paths=['.'], packages_ignore=None, packages_ignore_regex=None, paths=None, packages_up_to=None, packages_up_to_regex=None, packages_above=None, packages_above_and_dependencies=None, packages_above_depth=None, packages_select_by_dep=None, packages_skip_by_dep=None, packages_skip_up_to=None, packages_select_build_failed=False, packages_skip_build_finished=False, packages_select_test_failures=False, packages_skip_test_passed=False, packages_select=None, packages_skip=None, packages_select_regex=None, packages_skip_regex=None, packages_start=None, packages_end=None, allow_overriding=[], cmake_args=None, cmake_target=None, cmake_target_skip_unavailable=False, cmake_clean_cache=False, cmake_clean_first=False, cmake_force_configure=False, ament_cmake_args=None, catkin_cmake_args=None, catkin_skip_building_tests=False, mixin_files=None, mixin=None, verb_parser=<colcon_mixin.mixin.mixin_argument.MixinArgumentDecorator object at 0xffffb6a5ec00>, verb_extension=<colcon_core.verb.build.BuildVerb object at 0xffffb6c0b470>, main=<bound method BuildVerb.main of <colcon_core.verb.build.BuildVerb object at 0xffffb6c0b470>>, mixin_verb=('build',))
[0.641s] Level 1:colcon.colcon_core.package_discovery:discover_packages(colcon_meta) check parameters
[0.641s] Level 1:colcon.colcon_core.package_discovery:discover_packages(recursive) check parameters
[0.641s] Level 1:colcon.colcon_core.package_discovery:discover_packages(ignore) check parameters
[0.641s] Level 1:colcon.colcon_core.package_discovery:discover_packages(path) check parameters
[0.641s] Level 1:colcon.colcon_core.package_discovery:discover_packages(colcon_meta) discover
[0.642s] Level 1:colcon.colcon_core.package_discovery:discover_packages(recursive) discover
[0.642s] INFO:colcon.colcon_core.package_discovery:Crawling recursively for packages in '/home/golftrolley/robot_ws'
[0.642s] Level 1:colcon.colcon_core.package_identification:_identify(.) by extensions ['ignore', 'ignore_ament_install']
[0.642s] Level 1:colcon.colcon_core.package_identification:_identify(.) by extension 'ignore'
[0.643s] Level 1:colcon.colcon_core.package_identification:_identify(.) by extension 'ignore_ament_install'
[0.643s] Level 1:colcon.colcon_core.package_identification:_identify(.) by extensions ['colcon_pkg']
[0.643s] Level 1:colcon.colcon_core.package_identification:_identify(.) by extension 'colcon_pkg'
[0.643s] Level 1:colcon.colcon_core.package_identification:_identify(.) by extensions ['colcon_meta']
[0.643s] Level 1:colcon.colcon_core.package_identification:_identify(.) by extension 'colcon_meta'
[0.643s] Level 1:colcon.colcon_core.package_identification:_identify(.) by extensions ['ros']
[0.643s] Level 1:colcon.colcon_core.package_identification:_identify(.) by extension 'ros'
[0.750s] Level 1:colcon.colcon_core.package_identification:_identify(.) by extensions ['cmake', 'python']
[0.750s] Level 1:colcon.colcon_core.package_identification:_identify(.) by extension 'cmake'
[0.751s] Level 1:colcon.colcon_core.package_identification:_identify(.) by extension 'python'
[0.751s] Level 1:colcon.colcon_core.package_identification:_identify(.) by extensions ['python_setup_py']
[0.751s] Level 1:colcon.colcon_core.package_identification:_identify(.) by extension 'python_setup_py'
[0.751s] Level 1:colcon.colcon_core.package_identification:_identify(build) by extensions ['ignore', 'ignore_ament_install']
[0.752s] Level 1:colcon.colcon_core.package_identification:_identify(build) by extension 'ignore'
[0.752s] Level 1:colcon.colcon_core.package_identification:_identify(build) ignored
[0.752s] Level 1:colcon.colcon_core.package_identification:_identify(install) by extensions ['ignore', 'ignore_ament_install']
[0.753s] Level 1:colcon.colcon_core.package_identification:_identify(install) by extension 'ignore'
[0.753s] Level 1:colcon.colcon_core.package_identification:_identify(install) ignored
[0.753s] Level 1:colcon.colcon_core.package_identification:_identify(log) by extensions ['ignore', 'ignore_ament_install']
[0.753s] Level 1:colcon.colcon_core.package_identification:_identify(log) by extension 'ignore'
[0.754s] Level 1:colcon.colcon_core.package_identification:_identify(log) ignored
[0.754s] Level 1:colcon.colcon_core.package_identification:_identify(src) by extensions ['ignore', 'ignore_ament_install']
[0.754s] Level 1:colcon.colcon_core.package_identification:_identify(src) by extension 'ignore'
[0.754s] Level 1:colcon.colcon_core.package_identification:_identify(src) by extension 'ignore_ament_install'
[0.755s] Level 1:colcon.colcon_core.package_identification:_identify(src) by extensions ['colcon_pkg']
[0.755s] Level 1:colcon.colcon_core.package_identification:_identify(src) by extension 'colcon_pkg'
[0.755s] Level 1:colcon.colcon_core.package_identification:_identify(src) by extensions ['colcon_meta']
[0.755s] Level 1:colcon.colcon_core.package_identification:_identify(src) by extension 'colcon_meta'
[0.755s] Level 1:colcon.colcon_core.package_identification:_identify(src) by extensions ['ros']
[0.755s] Level 1:colcon.colcon_core.package_identification:_identify(src) by extension 'ros'
[0.756s] Level 1:colcon.colcon_core.package_identification:_identify(src) by extensions ['cmake', 'python']
[0.756s] Level 1:colcon.colcon_core.package_identification:_identify(src) by extension 'cmake'
[0.756s] Level 1:colcon.colcon_core.package_identification:_identify(src) by extension 'python'
[0.756s] Level 1:colcon.colcon_core.package_identification:_identify(src) by extensions ['python_setup_py']
[0.756s] Level 1:colcon.colcon_core.package_identification:_identify(src) by extension 'python_setup_py'
[0.757s] Level 1:colcon.colcon_core.package_identification:_identify(src/golftrolley) by extensions ['ignore', 'ignore_ament_install']
[0.757s] Level 1:colcon.colcon_core.package_identification:_identify(src/golftrolley) by extension 'ignore'
[0.757s] Level 1:colcon.colcon_core.package_identification:_identify(src/golftrolley) by extension 'ignore_ament_install'
[0.758s] Level 1:colcon.colcon_core.package_identification:_identify(src/golftrolley) by extensions ['colcon_pkg']
[0.758s] Level 1:colcon.colcon_core.package_identification:_identify(src/golftrolley) by extension 'colcon_pkg'
[0.758s] Level 1:colcon.colcon_core.package_identification:_identify(src/golftrolley) by extensions ['colcon_meta']
[0.758s] Level 1:colcon.colcon_core.package_identification:_identify(src/golftrolley) by extension 'colcon_meta'
[0.758s] Level 1:colcon.colcon_core.package_identification:_identify(src/golftrolley) by extensions ['ros']
[0.758s] Level 1:colcon.colcon_core.package_identification:_identify(src/golftrolley) by extension 'ros'
[0.766s] DEBUG:colcon.colcon_core.package_identification:Package 'src/golftrolley' with type 'ros.ament_python' and name 'golftrolley'
[0.767s] Level 1:colcon.colcon_core.package_identification:_identify(src/ydlidar_ros2_driver) by extensions ['ignore', 'ignore_ament_install']
[0.767s] Level 1:colcon.colcon_core.package_identification:_identify(src/ydlidar_ros2_driver) by extension 'ignore'
[0.768s] Level 1:colcon.colcon_core.package_identification:_identify(src/ydlidar_ros2_driver) by extension 'ignore_ament_install'
[0.768s] Level 1:colcon.colcon_core.package_identification:_identify(src/ydlidar_ros2_driver) by extensions ['colcon_pkg']
[0.768s] Level 1:colcon.colcon_core.package_identification:_identify(src/ydlidar_ros2_driver) by extension 'colcon_pkg'
[0.768s] Level 1:colcon.colcon_core.package_identification:_identify(src/ydlidar_ros2_driver) by extensions ['colcon_meta']
[0.768s] Level 1:colcon.colcon_core.package_identification:_identify(src/ydlidar_ros2_driver) by extension 'colcon_meta'
[0.768s] Level 1:colcon.colcon_core.package_identification:_identify(src/ydlidar_ros2_driver) by extensions ['ros']
[0.769s] Level 1:colcon.colcon_core.package_identification:_identify(src/ydlidar_ros2_driver) by extension 'ros'
[0.771s] DEBUG:colcon.colcon_core.package_identification:Package 'src/ydlidar_ros2_driver' with type 'ros.ament_cmake' and name 'ydlidar_ros2_driver'
[0.772s] Level 1:colcon.colcon_core.package_identification:_identify(src/ydlidar_ros2_driver-master) by extensions ['ignore', 'ignore_ament_install']
[0.772s] Level 1:colcon.colcon_core.package_identification:_identify(src/ydlidar_ros2_driver-master) by extension 'ignore'
[0.772s] Level 1:colcon.colcon_core.package_identification:_identify(src/ydlidar_ros2_driver-master) by extension 'ignore_ament_install'
[0.772s] Level 1:colcon.colcon_core.package_identification:_identify(src/ydlidar_ros2_driver-master) by extensions ['colcon_pkg']
[0.773s] Level 1:colcon.colcon_core.package_identification:_identify(src/ydlidar_ros2_driver-master) by extension 'colcon_pkg'
[0.773s] Level 1:colcon.colcon_core.package_identification:_identify(src/ydlidar_ros2_driver-master) by extensions ['colcon_meta']
[0.773s] Level 1:colcon.colcon_core.package_identification:_identify(src/ydlidar_ros2_driver-master) by extension 'colcon_meta'
[0.773s] Level 1:colcon.colcon_core.package_identification:_identify(src/ydlidar_ros2_driver-master) by extensions ['ros']
[0.773s] Level 1:colcon.colcon_core.package_identification:_identify(src/ydlidar_ros2_driver-master) by extension 'ros'
[0.773s] Level 1:colcon.colcon_core.package_identification:_identify(src/ydlidar_ros2_driver-master) by extensions ['cmake', 'python']
[0.774s] Level 1:colcon.colcon_core.package_identification:_identify(src/ydlidar_ros2_driver-master) by extension 'cmake'
[0.774s] Level 1:colcon.colcon_core.package_identification:_identify(src/ydlidar_ros2_driver-master) by extension 'python'
[0.774s] Level 1:colcon.colcon_core.package_identification:_identify(src/ydlidar_ros2_driver-master) by extensions ['python_setup_py']
[0.774s] Level 1:colcon.colcon_core.package_identification:_identify(src/ydlidar_ros2_driver-master) by extension 'python_setup_py'
[0.774s] Level 1:colcon.colcon_core.package_identification:_identify(src/ydlidar_ros2_driver-master/config) by extensions ['ignore', 'ignore_ament_install']
[0.775s] Level 1:colcon.colcon_core.package_identification:_identify(src/ydlidar_ros2_driver-master/config) by extension 'ignore'
[0.775s] Level 1:colcon.colcon_core.package_identification:_identify(src/ydlidar_ros2_driver-master/config) by extension 'ignore_ament_install'
[0.775s] Level 1:colcon.colcon_core.package_identification:_identify(src/ydlidar_ros2_driver-master/config) by extensions ['colcon_pkg']
[0.775s] Level 1:colcon.colcon_core.package_identification:_identify(src/ydlidar_ros2_driver-master/config) by extension 'colcon_pkg'
[0.775s] Level 1:colcon.colcon_core.package_identification:_identify(src/ydlidar_ros2_driver-master/config) by extensions ['colcon_meta']
[0.776s] Level 1:colcon.colcon_core.package_identification:_identify(src/ydlidar_ros2_driver-master/config) by extension 'colcon_meta'
[0.776s] Level 1:colcon.colcon_core.package_identification:_identify(src/ydlidar_ros2_driver-master/config) by extensions ['ros']
[0.776s] Level 1:colcon.colcon_core.package_identification:_identify(src/ydlidar_ros2_driver-master/config) by extension 'ros'
[0.776s] Level 1:colcon.colcon_core.package_identification:_identify(src/ydlidar_ros2_driver-master/config) by extensions ['cmake', 'python']
[0.776s] Level 1:colcon.colcon_core.package_identification:_identify(src/ydlidar_ros2_driver-master/config) by extension 'cmake'
[0.776s] Level 1:colcon.colcon_core.package_identification:_identify(src/ydlidar_ros2_driver-master/config) by extension 'python'
[0.777s] Level 1:colcon.colcon_core.package_identification:_identify(src/ydlidar_ros2_driver-master/config) by extensions ['python_setup_py']
[0.777s] Level 1:colcon.colcon_core.package_identification:_identify(src/ydlidar_ros2_driver-master/config) by extension 'python_setup_py'
[0.777s] Level 1:colcon.colcon_core.package_identification:_identify(src/ydlidar_ros2_driver-master/images) by extensions ['ignore', 'ignore_ament_install']
[0.777s] Level 1:colcon.colcon_core.package_identification:_identify(src/ydlidar_ros2_driver-master/images) by extension 'ignore'
[0.778s] Level 1:colcon.colcon_core.package_identification:_identify(src/ydlidar_ros2_driver-master/images) by extension 'ignore_ament_install'
[0.778s] Level 1:colcon.colcon_core.package_identification:_identify(src/ydlidar_ros2_driver-master/images) by extensions ['colcon_pkg']
[0.778s] Level 1:colcon.colcon_core.package_identification:_identify(src/ydlidar_ros2_driver-master/images) by extension 'colcon_pkg'
[0.778s] Level 1:colcon.colcon_core.package_identification:_identify(src/ydlidar_ros2_driver-master/images) by extensions ['colcon_meta']
[0.778s] Level 1:colcon.colcon_core.package_identification:_identify(src/ydlidar_ros2_driver-master/images) by extension 'colcon_meta'
[0.778s] Level 1:colcon.colcon_core.package_identification:_identify(src/ydlidar_ros2_driver-master/images) by extensions ['ros']
[0.779s] Level 1:colcon.colcon_core.package_identification:_identify(src/ydlidar_ros2_driver-master/images) by extension 'ros'
[0.779s] Level 1:colcon.colcon_core.package_identification:_identify(src/ydlidar_ros2_driver-master/images) by extensions ['cmake', 'python']
[0.779s] Level 1:colcon.colcon_core.package_identification:_identify(src/ydlidar_ros2_driver-master/images) by extension 'cmake'
[0.779s] Level 1:colcon.colcon_core.package_identification:_identify(src/ydlidar_ros2_driver-master/images) by extension 'python'
[0.779s] Level 1:colcon.colcon_core.package_identification:_identify(src/ydlidar_ros2_driver-master/images) by extensions ['python_setup_py']
[0.779s] Level 1:colcon.colcon_core.package_identification:_identify(src/ydlidar_ros2_driver-master/images) by extension 'python_setup_py'
[0.780s] Level 1:colcon.colcon_core.package_identification:_identify(src/ydlidar_ros2_driver-master/launch) by extensions ['ignore', 'ignore_ament_install']
[0.780s] Level 1:colcon.colcon_core.package_identification:_identify(src/ydlidar_ros2_driver-master/launch) by extension 'ignore'
[0.780s] Level 1:colcon.colcon_core.package_identification:_identify(src/ydlidar_ros2_driver-master/launch) by extension 'ignore_ament_install'
[0.781s] Level 1:colcon.colcon_core.package_identification:_identify(src/ydlidar_ros2_driver-master/launch) by extensions ['colcon_pkg']
[0.781s] Level 1:colcon.colcon_core.package_identification:_identify(src/ydlidar_ros2_driver-master/launch) by extension 'colcon_pkg'
[0.781s] Level 1:colcon.colcon_core.package_identification:_identify(src/ydlidar_ros2_driver-master/launch) by extensions ['colcon_meta']
[0.781s] Level 1:colcon.colcon_core.package_identification:_identify(src/ydlidar_ros2_driver-master/launch) by extension 'colcon_meta'
[0.781s] Level 1:colcon.colcon_core.package_identification:_identify(src/ydlidar_ros2_driver-master/launch) by extensions ['ros']
[0.781s] Level 1:colcon.colcon_core.package_identification:_identify(src/ydlidar_ros2_driver-master/launch) by extension 'ros'
[0.782s] Level 1:colcon.colcon_core.package_identification:_identify(src/ydlidar_ros2_driver-master/launch) by extensions ['cmake', 'python']
[0.782s] Level 1:colcon.colcon_core.package_identification:_identify(src/ydlidar_ros2_driver-master/launch) by extension 'cmake'
[0.782s] Level 1:colcon.colcon_core.package_identification:_identify(src/ydlidar_ros2_driver-master/launch) by extension 'python'
[0.782s] Level 1:colcon.colcon_core.package_identification:_identify(src/ydlidar_ros2_driver-master/launch) by extensions ['python_setup_py']
[0.782s] Level 1:colcon.colcon_core.package_identification:_identify(src/ydlidar_ros2_driver-master/launch) by extension 'python_setup_py'
[0.783s] Level 1:colcon.colcon_core.package_identification:_identify(src/ydlidar_ros2_driver-master/launch/__pycache__) by extensions ['ignore', 'ignore_ament_install']
[0.783s] Level 1:colcon.colcon_core.package_identification:_identify(src/ydlidar_ros2_driver-master/launch/__pycache__) by extension 'ignore'
[0.783s] Level 1:colcon.colcon_core.package_identification:_identify(src/ydlidar_ros2_driver-master/launch/__pycache__) by extension 'ignore_ament_install'
[0.783s] Level 1:colcon.colcon_core.package_identification:_identify(src/ydlidar_ros2_driver-master/launch/__pycache__) by extensions ['colcon_pkg']
[0.784s] Level 1:colcon.colcon_core.package_identification:_identify(src/ydlidar_ros2_driver-master/launch/__pycache__) by extension 'colcon_pkg'
[0.784s] Level 1:colcon.colcon_core.package_identification:_identify(src/ydlidar_ros2_driver-master/launch/__pycache__) by extensions ['colcon_meta']
[0.784s] Level 1:colcon.colcon_core.package_identification:_identify(src/ydlidar_ros2_driver-master/launch/__pycache__) by extension 'colcon_meta'
[0.784s] Level 1:colcon.colcon_core.package_identification:_identify(src/ydlidar_ros2_driver-master/launch/__pycache__) by extensions ['ros']
[0.784s] Level 1:colcon.colcon_core.package_identification:_identify(src/ydlidar_ros2_driver-master/launch/__pycache__) by extension 'ros'
[0.785s] Level 1:colcon.colcon_core.package_identification:_identify(src/ydlidar_ros2_driver-master/launch/__pycache__) by extensions ['cmake', 'python']
[0.785s] Level 1:colcon.colcon_core.package_identification:_identify(src/ydlidar_ros2_driver-master/launch/__pycache__) by extension 'cmake'
[0.785s] Level 1:colcon.colcon_core.package_identification:_identify(src/ydlidar_ros2_driver-master/launch/__pycache__) by extension 'python'
[0.785s] Level 1:colcon.colcon_core.package_identification:_identify(src/ydlidar_ros2_driver-master/launch/__pycache__) by extensions ['python_setup_py']
[0.785s] Level 1:colcon.colcon_core.package_identification:_identify(src/ydlidar_ros2_driver-master/launch/__pycache__) by extension 'python_setup_py'
[0.786s] Level 1:colcon.colcon_core.package_identification:_identify(src/ydlidar_ros2_driver-master/params) by extensions ['ignore', 'ignore_ament_install']
[0.786s] Level 1:colcon.colcon_core.package_identification:_identify(src/ydlidar_ros2_driver-master/params) by extension 'ignore'
[0.786s] Level 1:colcon.colcon_core.package_identification:_identify(src/ydlidar_ros2_driver-master/params) by extension 'ignore_ament_install'
[0.786s] Level 1:colcon.colcon_core.package_identification:_identify(src/ydlidar_ros2_driver-master/params) by extensions ['colcon_pkg']
[0.786s] Level 1:colcon.colcon_core.package_identification:_identify(src/ydlidar_ros2_driver-master/params) by extension 'colcon_pkg'
[0.786s] Level 1:colcon.colcon_core.package_identification:_identify(src/ydlidar_ros2_driver-master/params) by extensions ['colcon_meta']
[0.787s] Level 1:colcon.colcon_core.package_identification:_identify(src/ydlidar_ros2_driver-master/params) by extension 'colcon_meta'
[0.787s] Level 1:colcon.colcon_core.package_identification:_identify(src/ydlidar_ros2_driver-master/params) by extensions ['ros']
[0.787s] Level 1:colcon.colcon_core.package_identification:_identify(src/ydlidar_ros2_driver-master/params) by extension 'ros'
[0.787s] Level 1:colcon.colcon_core.package_identification:_identify(src/ydlidar_ros2_driver-master/params) by extensions ['cmake', 'python']
[0.787s] Level 1:colcon.colcon_core.package_identification:_identify(src/ydlidar_ros2_driver-master/params) by extension 'cmake'
[0.787s] Level 1:colcon.colcon_core.package_identification:_identify(src/ydlidar_ros2_driver-master/params) by extension 'python'
[0.788s] Level 1:colcon.colcon_core.package_identification:_identify(src/ydlidar_ros2_driver-master/params) by extensions ['python_setup_py']
[0.788s] Level 1:colcon.colcon_core.package_identification:_identify(src/ydlidar_ros2_driver-master/params) by extension 'python_setup_py'
[0.788s] Level 1:colcon.colcon_core.package_identification:_identify(src/ydlidar_ros2_driver-master/src) by extensions ['ignore', 'ignore_ament_install']
[0.788s] Level 1:colcon.colcon_core.package_identification:_identify(src/ydlidar_ros2_driver-master/src) by extension 'ignore'
[0.789s] Level 1:colcon.colcon_core.package_identification:_identify(src/ydlidar_ros2_driver-master/src) by extension 'ignore_ament_install'
[0.789s] Level 1:colcon.colcon_core.package_identification:_identify(src/ydlidar_ros2_driver-master/src) by extensions ['colcon_pkg']
[0.789s] Level 1:colcon.colcon_core.package_identification:_identify(src/ydlidar_ros2_driver-master/src) by extension 'colcon_pkg'
[0.789s] Level 1:colcon.colcon_core.package_identification:_identify(src/ydlidar_ros2_driver-master/src) by extensions ['colcon_meta']
[0.789s] Level 1:colcon.colcon_core.package_identification:_identify(src/ydlidar_ros2_driver-master/src) by extension 'colcon_meta'
[0.789s] Level 1:colcon.colcon_core.package_identification:_identify(src/ydlidar_ros2_driver-master/src) by extensions ['ros']
[0.789s] Level 1:colcon.colcon_core.package_identification:_identify(src/ydlidar_ros2_driver-master/src) by extension 'ros'
[0.790s] Level 1:colcon.colcon_core.package_identification:_identify(src/ydlidar_ros2_driver-master/src) by extensions ['cmake', 'python']
[0.790s] Level 1:colcon.colcon_core.package_identification:_identify(src/ydlidar_ros2_driver-master/src) by extension 'cmake'
[0.790s] Level 1:colcon.colcon_core.package_identification:_identify(src/ydlidar_ros2_driver-master/src) by extension 'python'
[0.791s] Level 1:colcon.colcon_core.package_identification:_identify(src/ydlidar_ros2_driver-master/src) by extensions ['python_setup_py']
[0.791s] Level 1:colcon.colcon_core.package_identification:_identify(src/ydlidar_ros2_driver-master/src) by extension 'python_setup_py'
[0.791s] Level 1:colcon.colcon_core.package_identification:_identify(src/ydlidar_ros2_driver-master/startup) by extensions ['ignore', 'ignore_ament_install']
[0.791s] Level 1:colcon.colcon_core.package_identification:_identify(src/ydlidar_ros2_driver-master/startup) by extension 'ignore'
[0.792s] Level 1:colcon.colcon_core.package_identification:_identify(src/ydlidar_ros2_driver-master/startup) by extension 'ignore_ament_install'
[0.792s] Level 1:colcon.colcon_core.package_identification:_identify(src/ydlidar_ros2_driver-master/startup) by extensions ['colcon_pkg']
[0.792s] Level 1:colcon.colcon_core.package_identification:_identify(src/ydlidar_ros2_driver-master/startup) by extension 'colcon_pkg'
[0.792s] Level 1:colcon.colcon_core.package_identification:_identify(src/ydlidar_ros2_driver-master/startup) by extensions ['colcon_meta']
[0.792s] Level 1:colcon.colcon_core.package_identification:_identify(src/ydlidar_ros2_driver-master/startup) by extension 'colcon_meta'
[0.792s] Level 1:colcon.colcon_core.package_identification:_identify(src/ydlidar_ros2_driver-master/startup) by extensions ['ros']
[0.793s] Level 1:colcon.colcon_core.package_identification:_identify(src/ydlidar_ros2_driver-master/startup) by extension 'ros'
[0.793s] Level 1:colcon.colcon_core.package_identification:_identify(src/ydlidar_ros2_driver-master/startup) by extensions ['cmake', 'python']
[0.793s] Level 1:colcon.colcon_core.package_identification:_identify(src/ydlidar_ros2_driver-master/startup) by extension 'cmake'
[0.793s] Level 1:colcon.colcon_core.package_identification:_identify(src/ydlidar_ros2_driver-master/startup) by extension 'python'
[0.793s] Level 1:colcon.colcon_core.package_identification:_identify(src/ydlidar_ros2_driver-master/startup) by extensions ['python_setup_py']
[0.793s] Level 1:colcon.colcon_core.package_identification:_identify(src/ydlidar_ros2_driver-master/startup) by extension 'python_setup_py'
[0.794s] Level 1:colcon.colcon_core.package_identification:_identify(src/ydlidar_sdk) by extensions ['ignore', 'ignore_ament_install']
[0.794s] Level 1:colcon.colcon_core.package_identification:_identify(src/ydlidar_sdk) by extension 'ignore'
[0.794s] Level 1:colcon.colcon_core.package_identification:_identify(src/ydlidar_sdk) by extension 'ignore_ament_install'
[0.795s] Level 1:colcon.colcon_core.package_identification:_identify(src/ydlidar_sdk) by extensions ['colcon_pkg']
[0.795s] Level 1:colcon.colcon_core.package_identification:_identify(src/ydlidar_sdk) by extension 'colcon_pkg'
[0.795s] Level 1:colcon.colcon_core.package_identification:_identify(src/ydlidar_sdk) by extensions ['colcon_meta']
[0.795s] Level 1:colcon.colcon_core.package_identification:_identify(src/ydlidar_sdk) by extension 'colcon_meta'
[0.795s] Level 1:colcon.colcon_core.package_identification:_identify(src/ydlidar_sdk) by extensions ['ros']
[0.795s] Level 1:colcon.colcon_core.package_identification:_identify(src/ydlidar_sdk) by extension 'ros'
[0.796s] Level 1:colcon.colcon_core.package_identification:_identify(src/ydlidar_sdk) by extensions ['cmake', 'python']
[0.796s] Level 1:colcon.colcon_core.package_identification:_identify(src/ydlidar_sdk) by extension 'cmake'
[0.821s] Level 1:colcon.colcon_core.package_identification:_identify(src/ydlidar_sdk) by extension 'python'
[0.822s] DEBUG:colcon.colcon_core.package_identification:Package 'src/ydlidar_sdk' with type 'cmake' and name 'ydlidar_sdk'
[0.822s] Level 1:colcon.colcon_core.package_discovery:discover_packages(recursive) using defaults
[0.822s] Level 1:colcon.colcon_core.package_discovery:discover_packages(ignore) discover
[0.822s] Level 1:colcon.colcon_core.package_discovery:discover_packages(ignore) using defaults
[0.822s] Level 1:colcon.colcon_core.package_discovery:discover_packages(path) discover
[0.822s] Level 1:colcon.colcon_core.package_discovery:discover_packages(path) using defaults
[0.892s] Level 1:colcon.colcon_core.package_discovery:discover_packages(prefix_path) check parameters
[0.892s] Level 1:colcon.colcon_core.package_discovery:discover_packages(prefix_path) discover
[0.896s] WARNING:colcon.colcon_ros.prefix_path.ament:The path '/home/golftrolley/robot_ws/install/ydlidar_ros2_driver' in the environment variable AMENT_PREFIX_PATH doesn't exist
[0.896s] WARNING:colcon.colcon_ros.prefix_path.ament:The path '/home/golftrolley/robot_ws/install/golftrolley' in the environment variable AMENT_PREFIX_PATH doesn't exist
[0.897s] WARNING:colcon.colcon_ros.prefix_path.catkin:The path '/home/golftrolley/robot_ws/install/ydlidar_sdk' in the environment variable CMAKE_PREFIX_PATH doesn't exist
[0.897s] WARNING:colcon.colcon_ros.prefix_path.catkin:The path '/home/golftrolley/robot_ws/install/ydlidar_ros2_driver' in the environment variable CMAKE_PREFIX_PATH doesn't exist
[0.900s] DEBUG:colcon.colcon_installed_package_information.package_discovery:Found 0 installed packages in /home/golftrolley/robot_ws/install
[0.908s] DEBUG:colcon.colcon_installed_package_information.package_discovery:Found 195 installed packages in /opt/ros/jazzy
[0.911s] Level 1:colcon.colcon_core.package_discovery:discover_packages(prefix_path) using defaults
[1.049s] Level 5:colcon.colcon_core.verb:set package 'golftrolley' build argument 'cmake_args' from command line to 'None'
[1.049s] Level 5:colcon.colcon_core.verb:set package 'golftrolley' build argument 'cmake_target' from command line to 'None'
[1.049s] Level 5:colcon.colcon_core.verb:set package 'golftrolley' build argument 'cmake_target_skip_unavailable' from command line to 'False'
[1.050s] Level 5:colcon.colcon_core.verb:set package 'golftrolley' build argument 'cmake_clean_cache' from command line to 'False'
[1.050s] Level 5:colcon.colcon_core.verb:set package 'golftrolley' build argument 'cmake_clean_first' from command line to 'False'
[1.050s] Level 5:colcon.colcon_core.verb:set package 'golftrolley' build argument 'cmake_force_configure' from command line to 'False'
[1.050s] Level 5:colcon.colcon_core.verb:set package 'golftrolley' build argument 'ament_cmake_args' from command line to 'None'
[1.050s] Level 5:colcon.colcon_core.verb:set package 'golftrolley' build argument 'catkin_cmake_args' from command line to 'None'
[1.050s] Level 5:colcon.colcon_core.verb:set package 'golftrolley' build argument 'catkin_skip_building_tests' from command line to 'False'
[1.050s] DEBUG:colcon.colcon_core.verb:Building package 'golftrolley' with the following arguments: {'ament_cmake_args': None, 'build_base': '/home/golftrolley/robot_ws/build/golftrolley', 'catkin_cmake_args': None, 'catkin_skip_building_tests': False, 'cmake_args': None, 'cmake_clean_cache': False, 'cmake_clean_first': False, 'cmake_force_configure': False, 'cmake_target': None, 'cmake_target_skip_unavailable': False, 'install_base': '/home/golftrolley/robot_ws/install/golftrolley', 'merge_install': False, 'path': '/home/golftrolley/robot_ws/src/golftrolley', 'symlink_install': False, 'test_result_base': None}
[1.052s] Level 5:colcon.colcon_core.verb:set package 'ydlidar_ros2_driver' build argument 'cmake_args' from command line to 'None'
[1.052s] Level 5:colcon.colcon_core.verb:set package 'ydlidar_ros2_driver' build argument 'cmake_target' from command line to 'None'
[1.052s] Level 5:colcon.colcon_core.verb:set package 'ydlidar_ros2_driver' build argument 'cmake_target_skip_unavailable' from command line to 'False'
[1.052s] Level 5:colcon.colcon_core.verb:set package 'ydlidar_ros2_driver' build argument 'cmake_clean_cache' from command line to 'False'
[1.052s] Level 5:colcon.colcon_core.verb:set package 'ydlidar_ros2_driver' build argument 'cmake_clean_first' from command line to 'False'
[1.052s] Level 5:colcon.colcon_core.verb:set package 'ydlidar_ros2_driver' build argument 'cmake_force_configure' from command line to 'False'
[1.053s] Level 5:colcon.colcon_core.verb:set package 'ydlidar_ros2_driver' build argument 'ament_cmake_args' from command line to 'None'
[1.053s] Level 5:colcon.colcon_core.verb:set package 'ydlidar_ros2_driver' build argument 'catkin_cmake_args' from command line to 'None'
[1.053s] Level 5:colcon.colcon_core.verb:set package 'ydlidar_ros2_driver' build argument 'catkin_skip_building_tests' from command line to 'False'
[1.053s] DEBUG:colcon.colcon_core.verb:Building package 'ydlidar_ros2_driver' with the following arguments: {'ament_cmake_args': None, 'build_base': '/home/golftrolley/robot_ws/build/ydlidar_ros2_driver', 'catkin_cmake_args': None, 'catkin_skip_building_tests': False, 'cmake_args': None, 'cmake_clean_cache': False, 'cmake_clean_first': False, 'cmake_force_configure': False, 'cmake_target': None, 'cmake_target_skip_unavailable': False, 'install_base': '/home/golftrolley/robot_ws/install/ydlidar_ros2_driver', 'merge_install': False, 'path': '/home/golftrolley/robot_ws/src/ydlidar_ros2_driver', 'symlink_install': False, 'test_result_base': None}
[1.054s] Level 5:colcon.colcon_core.verb:set package 'ydlidar_sdk' build argument 'cmake_args' from command line to 'None'
[1.054s] Level 5:colcon.colcon_core.verb:set package 'ydlidar_sdk' build argument 'cmake_target' from command line to 'None'
[1.055s] Level 5:colcon.colcon_core.verb:set package 'ydlidar_sdk' build argument 'cmake_target_skip_unavailable' from command line to 'False'
[1.055s] Level 5:colcon.colcon_core.verb:set package 'ydlidar_sdk' build argument 'cmake_clean_cache' from command line to 'False'
[1.055s] Level 5:colcon.colcon_core.verb:set package 'ydlidar_sdk' build argument 'cmake_clean_first' from command line to 'False'
[1.055s] Level 5:colcon.colcon_core.verb:set package 'ydlidar_sdk' build argument 'cmake_force_configure' from command line to 'False'
[1.055s] Level 5:colcon.colcon_core.verb:set package 'ydlidar_sdk' build argument 'ament_cmake_args' from command line to 'None'
[1.055s] Level 5:colcon.colcon_core.verb:set package 'ydlidar_sdk' build argument 'catkin_cmake_args' from command line to 'None'
[1.055s] Level 5:colcon.colcon_core.verb:set package 'ydlidar_sdk' build argument 'catkin_skip_building_tests' from command line to 'False'
[1.055s] DEBUG:colcon.colcon_core.verb:Building package 'ydlidar_sdk' with the following arguments: {'ament_cmake_args': None, 'build_base': '/home/golftrolley/robot_ws/build/ydlidar_sdk', 'catkin_cmake_args': None, 'catkin_skip_building_tests': False, 'cmake_args': None, 'cmake_clean_cache': False, 'cmake_clean_first': False, 'cmake_force_configure': False, 'cmake_target': None, 'cmake_target_skip_unavailable': False, 'install_base': '/home/golftrolley/robot_ws/install/ydlidar_sdk', 'merge_install': False, 'path': '/home/golftrolley/robot_ws/src/ydlidar_sdk', 'symlink_install': False, 'test_result_base': None}
[1.056s] INFO:colcon.colcon_core.executor:Executing jobs using 'parallel' executor
[1.059s] DEBUG:colcon.colcon_parallel_executor.executor.parallel:run_until_complete
[1.060s] INFO:colcon.colcon_ros.task.ament_python.build:Building ROS package in '/home/golftrolley/robot_ws/src/golftrolley' with build type 'ament_python'
[1.061s] Level 1:colcon.colcon_core.shell:create_environment_hook('golftrolley', 'ament_prefix_path')
[1.069s] INFO:colcon.colcon_core.plugin_system:Skipping extension 'colcon_core.shell.bat': Not used on non-Windows systems
[1.070s] INFO:colcon.colcon_core.shell:Creating environment hook '/home/golftrolley/robot_ws/install/golftrolley/share/golftrolley/hook/ament_prefix_path.ps1'
[1.074s] INFO:colcon.colcon_core.shell:Creating environment descriptor '/home/golftrolley/robot_ws/install/golftrolley/share/golftrolley/hook/ament_prefix_path.dsv'
[1.077s] INFO:colcon.colcon_core.shell:Creating environment hook '/home/golftrolley/robot_ws/install/golftrolley/share/golftrolley/hook/ament_prefix_path.sh'
[1.079s] INFO:colcon.colcon_core.shell:Skip shell extension 'powershell' for command environment: Not usable outside of PowerShell
[1.080s] DEBUG:colcon.colcon_core.shell:Skip shell extension 'dsv' for command environment
[1.096s] INFO:colcon.colcon_ros.task.ament_cmake.build:Building ROS package in '/home/golftrolley/robot_ws/src/ydlidar_ros2_driver' with build type 'ament_cmake'
[1.096s] INFO:colcon.colcon_cmake.task.cmake.build:Building CMake package in '/home/golftrolley/robot_ws/src/ydlidar_ros2_driver'
[1.097s] INFO:colcon.colcon_core.shell:Skip shell extension 'powershell' for command environment: Not usable outside of PowerShell
[1.097s] DEBUG:colcon.colcon_core.shell:Skip shell extension 'dsv' for command environment
[1.114s] INFO:colcon.colcon_cmake.task.cmake.build:Building CMake package in '/home/golftrolley/robot_ws/src/ydlidar_sdk'
[1.116s] INFO:colcon.colcon_core.shell:Skip shell extension 'powershell' for command environment: Not usable outside of PowerShell
[1.116s] DEBUG:colcon.colcon_core.shell:Skip shell extension 'dsv' for command environment
[2.025s] INFO:colcon.colcon_core.task.python.build:Building Python package in '/home/golftrolley/robot_ws/src/golftrolley'
[2.025s] INFO:colcon.colcon_core.shell:Skip shell extension 'powershell' for command environment: Not usable outside of PowerShell
[2.025s] DEBUG:colcon.colcon_core.shell:Skip shell extension 'dsv' for command environment
[2.053s] DEBUG:colcon.colcon_core.event_handler.log_command:Invoking command in '/home/golftrolley/robot_ws/build/ydlidar_ros2_driver': CMAKE_PREFIX_PATH=${CMAKE_PREFIX_PATH}:/home/golftrolley/robot_ws/install/golftrolley:/opt/ros/jazzy /usr/bin/cmake /home/golftrolley/robot_ws/src/ydlidar_ros2_driver -DCMAKE_INSTALL_PREFIX=/home/golftrolley/robot_ws/install/ydlidar_ros2_driver
[2.072s] DEBUG:colcon.colcon_core.event_handler.log_command:Invoking command in '/home/golftrolley/robot_ws/build/ydlidar_sdk': /usr/bin/cmake /home/golftrolley/robot_ws/src/ydlidar_sdk -DCMAKE_INSTALL_PREFIX=/home/golftrolley/robot_ws/install/ydlidar_sdk
[4.787s] DEBUG:colcon.colcon_core.event_handler.log_command:Invoking command in '/home/golftrolley/robot_ws/src/golftrolley': PYTHONPATH=/home/golftrolley/robot_ws/build/golftrolley/prefix_override:/usr/lib/python3/dist-packages/colcon_core/task/python/colcon_distutils_commands:/home/golftrolley/robot_ws/install/golftrolley/lib/python3.12/site-packages:${PYTHONPATH} /usr/bin/python3 -W ignore:setup.py install is deprecated -W ignore:easy_install command is deprecated setup.py egg_info --egg-base ../../build/golftrolley build --build-base /home/golftrolley/robot_ws/build/golftrolley/build install --record /home/golftrolley/robot_ws/build/golftrolley/install.log --single-version-externally-managed install_data
[7.287s] DEBUG:colcon.colcon_core.event_handler.log_command:Invoked command in '/home/golftrolley/robot_ws/build/ydlidar_sdk' returned '0': /usr/bin/cmake /home/golftrolley/robot_ws/src/ydlidar_sdk -DCMAKE_INSTALL_PREFIX=/home/golftrolley/robot_ws/install/ydlidar_sdk
[7.292s] DEBUG:colcon.colcon_core.event_handler.log_command:Invoking command in '/home/golftrolley/robot_ws/build/ydlidar_sdk': /usr/bin/cmake --build /home/golftrolley/robot_ws/build/ydlidar_sdk -- -j4 -l4
[8.132s] DEBUG:colcon.colcon_core.event_handler.log_command:Invoked command in '/home/golftrolley/robot_ws/src/golftrolley' returned '0': PYTHONPATH=/home/golftrolley/robot_ws/build/golftrolley/prefix_override:/usr/lib/python3/dist-packages/colcon_core/task/python/colcon_distutils_commands:/home/golftrolley/robot_ws/install/golftrolley/lib/python3.12/site-packages:${PYTHONPATH} /usr/bin/python3 -W ignore:setup.py install is deprecated -W ignore:easy_install command is deprecated setup.py egg_info --egg-base ../../build/golftrolley build --build-base /home/golftrolley/robot_ws/build/golftrolley/build install --record /home/golftrolley/robot_ws/build/golftrolley/install.log --single-version-externally-managed install_data
[8.148s] Level 1:colcon.colcon_core.environment:checking '/home/golftrolley/robot_ws/install/golftrolley' for CMake module files
[8.150s] Level 1:colcon.colcon_core.environment:checking '/home/golftrolley/robot_ws/install/golftrolley' for CMake config files
[8.155s] Level 1:colcon.colcon_core.environment:checking '/home/golftrolley/robot_ws/install/golftrolley/lib'
[8.156s] Level 1:colcon.colcon_core.environment:checking '/home/golftrolley/robot_ws/install/golftrolley/bin'
[8.157s] Level 1:colcon.colcon_core.environment:checking '/home/golftrolley/robot_ws/install/golftrolley/lib/pkgconfig/golftrolley.pc'
[8.158s] Level 1:colcon.colcon_core.environment:checking '/home/golftrolley/robot_ws/install/golftrolley/lib/python3.12/site-packages'
[8.159s] Level 1:colcon.colcon_core.shell:create_environment_hook('golftrolley', 'pythonpath')
[8.160s] INFO:colcon.colcon_core.shell:Creating environment hook '/home/golftrolley/robot_ws/install/golftrolley/share/golftrolley/hook/pythonpath.ps1'
[8.163s] INFO:colcon.colcon_core.shell:Creating environment descriptor '/home/golftrolley/robot_ws/install/golftrolley/share/golftrolley/hook/pythonpath.dsv'
[8.166s] INFO:colcon.colcon_core.shell:Creating environment hook '/home/golftrolley/robot_ws/install/golftrolley/share/golftrolley/hook/pythonpath.sh'
[8.170s] Level 1:colcon.colcon_core.environment:checking '/home/golftrolley/robot_ws/install/golftrolley/bin'
[8.171s] Level 1:colcon.colcon_core.environment:create_environment_scripts_only(golftrolley)
[8.172s] INFO:colcon.colcon_core.shell:Creating package script '/home/golftrolley/robot_ws/install/golftrolley/share/golftrolley/package.ps1'
[8.176s] INFO:colcon.colcon_core.shell:Creating package descriptor '/home/golftrolley/robot_ws/install/golftrolley/share/golftrolley/package.dsv'
[8.179s] INFO:colcon.colcon_core.shell:Creating package script '/home/golftrolley/robot_ws/install/golftrolley/share/golftrolley/package.sh'
[8.183s] INFO:colcon.colcon_core.shell:Creating package script '/home/golftrolley/robot_ws/install/golftrolley/share/golftrolley/package.bash'
[8.190s] INFO:colcon.colcon_core.shell:Creating package script '/home/golftrolley/robot_ws/install/golftrolley/share/golftrolley/package.zsh'
[8.193s] Level 1:colcon.colcon_core.environment:create_file_with_runtime_dependencies(/home/golftrolley/robot_ws/install/golftrolley/share/colcon-core/packages/golftrolley)
[13.495s] DEBUG:colcon.colcon_core.event_handler.log_command:Invoked command in '/home/golftrolley/robot_ws/build/ydlidar_ros2_driver' returned '0': CMAKE_PREFIX_PATH=${CMAKE_PREFIX_PATH}:/home/golftrolley/robot_ws/install/golftrolley:/opt/ros/jazzy /usr/bin/cmake /home/golftrolley/robot_ws/src/ydlidar_ros2_driver -DCMAKE_INSTALL_PREFIX=/home/golftrolley/robot_ws/install/ydlidar_ros2_driver
[13.500s] DEBUG:colcon.colcon_core.event_handler.log_command:Invoking command in '/home/golftrolley/robot_ws/build/ydlidar_ros2_driver': CMAKE_PREFIX_PATH=${CMAKE_PREFIX_PATH}:/home/golftrolley/robot_ws/install/golftrolley:/opt/ros/jazzy /usr/bin/cmake --build /home/golftrolley/robot_ws/build/ydlidar_ros2_driver -- -j4 -l4
[65.671s] DEBUG:colcon.colcon_core.event_handler.log_command:Invoked command in '/home/golftrolley/robot_ws/build/ydlidar_sdk' returned '0': /usr/bin/cmake --build /home/golftrolley/robot_ws/build/ydlidar_sdk -- -j4 -l4
[65.731s] DEBUG:colcon.colcon_core.event_handler.log_command:Invoking command in '/home/golftrolley/robot_ws/build/ydlidar_sdk': /usr/bin/cmake --install /home/golftrolley/robot_ws/build/ydlidar_sdk
[71.365s] Level 1:colcon.colcon_core.environment:create_environment_scripts_only(ydlidar_sdk)
[71.368s] Level 1:colcon.colcon_core.environment:checking '/home/golftrolley/robot_ws/install/ydlidar_sdk' for CMake module files
[71.367s] DEBUG:colcon.colcon_core.event_handler.log_command:Invoked command in '/home/golftrolley/robot_ws/build/ydlidar_sdk' returned '0': /usr/bin/cmake --install /home/golftrolley/robot_ws/build/ydlidar_sdk
[71.374s] Level 1:colcon.colcon_core.environment:checking '/home/golftrolley/robot_ws/install/ydlidar_sdk' for CMake config files
[71.376s] Level 1:colcon.colcon_core.shell:create_environment_hook('ydlidar_sdk', 'cmake_prefix_path')
[71.377s] INFO:colcon.colcon_core.shell:Creating environment hook '/home/golftrolley/robot_ws/install/ydlidar_sdk/share/ydlidar_sdk/hook/cmake_prefix_path.ps1'
[71.379s] INFO:colcon.colcon_core.shell:Creating environment descriptor '/home/golftrolley/robot_ws/install/ydlidar_sdk/share/ydlidar_sdk/hook/cmake_prefix_path.dsv'
[71.382s] INFO:colcon.colcon_core.shell:Creating environment hook '/home/golftrolley/robot_ws/install/ydlidar_sdk/share/ydlidar_sdk/hook/cmake_prefix_path.sh'
[71.385s] Level 1:colcon.colcon_core.environment:checking '/home/golftrolley/robot_ws/install/ydlidar_sdk/lib'
[71.386s] Level 1:colcon.colcon_core.environment:checking '/home/golftrolley/robot_ws/install/ydlidar_sdk/bin'
[71.387s] Level 1:colcon.colcon_core.shell:create_environment_hook('ydlidar_sdk', 'path')
[71.388s] INFO:colcon.colcon_core.shell:Creating environment hook '/home/golftrolley/robot_ws/install/ydlidar_sdk/share/ydlidar_sdk/hook/path.ps1'
[71.391s] INFO:colcon.colcon_core.shell:Creating environment descriptor '/home/golftrolley/robot_ws/install/ydlidar_sdk/share/ydlidar_sdk/hook/path.dsv'
[71.393s] INFO:colcon.colcon_core.shell:Creating environment hook '/home/golftrolley/robot_ws/install/ydlidar_sdk/share/ydlidar_sdk/hook/path.sh'
[71.396s] Level 1:colcon.colcon_core.environment:checking '/home/golftrolley/robot_ws/install/ydlidar_sdk/lib/pkgconfig/ydlidar_sdk.pc'
[71.398s] Level 1:colcon.colcon_core.environment:checking '/home/golftrolley/robot_ws/install/ydlidar_sdk/lib/python3.12/site-packages'
[71.399s] Level 1:colcon.colcon_core.environment:checking '/home/golftrolley/robot_ws/install/ydlidar_sdk/bin'
[71.400s] Level 1:colcon.colcon_core.shell:create_environment_hook('ydlidar_sdk', 'pythonscriptspath')
[71.401s] INFO:colcon.colcon_core.shell:Creating environment hook '/home/golftrolley/robot_ws/install/ydlidar_sdk/share/ydlidar_sdk/hook/pythonscriptspath.ps1'
[71.404s] INFO:colcon.colcon_core.shell:Creating environment descriptor '/home/golftrolley/robot_ws/install/ydlidar_sdk/share/ydlidar_sdk/hook/pythonscriptspath.dsv'
[71.407s] INFO:colcon.colcon_core.shell:Creating environment hook '/home/golftrolley/robot_ws/install/ydlidar_sdk/share/ydlidar_sdk/hook/pythonscriptspath.sh'
[71.411s] INFO:colcon.colcon_core.shell:Creating package script '/home/golftrolley/robot_ws/install/ydlidar_sdk/share/ydlidar_sdk/package.ps1'
[71.415s] INFO:colcon.colcon_core.shell:Creating package descriptor '/home/golftrolley/robot_ws/install/ydlidar_sdk/share/ydlidar_sdk/package.dsv'
[71.419s] INFO:colcon.colcon_core.shell:Creating package script '/home/golftrolley/robot_ws/install/ydlidar_sdk/share/ydlidar_sdk/package.sh'
[71.423s] INFO:colcon.colcon_core.shell:Creating package script '/home/golftrolley/robot_ws/install/ydlidar_sdk/share/ydlidar_sdk/package.bash'
[71.426s] INFO:colcon.colcon_core.shell:Creating package script '/home/golftrolley/robot_ws/install/ydlidar_sdk/share/ydlidar_sdk/package.zsh'
[71.428s] Level 1:colcon.colcon_core.environment:create_file_with_runtime_dependencies(/home/golftrolley/robot_ws/install/ydlidar_sdk/share/colcon-core/packages/ydlidar_sdk)
[91.351s] DEBUG:colcon.colcon_core.event_handler.log_command:Invoked command in '/home/golftrolley/robot_ws/build/ydlidar_ros2_driver' returned '0': CMAKE_PREFIX_PATH=${CMAKE_PREFIX_PATH}:/home/golftrolley/robot_ws/install/golftrolley:/opt/ros/jazzy /usr/bin/cmake --build /home/golftrolley/robot_ws/build/ydlidar_ros2_driver -- -j4 -l4
[91.357s] DEBUG:colcon.colcon_core.event_handler.log_command:Invoking command in '/home/golftrolley/robot_ws/build/ydlidar_ros2_driver': CMAKE_PREFIX_PATH=${CMAKE_PREFIX_PATH}:/home/golftrolley/robot_ws/install/golftrolley:/opt/ros/jazzy /usr/bin/cmake --install /home/golftrolley/robot_ws/build/ydlidar_ros2_driver
[91.522s] Level 1:colcon.colcon_core.environment:create_environment_scripts_only(ydlidar_ros2_driver)
[91.523s] Level 1:colcon.colcon_core.environment:checking '/home/golftrolley/robot_ws/install/ydlidar_ros2_driver' for CMake module files
[91.524s] DEBUG:colcon.colcon_core.event_handler.log_command:Invoked command in '/home/golftrolley/robot_ws/build/ydlidar_ros2_driver' returned '0': CMAKE_PREFIX_PATH=${CMAKE_PREFIX_PATH}:/home/golftrolley/robot_ws/install/golftrolley:/opt/ros/jazzy /usr/bin/cmake --install /home/golftrolley/robot_ws/build/ydlidar_ros2_driver
[91.527s] Level 1:colcon.colcon_core.environment:checking '/home/golftrolley/robot_ws/install/ydlidar_ros2_driver' for CMake config files
[91.529s] Level 1:colcon.colcon_core.shell:create_environment_hook('ydlidar_ros2_driver', 'cmake_prefix_path')
[91.529s] INFO:colcon.colcon_core.shell:Creating environment hook '/home/golftrolley/robot_ws/install/ydlidar_ros2_driver/share/ydlidar_ros2_driver/hook/cmake_prefix_path.ps1'
[91.531s] INFO:colcon.colcon_core.shell:Creating environment descriptor '/home/golftrolley/robot_ws/install/ydlidar_ros2_driver/share/ydlidar_ros2_driver/hook/cmake_prefix_path.dsv'
[91.533s] INFO:colcon.colcon_core.shell:Creating environment hook '/home/golftrolley/robot_ws/install/ydlidar_ros2_driver/share/ydlidar_ros2_driver/hook/cmake_prefix_path.sh'
[91.535s] Level 1:colcon.colcon_core.environment:checking '/home/golftrolley/robot_ws/install/ydlidar_ros2_driver/lib'
[91.536s] Level 1:colcon.colcon_core.environment:checking '/home/golftrolley/robot_ws/install/ydlidar_ros2_driver/bin'
[91.536s] Level 1:colcon.colcon_core.environment:checking '/home/golftrolley/robot_ws/install/ydlidar_ros2_driver/lib/pkgconfig/ydlidar_ros2_driver.pc'
[91.537s] Level 1:colcon.colcon_core.environment:checking '/home/golftrolley/robot_ws/install/ydlidar_ros2_driver/lib/python3.12/site-packages'
[91.538s] Level 1:colcon.colcon_core.environment:checking '/home/golftrolley/robot_ws/install/ydlidar_ros2_driver/bin'
[91.539s] INFO:colcon.colcon_core.shell:Creating package script '/home/golftrolley/robot_ws/install/ydlidar_ros2_driver/share/ydlidar_ros2_driver/package.ps1'
[91.541s] INFO:colcon.colcon_core.shell:Creating package descriptor '/home/golftrolley/robot_ws/install/ydlidar_ros2_driver/share/ydlidar_ros2_driver/package.dsv'
[91.543s] INFO:colcon.colcon_core.shell:Creating package script '/home/golftrolley/robot_ws/install/ydlidar_ros2_driver/share/ydlidar_ros2_driver/package.sh'
[91.545s] INFO:colcon.colcon_core.shell:Creating package script '/home/golftrolley/robot_ws/install/ydlidar_ros2_driver/share/ydlidar_ros2_driver/package.bash'
[91.546s] INFO:colcon.colcon_core.shell:Creating package script '/home/golftrolley/robot_ws/install/ydlidar_ros2_driver/share/ydlidar_ros2_driver/package.zsh'
[91.547s] Level 1:colcon.colcon_core.environment:create_file_with_runtime_dependencies(/home/golftrolley/robot_ws/install/ydlidar_ros2_driver/share/colcon-core/packages/ydlidar_ros2_driver)
[91.550s] Level 1:colcon.colcon_core.environment:create_environment_scripts_only(ydlidar_ros2_driver)
[91.550s] Level 1:colcon.colcon_core.environment:checking '/home/golftrolley/robot_ws/install/ydlidar_ros2_driver' for CMake module files
[91.554s] Level 1:colcon.colcon_core.environment:checking '/home/golftrolley/robot_ws/install/ydlidar_ros2_driver' for CMake config files
[91.555s] Level 1:colcon.colcon_core.shell:create_environment_hook('ydlidar_ros2_driver', 'cmake_prefix_path')
[91.556s] INFO:colcon.colcon_core.shell:Creating environment hook '/home/golftrolley/robot_ws/install/ydlidar_ros2_driver/share/ydlidar_ros2_driver/hook/cmake_prefix_path.ps1'
[91.558s] INFO:colcon.colcon_core.shell:Creating environment descriptor '/home/golftrolley/robot_ws/install/ydlidar_ros2_driver/share/ydlidar_ros2_driver/hook/cmake_prefix_path.dsv'
[91.559s] INFO:colcon.colcon_core.shell:Creating environment hook '/home/golftrolley/robot_ws/install/ydlidar_ros2_driver/share/ydlidar_ros2_driver/hook/cmake_prefix_path.sh'
[91.562s] Level 1:colcon.colcon_core.environment:checking '/home/golftrolley/robot_ws/install/ydlidar_ros2_driver/lib'
[91.562s] Level 1:colcon.colcon_core.environment:checking '/home/golftrolley/robot_ws/install/ydlidar_ros2_driver/bin'
[91.562s] Level 1:colcon.colcon_core.environment:checking '/home/golftrolley/robot_ws/install/ydlidar_ros2_driver/lib/pkgconfig/ydlidar_ros2_driver.pc'
[91.563s] Level 1:colcon.colcon_core.environment:checking '/home/golftrolley/robot_ws/install/ydlidar_ros2_driver/lib/python3.12/site-packages'
[91.564s] Level 1:colcon.colcon_core.environment:checking '/home/golftrolley/robot_ws/install/ydlidar_ros2_driver/bin'
[91.565s] INFO:colcon.colcon_core.shell:Creating package script '/home/golftrolley/robot_ws/install/ydlidar_ros2_driver/share/ydlidar_ros2_driver/package.ps1'
[91.567s] INFO:colcon.colcon_core.shell:Creating package descriptor '/home/golftrolley/robot_ws/install/ydlidar_ros2_driver/share/ydlidar_ros2_driver/package.dsv'
[91.569s] INFO:colcon.colcon_core.shell:Creating package script '/home/golftrolley/robot_ws/install/ydlidar_ros2_driver/share/ydlidar_ros2_driver/package.sh'
[91.571s] INFO:colcon.colcon_core.shell:Creating package script '/home/golftrolley/robot_ws/install/ydlidar_ros2_driver/share/ydlidar_ros2_driver/package.bash'
[91.572s] INFO:colcon.colcon_core.shell:Creating package script '/home/golftrolley/robot_ws/install/ydlidar_ros2_driver/share/ydlidar_ros2_driver/package.zsh'
[91.574s] Level 1:colcon.colcon_core.environment:create_file_with_runtime_dependencies(/home/golftrolley/robot_ws/install/ydlidar_ros2_driver/share/colcon-core/packages/ydlidar_ros2_driver)
[91.575s] DEBUG:colcon.colcon_parallel_executor.executor.parallel:closing loop
[91.577s] DEBUG:colcon.colcon_parallel_executor.executor.parallel:loop closed
[91.577s] DEBUG:colcon.colcon_parallel_executor.executor.parallel:run_until_complete finished with '0'
[91.578s] DEBUG:colcon.colcon_core.event_reactor:joining thread
[91.601s] INFO:colcon.colcon_core.plugin_system:Skipping extension 'colcon_notification.desktop_notification.notify_send': Could not find 'notify-send'
[91.601s] INFO:colcon.colcon_core.plugin_system:Skipping extension 'colcon_notification.desktop_notification.terminal_notifier': Not used on non-Darwin systems
[91.602s] INFO:colcon.colcon_core.plugin_system:Skipping extension 'colcon_notification.desktop_notification.win32': Not used on non-Windows systems
[91.602s] INFO:colcon.colcon_notification.desktop_notification:Sending desktop notification using 'notify2'
[91.605s] DEBUG:colcon.colcon_notification.desktop_notification.notify2:Failed to initialize notify2: org.freedesktop.DBus.Error.ServiceUnknown: The name org.freedesktop.Notifications was not provided by any .service files
[91.605s] DEBUG:colcon.colcon_core.event_reactor:joined thread
[91.606s] INFO:colcon.colcon_core.shell:Creating prefix script '/home/golftrolley/robot_ws/install/local_setup.ps1'
[91.609s] INFO:colcon.colcon_core.shell:Creating prefix util module '/home/golftrolley/robot_ws/install/_local_setup_util_ps1.py'
[91.613s] INFO:colcon.colcon_core.shell:Creating prefix chain script '/home/golftrolley/robot_ws/install/setup.ps1'
[91.617s] INFO:colcon.colcon_core.shell:Creating prefix script '/home/golftrolley/robot_ws/install/local_setup.sh'
[91.620s] INFO:colcon.colcon_core.shell:Creating prefix util module '/home/golftrolley/robot_ws/install/_local_setup_util_sh.py'
[91.623s] INFO:colcon.colcon_core.shell:Creating prefix chain script '/home/golftrolley/robot_ws/install/setup.sh'
[91.627s] INFO:colcon.colcon_core.shell:Creating prefix script '/home/golftrolley/robot_ws/install/local_setup.bash'
[91.629s] INFO:colcon.colcon_core.shell:Creating prefix chain script '/home/golftrolley/robot_ws/install/setup.bash'
[91.633s] INFO:colcon.colcon_core.shell:Creating prefix script '/home/golftrolley/robot_ws/install/local_setup.zsh'
[91.635s] INFO:colcon.colcon_core.shell:Creating prefix chain script '/home/golftrolley/robot_ws/install/setup.zsh'
