[15.090s] Invoking command in '/home/golftrolley/robot_ws/src/stereo_camera_split': PYTHONPATH=/home/golftrolley/robot_ws/build/stereo_camera_split/prefix_override:/usr/lib/python3/dist-packages/colcon_core/task/python/colcon_distutils_commands:/home/golftrolley/robot_ws/install/stereo_camera_split/lib/python3.12/site-packages:${PYTHONPATH} /usr/bin/python3 -W ignore:setup.py install is deprecated -W ignore:easy_install command is deprecated setup.py egg_info --egg-base ../../build/stereo_camera_split build --build-base /home/golftrolley/robot_ws/build/stereo_camera_split/build install --record /home/golftrolley/robot_ws/build/stereo_camera_split/install.log --single-version-externally-managed install_data
[17.570s] running egg_info
[17.571s] creating ../../build/stereo_camera_split/stereo_camera_split.egg-info
[17.730s] writing ../../build/stereo_camera_split/stereo_camera_split.egg-info/PKG-INFO
[17.733s] writing dependency_links to ../../build/stereo_camera_split/stereo_camera_split.egg-info/dependency_links.txt
[17.737s] writing entry points to ../../build/stereo_camera_split/stereo_camera_split.egg-info/entry_points.txt
[17.737s] writing requirements to ../../build/stereo_camera_split/stereo_camera_split.egg-info/requires.txt
[17.739s] writing top-level names to ../../build/stereo_camera_split/stereo_camera_split.egg-info/top_level.txt
[17.742s] writing manifest file '../../build/stereo_camera_split/stereo_camera_split.egg-info/SOURCES.txt'
[20.983s] reading manifest file '../../build/stereo_camera_split/stereo_camera_split.egg-info/SOURCES.txt'
[20.993s] writing manifest file '../../build/stereo_camera_split/stereo_camera_split.egg-info/SOURCES.txt'
[21.112s] running build
[21.117s] running build_py
[21.120s] creating /home/golftrolley/robot_ws/build/stereo_camera_split/build
[21.125s] creating /home/golftrolley/robot_ws/build/stereo_camera_split/build/lib
[21.128s] creating /home/golftrolley/robot_ws/build/stereo_camera_split/build/lib/stereo_camera_split
[21.128s] copying stereo_camera_split/stereo_camera_split_node.py -> /home/golftrolley/robot_ws/build/stereo_camera_split/build/lib/stereo_camera_split
[21.593s] copying stereo_camera_split/__init__.py -> /home/golftrolley/robot_ws/build/stereo_camera_split/build/lib/stereo_camera_split
[21.597s] running install
[21.630s] running install_lib
[21.849s] creating /home/golftrolley/robot_ws/install/stereo_camera_split/lib/python3.12/site-packages/stereo_camera_split
[21.850s] copying /home/golftrolley/robot_ws/build/stereo_camera_split/build/lib/stereo_camera_split/stereo_camera_split_node.py -> /home/golftrolley/robot_ws/install/stereo_camera_split/lib/python3.12/site-packages/stereo_camera_split
[21.856s] copying /home/golftrolley/robot_ws/build/stereo_camera_split/build/lib/stereo_camera_split/__init__.py -> /home/golftrolley/robot_ws/install/stereo_camera_split/lib/python3.12/site-packages/stereo_camera_split
[21.857s] byte-compiling /home/golftrolley/robot_ws/install/stereo_camera_split/lib/python3.12/site-packages/stereo_camera_split/stereo_camera_split_node.py to stereo_camera_split_node.cpython-312.pyc
[21.860s] byte-compiling /home/golftrolley/robot_ws/install/stereo_camera_split/lib/python3.12/site-packages/stereo_camera_split/__init__.py to __init__.cpython-312.pyc
[21.861s] running install_data
[21.865s] creating /home/golftrolley/robot_ws/install/stereo_camera_split/share/ament_index
[21.866s] creating /home/golftrolley/robot_ws/install/stereo_camera_split/share/ament_index/resource_index
[21.873s] creating /home/golftrolley/robot_ws/install/stereo_camera_split/share/ament_index/resource_index/packages
[21.874s] copying resource/stereo_camera_split -> /home/golftrolley/robot_ws/install/stereo_camera_split/share/ament_index/resource_index/packages
[21.874s] copying package.xml -> /home/golftrolley/robot_ws/install/stereo_camera_split/share/stereo_camera_split
[21.875s] creating /home/golftrolley/robot_ws/install/stereo_camera_split/share/stereo_camera_split/launch
[21.882s] copying launch/split_camera_launch.py -> /home/golftrolley/robot_ws/install/stereo_camera_split/share/stereo_camera_split/launch
[21.883s] running install_egg_info
[22.122s] Copying ../../build/stereo_camera_split/stereo_camera_split.egg-info to /home/golftrolley/robot_ws/install/stereo_camera_split/lib/python3.12/site-packages/stereo_camera_split-0.0.0-py3.12.egg-info
[22.133s] running install_scripts
[23.407s] Installing stereo_split_camera_node script to /home/golftrolley/robot_ws/install/stereo_camera_split/lib/stereo_camera_split
[23.412s] writing list of installed files to '/home/golftrolley/robot_ws/build/stereo_camera_split/install.log'
[23.626s] Invoked command in '/home/golftrolley/robot_ws/src/stereo_camera_split' returned '0': PYTHONPATH=/home/golftrolley/robot_ws/build/stereo_camera_split/prefix_override:/usr/lib/python3/dist-packages/colcon_core/task/python/colcon_distutils_commands:/home/golftrolley/robot_ws/install/stereo_camera_split/lib/python3.12/site-packages:${PYTHONPATH} /usr/bin/python3 -W ignore:setup.py install is deprecated -W ignore:easy_install command is deprecated setup.py egg_info --egg-base ../../build/stereo_camera_split build --build-base /home/golftrolley/robot_ws/build/stereo_camera_split/build install --record /home/golftrolley/robot_ws/build/stereo_camera_split/install.log --single-version-externally-managed install_data
