[0.128s] Invoking command in '/home/golftrolley/robot_ws/build/dd_bot': CMAKE_PREFIX_PATH=${CMAKE_PREFIX_PATH}:/home/golftrolley/robot_ws/install/stereo_camera_split:/home/golftrolley/robot_ws/install/serial_motor_demo:/home/golftrolley/robot_ws/install/golftrolley:/opt/ros/jazzy /usr/bin/cmake --build /home/golftrolley/robot_ws/build/dd_bot -- -j4 -l4
[1.976s] Invoked command in '/home/golftrolley/robot_ws/build/dd_bot' returned '0': CMAKE_PREFIX_PATH=${CMAKE_PREFIX_PATH}:/home/golftrolley/robot_ws/install/stereo_camera_split:/home/golftrolley/robot_ws/install/serial_motor_demo:/home/golftrolley/robot_ws/install/golftrolley:/opt/ros/jazzy /usr/bin/cmake --build /home/golftrolley/robot_ws/build/dd_bot -- -j4 -l4
[2.038s] Invoking command in '/home/golftrolley/robot_ws/build/dd_bot': CMAKE_PREFIX_PATH=${CMAKE_PREFIX_PATH}:/home/golftrolley/robot_ws/install/stereo_camera_split:/home/golftrolley/robot_ws/install/serial_motor_demo:/home/golftrolley/robot_ws/install/golftrolley:/opt/ros/jazzy /usr/bin/cmake --install /home/golftrolley/robot_ws/build/dd_bot
[2.108s] -- Install configuration: ""
[2.113s] -- Up-to-date: /home/golftrolley/robot_ws/install/dd_bot/share/dd_bot/config
[2.113s] -- Up-to-date: /home/golftrolley/robot_ws/install/dd_bot/share/dd_bot/config/twist_mux.yaml
[2.114s] -- Up-to-date: /home/golftrolley/robot_ws/install/dd_bot/share/dd_bot/config/gz_bridge.yaml
[2.114s] -- Up-to-date: /home/golftrolley/robot_ws/install/dd_bot/share/dd_bot/config/view_bot.rviz
[2.119s] -- Up-to-date: /home/golftrolley/robot_ws/install/dd_bot/share/dd_bot/config/my_controllers.yaml
[2.119s] -- Up-to-date: /home/golftrolley/robot_ws/install/dd_bot/share/dd_bot/config/joystick.yaml
[2.120s] -- Up-to-date: /home/golftrolley/robot_ws/install/dd_bot/share/dd_bot/config/empty.yaml
[2.120s] -- Up-to-date: /home/golftrolley/robot_ws/install/dd_bot/share/dd_bot/description
[2.123s] -- Up-to-date: /home/golftrolley/robot_ws/install/dd_bot/share/dd_bot/description/ros2_control.xacro
[2.124s] -- Up-to-date: /home/golftrolley/robot_ws/install/dd_bot/share/dd_bot/description/robot.urdf.xacro
[2.124s] -- Up-to-date: /home/golftrolley/robot_ws/install/dd_bot/share/dd_bot/description/inertial_macros.xacro
[2.125s] -- Up-to-date: /home/golftrolley/robot_ws/install/dd_bot/share/dd_bot/description/left_camera.xacro
[2.125s] -- Up-to-date: /home/golftrolley/robot_ws/install/dd_bot/share/dd_bot/description/robot_core.xacro
[2.129s] -- Up-to-date: /home/golftrolley/robot_ws/install/dd_bot/share/dd_bot/description/gazebo_control.xacro
[2.129s] -- Up-to-date: /home/golftrolley/robot_ws/install/dd_bot/share/dd_bot/description/lidar.xacro
[2.130s] -- Up-to-date: /home/golftrolley/robot_ws/install/dd_bot/share/dd_bot/description/right_camera.xacro
[2.130s] -- Up-to-date: /home/golftrolley/robot_ws/install/dd_bot/share/dd_bot/launch
[2.131s] -- Up-to-date: /home/golftrolley/robot_ws/install/dd_bot/share/dd_bot/launch/rsp.launch.py
[2.137s] -- Up-to-date: /home/golftrolley/robot_ws/install/dd_bot/share/dd_bot/launch/launch_robot.launch.py
[2.137s] -- Up-to-date: /home/golftrolley/robot_ws/install/dd_bot/share/dd_bot/launch/launch_sim.launch.py
[2.138s] -- Up-to-date: /home/golftrolley/robot_ws/install/dd_bot/share/dd_bot/worlds
[2.138s] -- Up-to-date: /home/golftrolley/robot_ws/install/dd_bot/share/dd_bot/worlds/empty.world
[2.139s] -- Up-to-date: /home/golftrolley/robot_ws/install/dd_bot/share/ament_index/resource_index/package_run_dependencies/dd_bot
[2.139s] -- Up-to-date: /home/golftrolley/robot_ws/install/dd_bot/share/ament_index/resource_index/parent_prefix_path/dd_bot
[2.143s] -- Up-to-date: /home/golftrolley/robot_ws/install/dd_bot/share/dd_bot/environment/ament_prefix_path.sh
[2.144s] -- Up-to-date: /home/golftrolley/robot_ws/install/dd_bot/share/dd_bot/environment/ament_prefix_path.dsv
[2.144s] -- Up-to-date: /home/golftrolley/robot_ws/install/dd_bot/share/dd_bot/environment/path.sh
[2.145s] -- Up-to-date: /home/golftrolley/robot_ws/install/dd_bot/share/dd_bot/environment/path.dsv
[2.145s] -- Up-to-date: /home/golftrolley/robot_ws/install/dd_bot/share/dd_bot/local_setup.bash
[2.150s] -- Up-to-date: /home/golftrolley/robot_ws/install/dd_bot/share/dd_bot/local_setup.sh
[2.150s] -- Up-to-date: /home/golftrolley/robot_ws/install/dd_bot/share/dd_bot/local_setup.zsh
[2.151s] -- Up-to-date: /home/golftrolley/robot_ws/install/dd_bot/share/dd_bot/local_setup.dsv
[2.151s] -- Installing: /home/golftrolley/robot_ws/install/dd_bot/share/dd_bot/package.dsv
[2.155s] -- Up-to-date: /home/golftrolley/robot_ws/install/dd_bot/share/ament_index/resource_index/packages/dd_bot
[2.156s] -- Up-to-date: /home/golftrolley/robot_ws/install/dd_bot/share/dd_bot/cmake/dd_botConfig.cmake
[2.156s] -- Up-to-date: /home/golftrolley/robot_ws/install/dd_bot/share/dd_bot/cmake/dd_botConfig-version.cmake
[2.157s] -- Up-to-date: /home/golftrolley/robot_ws/install/dd_bot/share/dd_bot/package.xml
[2.161s] Invoked command in '/home/golftrolley/robot_ws/build/dd_bot' returned '0': CMAKE_PREFIX_PATH=${CMAKE_PREFIX_PATH}:/home/golftrolley/robot_ws/install/stereo_camera_split:/home/golftrolley/robot_ws/install/serial_motor_demo:/home/golftrolley/robot_ws/install/golftrolley:/opt/ros/jazzy /usr/bin/cmake --install /home/golftrolley/robot_ws/build/dd_bot
