[0.105s] Invoking command in '/home/golftrolley/robot_ws/build/diffdrive_arduino': CMAKE_PREFIX_PATH=${CMAKE_PREFIX_PATH}:/home/golftrolley/robot_ws/install/stereo_camera_split:/home/golftrolley/robot_ws/install/serial_motor_demo:/home/golftrolley/robot_ws/install/golftrolley:/opt/ros/jazzy /usr/bin/cmake --build /home/golftrolley/robot_ws/build/diffdrive_arduino -- -j4 -l4
[0.578s] [100%] Built target diffdrive_arduino
[1.808s] Invoked command in '/home/golftrolley/robot_ws/build/diffdrive_arduino' returned '0': CMAKE_PREFIX_PATH=${CMAKE_PREFIX_PATH}:/home/golftrolley/robot_ws/install/stereo_camera_split:/home/golftrolley/robot_ws/install/serial_motor_demo:/home/golftrolley/robot_ws/install/golftrolley:/opt/ros/jazzy /usr/bin/cmake --build /home/golftrolley/robot_ws/build/diffdrive_arduino -- -j4 -l4
[1.816s] Invoking command in '/home/golftrolley/robot_ws/build/diffdrive_arduino': CMAKE_PREFIX_PATH=${CMAKE_PREFIX_PATH}:/home/golftrolley/robot_ws/install/stereo_camera_split:/home/golftrolley/robot_ws/install/serial_motor_demo:/home/golftrolley/robot_ws/install/golftrolley:/opt/ros/jazzy /usr/bin/cmake --install /home/golftrolley/robot_ws/build/diffdrive_arduino
[1.892s] -- Install configuration: ""
[1.894s] -- Up-to-date: /home/golftrolley/robot_ws/install/diffdrive_arduino/share/diffdrive_arduino/diffdrive_arduino.xml
[1.894s] -- Up-to-date: /home/golftrolley/robot_ws/install/diffdrive_arduino/include/diffdrive_arduino
[1.900s] -- Up-to-date: /home/golftrolley/robot_ws/install/diffdrive_arduino/include/diffdrive_arduino/diffdrive_arduino
[1.905s] -- Up-to-date: /home/golftrolley/robot_ws/install/diffdrive_arduino/include/diffdrive_arduino/diffdrive_arduino/visibility_control.h
[1.906s] -- Up-to-date: /home/golftrolley/robot_ws/install/diffdrive_arduino/include/diffdrive_arduino/diffdrive_arduino/diffbot_system.hpp
[1.907s] -- Up-to-date: /home/golftrolley/robot_ws/install/diffdrive_arduino/include/diffdrive_arduino/diffdrive_arduino/wheel.hpp
[1.910s] -- Up-to-date: /home/golftrolley/robot_ws/install/diffdrive_arduino/include/diffdrive_arduino/diffdrive_arduino/arduino_comms.hpp
[1.912s] -- Up-to-date: /home/golftrolley/robot_ws/install/diffdrive_arduino/share/diffdrive_arduino/launch
[1.916s] -- Up-to-date: /home/golftrolley/robot_ws/install/diffdrive_arduino/share/diffdrive_arduino/launch/view_robot.launch.py
[1.921s] -- Up-to-date: /home/golftrolley/robot_ws/install/diffdrive_arduino/share/diffdrive_arduino/ros2_control
[1.926s] -- Up-to-date: /home/golftrolley/robot_ws/install/diffdrive_arduino/share/diffdrive_arduino/ros2_control/diffbot.ros2_control.xacro
[1.929s] -- Up-to-date: /home/golftrolley/robot_ws/install/diffdrive_arduino/share/diffdrive_arduino/urdf
[1.931s] -- Up-to-date: /home/golftrolley/robot_ws/install/diffdrive_arduino/share/diffdrive_arduino/urdf/diffbot.materials.xacro
[1.932s] -- Up-to-date: /home/golftrolley/robot_ws/install/diffdrive_arduino/share/diffdrive_arduino/urdf/diffbot.urdf.xacro
[1.942s] -- Up-to-date: /home/golftrolley/robot_ws/install/diffdrive_arduino/share/diffdrive_arduino/urdf/diffbot_description.urdf.xacro
[1.943s] -- Up-to-date: /home/golftrolley/robot_ws/install/diffdrive_arduino/share/diffdrive_arduino/rviz
[1.943s] -- Up-to-date: /home/golftrolley/robot_ws/install/diffdrive_arduino/share/diffdrive_arduino/rviz/diffbot_view.rviz
[1.944s] -- Up-to-date: /home/golftrolley/robot_ws/install/diffdrive_arduino/share/diffdrive_arduino/rviz/diffbot.rviz
[1.945s] -- Up-to-date: /home/golftrolley/robot_ws/install/diffdrive_arduino/share/diffdrive_arduino/launch
[1.953s] -- Up-to-date: /home/golftrolley/robot_ws/install/diffdrive_arduino/share/diffdrive_arduino/launch/diffbot.launch.py
[1.954s] -- Up-to-date: /home/golftrolley/robot_ws/install/diffdrive_arduino/share/diffdrive_arduino/config
[1.955s] -- Up-to-date: /home/golftrolley/robot_ws/install/diffdrive_arduino/share/diffdrive_arduino/config/diffbot_controllers.yaml
[1.974s] -- Up-to-date: /home/golftrolley/robot_ws/install/diffdrive_arduino/lib/libdiffdrive_arduino.so
[1.978s] -- Up-to-date: /home/golftrolley/robot_ws/install/diffdrive_arduino/share/diffdrive_arduino/environment/library_path.sh
[1.980s] -- Up-to-date: /home/golftrolley/robot_ws/install/diffdrive_arduino/share/diffdrive_arduino/environment/library_path.dsv
[1.998s] -- Up-to-date: /home/golftrolley/robot_ws/install/diffdrive_arduino/share/ament_index/resource_index/package_run_dependencies/diffdrive_arduino
[1.999s] -- Up-to-date: /home/golftrolley/robot_ws/install/diffdrive_arduino/share/ament_index/resource_index/parent_prefix_path/diffdrive_arduino
[1.999s] -- Up-to-date: /home/golftrolley/robot_ws/install/diffdrive_arduino/share/diffdrive_arduino/environment/ament_prefix_path.sh
[2.004s] -- Up-to-date: /home/golftrolley/robot_ws/install/diffdrive_arduino/share/diffdrive_arduino/environment/ament_prefix_path.dsv
[2.010s] -- Up-to-date: /home/golftrolley/robot_ws/install/diffdrive_arduino/share/diffdrive_arduino/environment/path.sh
[2.011s] -- Up-to-date: /home/golftrolley/robot_ws/install/diffdrive_arduino/share/diffdrive_arduino/environment/path.dsv
[2.036s] -- Up-to-date: /home/golftrolley/robot_ws/install/diffdrive_arduino/share/diffdrive_arduino/local_setup.bash
[2.040s] -- Up-to-date: /home/golftrolley/robot_ws/install/diffdrive_arduino/share/diffdrive_arduino/local_setup.sh
[2.040s] -- Up-to-date: /home/golftrolley/robot_ws/install/diffdrive_arduino/share/diffdrive_arduino/local_setup.zsh
[2.041s] -- Up-to-date: /home/golftrolley/robot_ws/install/diffdrive_arduino/share/diffdrive_arduino/local_setup.dsv
[2.045s] -- Installing: /home/golftrolley/robot_ws/install/diffdrive_arduino/share/diffdrive_arduino/package.dsv
[2.049s] -- Up-to-date: /home/golftrolley/robot_ws/install/diffdrive_arduino/share/ament_index/resource_index/packages/diffdrive_arduino
[2.050s] -- Up-to-date: /home/golftrolley/robot_ws/install/diffdrive_arduino/share/ament_index/resource_index/hardware_interface__pluginlib__plugin/diffdrive_arduino
[2.050s] -- Up-to-date: /home/golftrolley/robot_ws/install/diffdrive_arduino/share/diffdrive_arduino/cmake/export_diffdrive_arduinoExport.cmake
[2.051s] -- Up-to-date: /home/golftrolley/robot_ws/install/diffdrive_arduino/share/diffdrive_arduino/cmake/export_diffdrive_arduinoExport-noconfig.cmake
[2.052s] -- Up-to-date: /home/golftrolley/robot_ws/install/diffdrive_arduino/share/diffdrive_arduino/cmake/ament_cmake_export_targets-extras.cmake
[2.053s] -- Up-to-date: /home/golftrolley/robot_ws/install/diffdrive_arduino/share/diffdrive_arduino/cmake/ament_cmake_export_dependencies-extras.cmake
[2.053s] -- Up-to-date: /home/golftrolley/robot_ws/install/diffdrive_arduino/share/diffdrive_arduino/cmake/diffdrive_arduinoConfig.cmake
[2.054s] -- Up-to-date: /home/golftrolley/robot_ws/install/diffdrive_arduino/share/diffdrive_arduino/cmake/diffdrive_arduinoConfig-version.cmake
[2.054s] -- Up-to-date: /home/golftrolley/robot_ws/install/diffdrive_arduino/share/diffdrive_arduino/package.xml
[2.056s] Invoked command in '/home/golftrolley/robot_ws/build/diffdrive_arduino' returned '0': CMAKE_PREFIX_PATH=${CMAKE_PREFIX_PATH}:/home/golftrolley/robot_ws/install/stereo_camera_split:/home/golftrolley/robot_ws/install/serial_motor_demo:/home/golftrolley/robot_ws/install/golftrolley:/opt/ros/jazzy /usr/bin/cmake --install /home/golftrolley/robot_ws/build/diffdrive_arduino
